[2024-08-28T02:37:50.707+0000] {processor.py:161} INFO - Started process (PID=109) to work on /home/airflow/.local/lib/python3.12/site-packages/airflow/example_dags/example_params_trigger_ui.py
[2024-08-28T02:37:50.711+0000] {processor.py:830} INFO - Processing file /home/airflow/.local/lib/python3.12/site-packages/airflow/example_dags/example_params_trigger_ui.py for tasks to queue
[2024-08-28T02:37:50.716+0000] {logging_mixin.py:188} INFO - [2024-08-28T02:37:50.715+0000] {dagbag.py:545} INFO - Filling up the DagBag from /home/airflow/.local/lib/python3.12/site-packages/airflow/example_dags/example_params_trigger_ui.py
[2024-08-28T02:37:50.763+0000] {processor.py:840} INFO - DAG(s) 'example_params_trigger_ui' retrieved from /home/airflow/.local/lib/python3.12/site-packages/airflow/example_dags/example_params_trigger_ui.py
[2024-08-28T02:37:51.446+0000] {logging_mixin.py:188} INFO - [2024-08-28T02:37:51.444+0000] {override.py:1858} INFO - Created Permission View: can edit on DAG:example_params_trigger_ui
[2024-08-28T02:37:51.528+0000] {logging_mixin.py:188} INFO - [2024-08-28T02:37:51.527+0000] {override.py:1858} INFO - Created Permission View: can delete on DAG:example_params_trigger_ui
[2024-08-28T02:37:51.573+0000] {logging_mixin.py:188} INFO - [2024-08-28T02:37:51.573+0000] {override.py:1858} INFO - Created Permission View: can read on DAG:example_params_trigger_ui
[2024-08-28T02:37:51.586+0000] {logging_mixin.py:188} INFO - [2024-08-28T02:37:51.586+0000] {dag.py:3089} INFO - Sync 1 DAGs
[2024-08-28T02:37:51.622+0000] {logging_mixin.py:188} INFO - [2024-08-28T02:37:51.622+0000] {dag.py:3111} INFO - Creating ORM DAG for example_params_trigger_ui
[2024-08-28T02:37:51.626+0000] {logging_mixin.py:188} INFO - [2024-08-28T02:37:51.625+0000] {dag.py:3947} INFO - Setting next_dagrun for example_params_trigger_ui to None, run_after=None
[2024-08-28T02:37:51.806+0000] {processor.py:183} INFO - Processing /home/airflow/.local/lib/python3.12/site-packages/airflow/example_dags/example_params_trigger_ui.py took 1.131 seconds
[2024-08-28T02:38:43.416+0000] {processor.py:161} INFO - Started process (PID=174) to work on /home/airflow/.local/lib/python3.12/site-packages/airflow/example_dags/example_params_trigger_ui.py
[2024-08-28T02:38:43.419+0000] {processor.py:830} INFO - Processing file /home/airflow/.local/lib/python3.12/site-packages/airflow/example_dags/example_params_trigger_ui.py for tasks to queue
[2024-08-28T02:38:43.423+0000] {logging_mixin.py:188} INFO - [2024-08-28T02:38:43.422+0000] {dagbag.py:545} INFO - Filling up the DagBag from /home/airflow/.local/lib/python3.12/site-packages/airflow/example_dags/example_params_trigger_ui.py
[2024-08-28T02:38:43.463+0000] {processor.py:840} INFO - DAG(s) 'example_params_trigger_ui' retrieved from /home/airflow/.local/lib/python3.12/site-packages/airflow/example_dags/example_params_trigger_ui.py
[2024-08-28T02:38:43.584+0000] {logging_mixin.py:188} INFO - [2024-08-28T02:38:43.583+0000] {dag.py:3089} INFO - Sync 1 DAGs
[2024-08-28T02:38:43.636+0000] {logging_mixin.py:188} INFO - [2024-08-28T02:38:43.635+0000] {dag.py:3947} INFO - Setting next_dagrun for example_params_trigger_ui to None, run_after=None
[2024-08-28T02:38:43.725+0000] {processor.py:183} INFO - Processing /home/airflow/.local/lib/python3.12/site-packages/airflow/example_dags/example_params_trigger_ui.py took 0.322 seconds
[2024-08-28T02:39:15.613+0000] {processor.py:161} INFO - Started process (PID=232) to work on /home/airflow/.local/lib/python3.12/site-packages/airflow/example_dags/example_params_trigger_ui.py
[2024-08-28T02:39:15.615+0000] {processor.py:830} INFO - Processing file /home/airflow/.local/lib/python3.12/site-packages/airflow/example_dags/example_params_trigger_ui.py for tasks to queue
[2024-08-28T02:39:15.619+0000] {logging_mixin.py:188} INFO - [2024-08-28T02:39:15.618+0000] {dagbag.py:545} INFO - Filling up the DagBag from /home/airflow/.local/lib/python3.12/site-packages/airflow/example_dags/example_params_trigger_ui.py
[2024-08-28T02:39:15.640+0000] {processor.py:840} INFO - DAG(s) 'example_params_trigger_ui' retrieved from /home/airflow/.local/lib/python3.12/site-packages/airflow/example_dags/example_params_trigger_ui.py
[2024-08-28T02:39:15.759+0000] {logging_mixin.py:188} INFO - [2024-08-28T02:39:15.759+0000] {dag.py:3089} INFO - Sync 1 DAGs
[2024-08-28T02:39:15.790+0000] {logging_mixin.py:188} INFO - [2024-08-28T02:39:15.790+0000] {dag.py:3947} INFO - Setting next_dagrun for example_params_trigger_ui to None, run_after=None
[2024-08-28T02:39:15.931+0000] {processor.py:183} INFO - Processing /home/airflow/.local/lib/python3.12/site-packages/airflow/example_dags/example_params_trigger_ui.py took 0.331 seconds
[2024-08-28T02:39:46.920+0000] {processor.py:161} INFO - Started process (PID=290) to work on /home/airflow/.local/lib/python3.12/site-packages/airflow/example_dags/example_params_trigger_ui.py
[2024-08-28T02:39:46.922+0000] {processor.py:830} INFO - Processing file /home/airflow/.local/lib/python3.12/site-packages/airflow/example_dags/example_params_trigger_ui.py for tasks to queue
[2024-08-28T02:39:46.925+0000] {logging_mixin.py:188} INFO - [2024-08-28T02:39:46.925+0000] {dagbag.py:545} INFO - Filling up the DagBag from /home/airflow/.local/lib/python3.12/site-packages/airflow/example_dags/example_params_trigger_ui.py
[2024-08-28T02:39:46.943+0000] {processor.py:840} INFO - DAG(s) 'example_params_trigger_ui' retrieved from /home/airflow/.local/lib/python3.12/site-packages/airflow/example_dags/example_params_trigger_ui.py
[2024-08-28T02:39:47.032+0000] {logging_mixin.py:188} INFO - [2024-08-28T02:39:47.032+0000] {dag.py:3089} INFO - Sync 1 DAGs
[2024-08-28T02:39:47.054+0000] {logging_mixin.py:188} INFO - [2024-08-28T02:39:47.054+0000] {dag.py:3947} INFO - Setting next_dagrun for example_params_trigger_ui to None, run_after=None
[2024-08-28T02:39:47.098+0000] {processor.py:183} INFO - Processing /home/airflow/.local/lib/python3.12/site-packages/airflow/example_dags/example_params_trigger_ui.py took 0.190 seconds
[2024-08-28T02:40:26.727+0000] {processor.py:161} INFO - Started process (PID=346) to work on /home/airflow/.local/lib/python3.12/site-packages/airflow/example_dags/example_params_trigger_ui.py
[2024-08-28T02:40:26.827+0000] {processor.py:830} INFO - Processing file /home/airflow/.local/lib/python3.12/site-packages/airflow/example_dags/example_params_trigger_ui.py for tasks to queue
[2024-08-28T02:40:26.870+0000] {logging_mixin.py:188} INFO - [2024-08-28T02:40:26.869+0000] {dagbag.py:545} INFO - Filling up the DagBag from /home/airflow/.local/lib/python3.12/site-packages/airflow/example_dags/example_params_trigger_ui.py
[2024-08-28T02:40:26.967+0000] {processor.py:840} INFO - DAG(s) 'example_params_trigger_ui' retrieved from /home/airflow/.local/lib/python3.12/site-packages/airflow/example_dags/example_params_trigger_ui.py
[2024-08-28T02:40:27.208+0000] {logging_mixin.py:188} INFO - [2024-08-28T02:40:27.207+0000] {dag.py:3089} INFO - Sync 1 DAGs
[2024-08-28T02:40:27.255+0000] {logging_mixin.py:188} INFO - [2024-08-28T02:40:27.255+0000] {dag.py:3947} INFO - Setting next_dagrun for example_params_trigger_ui to None, run_after=None
[2024-08-28T02:40:27.368+0000] {processor.py:183} INFO - Processing /home/airflow/.local/lib/python3.12/site-packages/airflow/example_dags/example_params_trigger_ui.py took 0.693 seconds
[2024-08-28T02:41:14.578+0000] {processor.py:161} INFO - Started process (PID=409) to work on /home/airflow/.local/lib/python3.12/site-packages/airflow/example_dags/example_params_trigger_ui.py
[2024-08-28T02:41:14.614+0000] {processor.py:830} INFO - Processing file /home/airflow/.local/lib/python3.12/site-packages/airflow/example_dags/example_params_trigger_ui.py for tasks to queue
[2024-08-28T02:41:14.634+0000] {logging_mixin.py:188} INFO - [2024-08-28T02:41:14.628+0000] {dagbag.py:545} INFO - Filling up the DagBag from /home/airflow/.local/lib/python3.12/site-packages/airflow/example_dags/example_params_trigger_ui.py
[2024-08-28T02:41:15.047+0000] {processor.py:840} INFO - DAG(s) 'example_params_trigger_ui' retrieved from /home/airflow/.local/lib/python3.12/site-packages/airflow/example_dags/example_params_trigger_ui.py
[2024-08-28T02:41:16.534+0000] {logging_mixin.py:188} INFO - [2024-08-28T02:41:16.530+0000] {dag.py:3089} INFO - Sync 1 DAGs
[2024-08-28T02:41:16.798+0000] {logging_mixin.py:188} INFO - [2024-08-28T02:41:16.771+0000] {dag.py:3947} INFO - Setting next_dagrun for example_params_trigger_ui to None, run_after=None
[2024-08-28T02:41:17.279+0000] {processor.py:183} INFO - Processing /home/airflow/.local/lib/python3.12/site-packages/airflow/example_dags/example_params_trigger_ui.py took 2.816 seconds
[2024-08-28T02:42:05.602+0000] {processor.py:161} INFO - Started process (PID=464) to work on /home/airflow/.local/lib/python3.12/site-packages/airflow/example_dags/example_params_trigger_ui.py
[2024-08-28T02:42:05.604+0000] {processor.py:830} INFO - Processing file /home/airflow/.local/lib/python3.12/site-packages/airflow/example_dags/example_params_trigger_ui.py for tasks to queue
[2024-08-28T02:42:05.610+0000] {logging_mixin.py:188} INFO - [2024-08-28T02:42:05.608+0000] {dagbag.py:545} INFO - Filling up the DagBag from /home/airflow/.local/lib/python3.12/site-packages/airflow/example_dags/example_params_trigger_ui.py
[2024-08-28T02:42:05.636+0000] {processor.py:840} INFO - DAG(s) 'example_params_trigger_ui' retrieved from /home/airflow/.local/lib/python3.12/site-packages/airflow/example_dags/example_params_trigger_ui.py
[2024-08-28T02:42:05.781+0000] {logging_mixin.py:188} INFO - [2024-08-28T02:42:05.781+0000] {dag.py:3089} INFO - Sync 1 DAGs
[2024-08-28T02:42:05.827+0000] {logging_mixin.py:188} INFO - [2024-08-28T02:42:05.826+0000] {dag.py:3947} INFO - Setting next_dagrun for example_params_trigger_ui to None, run_after=None
[2024-08-28T02:42:05.889+0000] {processor.py:183} INFO - Processing /home/airflow/.local/lib/python3.12/site-packages/airflow/example_dags/example_params_trigger_ui.py took 0.303 seconds
[2024-08-28T02:42:36.585+0000] {processor.py:161} INFO - Started process (PID=522) to work on /home/airflow/.local/lib/python3.12/site-packages/airflow/example_dags/example_params_trigger_ui.py
[2024-08-28T02:42:36.587+0000] {processor.py:830} INFO - Processing file /home/airflow/.local/lib/python3.12/site-packages/airflow/example_dags/example_params_trigger_ui.py for tasks to queue
[2024-08-28T02:42:36.596+0000] {logging_mixin.py:188} INFO - [2024-08-28T02:42:36.595+0000] {dagbag.py:545} INFO - Filling up the DagBag from /home/airflow/.local/lib/python3.12/site-packages/airflow/example_dags/example_params_trigger_ui.py
[2024-08-28T02:42:36.619+0000] {processor.py:840} INFO - DAG(s) 'example_params_trigger_ui' retrieved from /home/airflow/.local/lib/python3.12/site-packages/airflow/example_dags/example_params_trigger_ui.py
[2024-08-28T02:42:36.735+0000] {logging_mixin.py:188} INFO - [2024-08-28T02:42:36.734+0000] {dag.py:3089} INFO - Sync 1 DAGs
[2024-08-28T02:42:36.771+0000] {logging_mixin.py:188} INFO - [2024-08-28T02:42:36.771+0000] {dag.py:3947} INFO - Setting next_dagrun for example_params_trigger_ui to None, run_after=None
[2024-08-28T02:42:36.838+0000] {processor.py:183} INFO - Processing /home/airflow/.local/lib/python3.12/site-packages/airflow/example_dags/example_params_trigger_ui.py took 0.274 seconds
[2024-08-28T02:43:07.468+0000] {processor.py:161} INFO - Started process (PID=580) to work on /home/airflow/.local/lib/python3.12/site-packages/airflow/example_dags/example_params_trigger_ui.py
[2024-08-28T02:43:07.473+0000] {processor.py:830} INFO - Processing file /home/airflow/.local/lib/python3.12/site-packages/airflow/example_dags/example_params_trigger_ui.py for tasks to queue
[2024-08-28T02:43:07.492+0000] {logging_mixin.py:188} INFO - [2024-08-28T02:43:07.491+0000] {dagbag.py:545} INFO - Filling up the DagBag from /home/airflow/.local/lib/python3.12/site-packages/airflow/example_dags/example_params_trigger_ui.py
[2024-08-28T02:43:07.524+0000] {processor.py:840} INFO - DAG(s) 'example_params_trigger_ui' retrieved from /home/airflow/.local/lib/python3.12/site-packages/airflow/example_dags/example_params_trigger_ui.py
[2024-08-28T02:43:07.622+0000] {logging_mixin.py:188} INFO - [2024-08-28T02:43:07.622+0000] {dag.py:3089} INFO - Sync 1 DAGs
[2024-08-28T02:43:07.642+0000] {logging_mixin.py:188} INFO - [2024-08-28T02:43:07.641+0000] {dag.py:3947} INFO - Setting next_dagrun for example_params_trigger_ui to None, run_after=None
[2024-08-28T02:43:07.674+0000] {processor.py:183} INFO - Processing /home/airflow/.local/lib/python3.12/site-packages/airflow/example_dags/example_params_trigger_ui.py took 0.232 seconds
[2024-08-28T02:43:38.839+0000] {processor.py:161} INFO - Started process (PID=643) to work on /home/airflow/.local/lib/python3.12/site-packages/airflow/example_dags/example_params_trigger_ui.py
[2024-08-28T02:43:38.841+0000] {processor.py:830} INFO - Processing file /home/airflow/.local/lib/python3.12/site-packages/airflow/example_dags/example_params_trigger_ui.py for tasks to queue
[2024-08-28T02:43:38.846+0000] {logging_mixin.py:188} INFO - [2024-08-28T02:43:38.845+0000] {dagbag.py:545} INFO - Filling up the DagBag from /home/airflow/.local/lib/python3.12/site-packages/airflow/example_dags/example_params_trigger_ui.py
[2024-08-28T02:43:38.885+0000] {processor.py:840} INFO - DAG(s) 'example_params_trigger_ui' retrieved from /home/airflow/.local/lib/python3.12/site-packages/airflow/example_dags/example_params_trigger_ui.py
[2024-08-28T02:43:39.073+0000] {logging_mixin.py:188} INFO - [2024-08-28T02:43:39.073+0000] {dag.py:3089} INFO - Sync 1 DAGs
[2024-08-28T02:43:39.116+0000] {logging_mixin.py:188} INFO - [2024-08-28T02:43:39.112+0000] {dag.py:3947} INFO - Setting next_dagrun for example_params_trigger_ui to None, run_after=None
[2024-08-28T02:43:39.215+0000] {processor.py:183} INFO - Processing /home/airflow/.local/lib/python3.12/site-packages/airflow/example_dags/example_params_trigger_ui.py took 0.407 seconds
[2024-08-28T02:54:08.403+0000] {processor.py:161} INFO - Started process (PID=146) to work on /home/airflow/.local/lib/python3.12/site-packages/airflow/example_dags/example_params_trigger_ui.py
[2024-08-28T02:54:08.411+0000] {processor.py:830} INFO - Processing file /home/airflow/.local/lib/python3.12/site-packages/airflow/example_dags/example_params_trigger_ui.py for tasks to queue
[2024-08-28T02:54:08.450+0000] {logging_mixin.py:188} INFO - [2024-08-28T02:54:08.450+0000] {dagbag.py:545} INFO - Filling up the DagBag from /home/airflow/.local/lib/python3.12/site-packages/airflow/example_dags/example_params_trigger_ui.py
[2024-08-28T02:54:08.621+0000] {processor.py:840} INFO - DAG(s) 'example_params_trigger_ui' retrieved from /home/airflow/.local/lib/python3.12/site-packages/airflow/example_dags/example_params_trigger_ui.py
[2024-08-28T02:54:09.268+0000] {logging_mixin.py:188} INFO - [2024-08-28T02:54:09.267+0000] {dag.py:3089} INFO - Sync 1 DAGs
[2024-08-28T02:54:09.884+0000] {logging_mixin.py:188} INFO - [2024-08-28T02:54:09.883+0000] {dag.py:3947} INFO - Setting next_dagrun for example_params_trigger_ui to None, run_after=None
[2024-08-28T02:54:10.664+0000] {processor.py:183} INFO - Processing /home/airflow/.local/lib/python3.12/site-packages/airflow/example_dags/example_params_trigger_ui.py took 2.350 seconds
[2024-08-28T02:54:44.759+0000] {processor.py:161} INFO - Started process (PID=203) to work on /home/airflow/.local/lib/python3.12/site-packages/airflow/example_dags/example_params_trigger_ui.py
[2024-08-28T02:54:44.762+0000] {processor.py:830} INFO - Processing file /home/airflow/.local/lib/python3.12/site-packages/airflow/example_dags/example_params_trigger_ui.py for tasks to queue
[2024-08-28T02:54:44.770+0000] {logging_mixin.py:188} INFO - [2024-08-28T02:54:44.769+0000] {dagbag.py:545} INFO - Filling up the DagBag from /home/airflow/.local/lib/python3.12/site-packages/airflow/example_dags/example_params_trigger_ui.py
[2024-08-28T02:54:44.838+0000] {processor.py:840} INFO - DAG(s) 'example_params_trigger_ui' retrieved from /home/airflow/.local/lib/python3.12/site-packages/airflow/example_dags/example_params_trigger_ui.py
[2024-08-28T02:54:45.319+0000] {logging_mixin.py:188} INFO - [2024-08-28T02:54:45.319+0000] {dag.py:3089} INFO - Sync 1 DAGs
[2024-08-28T02:54:45.441+0000] {logging_mixin.py:188} INFO - [2024-08-28T02:54:45.440+0000] {dag.py:3947} INFO - Setting next_dagrun for example_params_trigger_ui to None, run_after=None
[2024-08-28T02:54:45.603+0000] {processor.py:183} INFO - Processing /home/airflow/.local/lib/python3.12/site-packages/airflow/example_dags/example_params_trigger_ui.py took 0.942 seconds
[2024-08-28T02:59:27.982+0000] {processor.py:161} INFO - Started process (PID=103) to work on /home/airflow/.local/lib/python3.12/site-packages/airflow/example_dags/example_params_trigger_ui.py
[2024-08-28T02:59:27.985+0000] {processor.py:830} INFO - Processing file /home/airflow/.local/lib/python3.12/site-packages/airflow/example_dags/example_params_trigger_ui.py for tasks to queue
[2024-08-28T02:59:27.989+0000] {logging_mixin.py:188} INFO - [2024-08-28T02:59:27.989+0000] {dagbag.py:545} INFO - Filling up the DagBag from /home/airflow/.local/lib/python3.12/site-packages/airflow/example_dags/example_params_trigger_ui.py
[2024-08-28T02:59:28.038+0000] {processor.py:840} INFO - DAG(s) 'example_params_trigger_ui' retrieved from /home/airflow/.local/lib/python3.12/site-packages/airflow/example_dags/example_params_trigger_ui.py
[2024-08-28T02:59:28.487+0000] {logging_mixin.py:188} INFO - [2024-08-28T02:59:28.487+0000] {dag.py:3089} INFO - Sync 1 DAGs
[2024-08-28T02:59:28.517+0000] {logging_mixin.py:188} INFO - [2024-08-28T02:59:28.517+0000] {dag.py:3947} INFO - Setting next_dagrun for example_params_trigger_ui to None, run_after=None
[2024-08-28T02:59:28.609+0000] {processor.py:183} INFO - Processing /home/airflow/.local/lib/python3.12/site-packages/airflow/example_dags/example_params_trigger_ui.py took 0.643 seconds
