[2024-08-28T02:37:50.068+0000] {processor.py:161} INFO - Started process (PID=108) to work on /home/airflow/.local/lib/python3.12/site-packages/airflow/example_dags/example_trigger_target_dag.py
[2024-08-28T02:37:50.077+0000] {processor.py:830} INFO - Processing file /home/airflow/.local/lib/python3.12/site-packages/airflow/example_dags/example_trigger_target_dag.py for tasks to queue
[2024-08-28T02:37:50.084+0000] {logging_mixin.py:188} INFO - [2024-08-28T02:37:50.083+0000] {dagbag.py:545} INFO - Filling up the DagBag from /home/airflow/.local/lib/python3.12/site-packages/airflow/example_dags/example_trigger_target_dag.py
[2024-08-28T02:37:50.114+0000] {processor.py:840} INFO - DAG(s) 'example_trigger_target_dag' retrieved from /home/airflow/.local/lib/python3.12/site-packages/airflow/example_dags/example_trigger_target_dag.py
[2024-08-28T02:37:50.798+0000] {logging_mixin.py:188} INFO - [2024-08-28T02:37:50.796+0000] {override.py:1858} INFO - Created Permission View: can edit on DAG:example_trigger_target_dag
[2024-08-28T02:37:50.893+0000] {logging_mixin.py:188} INFO - [2024-08-28T02:37:50.889+0000] {override.py:1858} INFO - Created Permission View: can delete on DAG:example_trigger_target_dag
[2024-08-28T02:37:50.934+0000] {logging_mixin.py:188} INFO - [2024-08-28T02:37:50.933+0000] {override.py:1858} INFO - Created Permission View: can read on DAG:example_trigger_target_dag
[2024-08-28T02:37:50.937+0000] {logging_mixin.py:188} INFO - [2024-08-28T02:37:50.936+0000] {dag.py:3089} INFO - Sync 1 DAGs
[2024-08-28T02:37:50.995+0000] {logging_mixin.py:188} INFO - [2024-08-28T02:37:50.995+0000] {dag.py:3111} INFO - Creating ORM DAG for example_trigger_target_dag
[2024-08-28T02:37:50.999+0000] {logging_mixin.py:188} INFO - [2024-08-28T02:37:50.998+0000] {dag.py:3947} INFO - Setting next_dagrun for example_trigger_target_dag to None, run_after=None
[2024-08-28T02:37:51.099+0000] {processor.py:183} INFO - Processing /home/airflow/.local/lib/python3.12/site-packages/airflow/example_dags/example_trigger_target_dag.py took 1.047 seconds
[2024-08-28T02:38:43.334+0000] {processor.py:161} INFO - Started process (PID=173) to work on /home/airflow/.local/lib/python3.12/site-packages/airflow/example_dags/example_trigger_target_dag.py
[2024-08-28T02:38:43.337+0000] {processor.py:830} INFO - Processing file /home/airflow/.local/lib/python3.12/site-packages/airflow/example_dags/example_trigger_target_dag.py for tasks to queue
[2024-08-28T02:38:43.344+0000] {logging_mixin.py:188} INFO - [2024-08-28T02:38:43.343+0000] {dagbag.py:545} INFO - Filling up the DagBag from /home/airflow/.local/lib/python3.12/site-packages/airflow/example_dags/example_trigger_target_dag.py
[2024-08-28T02:38:43.378+0000] {processor.py:840} INFO - DAG(s) 'example_trigger_target_dag' retrieved from /home/airflow/.local/lib/python3.12/site-packages/airflow/example_dags/example_trigger_target_dag.py
[2024-08-28T02:38:43.428+0000] {logging_mixin.py:188} INFO - [2024-08-28T02:38:43.427+0000] {dag.py:3089} INFO - Sync 1 DAGs
[2024-08-28T02:38:43.458+0000] {logging_mixin.py:188} INFO - [2024-08-28T02:38:43.457+0000] {dag.py:3947} INFO - Setting next_dagrun for example_trigger_target_dag to None, run_after=None
[2024-08-28T02:38:43.531+0000] {processor.py:183} INFO - Processing /home/airflow/.local/lib/python3.12/site-packages/airflow/example_dags/example_trigger_target_dag.py took 0.211 seconds
[2024-08-28T02:39:15.431+0000] {processor.py:161} INFO - Started process (PID=231) to work on /home/airflow/.local/lib/python3.12/site-packages/airflow/example_dags/example_trigger_target_dag.py
[2024-08-28T02:39:15.433+0000] {processor.py:830} INFO - Processing file /home/airflow/.local/lib/python3.12/site-packages/airflow/example_dags/example_trigger_target_dag.py for tasks to queue
[2024-08-28T02:39:15.437+0000] {logging_mixin.py:188} INFO - [2024-08-28T02:39:15.435+0000] {dagbag.py:545} INFO - Filling up the DagBag from /home/airflow/.local/lib/python3.12/site-packages/airflow/example_dags/example_trigger_target_dag.py
[2024-08-28T02:39:15.447+0000] {processor.py:840} INFO - DAG(s) 'example_trigger_target_dag' retrieved from /home/airflow/.local/lib/python3.12/site-packages/airflow/example_dags/example_trigger_target_dag.py
[2024-08-28T02:39:15.501+0000] {logging_mixin.py:188} INFO - [2024-08-28T02:39:15.500+0000] {dag.py:3089} INFO - Sync 1 DAGs
[2024-08-28T02:39:15.532+0000] {logging_mixin.py:188} INFO - [2024-08-28T02:39:15.531+0000] {dag.py:3947} INFO - Setting next_dagrun for example_trigger_target_dag to None, run_after=None
[2024-08-28T02:39:15.581+0000] {processor.py:183} INFO - Processing /home/airflow/.local/lib/python3.12/site-packages/airflow/example_dags/example_trigger_target_dag.py took 0.162 seconds
[2024-08-28T02:39:46.730+0000] {processor.py:161} INFO - Started process (PID=289) to work on /home/airflow/.local/lib/python3.12/site-packages/airflow/example_dags/example_trigger_target_dag.py
[2024-08-28T02:39:46.732+0000] {processor.py:830} INFO - Processing file /home/airflow/.local/lib/python3.12/site-packages/airflow/example_dags/example_trigger_target_dag.py for tasks to queue
[2024-08-28T02:39:46.736+0000] {logging_mixin.py:188} INFO - [2024-08-28T02:39:46.735+0000] {dagbag.py:545} INFO - Filling up the DagBag from /home/airflow/.local/lib/python3.12/site-packages/airflow/example_dags/example_trigger_target_dag.py
[2024-08-28T02:39:46.747+0000] {processor.py:840} INFO - DAG(s) 'example_trigger_target_dag' retrieved from /home/airflow/.local/lib/python3.12/site-packages/airflow/example_dags/example_trigger_target_dag.py
[2024-08-28T02:39:46.786+0000] {logging_mixin.py:188} INFO - [2024-08-28T02:39:46.786+0000] {dag.py:3089} INFO - Sync 1 DAGs
[2024-08-28T02:39:46.813+0000] {logging_mixin.py:188} INFO - [2024-08-28T02:39:46.813+0000] {dag.py:3947} INFO - Setting next_dagrun for example_trigger_target_dag to None, run_after=None
[2024-08-28T02:39:46.858+0000] {processor.py:183} INFO - Processing /home/airflow/.local/lib/python3.12/site-packages/airflow/example_dags/example_trigger_target_dag.py took 0.140 seconds
[2024-08-28T02:40:26.076+0000] {processor.py:161} INFO - Started process (PID=345) to work on /home/airflow/.local/lib/python3.12/site-packages/airflow/example_dags/example_trigger_target_dag.py
[2024-08-28T02:40:26.083+0000] {processor.py:830} INFO - Processing file /home/airflow/.local/lib/python3.12/site-packages/airflow/example_dags/example_trigger_target_dag.py for tasks to queue
[2024-08-28T02:40:26.105+0000] {logging_mixin.py:188} INFO - [2024-08-28T02:40:26.095+0000] {dagbag.py:545} INFO - Filling up the DagBag from /home/airflow/.local/lib/python3.12/site-packages/airflow/example_dags/example_trigger_target_dag.py
[2024-08-28T02:40:26.126+0000] {processor.py:840} INFO - DAG(s) 'example_trigger_target_dag' retrieved from /home/airflow/.local/lib/python3.12/site-packages/airflow/example_dags/example_trigger_target_dag.py
[2024-08-28T02:40:26.248+0000] {logging_mixin.py:188} INFO - [2024-08-28T02:40:26.234+0000] {dag.py:3089} INFO - Sync 1 DAGs
[2024-08-28T02:40:26.335+0000] {logging_mixin.py:188} INFO - [2024-08-28T02:40:26.335+0000] {dag.py:3947} INFO - Setting next_dagrun for example_trigger_target_dag to None, run_after=None
[2024-08-28T02:40:26.543+0000] {processor.py:183} INFO - Processing /home/airflow/.local/lib/python3.12/site-packages/airflow/example_dags/example_trigger_target_dag.py took 0.509 seconds
[2024-08-28T02:41:10.529+0000] {processor.py:161} INFO - Started process (PID=408) to work on /home/airflow/.local/lib/python3.12/site-packages/airflow/example_dags/example_trigger_target_dag.py
[2024-08-28T02:41:10.554+0000] {processor.py:830} INFO - Processing file /home/airflow/.local/lib/python3.12/site-packages/airflow/example_dags/example_trigger_target_dag.py for tasks to queue
[2024-08-28T02:41:10.615+0000] {logging_mixin.py:188} INFO - [2024-08-28T02:41:10.614+0000] {dagbag.py:545} INFO - Filling up the DagBag from /home/airflow/.local/lib/python3.12/site-packages/airflow/example_dags/example_trigger_target_dag.py
[2024-08-28T02:41:10.946+0000] {processor.py:840} INFO - DAG(s) 'example_trigger_target_dag' retrieved from /home/airflow/.local/lib/python3.12/site-packages/airflow/example_dags/example_trigger_target_dag.py
[2024-08-28T02:41:11.297+0000] {logging_mixin.py:188} INFO - [2024-08-28T02:41:11.296+0000] {dag.py:3089} INFO - Sync 1 DAGs
[2024-08-28T02:41:11.759+0000] {logging_mixin.py:188} INFO - [2024-08-28T02:41:11.757+0000] {dag.py:3947} INFO - Setting next_dagrun for example_trigger_target_dag to None, run_after=None
[2024-08-28T02:41:12.200+0000] {processor.py:183} INFO - Processing /home/airflow/.local/lib/python3.12/site-packages/airflow/example_dags/example_trigger_target_dag.py took 1.751 seconds
[2024-08-28T02:42:05.597+0000] {processor.py:161} INFO - Started process (PID=463) to work on /home/airflow/.local/lib/python3.12/site-packages/airflow/example_dags/example_trigger_target_dag.py
[2024-08-28T02:42:05.600+0000] {processor.py:830} INFO - Processing file /home/airflow/.local/lib/python3.12/site-packages/airflow/example_dags/example_trigger_target_dag.py for tasks to queue
[2024-08-28T02:42:05.604+0000] {logging_mixin.py:188} INFO - [2024-08-28T02:42:05.603+0000] {dagbag.py:545} INFO - Filling up the DagBag from /home/airflow/.local/lib/python3.12/site-packages/airflow/example_dags/example_trigger_target_dag.py
[2024-08-28T02:42:05.620+0000] {processor.py:840} INFO - DAG(s) 'example_trigger_target_dag' retrieved from /home/airflow/.local/lib/python3.12/site-packages/airflow/example_dags/example_trigger_target_dag.py
[2024-08-28T02:42:05.680+0000] {logging_mixin.py:188} INFO - [2024-08-28T02:42:05.679+0000] {dag.py:3089} INFO - Sync 1 DAGs
[2024-08-28T02:42:05.724+0000] {logging_mixin.py:188} INFO - [2024-08-28T02:42:05.723+0000] {dag.py:3947} INFO - Setting next_dagrun for example_trigger_target_dag to None, run_after=None
[2024-08-28T02:42:05.783+0000] {processor.py:183} INFO - Processing /home/airflow/.local/lib/python3.12/site-packages/airflow/example_dags/example_trigger_target_dag.py took 0.202 seconds
[2024-08-28T02:42:36.575+0000] {processor.py:161} INFO - Started process (PID=521) to work on /home/airflow/.local/lib/python3.12/site-packages/airflow/example_dags/example_trigger_target_dag.py
[2024-08-28T02:42:36.581+0000] {processor.py:830} INFO - Processing file /home/airflow/.local/lib/python3.12/site-packages/airflow/example_dags/example_trigger_target_dag.py for tasks to queue
[2024-08-28T02:42:36.586+0000] {logging_mixin.py:188} INFO - [2024-08-28T02:42:36.585+0000] {dagbag.py:545} INFO - Filling up the DagBag from /home/airflow/.local/lib/python3.12/site-packages/airflow/example_dags/example_trigger_target_dag.py
[2024-08-28T02:42:36.603+0000] {processor.py:840} INFO - DAG(s) 'example_trigger_target_dag' retrieved from /home/airflow/.local/lib/python3.12/site-packages/airflow/example_dags/example_trigger_target_dag.py
[2024-08-28T02:42:36.647+0000] {logging_mixin.py:188} INFO - [2024-08-28T02:42:36.647+0000] {dag.py:3089} INFO - Sync 1 DAGs
[2024-08-28T02:42:36.673+0000] {logging_mixin.py:188} INFO - [2024-08-28T02:42:36.672+0000] {dag.py:3947} INFO - Setting next_dagrun for example_trigger_target_dag to None, run_after=None
[2024-08-28T02:42:36.722+0000] {processor.py:183} INFO - Processing /home/airflow/.local/lib/python3.12/site-packages/airflow/example_dags/example_trigger_target_dag.py took 0.164 seconds
[2024-08-28T02:43:07.185+0000] {processor.py:161} INFO - Started process (PID=579) to work on /home/airflow/.local/lib/python3.12/site-packages/airflow/example_dags/example_trigger_target_dag.py
[2024-08-28T02:43:07.186+0000] {processor.py:830} INFO - Processing file /home/airflow/.local/lib/python3.12/site-packages/airflow/example_dags/example_trigger_target_dag.py for tasks to queue
[2024-08-28T02:43:07.189+0000] {logging_mixin.py:188} INFO - [2024-08-28T02:43:07.189+0000] {dagbag.py:545} INFO - Filling up the DagBag from /home/airflow/.local/lib/python3.12/site-packages/airflow/example_dags/example_trigger_target_dag.py
[2024-08-28T02:43:07.203+0000] {processor.py:840} INFO - DAG(s) 'example_trigger_target_dag' retrieved from /home/airflow/.local/lib/python3.12/site-packages/airflow/example_dags/example_trigger_target_dag.py
[2024-08-28T02:43:07.237+0000] {logging_mixin.py:188} INFO - [2024-08-28T02:43:07.236+0000] {dag.py:3089} INFO - Sync 1 DAGs
[2024-08-28T02:43:07.268+0000] {logging_mixin.py:188} INFO - [2024-08-28T02:43:07.267+0000] {dag.py:3947} INFO - Setting next_dagrun for example_trigger_target_dag to None, run_after=None
[2024-08-28T02:43:07.328+0000] {processor.py:183} INFO - Processing /home/airflow/.local/lib/python3.12/site-packages/airflow/example_dags/example_trigger_target_dag.py took 0.157 seconds
[2024-08-28T02:43:38.525+0000] {processor.py:161} INFO - Started process (PID=642) to work on /home/airflow/.local/lib/python3.12/site-packages/airflow/example_dags/example_trigger_target_dag.py
[2024-08-28T02:43:38.528+0000] {processor.py:830} INFO - Processing file /home/airflow/.local/lib/python3.12/site-packages/airflow/example_dags/example_trigger_target_dag.py for tasks to queue
[2024-08-28T02:43:38.532+0000] {logging_mixin.py:188} INFO - [2024-08-28T02:43:38.532+0000] {dagbag.py:545} INFO - Filling up the DagBag from /home/airflow/.local/lib/python3.12/site-packages/airflow/example_dags/example_trigger_target_dag.py
[2024-08-28T02:43:38.545+0000] {processor.py:840} INFO - DAG(s) 'example_trigger_target_dag' retrieved from /home/airflow/.local/lib/python3.12/site-packages/airflow/example_dags/example_trigger_target_dag.py
[2024-08-28T02:43:38.581+0000] {logging_mixin.py:188} INFO - [2024-08-28T02:43:38.581+0000] {dag.py:3089} INFO - Sync 1 DAGs
[2024-08-28T02:43:38.614+0000] {logging_mixin.py:188} INFO - [2024-08-28T02:43:38.614+0000] {dag.py:3947} INFO - Setting next_dagrun for example_trigger_target_dag to None, run_after=None
[2024-08-28T02:43:38.696+0000] {processor.py:183} INFO - Processing /home/airflow/.local/lib/python3.12/site-packages/airflow/example_dags/example_trigger_target_dag.py took 0.184 seconds
[2024-08-28T02:44:13.467+0000] {processor.py:161} INFO - Started process (PID=699) to work on /home/airflow/.local/lib/python3.12/site-packages/airflow/example_dags/example_trigger_target_dag.py
[2024-08-28T02:44:13.481+0000] {processor.py:830} INFO - Processing file /home/airflow/.local/lib/python3.12/site-packages/airflow/example_dags/example_trigger_target_dag.py for tasks to queue
[2024-08-28T02:44:13.488+0000] {logging_mixin.py:188} INFO - [2024-08-28T02:44:13.488+0000] {dagbag.py:545} INFO - Filling up the DagBag from /home/airflow/.local/lib/python3.12/site-packages/airflow/example_dags/example_trigger_target_dag.py
[2024-08-28T02:44:13.569+0000] {processor.py:840} INFO - DAG(s) 'example_trigger_target_dag' retrieved from /home/airflow/.local/lib/python3.12/site-packages/airflow/example_dags/example_trigger_target_dag.py
[2024-08-28T02:54:07.745+0000] {processor.py:161} INFO - Started process (PID=145) to work on /home/airflow/.local/lib/python3.12/site-packages/airflow/example_dags/example_trigger_target_dag.py
[2024-08-28T02:54:07.769+0000] {processor.py:830} INFO - Processing file /home/airflow/.local/lib/python3.12/site-packages/airflow/example_dags/example_trigger_target_dag.py for tasks to queue
[2024-08-28T02:54:07.799+0000] {logging_mixin.py:188} INFO - [2024-08-28T02:54:07.798+0000] {dagbag.py:545} INFO - Filling up the DagBag from /home/airflow/.local/lib/python3.12/site-packages/airflow/example_dags/example_trigger_target_dag.py
[2024-08-28T02:54:07.881+0000] {processor.py:840} INFO - DAG(s) 'example_trigger_target_dag' retrieved from /home/airflow/.local/lib/python3.12/site-packages/airflow/example_dags/example_trigger_target_dag.py
[2024-08-28T02:54:08.406+0000] {logging_mixin.py:188} INFO - [2024-08-28T02:54:08.405+0000] {dag.py:3089} INFO - Sync 1 DAGs
[2024-08-28T02:54:08.639+0000] {logging_mixin.py:188} INFO - [2024-08-28T02:54:08.638+0000] {dag.py:3947} INFO - Setting next_dagrun for example_trigger_target_dag to None, run_after=None
[2024-08-28T02:54:08.872+0000] {processor.py:183} INFO - Processing /home/airflow/.local/lib/python3.12/site-packages/airflow/example_dags/example_trigger_target_dag.py took 1.171 seconds
[2024-08-28T02:54:43.625+0000] {processor.py:161} INFO - Started process (PID=202) to work on /home/airflow/.local/lib/python3.12/site-packages/airflow/example_dags/example_trigger_target_dag.py
[2024-08-28T02:54:43.719+0000] {processor.py:830} INFO - Processing file /home/airflow/.local/lib/python3.12/site-packages/airflow/example_dags/example_trigger_target_dag.py for tasks to queue
[2024-08-28T02:54:43.915+0000] {logging_mixin.py:188} INFO - [2024-08-28T02:54:43.914+0000] {dagbag.py:545} INFO - Filling up the DagBag from /home/airflow/.local/lib/python3.12/site-packages/airflow/example_dags/example_trigger_target_dag.py
[2024-08-28T02:54:44.135+0000] {processor.py:840} INFO - DAG(s) 'example_trigger_target_dag' retrieved from /home/airflow/.local/lib/python3.12/site-packages/airflow/example_dags/example_trigger_target_dag.py
[2024-08-28T02:54:44.327+0000] {logging_mixin.py:188} INFO - [2024-08-28T02:54:44.327+0000] {dag.py:3089} INFO - Sync 1 DAGs
[2024-08-28T02:54:44.540+0000] {logging_mixin.py:188} INFO - [2024-08-28T02:54:44.522+0000] {dag.py:3947} INFO - Setting next_dagrun for example_trigger_target_dag to None, run_after=None
[2024-08-28T02:54:44.767+0000] {processor.py:183} INFO - Processing /home/airflow/.local/lib/python3.12/site-packages/airflow/example_dags/example_trigger_target_dag.py took 1.262 seconds
[2024-08-28T02:59:27.554+0000] {processor.py:161} INFO - Started process (PID=102) to work on /home/airflow/.local/lib/python3.12/site-packages/airflow/example_dags/example_trigger_target_dag.py
[2024-08-28T02:59:27.557+0000] {processor.py:830} INFO - Processing file /home/airflow/.local/lib/python3.12/site-packages/airflow/example_dags/example_trigger_target_dag.py for tasks to queue
[2024-08-28T02:59:27.563+0000] {logging_mixin.py:188} INFO - [2024-08-28T02:59:27.562+0000] {dagbag.py:545} INFO - Filling up the DagBag from /home/airflow/.local/lib/python3.12/site-packages/airflow/example_dags/example_trigger_target_dag.py
[2024-08-28T02:59:27.574+0000] {processor.py:840} INFO - DAG(s) 'example_trigger_target_dag' retrieved from /home/airflow/.local/lib/python3.12/site-packages/airflow/example_dags/example_trigger_target_dag.py
[2024-08-28T02:59:27.879+0000] {logging_mixin.py:188} INFO - [2024-08-28T02:59:27.878+0000] {dag.py:3089} INFO - Sync 1 DAGs
[2024-08-28T02:59:27.911+0000] {logging_mixin.py:188} INFO - [2024-08-28T02:59:27.911+0000] {dag.py:3947} INFO - Setting next_dagrun for example_trigger_target_dag to None, run_after=None
[2024-08-28T02:59:27.976+0000] {processor.py:183} INFO - Processing /home/airflow/.local/lib/python3.12/site-packages/airflow/example_dags/example_trigger_target_dag.py took 0.435 seconds
