[2024-08-28T02:37:53.781+0000] {processor.py:161} INFO - Started process (PID=115) to work on /home/airflow/.local/lib/python3.12/site-packages/airflow/example_dags/example_branch_day_of_week_operator.py
[2024-08-28T02:37:53.784+0000] {processor.py:830} INFO - Processing file /home/airflow/.local/lib/python3.12/site-packages/airflow/example_dags/example_branch_day_of_week_operator.py for tasks to queue
[2024-08-28T02:37:53.790+0000] {logging_mixin.py:188} INFO - [2024-08-28T02:37:53.789+0000] {dagbag.py:545} INFO - Filling up the DagBag from /home/airflow/.local/lib/python3.12/site-packages/airflow/example_dags/example_branch_day_of_week_operator.py
[2024-08-28T02:37:53.813+0000] {processor.py:840} INFO - DAG(s) 'example_weekday_branch_operator' retrieved from /home/airflow/.local/lib/python3.12/site-packages/airflow/example_dags/example_branch_day_of_week_operator.py
[2024-08-28T02:37:54.351+0000] {logging_mixin.py:188} INFO - [2024-08-28T02:37:54.349+0000] {override.py:1858} INFO - Created Permission View: can edit on DAG:example_weekday_branch_operator
[2024-08-28T02:37:54.411+0000] {logging_mixin.py:188} INFO - [2024-08-28T02:37:54.410+0000] {override.py:1858} INFO - Created Permission View: can delete on DAG:example_weekday_branch_operator
[2024-08-28T02:37:54.464+0000] {logging_mixin.py:188} INFO - [2024-08-28T02:37:54.463+0000] {override.py:1858} INFO - Created Permission View: can read on DAG:example_weekday_branch_operator
[2024-08-28T02:37:54.469+0000] {logging_mixin.py:188} INFO - [2024-08-28T02:37:54.468+0000] {dag.py:3089} INFO - Sync 1 DAGs
[2024-08-28T02:37:54.516+0000] {logging_mixin.py:188} INFO - [2024-08-28T02:37:54.515+0000] {dag.py:3111} INFO - Creating ORM DAG for example_weekday_branch_operator
[2024-08-28T02:37:54.550+0000] {logging_mixin.py:188} INFO - [2024-08-28T02:37:54.550+0000] {dag.py:3947} INFO - Setting next_dagrun for example_weekday_branch_operator to 2024-08-27 00:00:00+00:00, run_after=2024-08-28 00:00:00+00:00
[2024-08-28T02:37:54.601+0000] {processor.py:183} INFO - Processing /home/airflow/.local/lib/python3.12/site-packages/airflow/example_dags/example_branch_day_of_week_operator.py took 0.836 seconds
[2024-08-28T02:38:44.564+0000] {processor.py:161} INFO - Started process (PID=180) to work on /home/airflow/.local/lib/python3.12/site-packages/airflow/example_dags/example_branch_day_of_week_operator.py
[2024-08-28T02:38:44.566+0000] {processor.py:830} INFO - Processing file /home/airflow/.local/lib/python3.12/site-packages/airflow/example_dags/example_branch_day_of_week_operator.py for tasks to queue
[2024-08-28T02:38:44.570+0000] {logging_mixin.py:188} INFO - [2024-08-28T02:38:44.569+0000] {dagbag.py:545} INFO - Filling up the DagBag from /home/airflow/.local/lib/python3.12/site-packages/airflow/example_dags/example_branch_day_of_week_operator.py
[2024-08-28T02:38:44.600+0000] {processor.py:840} INFO - DAG(s) 'example_weekday_branch_operator' retrieved from /home/airflow/.local/lib/python3.12/site-packages/airflow/example_dags/example_branch_day_of_week_operator.py
[2024-08-28T02:38:44.657+0000] {logging_mixin.py:188} INFO - [2024-08-28T02:38:44.656+0000] {dag.py:3089} INFO - Sync 1 DAGs
[2024-08-28T02:38:44.787+0000] {logging_mixin.py:188} INFO - [2024-08-28T02:38:44.787+0000] {dag.py:3947} INFO - Setting next_dagrun for example_weekday_branch_operator to 2024-08-27 00:00:00+00:00, run_after=2024-08-28 00:00:00+00:00
[2024-08-28T02:38:44.904+0000] {processor.py:183} INFO - Processing /home/airflow/.local/lib/python3.12/site-packages/airflow/example_dags/example_branch_day_of_week_operator.py took 0.355 seconds
[2024-08-28T02:39:16.598+0000] {processor.py:161} INFO - Started process (PID=238) to work on /home/airflow/.local/lib/python3.12/site-packages/airflow/example_dags/example_branch_day_of_week_operator.py
[2024-08-28T02:39:16.601+0000] {processor.py:830} INFO - Processing file /home/airflow/.local/lib/python3.12/site-packages/airflow/example_dags/example_branch_day_of_week_operator.py for tasks to queue
[2024-08-28T02:39:16.605+0000] {logging_mixin.py:188} INFO - [2024-08-28T02:39:16.604+0000] {dagbag.py:545} INFO - Filling up the DagBag from /home/airflow/.local/lib/python3.12/site-packages/airflow/example_dags/example_branch_day_of_week_operator.py
[2024-08-28T02:39:16.624+0000] {processor.py:840} INFO - DAG(s) 'example_weekday_branch_operator' retrieved from /home/airflow/.local/lib/python3.12/site-packages/airflow/example_dags/example_branch_day_of_week_operator.py
[2024-08-28T02:39:16.668+0000] {logging_mixin.py:188} INFO - [2024-08-28T02:39:16.667+0000] {dag.py:3089} INFO - Sync 1 DAGs
[2024-08-28T02:39:16.722+0000] {logging_mixin.py:188} INFO - [2024-08-28T02:39:16.721+0000] {dag.py:3947} INFO - Setting next_dagrun for example_weekday_branch_operator to 2024-08-27 00:00:00+00:00, run_after=2024-08-28 00:00:00+00:00
[2024-08-28T02:39:16.776+0000] {processor.py:183} INFO - Processing /home/airflow/.local/lib/python3.12/site-packages/airflow/example_dags/example_branch_day_of_week_operator.py took 0.196 seconds
[2024-08-28T02:39:47.809+0000] {processor.py:161} INFO - Started process (PID=296) to work on /home/airflow/.local/lib/python3.12/site-packages/airflow/example_dags/example_branch_day_of_week_operator.py
[2024-08-28T02:39:47.811+0000] {processor.py:830} INFO - Processing file /home/airflow/.local/lib/python3.12/site-packages/airflow/example_dags/example_branch_day_of_week_operator.py for tasks to queue
[2024-08-28T02:39:47.815+0000] {logging_mixin.py:188} INFO - [2024-08-28T02:39:47.814+0000] {dagbag.py:545} INFO - Filling up the DagBag from /home/airflow/.local/lib/python3.12/site-packages/airflow/example_dags/example_branch_day_of_week_operator.py
[2024-08-28T02:39:47.830+0000] {processor.py:840} INFO - DAG(s) 'example_weekday_branch_operator' retrieved from /home/airflow/.local/lib/python3.12/site-packages/airflow/example_dags/example_branch_day_of_week_operator.py
[2024-08-28T02:39:47.869+0000] {logging_mixin.py:188} INFO - [2024-08-28T02:39:47.869+0000] {dag.py:3089} INFO - Sync 1 DAGs
[2024-08-28T02:39:47.930+0000] {logging_mixin.py:188} INFO - [2024-08-28T02:39:47.929+0000] {dag.py:3947} INFO - Setting next_dagrun for example_weekday_branch_operator to 2024-08-27 00:00:00+00:00, run_after=2024-08-28 00:00:00+00:00
[2024-08-28T02:39:47.975+0000] {processor.py:183} INFO - Processing /home/airflow/.local/lib/python3.12/site-packages/airflow/example_dags/example_branch_day_of_week_operator.py took 0.178 seconds
[2024-08-28T02:40:27.989+0000] {processor.py:161} INFO - Started process (PID=352) to work on /home/airflow/.local/lib/python3.12/site-packages/airflow/example_dags/example_branch_day_of_week_operator.py
[2024-08-28T02:40:27.992+0000] {processor.py:830} INFO - Processing file /home/airflow/.local/lib/python3.12/site-packages/airflow/example_dags/example_branch_day_of_week_operator.py for tasks to queue
[2024-08-28T02:40:27.996+0000] {logging_mixin.py:188} INFO - [2024-08-28T02:40:27.995+0000] {dagbag.py:545} INFO - Filling up the DagBag from /home/airflow/.local/lib/python3.12/site-packages/airflow/example_dags/example_branch_day_of_week_operator.py
[2024-08-28T02:40:28.038+0000] {processor.py:840} INFO - DAG(s) 'example_weekday_branch_operator' retrieved from /home/airflow/.local/lib/python3.12/site-packages/airflow/example_dags/example_branch_day_of_week_operator.py
[2024-08-28T02:40:28.102+0000] {logging_mixin.py:188} INFO - [2024-08-28T02:40:28.102+0000] {dag.py:3089} INFO - Sync 1 DAGs
[2024-08-28T02:40:28.165+0000] {logging_mixin.py:188} INFO - [2024-08-28T02:40:28.164+0000] {dag.py:3947} INFO - Setting next_dagrun for example_weekday_branch_operator to 2024-08-27 00:00:00+00:00, run_after=2024-08-28 00:00:00+00:00
[2024-08-28T02:40:28.246+0000] {processor.py:183} INFO - Processing /home/airflow/.local/lib/python3.12/site-packages/airflow/example_dags/example_branch_day_of_week_operator.py took 0.271 seconds
[2024-08-28T02:41:26.741+0000] {processor.py:161} INFO - Started process (PID=415) to work on /home/airflow/.local/lib/python3.12/site-packages/airflow/example_dags/example_branch_day_of_week_operator.py
[2024-08-28T02:41:26.762+0000] {processor.py:830} INFO - Processing file /home/airflow/.local/lib/python3.12/site-packages/airflow/example_dags/example_branch_day_of_week_operator.py for tasks to queue
[2024-08-28T02:41:26.793+0000] {logging_mixin.py:188} INFO - [2024-08-28T02:41:26.792+0000] {dagbag.py:545} INFO - Filling up the DagBag from /home/airflow/.local/lib/python3.12/site-packages/airflow/example_dags/example_branch_day_of_week_operator.py
[2024-08-28T02:41:26.874+0000] {processor.py:840} INFO - DAG(s) 'example_weekday_branch_operator' retrieved from /home/airflow/.local/lib/python3.12/site-packages/airflow/example_dags/example_branch_day_of_week_operator.py
[2024-08-28T02:41:27.375+0000] {logging_mixin.py:188} INFO - [2024-08-28T02:41:27.373+0000] {dag.py:3089} INFO - Sync 1 DAGs
[2024-08-28T02:41:28.284+0000] {logging_mixin.py:188} INFO - [2024-08-28T02:41:28.272+0000] {dag.py:3947} INFO - Setting next_dagrun for example_weekday_branch_operator to 2024-08-27 00:00:00+00:00, run_after=2024-08-28 00:00:00+00:00
[2024-08-28T02:41:28.760+0000] {processor.py:183} INFO - Processing /home/airflow/.local/lib/python3.12/site-packages/airflow/example_dags/example_branch_day_of_week_operator.py took 2.115 seconds
[2024-08-28T02:42:07.536+0000] {processor.py:161} INFO - Started process (PID=478) to work on /home/airflow/.local/lib/python3.12/site-packages/airflow/example_dags/example_branch_day_of_week_operator.py
[2024-08-28T02:42:07.538+0000] {processor.py:830} INFO - Processing file /home/airflow/.local/lib/python3.12/site-packages/airflow/example_dags/example_branch_day_of_week_operator.py for tasks to queue
[2024-08-28T02:42:07.543+0000] {logging_mixin.py:188} INFO - [2024-08-28T02:42:07.542+0000] {dagbag.py:545} INFO - Filling up the DagBag from /home/airflow/.local/lib/python3.12/site-packages/airflow/example_dags/example_branch_day_of_week_operator.py
[2024-08-28T02:42:07.564+0000] {processor.py:840} INFO - DAG(s) 'example_weekday_branch_operator' retrieved from /home/airflow/.local/lib/python3.12/site-packages/airflow/example_dags/example_branch_day_of_week_operator.py
[2024-08-28T02:42:07.621+0000] {logging_mixin.py:188} INFO - [2024-08-28T02:42:07.621+0000] {dag.py:3089} INFO - Sync 1 DAGs
[2024-08-28T02:42:07.687+0000] {logging_mixin.py:188} INFO - [2024-08-28T02:42:07.687+0000] {dag.py:3947} INFO - Setting next_dagrun for example_weekday_branch_operator to 2024-08-27 00:00:00+00:00, run_after=2024-08-28 00:00:00+00:00
[2024-08-28T02:42:07.737+0000] {processor.py:183} INFO - Processing /home/airflow/.local/lib/python3.12/site-packages/airflow/example_dags/example_branch_day_of_week_operator.py took 0.216 seconds
[2024-08-28T02:42:37.999+0000] {processor.py:161} INFO - Started process (PID=535) to work on /home/airflow/.local/lib/python3.12/site-packages/airflow/example_dags/example_branch_day_of_week_operator.py
[2024-08-28T02:42:38.005+0000] {processor.py:830} INFO - Processing file /home/airflow/.local/lib/python3.12/site-packages/airflow/example_dags/example_branch_day_of_week_operator.py for tasks to queue
[2024-08-28T02:42:38.028+0000] {logging_mixin.py:188} INFO - [2024-08-28T02:42:38.027+0000] {dagbag.py:545} INFO - Filling up the DagBag from /home/airflow/.local/lib/python3.12/site-packages/airflow/example_dags/example_branch_day_of_week_operator.py
[2024-08-28T02:42:38.046+0000] {processor.py:840} INFO - DAG(s) 'example_weekday_branch_operator' retrieved from /home/airflow/.local/lib/python3.12/site-packages/airflow/example_dags/example_branch_day_of_week_operator.py
[2024-08-28T02:42:38.150+0000] {logging_mixin.py:188} INFO - [2024-08-28T02:42:38.150+0000] {dag.py:3089} INFO - Sync 1 DAGs
[2024-08-28T02:42:38.231+0000] {logging_mixin.py:188} INFO - [2024-08-28T02:42:38.231+0000] {dag.py:3947} INFO - Setting next_dagrun for example_weekday_branch_operator to 2024-08-27 00:00:00+00:00, run_after=2024-08-28 00:00:00+00:00
[2024-08-28T02:42:38.328+0000] {processor.py:183} INFO - Processing /home/airflow/.local/lib/python3.12/site-packages/airflow/example_dags/example_branch_day_of_week_operator.py took 0.378 seconds
[2024-08-28T02:43:08.443+0000] {processor.py:161} INFO - Started process (PID=593) to work on /home/airflow/.local/lib/python3.12/site-packages/airflow/example_dags/example_branch_day_of_week_operator.py
[2024-08-28T02:43:08.445+0000] {processor.py:830} INFO - Processing file /home/airflow/.local/lib/python3.12/site-packages/airflow/example_dags/example_branch_day_of_week_operator.py for tasks to queue
[2024-08-28T02:43:08.449+0000] {logging_mixin.py:188} INFO - [2024-08-28T02:43:08.448+0000] {dagbag.py:545} INFO - Filling up the DagBag from /home/airflow/.local/lib/python3.12/site-packages/airflow/example_dags/example_branch_day_of_week_operator.py
[2024-08-28T02:43:08.461+0000] {processor.py:840} INFO - DAG(s) 'example_weekday_branch_operator' retrieved from /home/airflow/.local/lib/python3.12/site-packages/airflow/example_dags/example_branch_day_of_week_operator.py
[2024-08-28T02:43:08.494+0000] {logging_mixin.py:188} INFO - [2024-08-28T02:43:08.494+0000] {dag.py:3089} INFO - Sync 1 DAGs
[2024-08-28T02:43:08.541+0000] {logging_mixin.py:188} INFO - [2024-08-28T02:43:08.540+0000] {dag.py:3947} INFO - Setting next_dagrun for example_weekday_branch_operator to 2024-08-27 00:00:00+00:00, run_after=2024-08-28 00:00:00+00:00
[2024-08-28T02:43:08.578+0000] {processor.py:183} INFO - Processing /home/airflow/.local/lib/python3.12/site-packages/airflow/example_dags/example_branch_day_of_week_operator.py took 0.145 seconds
[2024-08-28T02:43:39.853+0000] {processor.py:161} INFO - Started process (PID=649) to work on /home/airflow/.local/lib/python3.12/site-packages/airflow/example_dags/example_branch_day_of_week_operator.py
[2024-08-28T02:43:39.854+0000] {processor.py:830} INFO - Processing file /home/airflow/.local/lib/python3.12/site-packages/airflow/example_dags/example_branch_day_of_week_operator.py for tasks to queue
[2024-08-28T02:43:39.859+0000] {logging_mixin.py:188} INFO - [2024-08-28T02:43:39.858+0000] {dagbag.py:545} INFO - Filling up the DagBag from /home/airflow/.local/lib/python3.12/site-packages/airflow/example_dags/example_branch_day_of_week_operator.py
[2024-08-28T02:43:39.872+0000] {processor.py:840} INFO - DAG(s) 'example_weekday_branch_operator' retrieved from /home/airflow/.local/lib/python3.12/site-packages/airflow/example_dags/example_branch_day_of_week_operator.py
[2024-08-28T02:43:39.913+0000] {logging_mixin.py:188} INFO - [2024-08-28T02:43:39.913+0000] {dag.py:3089} INFO - Sync 1 DAGs
[2024-08-28T02:43:39.959+0000] {logging_mixin.py:188} INFO - [2024-08-28T02:43:39.959+0000] {dag.py:3947} INFO - Setting next_dagrun for example_weekday_branch_operator to 2024-08-27 00:00:00+00:00, run_after=2024-08-28 00:00:00+00:00
[2024-08-28T02:43:40.004+0000] {processor.py:183} INFO - Processing /home/airflow/.local/lib/python3.12/site-packages/airflow/example_dags/example_branch_day_of_week_operator.py took 0.165 seconds
[2024-08-28T02:54:12.947+0000] {processor.py:161} INFO - Started process (PID=152) to work on /home/airflow/.local/lib/python3.12/site-packages/airflow/example_dags/example_branch_day_of_week_operator.py
[2024-08-28T02:54:12.950+0000] {processor.py:830} INFO - Processing file /home/airflow/.local/lib/python3.12/site-packages/airflow/example_dags/example_branch_day_of_week_operator.py for tasks to queue
[2024-08-28T02:54:12.964+0000] {logging_mixin.py:188} INFO - [2024-08-28T02:54:12.963+0000] {dagbag.py:545} INFO - Filling up the DagBag from /home/airflow/.local/lib/python3.12/site-packages/airflow/example_dags/example_branch_day_of_week_operator.py
[2024-08-28T02:54:13.071+0000] {processor.py:840} INFO - DAG(s) 'example_weekday_branch_operator' retrieved from /home/airflow/.local/lib/python3.12/site-packages/airflow/example_dags/example_branch_day_of_week_operator.py
[2024-08-28T02:54:13.322+0000] {logging_mixin.py:188} INFO - [2024-08-28T02:54:13.322+0000] {dag.py:3089} INFO - Sync 1 DAGs
[2024-08-28T02:54:13.602+0000] {logging_mixin.py:188} INFO - [2024-08-28T02:54:13.602+0000] {dag.py:3947} INFO - Setting next_dagrun for example_weekday_branch_operator to 2024-08-27 00:00:00+00:00, run_after=2024-08-28 00:00:00+00:00
[2024-08-28T02:54:13.750+0000] {processor.py:183} INFO - Processing /home/airflow/.local/lib/python3.12/site-packages/airflow/example_dags/example_branch_day_of_week_operator.py took 0.838 seconds
[2024-08-28T02:54:46.573+0000] {processor.py:161} INFO - Started process (PID=208) to work on /home/airflow/.local/lib/python3.12/site-packages/airflow/example_dags/example_branch_day_of_week_operator.py
[2024-08-28T02:54:46.576+0000] {processor.py:830} INFO - Processing file /home/airflow/.local/lib/python3.12/site-packages/airflow/example_dags/example_branch_day_of_week_operator.py for tasks to queue
[2024-08-28T02:54:46.594+0000] {logging_mixin.py:188} INFO - [2024-08-28T02:54:46.593+0000] {dagbag.py:545} INFO - Filling up the DagBag from /home/airflow/.local/lib/python3.12/site-packages/airflow/example_dags/example_branch_day_of_week_operator.py
[2024-08-28T02:54:46.643+0000] {processor.py:840} INFO - DAG(s) 'example_weekday_branch_operator' retrieved from /home/airflow/.local/lib/python3.12/site-packages/airflow/example_dags/example_branch_day_of_week_operator.py
[2024-08-28T02:54:46.814+0000] {logging_mixin.py:188} INFO - [2024-08-28T02:54:46.814+0000] {dag.py:3089} INFO - Sync 1 DAGs
[2024-08-28T02:54:47.012+0000] {logging_mixin.py:188} INFO - [2024-08-28T02:54:47.010+0000] {dag.py:3947} INFO - Setting next_dagrun for example_weekday_branch_operator to 2024-08-27 00:00:00+00:00, run_after=2024-08-28 00:00:00+00:00
[2024-08-28T02:54:47.130+0000] {processor.py:183} INFO - Processing /home/airflow/.local/lib/python3.12/site-packages/airflow/example_dags/example_branch_day_of_week_operator.py took 0.598 seconds
[2024-08-28T02:59:30.796+0000] {processor.py:161} INFO - Started process (PID=109) to work on /home/airflow/.local/lib/python3.12/site-packages/airflow/example_dags/example_branch_day_of_week_operator.py
[2024-08-28T02:59:30.811+0000] {processor.py:830} INFO - Processing file /home/airflow/.local/lib/python3.12/site-packages/airflow/example_dags/example_branch_day_of_week_operator.py for tasks to queue
[2024-08-28T02:59:30.817+0000] {logging_mixin.py:188} INFO - [2024-08-28T02:59:30.816+0000] {dagbag.py:545} INFO - Filling up the DagBag from /home/airflow/.local/lib/python3.12/site-packages/airflow/example_dags/example_branch_day_of_week_operator.py
[2024-08-28T02:59:30.852+0000] {processor.py:840} INFO - DAG(s) 'example_weekday_branch_operator' retrieved from /home/airflow/.local/lib/python3.12/site-packages/airflow/example_dags/example_branch_day_of_week_operator.py
[2024-08-28T02:59:31.682+0000] {logging_mixin.py:188} INFO - [2024-08-28T02:59:31.682+0000] {dag.py:3089} INFO - Sync 1 DAGs
[2024-08-28T02:59:31.879+0000] {logging_mixin.py:188} INFO - [2024-08-28T02:59:31.879+0000] {dag.py:3947} INFO - Setting next_dagrun for example_weekday_branch_operator to 2024-08-27 00:00:00+00:00, run_after=2024-08-28 00:00:00+00:00
[2024-08-28T02:59:32.246+0000] {processor.py:183} INFO - Processing /home/airflow/.local/lib/python3.12/site-packages/airflow/example_dags/example_branch_day_of_week_operator.py took 1.498 seconds
