[2024-08-28T02:37:58.666+0000] {processor.py:161} INFO - Started process (PID=121) to work on /home/airflow/.local/lib/python3.12/site-packages/airflow/example_dags/example_nested_branch_dag.py
[2024-08-28T02:37:58.753+0000] {processor.py:830} INFO - Processing file /home/airflow/.local/lib/python3.12/site-packages/airflow/example_dags/example_nested_branch_dag.py for tasks to queue
[2024-08-28T02:37:58.815+0000] {logging_mixin.py:188} INFO - [2024-08-28T02:37:58.773+0000] {dagbag.py:545} INFO - Filling up the DagBag from /home/airflow/.local/lib/python3.12/site-packages/airflow/example_dags/example_nested_branch_dag.py
[2024-08-28T02:37:59.142+0000] {processor.py:840} INFO - DAG(s) 'example_nested_branch_dag' retrieved from /home/airflow/.local/lib/python3.12/site-packages/airflow/example_dags/example_nested_branch_dag.py
[2024-08-28T02:38:02.392+0000] {logging_mixin.py:188} INFO - [2024-08-28T02:38:02.359+0000] {override.py:1858} INFO - Created Permission View: can edit on DAG:example_nested_branch_dag
[2024-08-28T02:38:02.572+0000] {logging_mixin.py:188} INFO - [2024-08-28T02:38:02.571+0000] {override.py:1858} INFO - Created Permission View: can delete on DAG:example_nested_branch_dag
[2024-08-28T02:38:02.736+0000] {logging_mixin.py:188} INFO - [2024-08-28T02:38:02.736+0000] {override.py:1858} INFO - Created Permission View: can read on DAG:example_nested_branch_dag
[2024-08-28T02:38:02.742+0000] {logging_mixin.py:188} INFO - [2024-08-28T02:38:02.741+0000] {dag.py:3089} INFO - Sync 1 DAGs
[2024-08-28T02:38:02.887+0000] {logging_mixin.py:188} INFO - [2024-08-28T02:38:02.887+0000] {dag.py:3111} INFO - Creating ORM DAG for example_nested_branch_dag
[2024-08-28T02:38:04.019+0000] {logging_mixin.py:188} INFO - [2024-08-28T02:38:04.018+0000] {dag.py:3947} INFO - Setting next_dagrun for example_nested_branch_dag to 2024-08-27 00:00:00+00:00, run_after=2024-08-28 00:00:00+00:00
[2024-08-28T02:38:04.424+0000] {processor.py:183} INFO - Processing /home/airflow/.local/lib/python3.12/site-packages/airflow/example_dags/example_nested_branch_dag.py took 5.946 seconds
[2024-08-28T02:38:46.122+0000] {processor.py:161} INFO - Started process (PID=186) to work on /home/airflow/.local/lib/python3.12/site-packages/airflow/example_dags/example_nested_branch_dag.py
[2024-08-28T02:38:46.126+0000] {processor.py:830} INFO - Processing file /home/airflow/.local/lib/python3.12/site-packages/airflow/example_dags/example_nested_branch_dag.py for tasks to queue
[2024-08-28T02:38:46.132+0000] {logging_mixin.py:188} INFO - [2024-08-28T02:38:46.131+0000] {dagbag.py:545} INFO - Filling up the DagBag from /home/airflow/.local/lib/python3.12/site-packages/airflow/example_dags/example_nested_branch_dag.py
[2024-08-28T02:38:46.197+0000] {processor.py:840} INFO - DAG(s) 'example_nested_branch_dag' retrieved from /home/airflow/.local/lib/python3.12/site-packages/airflow/example_dags/example_nested_branch_dag.py
[2024-08-28T02:38:46.270+0000] {logging_mixin.py:188} INFO - [2024-08-28T02:38:46.270+0000] {dag.py:3089} INFO - Sync 1 DAGs
[2024-08-28T02:38:46.370+0000] {logging_mixin.py:188} INFO - [2024-08-28T02:38:46.369+0000] {dag.py:3947} INFO - Setting next_dagrun for example_nested_branch_dag to 2024-08-27 00:00:00+00:00, run_after=2024-08-28 00:00:00+00:00
[2024-08-28T02:38:46.471+0000] {processor.py:183} INFO - Processing /home/airflow/.local/lib/python3.12/site-packages/airflow/example_dags/example_nested_branch_dag.py took 0.402 seconds
[2024-08-28T02:39:17.506+0000] {processor.py:161} INFO - Started process (PID=244) to work on /home/airflow/.local/lib/python3.12/site-packages/airflow/example_dags/example_nested_branch_dag.py
[2024-08-28T02:39:17.508+0000] {processor.py:830} INFO - Processing file /home/airflow/.local/lib/python3.12/site-packages/airflow/example_dags/example_nested_branch_dag.py for tasks to queue
[2024-08-28T02:39:17.516+0000] {logging_mixin.py:188} INFO - [2024-08-28T02:39:17.515+0000] {dagbag.py:545} INFO - Filling up the DagBag from /home/airflow/.local/lib/python3.12/site-packages/airflow/example_dags/example_nested_branch_dag.py
[2024-08-28T02:39:17.558+0000] {processor.py:840} INFO - DAG(s) 'example_nested_branch_dag' retrieved from /home/airflow/.local/lib/python3.12/site-packages/airflow/example_dags/example_nested_branch_dag.py
[2024-08-28T02:39:17.641+0000] {logging_mixin.py:188} INFO - [2024-08-28T02:39:17.641+0000] {dag.py:3089} INFO - Sync 1 DAGs
[2024-08-28T02:39:17.724+0000] {logging_mixin.py:188} INFO - [2024-08-28T02:39:17.723+0000] {dag.py:3947} INFO - Setting next_dagrun for example_nested_branch_dag to 2024-08-27 00:00:00+00:00, run_after=2024-08-28 00:00:00+00:00
[2024-08-28T02:39:18.084+0000] {processor.py:183} INFO - Processing /home/airflow/.local/lib/python3.12/site-packages/airflow/example_dags/example_nested_branch_dag.py took 0.607 seconds
[2024-08-28T02:39:48.468+0000] {processor.py:161} INFO - Started process (PID=302) to work on /home/airflow/.local/lib/python3.12/site-packages/airflow/example_dags/example_nested_branch_dag.py
[2024-08-28T02:39:48.471+0000] {processor.py:830} INFO - Processing file /home/airflow/.local/lib/python3.12/site-packages/airflow/example_dags/example_nested_branch_dag.py for tasks to queue
[2024-08-28T02:39:48.475+0000] {logging_mixin.py:188} INFO - [2024-08-28T02:39:48.475+0000] {dagbag.py:545} INFO - Filling up the DagBag from /home/airflow/.local/lib/python3.12/site-packages/airflow/example_dags/example_nested_branch_dag.py
[2024-08-28T02:39:48.496+0000] {processor.py:840} INFO - DAG(s) 'example_nested_branch_dag' retrieved from /home/airflow/.local/lib/python3.12/site-packages/airflow/example_dags/example_nested_branch_dag.py
[2024-08-28T02:39:48.541+0000] {logging_mixin.py:188} INFO - [2024-08-28T02:39:48.540+0000] {dag.py:3089} INFO - Sync 1 DAGs
[2024-08-28T02:39:48.584+0000] {logging_mixin.py:188} INFO - [2024-08-28T02:39:48.584+0000] {dag.py:3947} INFO - Setting next_dagrun for example_nested_branch_dag to 2024-08-27 00:00:00+00:00, run_after=2024-08-28 00:00:00+00:00
[2024-08-28T02:39:48.619+0000] {processor.py:183} INFO - Processing /home/airflow/.local/lib/python3.12/site-packages/airflow/example_dags/example_nested_branch_dag.py took 0.163 seconds
[2024-08-28T02:40:28.908+0000] {processor.py:161} INFO - Started process (PID=358) to work on /home/airflow/.local/lib/python3.12/site-packages/airflow/example_dags/example_nested_branch_dag.py
[2024-08-28T02:40:28.911+0000] {processor.py:830} INFO - Processing file /home/airflow/.local/lib/python3.12/site-packages/airflow/example_dags/example_nested_branch_dag.py for tasks to queue
[2024-08-28T02:40:28.915+0000] {logging_mixin.py:188} INFO - [2024-08-28T02:40:28.914+0000] {dagbag.py:545} INFO - Filling up the DagBag from /home/airflow/.local/lib/python3.12/site-packages/airflow/example_dags/example_nested_branch_dag.py
[2024-08-28T02:40:28.936+0000] {processor.py:840} INFO - DAG(s) 'example_nested_branch_dag' retrieved from /home/airflow/.local/lib/python3.12/site-packages/airflow/example_dags/example_nested_branch_dag.py
[2024-08-28T02:40:29.008+0000] {logging_mixin.py:188} INFO - [2024-08-28T02:40:29.007+0000] {dag.py:3089} INFO - Sync 1 DAGs
[2024-08-28T02:40:29.066+0000] {logging_mixin.py:188} INFO - [2024-08-28T02:40:29.066+0000] {dag.py:3947} INFO - Setting next_dagrun for example_nested_branch_dag to 2024-08-27 00:00:00+00:00, run_after=2024-08-28 00:00:00+00:00
[2024-08-28T02:40:29.135+0000] {processor.py:183} INFO - Processing /home/airflow/.local/lib/python3.12/site-packages/airflow/example_dags/example_nested_branch_dag.py took 0.238 seconds
[2024-08-28T02:41:39.605+0000] {processor.py:161} INFO - Started process (PID=426) to work on /home/airflow/.local/lib/python3.12/site-packages/airflow/example_dags/example_nested_branch_dag.py
[2024-08-28T02:41:39.697+0000] {processor.py:830} INFO - Processing file /home/airflow/.local/lib/python3.12/site-packages/airflow/example_dags/example_nested_branch_dag.py for tasks to queue
[2024-08-28T02:41:39.753+0000] {logging_mixin.py:188} INFO - [2024-08-28T02:41:39.752+0000] {dagbag.py:545} INFO - Filling up the DagBag from /home/airflow/.local/lib/python3.12/site-packages/airflow/example_dags/example_nested_branch_dag.py
[2024-08-28T02:41:40.381+0000] {processor.py:840} INFO - DAG(s) 'example_nested_branch_dag' retrieved from /home/airflow/.local/lib/python3.12/site-packages/airflow/example_dags/example_nested_branch_dag.py
[2024-08-28T02:41:41.249+0000] {logging_mixin.py:188} INFO - [2024-08-28T02:41:41.248+0000] {dag.py:3089} INFO - Sync 1 DAGs
[2024-08-28T02:41:42.099+0000] {logging_mixin.py:188} INFO - [2024-08-28T02:41:42.098+0000] {dag.py:3947} INFO - Setting next_dagrun for example_nested_branch_dag to 2024-08-27 00:00:00+00:00, run_after=2024-08-28 00:00:00+00:00
[2024-08-28T02:41:42.464+0000] {processor.py:183} INFO - Processing /home/airflow/.local/lib/python3.12/site-packages/airflow/example_dags/example_nested_branch_dag.py took 3.048 seconds
[2024-08-28T02:42:13.543+0000] {processor.py:161} INFO - Started process (PID=484) to work on /home/airflow/.local/lib/python3.12/site-packages/airflow/example_dags/example_nested_branch_dag.py
[2024-08-28T02:42:13.545+0000] {processor.py:830} INFO - Processing file /home/airflow/.local/lib/python3.12/site-packages/airflow/example_dags/example_nested_branch_dag.py for tasks to queue
[2024-08-28T02:42:13.549+0000] {logging_mixin.py:188} INFO - [2024-08-28T02:42:13.549+0000] {dagbag.py:545} INFO - Filling up the DagBag from /home/airflow/.local/lib/python3.12/site-packages/airflow/example_dags/example_nested_branch_dag.py
[2024-08-28T02:42:13.569+0000] {processor.py:840} INFO - DAG(s) 'example_nested_branch_dag' retrieved from /home/airflow/.local/lib/python3.12/site-packages/airflow/example_dags/example_nested_branch_dag.py
[2024-08-28T02:42:13.621+0000] {logging_mixin.py:188} INFO - [2024-08-28T02:42:13.621+0000] {dag.py:3089} INFO - Sync 1 DAGs
[2024-08-28T02:42:13.678+0000] {logging_mixin.py:188} INFO - [2024-08-28T02:42:13.677+0000] {dag.py:3947} INFO - Setting next_dagrun for example_nested_branch_dag to 2024-08-27 00:00:00+00:00, run_after=2024-08-28 00:00:00+00:00
[2024-08-28T02:42:13.726+0000] {processor.py:183} INFO - Processing /home/airflow/.local/lib/python3.12/site-packages/airflow/example_dags/example_nested_branch_dag.py took 0.195 seconds
[2024-08-28T02:42:44.763+0000] {processor.py:161} INFO - Started process (PID=542) to work on /home/airflow/.local/lib/python3.12/site-packages/airflow/example_dags/example_nested_branch_dag.py
[2024-08-28T02:42:44.776+0000] {processor.py:830} INFO - Processing file /home/airflow/.local/lib/python3.12/site-packages/airflow/example_dags/example_nested_branch_dag.py for tasks to queue
[2024-08-28T02:42:44.782+0000] {logging_mixin.py:188} INFO - [2024-08-28T02:42:44.782+0000] {dagbag.py:545} INFO - Filling up the DagBag from /home/airflow/.local/lib/python3.12/site-packages/airflow/example_dags/example_nested_branch_dag.py
[2024-08-28T02:42:44.836+0000] {processor.py:840} INFO - DAG(s) 'example_nested_branch_dag' retrieved from /home/airflow/.local/lib/python3.12/site-packages/airflow/example_dags/example_nested_branch_dag.py
[2024-08-28T02:42:44.953+0000] {logging_mixin.py:188} INFO - [2024-08-28T02:42:44.951+0000] {dag.py:3089} INFO - Sync 1 DAGs
[2024-08-28T02:42:45.099+0000] {logging_mixin.py:188} INFO - [2024-08-28T02:42:45.097+0000] {dag.py:3947} INFO - Setting next_dagrun for example_nested_branch_dag to 2024-08-27 00:00:00+00:00, run_after=2024-08-28 00:00:00+00:00
[2024-08-28T02:42:45.304+0000] {processor.py:183} INFO - Processing /home/airflow/.local/lib/python3.12/site-packages/airflow/example_dags/example_nested_branch_dag.py took 0.592 seconds
[2024-08-28T02:43:15.941+0000] {processor.py:161} INFO - Started process (PID=600) to work on /home/airflow/.local/lib/python3.12/site-packages/airflow/example_dags/example_nested_branch_dag.py
[2024-08-28T02:43:15.943+0000] {processor.py:830} INFO - Processing file /home/airflow/.local/lib/python3.12/site-packages/airflow/example_dags/example_nested_branch_dag.py for tasks to queue
[2024-08-28T02:43:15.948+0000] {logging_mixin.py:188} INFO - [2024-08-28T02:43:15.947+0000] {dagbag.py:545} INFO - Filling up the DagBag from /home/airflow/.local/lib/python3.12/site-packages/airflow/example_dags/example_nested_branch_dag.py
[2024-08-28T02:43:15.968+0000] {processor.py:840} INFO - DAG(s) 'example_nested_branch_dag' retrieved from /home/airflow/.local/lib/python3.12/site-packages/airflow/example_dags/example_nested_branch_dag.py
[2024-08-28T02:43:16.013+0000] {logging_mixin.py:188} INFO - [2024-08-28T02:43:16.013+0000] {dag.py:3089} INFO - Sync 1 DAGs
[2024-08-28T02:43:16.060+0000] {logging_mixin.py:188} INFO - [2024-08-28T02:43:16.059+0000] {dag.py:3947} INFO - Setting next_dagrun for example_nested_branch_dag to 2024-08-27 00:00:00+00:00, run_after=2024-08-28 00:00:00+00:00
[2024-08-28T02:43:16.141+0000] {processor.py:183} INFO - Processing /home/airflow/.local/lib/python3.12/site-packages/airflow/example_dags/example_nested_branch_dag.py took 0.211 seconds
[2024-08-28T02:43:46.301+0000] {processor.py:161} INFO - Started process (PID=657) to work on /home/airflow/.local/lib/python3.12/site-packages/airflow/example_dags/example_nested_branch_dag.py
[2024-08-28T02:43:46.303+0000] {processor.py:830} INFO - Processing file /home/airflow/.local/lib/python3.12/site-packages/airflow/example_dags/example_nested_branch_dag.py for tasks to queue
[2024-08-28T02:43:46.308+0000] {logging_mixin.py:188} INFO - [2024-08-28T02:43:46.308+0000] {dagbag.py:545} INFO - Filling up the DagBag from /home/airflow/.local/lib/python3.12/site-packages/airflow/example_dags/example_nested_branch_dag.py
[2024-08-28T02:43:46.333+0000] {processor.py:840} INFO - DAG(s) 'example_nested_branch_dag' retrieved from /home/airflow/.local/lib/python3.12/site-packages/airflow/example_dags/example_nested_branch_dag.py
[2024-08-28T02:43:46.437+0000] {logging_mixin.py:188} INFO - [2024-08-28T02:43:46.436+0000] {dag.py:3089} INFO - Sync 1 DAGs
[2024-08-28T02:43:46.532+0000] {logging_mixin.py:188} INFO - [2024-08-28T02:43:46.531+0000] {dag.py:3947} INFO - Setting next_dagrun for example_nested_branch_dag to 2024-08-27 00:00:00+00:00, run_after=2024-08-28 00:00:00+00:00
[2024-08-28T02:43:46.659+0000] {processor.py:183} INFO - Processing /home/airflow/.local/lib/python3.12/site-packages/airflow/example_dags/example_nested_branch_dag.py took 0.375 seconds
[2024-08-28T02:54:16.784+0000] {processor.py:161} INFO - Started process (PID=158) to work on /home/airflow/.local/lib/python3.12/site-packages/airflow/example_dags/example_nested_branch_dag.py
[2024-08-28T02:54:16.804+0000] {processor.py:830} INFO - Processing file /home/airflow/.local/lib/python3.12/site-packages/airflow/example_dags/example_nested_branch_dag.py for tasks to queue
[2024-08-28T02:54:16.809+0000] {logging_mixin.py:188} INFO - [2024-08-28T02:54:16.808+0000] {dagbag.py:545} INFO - Filling up the DagBag from /home/airflow/.local/lib/python3.12/site-packages/airflow/example_dags/example_nested_branch_dag.py
[2024-08-28T02:54:16.928+0000] {processor.py:840} INFO - DAG(s) 'example_nested_branch_dag' retrieved from /home/airflow/.local/lib/python3.12/site-packages/airflow/example_dags/example_nested_branch_dag.py
[2024-08-28T02:54:17.122+0000] {logging_mixin.py:188} INFO - [2024-08-28T02:54:17.122+0000] {dag.py:3089} INFO - Sync 1 DAGs
[2024-08-28T02:54:17.299+0000] {logging_mixin.py:188} INFO - [2024-08-28T02:54:17.299+0000] {dag.py:3947} INFO - Setting next_dagrun for example_nested_branch_dag to 2024-08-27 00:00:00+00:00, run_after=2024-08-28 00:00:00+00:00
[2024-08-28T02:54:17.554+0000] {processor.py:183} INFO - Processing /home/airflow/.local/lib/python3.12/site-packages/airflow/example_dags/example_nested_branch_dag.py took 0.822 seconds
[2024-08-28T02:54:49.415+0000] {processor.py:161} INFO - Started process (PID=215) to work on /home/airflow/.local/lib/python3.12/site-packages/airflow/example_dags/example_nested_branch_dag.py
[2024-08-28T02:54:49.423+0000] {processor.py:830} INFO - Processing file /home/airflow/.local/lib/python3.12/site-packages/airflow/example_dags/example_nested_branch_dag.py for tasks to queue
[2024-08-28T02:54:49.429+0000] {logging_mixin.py:188} INFO - [2024-08-28T02:54:49.428+0000] {dagbag.py:545} INFO - Filling up the DagBag from /home/airflow/.local/lib/python3.12/site-packages/airflow/example_dags/example_nested_branch_dag.py
[2024-08-28T02:54:49.462+0000] {processor.py:840} INFO - DAG(s) 'example_nested_branch_dag' retrieved from /home/airflow/.local/lib/python3.12/site-packages/airflow/example_dags/example_nested_branch_dag.py
[2024-08-28T02:54:49.529+0000] {logging_mixin.py:188} INFO - [2024-08-28T02:54:49.528+0000] {dag.py:3089} INFO - Sync 1 DAGs
[2024-08-28T02:54:49.661+0000] {logging_mixin.py:188} INFO - [2024-08-28T02:54:49.660+0000] {dag.py:3947} INFO - Setting next_dagrun for example_nested_branch_dag to 2024-08-27 00:00:00+00:00, run_after=2024-08-28 00:00:00+00:00
[2024-08-28T02:54:49.801+0000] {processor.py:183} INFO - Processing /home/airflow/.local/lib/python3.12/site-packages/airflow/example_dags/example_nested_branch_dag.py took 0.430 seconds
[2024-08-28T02:59:35.936+0000] {processor.py:161} INFO - Started process (PID=115) to work on /home/airflow/.local/lib/python3.12/site-packages/airflow/example_dags/example_nested_branch_dag.py
[2024-08-28T02:59:35.940+0000] {processor.py:830} INFO - Processing file /home/airflow/.local/lib/python3.12/site-packages/airflow/example_dags/example_nested_branch_dag.py for tasks to queue
[2024-08-28T02:59:35.983+0000] {logging_mixin.py:188} INFO - [2024-08-28T02:59:35.974+0000] {dagbag.py:545} INFO - Filling up the DagBag from /home/airflow/.local/lib/python3.12/site-packages/airflow/example_dags/example_nested_branch_dag.py
[2024-08-28T02:59:36.056+0000] {processor.py:840} INFO - DAG(s) 'example_nested_branch_dag' retrieved from /home/airflow/.local/lib/python3.12/site-packages/airflow/example_dags/example_nested_branch_dag.py
[2024-08-28T02:59:36.961+0000] {logging_mixin.py:188} INFO - [2024-08-28T02:59:36.960+0000] {dag.py:3089} INFO - Sync 1 DAGs
[2024-08-28T02:59:37.132+0000] {logging_mixin.py:188} INFO - [2024-08-28T02:59:37.131+0000] {dag.py:3947} INFO - Setting next_dagrun for example_nested_branch_dag to 2024-08-27 00:00:00+00:00, run_after=2024-08-28 00:00:00+00:00
[2024-08-28T02:59:37.289+0000] {processor.py:183} INFO - Processing /home/airflow/.local/lib/python3.12/site-packages/airflow/example_dags/example_nested_branch_dag.py took 1.410 seconds
