[2024-08-28T02:37:46.181+0000] {processor.py:161} INFO - Started process (PID=103) to work on /home/airflow/.local/lib/python3.12/site-packages/airflow/example_dags/example_display_name.py
[2024-08-28T02:37:46.191+0000] {processor.py:830} INFO - Processing file /home/airflow/.local/lib/python3.12/site-packages/airflow/example_dags/example_display_name.py for tasks to queue
[2024-08-28T02:37:46.195+0000] {logging_mixin.py:188} INFO - [2024-08-28T02:37:46.194+0000] {dagbag.py:545} INFO - Filling up the DagBag from /home/airflow/.local/lib/python3.12/site-packages/airflow/example_dags/example_display_name.py
[2024-08-28T02:37:46.214+0000] {processor.py:840} INFO - DAG(s) 'example_display_name' retrieved from /home/airflow/.local/lib/python3.12/site-packages/airflow/example_dags/example_display_name.py
[2024-08-28T02:37:46.516+0000] {logging_mixin.py:188} INFO - [2024-08-28T02:37:46.514+0000] {override.py:1858} INFO - Created Permission View: can edit on DAG:example_display_name
[2024-08-28T02:37:46.548+0000] {logging_mixin.py:188} INFO - [2024-08-28T02:37:46.547+0000] {override.py:1858} INFO - Created Permission View: can delete on DAG:example_display_name
[2024-08-28T02:37:46.596+0000] {logging_mixin.py:188} INFO - [2024-08-28T02:37:46.595+0000] {override.py:1858} INFO - Created Permission View: can read on DAG:example_display_name
[2024-08-28T02:37:46.597+0000] {logging_mixin.py:188} INFO - [2024-08-28T02:37:46.597+0000] {dag.py:3089} INFO - Sync 1 DAGs
[2024-08-28T02:37:46.631+0000] {logging_mixin.py:188} INFO - [2024-08-28T02:37:46.630+0000] {dag.py:3111} INFO - Creating ORM DAG for example_display_name
[2024-08-28T02:37:46.633+0000] {logging_mixin.py:188} INFO - [2024-08-28T02:37:46.632+0000] {dag.py:3947} INFO - Setting next_dagrun for example_display_name to None, run_after=None
[2024-08-28T02:37:46.689+0000] {processor.py:183} INFO - Processing /home/airflow/.local/lib/python3.12/site-packages/airflow/example_dags/example_display_name.py took 0.521 seconds
[2024-08-28T02:38:41.951+0000] {processor.py:161} INFO - Started process (PID=168) to work on /home/airflow/.local/lib/python3.12/site-packages/airflow/example_dags/example_display_name.py
[2024-08-28T02:38:41.953+0000] {processor.py:830} INFO - Processing file /home/airflow/.local/lib/python3.12/site-packages/airflow/example_dags/example_display_name.py for tasks to queue
[2024-08-28T02:38:41.959+0000] {logging_mixin.py:188} INFO - [2024-08-28T02:38:41.958+0000] {dagbag.py:545} INFO - Filling up the DagBag from /home/airflow/.local/lib/python3.12/site-packages/airflow/example_dags/example_display_name.py
[2024-08-28T02:38:41.975+0000] {processor.py:840} INFO - DAG(s) 'example_display_name' retrieved from /home/airflow/.local/lib/python3.12/site-packages/airflow/example_dags/example_display_name.py
[2024-08-28T02:38:42.011+0000] {logging_mixin.py:188} INFO - [2024-08-28T02:38:42.011+0000] {dag.py:3089} INFO - Sync 1 DAGs
[2024-08-28T02:38:42.037+0000] {logging_mixin.py:188} INFO - [2024-08-28T02:38:42.036+0000] {dag.py:3947} INFO - Setting next_dagrun for example_display_name to None, run_after=None
[2024-08-28T02:38:42.096+0000] {processor.py:183} INFO - Processing /home/airflow/.local/lib/python3.12/site-packages/airflow/example_dags/example_display_name.py took 0.156 seconds
[2024-08-28T02:39:13.472+0000] {processor.py:161} INFO - Started process (PID=223) to work on /home/airflow/.local/lib/python3.12/site-packages/airflow/example_dags/example_display_name.py
[2024-08-28T02:39:13.482+0000] {processor.py:830} INFO - Processing file /home/airflow/.local/lib/python3.12/site-packages/airflow/example_dags/example_display_name.py for tasks to queue
[2024-08-28T02:39:13.539+0000] {logging_mixin.py:188} INFO - [2024-08-28T02:39:13.538+0000] {dagbag.py:545} INFO - Filling up the DagBag from /home/airflow/.local/lib/python3.12/site-packages/airflow/example_dags/example_display_name.py
[2024-08-28T02:39:13.567+0000] {processor.py:840} INFO - DAG(s) 'example_display_name' retrieved from /home/airflow/.local/lib/python3.12/site-packages/airflow/example_dags/example_display_name.py
[2024-08-28T02:39:13.658+0000] {logging_mixin.py:188} INFO - [2024-08-28T02:39:13.657+0000] {dag.py:3089} INFO - Sync 1 DAGs
[2024-08-28T02:39:13.699+0000] {logging_mixin.py:188} INFO - [2024-08-28T02:39:13.698+0000] {dag.py:3947} INFO - Setting next_dagrun for example_display_name to None, run_after=None
[2024-08-28T02:39:13.761+0000] {processor.py:183} INFO - Processing /home/airflow/.local/lib/python3.12/site-packages/airflow/example_dags/example_display_name.py took 0.326 seconds
[2024-08-28T02:39:44.018+0000] {processor.py:161} INFO - Started process (PID=281) to work on /home/airflow/.local/lib/python3.12/site-packages/airflow/example_dags/example_display_name.py
[2024-08-28T02:39:44.021+0000] {processor.py:830} INFO - Processing file /home/airflow/.local/lib/python3.12/site-packages/airflow/example_dags/example_display_name.py for tasks to queue
[2024-08-28T02:39:44.025+0000] {logging_mixin.py:188} INFO - [2024-08-28T02:39:44.024+0000] {dagbag.py:545} INFO - Filling up the DagBag from /home/airflow/.local/lib/python3.12/site-packages/airflow/example_dags/example_display_name.py
[2024-08-28T02:39:44.037+0000] {processor.py:840} INFO - DAG(s) 'example_display_name' retrieved from /home/airflow/.local/lib/python3.12/site-packages/airflow/example_dags/example_display_name.py
[2024-08-28T02:39:44.109+0000] {logging_mixin.py:188} INFO - [2024-08-28T02:39:44.108+0000] {dag.py:3089} INFO - Sync 1 DAGs
[2024-08-28T02:39:44.229+0000] {logging_mixin.py:188} INFO - [2024-08-28T02:39:44.229+0000] {dag.py:3947} INFO - Setting next_dagrun for example_display_name to None, run_after=None
[2024-08-28T02:39:44.355+0000] {processor.py:183} INFO - Processing /home/airflow/.local/lib/python3.12/site-packages/airflow/example_dags/example_display_name.py took 0.354 seconds
[2024-08-28T02:40:22.139+0000] {processor.py:161} INFO - Started process (PID=340) to work on /home/airflow/.local/lib/python3.12/site-packages/airflow/example_dags/example_display_name.py
[2024-08-28T02:40:22.187+0000] {processor.py:830} INFO - Processing file /home/airflow/.local/lib/python3.12/site-packages/airflow/example_dags/example_display_name.py for tasks to queue
[2024-08-28T02:40:22.190+0000] {logging_mixin.py:188} INFO - [2024-08-28T02:40:22.190+0000] {dagbag.py:545} INFO - Filling up the DagBag from /home/airflow/.local/lib/python3.12/site-packages/airflow/example_dags/example_display_name.py
[2024-08-28T02:40:22.227+0000] {processor.py:840} INFO - DAG(s) 'example_display_name' retrieved from /home/airflow/.local/lib/python3.12/site-packages/airflow/example_dags/example_display_name.py
[2024-08-28T02:40:22.279+0000] {logging_mixin.py:188} INFO - [2024-08-28T02:40:22.278+0000] {dag.py:3089} INFO - Sync 1 DAGs
[2024-08-28T02:40:22.321+0000] {logging_mixin.py:188} INFO - [2024-08-28T02:40:22.321+0000] {dag.py:3947} INFO - Setting next_dagrun for example_display_name to None, run_after=None
[2024-08-28T02:40:22.617+0000] {processor.py:183} INFO - Processing /home/airflow/.local/lib/python3.12/site-packages/airflow/example_dags/example_display_name.py took 0.499 seconds
[2024-08-28T02:41:05.287+0000] {processor.py:161} INFO - Started process (PID=399) to work on /home/airflow/.local/lib/python3.12/site-packages/airflow/example_dags/example_display_name.py
[2024-08-28T02:41:05.310+0000] {processor.py:830} INFO - Processing file /home/airflow/.local/lib/python3.12/site-packages/airflow/example_dags/example_display_name.py for tasks to queue
[2024-08-28T02:41:05.353+0000] {logging_mixin.py:188} INFO - [2024-08-28T02:41:05.332+0000] {dagbag.py:545} INFO - Filling up the DagBag from /home/airflow/.local/lib/python3.12/site-packages/airflow/example_dags/example_display_name.py
[2024-08-28T02:41:05.535+0000] {processor.py:840} INFO - DAG(s) 'example_display_name' retrieved from /home/airflow/.local/lib/python3.12/site-packages/airflow/example_dags/example_display_name.py
[2024-08-28T02:41:07.133+0000] {logging_mixin.py:188} INFO - [2024-08-28T02:41:07.130+0000] {dag.py:3089} INFO - Sync 1 DAGs
[2024-08-28T02:41:07.834+0000] {logging_mixin.py:188} INFO - [2024-08-28T02:41:07.833+0000] {dag.py:3947} INFO - Setting next_dagrun for example_display_name to None, run_after=None
[2024-08-28T02:41:08.203+0000] {processor.py:183} INFO - Processing /home/airflow/.local/lib/python3.12/site-packages/airflow/example_dags/example_display_name.py took 3.102 seconds
[2024-08-28T02:42:03.999+0000] {processor.py:161} INFO - Started process (PID=458) to work on /home/airflow/.local/lib/python3.12/site-packages/airflow/example_dags/example_display_name.py
[2024-08-28T02:42:04.020+0000] {processor.py:830} INFO - Processing file /home/airflow/.local/lib/python3.12/site-packages/airflow/example_dags/example_display_name.py for tasks to queue
[2024-08-28T02:42:04.025+0000] {logging_mixin.py:188} INFO - [2024-08-28T02:42:04.025+0000] {dagbag.py:545} INFO - Filling up the DagBag from /home/airflow/.local/lib/python3.12/site-packages/airflow/example_dags/example_display_name.py
[2024-08-28T02:42:04.053+0000] {processor.py:840} INFO - DAG(s) 'example_display_name' retrieved from /home/airflow/.local/lib/python3.12/site-packages/airflow/example_dags/example_display_name.py
[2024-08-28T02:42:04.137+0000] {logging_mixin.py:188} INFO - [2024-08-28T02:42:04.137+0000] {dag.py:3089} INFO - Sync 1 DAGs
[2024-08-28T02:42:04.222+0000] {logging_mixin.py:188} INFO - [2024-08-28T02:42:04.222+0000] {dag.py:3947} INFO - Setting next_dagrun for example_display_name to None, run_after=None
[2024-08-28T02:42:04.336+0000] {processor.py:183} INFO - Processing /home/airflow/.local/lib/python3.12/site-packages/airflow/example_dags/example_display_name.py took 0.366 seconds
[2024-08-28T02:42:34.904+0000] {processor.py:161} INFO - Started process (PID=516) to work on /home/airflow/.local/lib/python3.12/site-packages/airflow/example_dags/example_display_name.py
[2024-08-28T02:42:34.906+0000] {processor.py:830} INFO - Processing file /home/airflow/.local/lib/python3.12/site-packages/airflow/example_dags/example_display_name.py for tasks to queue
[2024-08-28T02:42:34.912+0000] {logging_mixin.py:188} INFO - [2024-08-28T02:42:34.912+0000] {dagbag.py:545} INFO - Filling up the DagBag from /home/airflow/.local/lib/python3.12/site-packages/airflow/example_dags/example_display_name.py
[2024-08-28T02:42:34.922+0000] {processor.py:840} INFO - DAG(s) 'example_display_name' retrieved from /home/airflow/.local/lib/python3.12/site-packages/airflow/example_dags/example_display_name.py
[2024-08-28T02:42:34.966+0000] {logging_mixin.py:188} INFO - [2024-08-28T02:42:34.966+0000] {dag.py:3089} INFO - Sync 1 DAGs
[2024-08-28T02:42:34.996+0000] {logging_mixin.py:188} INFO - [2024-08-28T02:42:34.996+0000] {dag.py:3947} INFO - Setting next_dagrun for example_display_name to None, run_after=None
[2024-08-28T02:42:35.044+0000] {processor.py:183} INFO - Processing /home/airflow/.local/lib/python3.12/site-packages/airflow/example_dags/example_display_name.py took 0.152 seconds
[2024-08-28T02:43:05.593+0000] {processor.py:161} INFO - Started process (PID=574) to work on /home/airflow/.local/lib/python3.12/site-packages/airflow/example_dags/example_display_name.py
[2024-08-28T02:43:05.595+0000] {processor.py:830} INFO - Processing file /home/airflow/.local/lib/python3.12/site-packages/airflow/example_dags/example_display_name.py for tasks to queue
[2024-08-28T02:43:05.599+0000] {logging_mixin.py:188} INFO - [2024-08-28T02:43:05.598+0000] {dagbag.py:545} INFO - Filling up the DagBag from /home/airflow/.local/lib/python3.12/site-packages/airflow/example_dags/example_display_name.py
[2024-08-28T02:43:05.607+0000] {processor.py:840} INFO - DAG(s) 'example_display_name' retrieved from /home/airflow/.local/lib/python3.12/site-packages/airflow/example_dags/example_display_name.py
[2024-08-28T02:43:05.640+0000] {logging_mixin.py:188} INFO - [2024-08-28T02:43:05.640+0000] {dag.py:3089} INFO - Sync 1 DAGs
[2024-08-28T02:43:05.660+0000] {logging_mixin.py:188} INFO - [2024-08-28T02:43:05.660+0000] {dag.py:3947} INFO - Setting next_dagrun for example_display_name to None, run_after=None
[2024-08-28T02:43:05.696+0000] {processor.py:183} INFO - Processing /home/airflow/.local/lib/python3.12/site-packages/airflow/example_dags/example_display_name.py took 0.113 seconds
[2024-08-28T02:43:36.639+0000] {processor.py:161} INFO - Started process (PID=632) to work on /home/airflow/.local/lib/python3.12/site-packages/airflow/example_dags/example_display_name.py
[2024-08-28T02:43:36.642+0000] {processor.py:830} INFO - Processing file /home/airflow/.local/lib/python3.12/site-packages/airflow/example_dags/example_display_name.py for tasks to queue
[2024-08-28T02:43:36.646+0000] {logging_mixin.py:188} INFO - [2024-08-28T02:43:36.645+0000] {dagbag.py:545} INFO - Filling up the DagBag from /home/airflow/.local/lib/python3.12/site-packages/airflow/example_dags/example_display_name.py
[2024-08-28T02:43:36.660+0000] {processor.py:840} INFO - DAG(s) 'example_display_name' retrieved from /home/airflow/.local/lib/python3.12/site-packages/airflow/example_dags/example_display_name.py
[2024-08-28T02:43:36.707+0000] {logging_mixin.py:188} INFO - [2024-08-28T02:43:36.706+0000] {dag.py:3089} INFO - Sync 1 DAGs
[2024-08-28T02:43:36.742+0000] {logging_mixin.py:188} INFO - [2024-08-28T02:43:36.741+0000] {dag.py:3947} INFO - Setting next_dagrun for example_display_name to None, run_after=None
[2024-08-28T02:43:36.883+0000] {processor.py:183} INFO - Processing /home/airflow/.local/lib/python3.12/site-packages/airflow/example_dags/example_display_name.py took 0.256 seconds
[2024-08-28T02:44:09.068+0000] {processor.py:161} INFO - Started process (PID=694) to work on /home/airflow/.local/lib/python3.12/site-packages/airflow/example_dags/example_display_name.py
[2024-08-28T02:44:09.088+0000] {processor.py:830} INFO - Processing file /home/airflow/.local/lib/python3.12/site-packages/airflow/example_dags/example_display_name.py for tasks to queue
[2024-08-28T02:44:09.099+0000] {logging_mixin.py:188} INFO - [2024-08-28T02:44:09.097+0000] {dagbag.py:545} INFO - Filling up the DagBag from /home/airflow/.local/lib/python3.12/site-packages/airflow/example_dags/example_display_name.py
[2024-08-28T02:44:09.150+0000] {processor.py:840} INFO - DAG(s) 'example_display_name' retrieved from /home/airflow/.local/lib/python3.12/site-packages/airflow/example_dags/example_display_name.py
[2024-08-28T02:44:09.253+0000] {logging_mixin.py:188} INFO - [2024-08-28T02:44:09.252+0000] {dag.py:3089} INFO - Sync 1 DAGs
[2024-08-28T02:44:09.311+0000] {logging_mixin.py:188} INFO - [2024-08-28T02:44:09.308+0000] {dag.py:3947} INFO - Setting next_dagrun for example_display_name to None, run_after=None
[2024-08-28T02:44:09.404+0000] {processor.py:183} INFO - Processing /home/airflow/.local/lib/python3.12/site-packages/airflow/example_dags/example_display_name.py took 0.374 seconds
[2024-08-28T02:53:51.115+0000] {processor.py:161} INFO - Started process (PID=133) to work on /home/airflow/.local/lib/python3.12/site-packages/airflow/example_dags/example_display_name.py
[2024-08-28T02:53:51.121+0000] {processor.py:830} INFO - Processing file /home/airflow/.local/lib/python3.12/site-packages/airflow/example_dags/example_display_name.py for tasks to queue
[2024-08-28T02:53:51.131+0000] {logging_mixin.py:188} INFO - [2024-08-28T02:53:51.129+0000] {dagbag.py:545} INFO - Filling up the DagBag from /home/airflow/.local/lib/python3.12/site-packages/airflow/example_dags/example_display_name.py
[2024-08-28T02:53:51.179+0000] {processor.py:840} INFO - DAG(s) 'example_display_name' retrieved from /home/airflow/.local/lib/python3.12/site-packages/airflow/example_dags/example_display_name.py
[2024-08-28T02:53:51.653+0000] {logging_mixin.py:188} INFO - [2024-08-28T02:53:51.653+0000] {dag.py:3089} INFO - Sync 1 DAGs
[2024-08-28T02:53:51.883+0000] {logging_mixin.py:188} INFO - [2024-08-28T02:53:51.882+0000] {dag.py:3947} INFO - Setting next_dagrun for example_display_name to None, run_after=None
[2024-08-28T02:53:52.241+0000] {processor.py:183} INFO - Processing /home/airflow/.local/lib/python3.12/site-packages/airflow/example_dags/example_display_name.py took 1.175 seconds
[2024-08-28T02:54:39.174+0000] {processor.py:161} INFO - Started process (PID=196) to work on /home/airflow/.local/lib/python3.12/site-packages/airflow/example_dags/example_display_name.py
[2024-08-28T02:54:39.180+0000] {processor.py:830} INFO - Processing file /home/airflow/.local/lib/python3.12/site-packages/airflow/example_dags/example_display_name.py for tasks to queue
[2024-08-28T02:54:39.203+0000] {logging_mixin.py:188} INFO - [2024-08-28T02:54:39.202+0000] {dagbag.py:545} INFO - Filling up the DagBag from /home/airflow/.local/lib/python3.12/site-packages/airflow/example_dags/example_display_name.py
[2024-08-28T02:54:39.222+0000] {processor.py:840} INFO - DAG(s) 'example_display_name' retrieved from /home/airflow/.local/lib/python3.12/site-packages/airflow/example_dags/example_display_name.py
[2024-08-28T02:54:39.328+0000] {logging_mixin.py:188} INFO - [2024-08-28T02:54:39.327+0000] {dag.py:3089} INFO - Sync 1 DAGs
[2024-08-28T02:54:39.432+0000] {logging_mixin.py:188} INFO - [2024-08-28T02:54:39.431+0000] {dag.py:3947} INFO - Setting next_dagrun for example_display_name to None, run_after=None
[2024-08-28T02:54:39.575+0000] {processor.py:183} INFO - Processing /home/airflow/.local/lib/python3.12/site-packages/airflow/example_dags/example_display_name.py took 0.421 seconds
[2024-08-28T02:59:25.175+0000] {processor.py:161} INFO - Started process (PID=97) to work on /home/airflow/.local/lib/python3.12/site-packages/airflow/example_dags/example_display_name.py
[2024-08-28T02:59:25.179+0000] {processor.py:830} INFO - Processing file /home/airflow/.local/lib/python3.12/site-packages/airflow/example_dags/example_display_name.py for tasks to queue
[2024-08-28T02:59:25.183+0000] {logging_mixin.py:188} INFO - [2024-08-28T02:59:25.183+0000] {dagbag.py:545} INFO - Filling up the DagBag from /home/airflow/.local/lib/python3.12/site-packages/airflow/example_dags/example_display_name.py
[2024-08-28T02:59:25.199+0000] {processor.py:840} INFO - DAG(s) 'example_display_name' retrieved from /home/airflow/.local/lib/python3.12/site-packages/airflow/example_dags/example_display_name.py
[2024-08-28T02:59:25.552+0000] {logging_mixin.py:188} INFO - [2024-08-28T02:59:25.551+0000] {dag.py:3089} INFO - Sync 1 DAGs
[2024-08-28T02:59:25.586+0000] {logging_mixin.py:188} INFO - [2024-08-28T02:59:25.585+0000] {dag.py:3947} INFO - Setting next_dagrun for example_display_name to None, run_after=None
[2024-08-28T02:59:25.656+0000] {processor.py:183} INFO - Processing /home/airflow/.local/lib/python3.12/site-packages/airflow/example_dags/example_display_name.py took 0.505 seconds
[2024-08-28T03:58:55.069+0000] {processor.py:161} INFO - Started process (PID=133) to work on /home/airflow/.local/lib/python3.12/site-packages/airflow/example_dags/example_display_name.py
[2024-08-28T03:58:55.401+0000] {processor.py:830} INFO - Processing file /home/airflow/.local/lib/python3.12/site-packages/airflow/example_dags/example_display_name.py for tasks to queue
[2024-08-28T03:58:55.567+0000] {logging_mixin.py:188} INFO - [2024-08-28T03:58:55.566+0000] {dagbag.py:545} INFO - Filling up the DagBag from /home/airflow/.local/lib/python3.12/site-packages/airflow/example_dags/example_display_name.py
[2024-08-28T03:58:56.037+0000] {processor.py:840} INFO - DAG(s) 'example_display_name' retrieved from /home/airflow/.local/lib/python3.12/site-packages/airflow/example_dags/example_display_name.py
[2024-08-28T03:58:59.055+0000] {logging_mixin.py:188} INFO - [2024-08-28T03:58:59.054+0000] {dag.py:3089} INFO - Sync 1 DAGs
[2024-08-28T03:58:59.489+0000] {logging_mixin.py:188} INFO - [2024-08-28T03:58:59.488+0000] {dag.py:3947} INFO - Setting next_dagrun for example_display_name to None, run_after=None
[2024-08-28T03:59:00.282+0000] {processor.py:183} INFO - Processing /home/airflow/.local/lib/python3.12/site-packages/airflow/example_dags/example_display_name.py took 5.344 seconds
[2024-08-28T04:05:42.103+0000] {processor.py:161} INFO - Started process (PID=242) to work on /home/airflow/.local/lib/python3.12/site-packages/airflow/example_dags/example_display_name.py
[2024-08-28T04:05:42.107+0000] {processor.py:830} INFO - Processing file /home/airflow/.local/lib/python3.12/site-packages/airflow/example_dags/example_display_name.py for tasks to queue
[2024-08-28T04:05:42.119+0000] {logging_mixin.py:188} INFO - [2024-08-28T04:05:42.118+0000] {dagbag.py:545} INFO - Filling up the DagBag from /home/airflow/.local/lib/python3.12/site-packages/airflow/example_dags/example_display_name.py
[2024-08-28T04:05:42.207+0000] {processor.py:840} INFO - DAG(s) 'example_display_name' retrieved from /home/airflow/.local/lib/python3.12/site-packages/airflow/example_dags/example_display_name.py
[2024-08-28T04:05:42.403+0000] {logging_mixin.py:188} INFO - [2024-08-28T04:05:42.398+0000] {dag.py:3089} INFO - Sync 1 DAGs
[2024-08-28T04:05:42.480+0000] {logging_mixin.py:188} INFO - [2024-08-28T04:05:42.479+0000] {dag.py:3947} INFO - Setting next_dagrun for example_display_name to None, run_after=None
[2024-08-28T04:05:42.627+0000] {processor.py:183} INFO - Processing /home/airflow/.local/lib/python3.12/site-packages/airflow/example_dags/example_display_name.py took 0.569 seconds
[2024-08-28T04:06:14.886+0000] {processor.py:161} INFO - Started process (PID=299) to work on /home/airflow/.local/lib/python3.12/site-packages/airflow/example_dags/example_display_name.py
[2024-08-28T04:06:14.895+0000] {processor.py:830} INFO - Processing file /home/airflow/.local/lib/python3.12/site-packages/airflow/example_dags/example_display_name.py for tasks to queue
[2024-08-28T04:06:14.899+0000] {logging_mixin.py:188} INFO - [2024-08-28T04:06:14.897+0000] {dagbag.py:545} INFO - Filling up the DagBag from /home/airflow/.local/lib/python3.12/site-packages/airflow/example_dags/example_display_name.py
[2024-08-28T04:06:14.927+0000] {processor.py:840} INFO - DAG(s) 'example_display_name' retrieved from /home/airflow/.local/lib/python3.12/site-packages/airflow/example_dags/example_display_name.py
[2024-08-28T04:06:15.134+0000] {logging_mixin.py:188} INFO - [2024-08-28T04:06:15.133+0000] {dag.py:3089} INFO - Sync 1 DAGs
[2024-08-28T04:06:15.303+0000] {logging_mixin.py:188} INFO - [2024-08-28T04:06:15.302+0000] {dag.py:3947} INFO - Setting next_dagrun for example_display_name to None, run_after=None
[2024-08-28T04:06:15.471+0000] {processor.py:183} INFO - Processing /home/airflow/.local/lib/python3.12/site-packages/airflow/example_dags/example_display_name.py took 0.614 seconds
[2024-08-28T04:07:18.650+0000] {processor.py:161} INFO - Started process (PID=365) to work on /home/airflow/.local/lib/python3.12/site-packages/airflow/example_dags/example_display_name.py
[2024-08-28T04:07:18.994+0000] {processor.py:830} INFO - Processing file /home/airflow/.local/lib/python3.12/site-packages/airflow/example_dags/example_display_name.py for tasks to queue
[2024-08-28T04:07:19.236+0000] {logging_mixin.py:188} INFO - [2024-08-28T04:07:19.236+0000] {dagbag.py:545} INFO - Filling up the DagBag from /home/airflow/.local/lib/python3.12/site-packages/airflow/example_dags/example_display_name.py
[2024-08-28T04:07:19.450+0000] {processor.py:840} INFO - DAG(s) 'example_display_name' retrieved from /home/airflow/.local/lib/python3.12/site-packages/airflow/example_dags/example_display_name.py
[2024-08-28T04:07:20.056+0000] {logging_mixin.py:188} INFO - [2024-08-28T04:07:20.055+0000] {dag.py:3089} INFO - Sync 1 DAGs
[2024-08-28T04:07:20.223+0000] {logging_mixin.py:188} INFO - [2024-08-28T04:07:20.222+0000] {dag.py:3947} INFO - Setting next_dagrun for example_display_name to None, run_after=None
[2024-08-28T04:07:21.145+0000] {processor.py:183} INFO - Processing /home/airflow/.local/lib/python3.12/site-packages/airflow/example_dags/example_display_name.py took 2.614 seconds
[2024-08-28T04:09:16.071+0000] {processor.py:161} INFO - Started process (PID=432) to work on /home/airflow/.local/lib/python3.12/site-packages/airflow/example_dags/example_display_name.py
[2024-08-28T04:09:16.354+0000] {processor.py:830} INFO - Processing file /home/airflow/.local/lib/python3.12/site-packages/airflow/example_dags/example_display_name.py for tasks to queue
[2024-08-28T04:09:16.412+0000] {logging_mixin.py:188} INFO - [2024-08-28T04:09:16.411+0000] {dagbag.py:545} INFO - Filling up the DagBag from /home/airflow/.local/lib/python3.12/site-packages/airflow/example_dags/example_display_name.py
[2024-08-28T04:09:16.690+0000] {processor.py:840} INFO - DAG(s) 'example_display_name' retrieved from /home/airflow/.local/lib/python3.12/site-packages/airflow/example_dags/example_display_name.py
[2024-08-28T04:09:17.241+0000] {logging_mixin.py:188} INFO - [2024-08-28T04:09:17.239+0000] {dag.py:3089} INFO - Sync 1 DAGs
[2024-08-28T04:09:17.858+0000] {logging_mixin.py:188} INFO - [2024-08-28T04:09:17.837+0000] {dag.py:3947} INFO - Setting next_dagrun for example_display_name to None, run_after=None
[2024-08-28T04:09:18.709+0000] {processor.py:183} INFO - Processing /home/airflow/.local/lib/python3.12/site-packages/airflow/example_dags/example_display_name.py took 2.973 seconds
[2024-08-28T04:11:18.574+0000] {processor.py:161} INFO - Started process (PID=479) to work on /home/airflow/.local/lib/python3.12/site-packages/airflow/example_dags/example_display_name.py
[2024-08-28T04:11:18.598+0000] {processor.py:830} INFO - Processing file /home/airflow/.local/lib/python3.12/site-packages/airflow/example_dags/example_display_name.py for tasks to queue
[2024-08-28T04:11:18.614+0000] {logging_mixin.py:188} INFO - [2024-08-28T04:11:18.613+0000] {dagbag.py:545} INFO - Filling up the DagBag from /home/airflow/.local/lib/python3.12/site-packages/airflow/example_dags/example_display_name.py
[2024-08-28T04:11:18.737+0000] {processor.py:840} INFO - DAG(s) 'example_display_name' retrieved from /home/airflow/.local/lib/python3.12/site-packages/airflow/example_dags/example_display_name.py
[2024-08-28T04:11:19.163+0000] {logging_mixin.py:188} INFO - [2024-08-28T04:11:19.163+0000] {dag.py:3089} INFO - Sync 1 DAGs
[2024-08-28T04:11:19.491+0000] {logging_mixin.py:188} INFO - [2024-08-28T04:11:19.491+0000] {dag.py:3947} INFO - Setting next_dagrun for example_display_name to None, run_after=None
[2024-08-28T04:11:20.417+0000] {processor.py:183} INFO - Processing /home/airflow/.local/lib/python3.12/site-packages/airflow/example_dags/example_display_name.py took 1.923 seconds
[2024-08-28T04:13:34.730+0000] {processor.py:161} INFO - Started process (PID=547) to work on /home/airflow/.local/lib/python3.12/site-packages/airflow/example_dags/example_display_name.py
[2024-08-28T04:13:34.805+0000] {processor.py:830} INFO - Processing file /home/airflow/.local/lib/python3.12/site-packages/airflow/example_dags/example_display_name.py for tasks to queue
[2024-08-28T04:13:34.809+0000] {logging_mixin.py:188} INFO - [2024-08-28T04:13:34.808+0000] {dagbag.py:545} INFO - Filling up the DagBag from /home/airflow/.local/lib/python3.12/site-packages/airflow/example_dags/example_display_name.py
[2024-08-28T04:13:34.968+0000] {processor.py:840} INFO - DAG(s) 'example_display_name' retrieved from /home/airflow/.local/lib/python3.12/site-packages/airflow/example_dags/example_display_name.py
[2024-08-28T04:13:35.387+0000] {logging_mixin.py:188} INFO - [2024-08-28T04:13:35.342+0000] {dag.py:3089} INFO - Sync 1 DAGs
[2024-08-28T04:13:36.173+0000] {logging_mixin.py:188} INFO - [2024-08-28T04:13:36.173+0000] {dag.py:3947} INFO - Setting next_dagrun for example_display_name to None, run_after=None
[2024-08-28T04:13:37.165+0000] {processor.py:183} INFO - Processing /home/airflow/.local/lib/python3.12/site-packages/airflow/example_dags/example_display_name.py took 2.532 seconds
[2024-08-28T04:15:08.875+0000] {processor.py:161} INFO - Started process (PID=601) to work on /home/airflow/.local/lib/python3.12/site-packages/airflow/example_dags/example_display_name.py
[2024-08-28T04:15:08.890+0000] {processor.py:830} INFO - Processing file /home/airflow/.local/lib/python3.12/site-packages/airflow/example_dags/example_display_name.py for tasks to queue
[2024-08-28T04:15:08.908+0000] {logging_mixin.py:188} INFO - [2024-08-28T04:15:08.907+0000] {dagbag.py:545} INFO - Filling up the DagBag from /home/airflow/.local/lib/python3.12/site-packages/airflow/example_dags/example_display_name.py
[2024-08-28T04:15:09.104+0000] {processor.py:840} INFO - DAG(s) 'example_display_name' retrieved from /home/airflow/.local/lib/python3.12/site-packages/airflow/example_dags/example_display_name.py
[2024-08-28T04:15:11.072+0000] {logging_mixin.py:188} INFO - [2024-08-28T04:15:11.025+0000] {dag.py:3089} INFO - Sync 1 DAGs
[2024-08-28T04:15:12.673+0000] {logging_mixin.py:188} INFO - [2024-08-28T04:15:12.673+0000] {dag.py:3947} INFO - Setting next_dagrun for example_display_name to None, run_after=None
[2024-08-28T04:15:13.661+0000] {processor.py:183} INFO - Processing /home/airflow/.local/lib/python3.12/site-packages/airflow/example_dags/example_display_name.py took 5.332 seconds
[2024-08-28T04:16:57.743+0000] {processor.py:161} INFO - Started process (PID=667) to work on /home/airflow/.local/lib/python3.12/site-packages/airflow/example_dags/example_display_name.py
[2024-08-28T04:16:58.115+0000] {processor.py:830} INFO - Processing file /home/airflow/.local/lib/python3.12/site-packages/airflow/example_dags/example_display_name.py for tasks to queue
[2024-08-28T04:16:59.064+0000] {logging_mixin.py:188} INFO - [2024-08-28T04:16:59.063+0000] {dagbag.py:545} INFO - Filling up the DagBag from /home/airflow/.local/lib/python3.12/site-packages/airflow/example_dags/example_display_name.py
[2024-08-28T04:16:59.442+0000] {processor.py:840} INFO - DAG(s) 'example_display_name' retrieved from /home/airflow/.local/lib/python3.12/site-packages/airflow/example_dags/example_display_name.py
[2024-08-28T04:17:03.312+0000] {logging_mixin.py:188} INFO - [2024-08-28T04:17:03.311+0000] {dag.py:3089} INFO - Sync 1 DAGs
[2024-08-28T04:17:03.588+0000] {logging_mixin.py:188} INFO - [2024-08-28T04:17:03.588+0000] {dag.py:3947} INFO - Setting next_dagrun for example_display_name to None, run_after=None
[2024-08-28T04:17:04.594+0000] {processor.py:183} INFO - Processing /home/airflow/.local/lib/python3.12/site-packages/airflow/example_dags/example_display_name.py took 7.054 seconds
