[2024-08-28T02:37:44.123+0000] {processor.py:161} INFO - Started process (PID=98) to work on /home/airflow/.local/lib/python3.12/site-packages/airflow/example_dags/example_bash_decorator.py
[2024-08-28T02:37:44.131+0000] {processor.py:830} INFO - Processing file /home/airflow/.local/lib/python3.12/site-packages/airflow/example_dags/example_bash_decorator.py for tasks to queue
[2024-08-28T02:37:44.135+0000] {logging_mixin.py:188} INFO - [2024-08-28T02:37:44.134+0000] {dagbag.py:545} INFO - Filling up the DagBag from /home/airflow/.local/lib/python3.12/site-packages/airflow/example_dags/example_bash_decorator.py
[2024-08-28T02:37:44.209+0000] {processor.py:840} INFO - DAG(s) 'example_bash_decorator' retrieved from /home/airflow/.local/lib/python3.12/site-packages/airflow/example_dags/example_bash_decorator.py
[2024-08-28T02:37:44.573+0000] {logging_mixin.py:188} INFO - [2024-08-28T02:37:44.572+0000] {override.py:1858} INFO - Created Permission View: can edit on DAG:example_bash_decorator
[2024-08-28T02:37:44.606+0000] {logging_mixin.py:188} INFO - [2024-08-28T02:37:44.606+0000] {override.py:1858} INFO - Created Permission View: can delete on DAG:example_bash_decorator
[2024-08-28T02:37:44.629+0000] {logging_mixin.py:188} INFO - [2024-08-28T02:37:44.628+0000] {override.py:1858} INFO - Created Permission View: can read on DAG:example_bash_decorator
[2024-08-28T02:37:44.630+0000] {logging_mixin.py:188} INFO - [2024-08-28T02:37:44.630+0000] {dag.py:3089} INFO - Sync 1 DAGs
[2024-08-28T02:37:44.662+0000] {logging_mixin.py:188} INFO - [2024-08-28T02:37:44.661+0000] {dag.py:3111} INFO - Creating ORM DAG for example_bash_decorator
[2024-08-28T02:37:44.664+0000] {logging_mixin.py:188} INFO - [2024-08-28T02:37:44.663+0000] {dag.py:3947} INFO - Setting next_dagrun for example_bash_decorator to None, run_after=None
[2024-08-28T02:37:44.695+0000] {processor.py:183} INFO - Processing /home/airflow/.local/lib/python3.12/site-packages/airflow/example_dags/example_bash_decorator.py took 0.595 seconds
[2024-08-28T02:38:40.216+0000] {processor.py:161} INFO - Started process (PID=163) to work on /home/airflow/.local/lib/python3.12/site-packages/airflow/example_dags/example_bash_decorator.py
[2024-08-28T02:38:40.220+0000] {processor.py:830} INFO - Processing file /home/airflow/.local/lib/python3.12/site-packages/airflow/example_dags/example_bash_decorator.py for tasks to queue
[2024-08-28T02:38:40.233+0000] {logging_mixin.py:188} INFO - [2024-08-28T02:38:40.232+0000] {dagbag.py:545} INFO - Filling up the DagBag from /home/airflow/.local/lib/python3.12/site-packages/airflow/example_dags/example_bash_decorator.py
[2024-08-28T02:38:40.272+0000] {processor.py:840} INFO - DAG(s) 'example_bash_decorator' retrieved from /home/airflow/.local/lib/python3.12/site-packages/airflow/example_dags/example_bash_decorator.py
[2024-08-28T02:38:40.336+0000] {logging_mixin.py:188} INFO - [2024-08-28T02:38:40.336+0000] {dag.py:3089} INFO - Sync 1 DAGs
[2024-08-28T02:38:40.369+0000] {logging_mixin.py:188} INFO - [2024-08-28T02:38:40.369+0000] {dag.py:3947} INFO - Setting next_dagrun for example_bash_decorator to None, run_after=None
[2024-08-28T02:38:40.452+0000] {processor.py:183} INFO - Processing /home/airflow/.local/lib/python3.12/site-packages/airflow/example_dags/example_bash_decorator.py took 0.255 seconds
[2024-08-28T02:39:10.901+0000] {processor.py:161} INFO - Started process (PID=219) to work on /home/airflow/.local/lib/python3.12/site-packages/airflow/example_dags/example_bash_decorator.py
[2024-08-28T02:39:10.903+0000] {processor.py:830} INFO - Processing file /home/airflow/.local/lib/python3.12/site-packages/airflow/example_dags/example_bash_decorator.py for tasks to queue
[2024-08-28T02:39:10.907+0000] {logging_mixin.py:188} INFO - [2024-08-28T02:39:10.906+0000] {dagbag.py:545} INFO - Filling up the DagBag from /home/airflow/.local/lib/python3.12/site-packages/airflow/example_dags/example_bash_decorator.py
[2024-08-28T02:39:10.933+0000] {processor.py:840} INFO - DAG(s) 'example_bash_decorator' retrieved from /home/airflow/.local/lib/python3.12/site-packages/airflow/example_dags/example_bash_decorator.py
[2024-08-28T02:39:11.001+0000] {logging_mixin.py:188} INFO - [2024-08-28T02:39:11.000+0000] {dag.py:3089} INFO - Sync 1 DAGs
[2024-08-28T02:39:11.035+0000] {logging_mixin.py:188} INFO - [2024-08-28T02:39:11.035+0000] {dag.py:3947} INFO - Setting next_dagrun for example_bash_decorator to None, run_after=None
[2024-08-28T02:39:11.101+0000] {processor.py:183} INFO - Processing /home/airflow/.local/lib/python3.12/site-packages/airflow/example_dags/example_bash_decorator.py took 0.215 seconds
[2024-08-28T02:39:43.374+0000] {processor.py:161} INFO - Started process (PID=277) to work on /home/airflow/.local/lib/python3.12/site-packages/airflow/example_dags/example_bash_decorator.py
[2024-08-28T02:39:43.379+0000] {processor.py:830} INFO - Processing file /home/airflow/.local/lib/python3.12/site-packages/airflow/example_dags/example_bash_decorator.py for tasks to queue
[2024-08-28T02:39:43.383+0000] {logging_mixin.py:188} INFO - [2024-08-28T02:39:43.382+0000] {dagbag.py:545} INFO - Filling up the DagBag from /home/airflow/.local/lib/python3.12/site-packages/airflow/example_dags/example_bash_decorator.py
[2024-08-28T02:39:43.418+0000] {processor.py:840} INFO - DAG(s) 'example_bash_decorator' retrieved from /home/airflow/.local/lib/python3.12/site-packages/airflow/example_dags/example_bash_decorator.py
[2024-08-28T02:39:43.494+0000] {logging_mixin.py:188} INFO - [2024-08-28T02:39:43.493+0000] {dag.py:3089} INFO - Sync 1 DAGs
[2024-08-28T02:39:43.529+0000] {logging_mixin.py:188} INFO - [2024-08-28T02:39:43.528+0000] {dag.py:3947} INFO - Setting next_dagrun for example_bash_decorator to None, run_after=None
[2024-08-28T02:39:43.589+0000] {processor.py:183} INFO - Processing /home/airflow/.local/lib/python3.12/site-packages/airflow/example_dags/example_bash_decorator.py took 0.228 seconds
[2024-08-28T02:40:18.605+0000] {processor.py:161} INFO - Started process (PID=335) to work on /home/airflow/.local/lib/python3.12/site-packages/airflow/example_dags/example_bash_decorator.py
[2024-08-28T02:40:18.632+0000] {processor.py:830} INFO - Processing file /home/airflow/.local/lib/python3.12/site-packages/airflow/example_dags/example_bash_decorator.py for tasks to queue
[2024-08-28T02:40:18.657+0000] {logging_mixin.py:188} INFO - [2024-08-28T02:40:18.654+0000] {dagbag.py:545} INFO - Filling up the DagBag from /home/airflow/.local/lib/python3.12/site-packages/airflow/example_dags/example_bash_decorator.py
[2024-08-28T02:40:18.970+0000] {processor.py:840} INFO - DAG(s) 'example_bash_decorator' retrieved from /home/airflow/.local/lib/python3.12/site-packages/airflow/example_dags/example_bash_decorator.py
[2024-08-28T02:40:19.197+0000] {logging_mixin.py:188} INFO - [2024-08-28T02:40:19.196+0000] {dag.py:3089} INFO - Sync 1 DAGs
[2024-08-28T02:40:19.481+0000] {logging_mixin.py:188} INFO - [2024-08-28T02:40:19.480+0000] {dag.py:3947} INFO - Setting next_dagrun for example_bash_decorator to None, run_after=None
[2024-08-28T02:40:19.977+0000] {processor.py:183} INFO - Processing /home/airflow/.local/lib/python3.12/site-packages/airflow/example_dags/example_bash_decorator.py took 1.459 seconds
[2024-08-28T02:40:52.675+0000] {processor.py:161} INFO - Started process (PID=392) to work on /home/airflow/.local/lib/python3.12/site-packages/airflow/example_dags/example_bash_decorator.py
[2024-08-28T02:40:52.728+0000] {processor.py:830} INFO - Processing file /home/airflow/.local/lib/python3.12/site-packages/airflow/example_dags/example_bash_decorator.py for tasks to queue
[2024-08-28T02:40:52.780+0000] {logging_mixin.py:188} INFO - [2024-08-28T02:40:52.778+0000] {dagbag.py:545} INFO - Filling up the DagBag from /home/airflow/.local/lib/python3.12/site-packages/airflow/example_dags/example_bash_decorator.py
[2024-08-28T02:40:52.997+0000] {processor.py:840} INFO - DAG(s) 'example_bash_decorator' retrieved from /home/airflow/.local/lib/python3.12/site-packages/airflow/example_dags/example_bash_decorator.py
[2024-08-28T02:40:53.538+0000] {logging_mixin.py:188} INFO - [2024-08-28T02:40:53.537+0000] {dag.py:3089} INFO - Sync 1 DAGs
[2024-08-28T02:40:53.814+0000] {logging_mixin.py:188} INFO - [2024-08-28T02:40:53.804+0000] {dag.py:3947} INFO - Setting next_dagrun for example_bash_decorator to None, run_after=None
[2024-08-28T02:40:54.442+0000] {processor.py:183} INFO - Processing /home/airflow/.local/lib/python3.12/site-packages/airflow/example_dags/example_bash_decorator.py took 1.870 seconds
[2024-08-28T02:42:02.582+0000] {processor.py:161} INFO - Started process (PID=453) to work on /home/airflow/.local/lib/python3.12/site-packages/airflow/example_dags/example_bash_decorator.py
[2024-08-28T02:42:02.584+0000] {processor.py:830} INFO - Processing file /home/airflow/.local/lib/python3.12/site-packages/airflow/example_dags/example_bash_decorator.py for tasks to queue
[2024-08-28T02:42:02.589+0000] {logging_mixin.py:188} INFO - [2024-08-28T02:42:02.588+0000] {dagbag.py:545} INFO - Filling up the DagBag from /home/airflow/.local/lib/python3.12/site-packages/airflow/example_dags/example_bash_decorator.py
[2024-08-28T02:42:02.623+0000] {processor.py:840} INFO - DAG(s) 'example_bash_decorator' retrieved from /home/airflow/.local/lib/python3.12/site-packages/airflow/example_dags/example_bash_decorator.py
[2024-08-28T02:42:02.692+0000] {logging_mixin.py:188} INFO - [2024-08-28T02:42:02.691+0000] {dag.py:3089} INFO - Sync 1 DAGs
[2024-08-28T02:42:02.722+0000] {logging_mixin.py:188} INFO - [2024-08-28T02:42:02.721+0000] {dag.py:3947} INFO - Setting next_dagrun for example_bash_decorator to None, run_after=None
[2024-08-28T02:42:02.789+0000] {processor.py:183} INFO - Processing /home/airflow/.local/lib/python3.12/site-packages/airflow/example_dags/example_bash_decorator.py took 0.222 seconds
[2024-08-28T02:42:33.761+0000] {processor.py:161} INFO - Started process (PID=511) to work on /home/airflow/.local/lib/python3.12/site-packages/airflow/example_dags/example_bash_decorator.py
[2024-08-28T02:42:33.763+0000] {processor.py:830} INFO - Processing file /home/airflow/.local/lib/python3.12/site-packages/airflow/example_dags/example_bash_decorator.py for tasks to queue
[2024-08-28T02:42:33.768+0000] {logging_mixin.py:188} INFO - [2024-08-28T02:42:33.767+0000] {dagbag.py:545} INFO - Filling up the DagBag from /home/airflow/.local/lib/python3.12/site-packages/airflow/example_dags/example_bash_decorator.py
[2024-08-28T02:42:33.793+0000] {processor.py:840} INFO - DAG(s) 'example_bash_decorator' retrieved from /home/airflow/.local/lib/python3.12/site-packages/airflow/example_dags/example_bash_decorator.py
[2024-08-28T02:42:33.831+0000] {logging_mixin.py:188} INFO - [2024-08-28T02:42:33.831+0000] {dag.py:3089} INFO - Sync 1 DAGs
[2024-08-28T02:42:33.854+0000] {logging_mixin.py:188} INFO - [2024-08-28T02:42:33.854+0000] {dag.py:3947} INFO - Setting next_dagrun for example_bash_decorator to None, run_after=None
[2024-08-28T02:42:33.891+0000] {processor.py:183} INFO - Processing /home/airflow/.local/lib/python3.12/site-packages/airflow/example_dags/example_bash_decorator.py took 0.146 seconds
[2024-08-28T02:43:04.301+0000] {processor.py:161} INFO - Started process (PID=567) to work on /home/airflow/.local/lib/python3.12/site-packages/airflow/example_dags/example_bash_decorator.py
[2024-08-28T02:43:04.303+0000] {processor.py:830} INFO - Processing file /home/airflow/.local/lib/python3.12/site-packages/airflow/example_dags/example_bash_decorator.py for tasks to queue
[2024-08-28T02:43:04.306+0000] {logging_mixin.py:188} INFO - [2024-08-28T02:43:04.306+0000] {dagbag.py:545} INFO - Filling up the DagBag from /home/airflow/.local/lib/python3.12/site-packages/airflow/example_dags/example_bash_decorator.py
[2024-08-28T02:43:04.333+0000] {processor.py:840} INFO - DAG(s) 'example_bash_decorator' retrieved from /home/airflow/.local/lib/python3.12/site-packages/airflow/example_dags/example_bash_decorator.py
[2024-08-28T02:43:04.391+0000] {logging_mixin.py:188} INFO - [2024-08-28T02:43:04.390+0000] {dag.py:3089} INFO - Sync 1 DAGs
[2024-08-28T02:43:04.427+0000] {logging_mixin.py:188} INFO - [2024-08-28T02:43:04.426+0000] {dag.py:3947} INFO - Setting next_dagrun for example_bash_decorator to None, run_after=None
[2024-08-28T02:43:04.486+0000] {processor.py:183} INFO - Processing /home/airflow/.local/lib/python3.12/site-packages/airflow/example_dags/example_bash_decorator.py took 0.194 seconds
[2024-08-28T02:43:35.324+0000] {processor.py:161} INFO - Started process (PID=625) to work on /home/airflow/.local/lib/python3.12/site-packages/airflow/example_dags/example_bash_decorator.py
[2024-08-28T02:43:35.325+0000] {processor.py:830} INFO - Processing file /home/airflow/.local/lib/python3.12/site-packages/airflow/example_dags/example_bash_decorator.py for tasks to queue
[2024-08-28T02:43:35.329+0000] {logging_mixin.py:188} INFO - [2024-08-28T02:43:35.328+0000] {dagbag.py:545} INFO - Filling up the DagBag from /home/airflow/.local/lib/python3.12/site-packages/airflow/example_dags/example_bash_decorator.py
[2024-08-28T02:43:35.351+0000] {processor.py:840} INFO - DAG(s) 'example_bash_decorator' retrieved from /home/airflow/.local/lib/python3.12/site-packages/airflow/example_dags/example_bash_decorator.py
[2024-08-28T02:43:35.397+0000] {logging_mixin.py:188} INFO - [2024-08-28T02:43:35.397+0000] {dag.py:3089} INFO - Sync 1 DAGs
[2024-08-28T02:43:35.421+0000] {logging_mixin.py:188} INFO - [2024-08-28T02:43:35.421+0000] {dag.py:3947} INFO - Setting next_dagrun for example_bash_decorator to None, run_after=None
[2024-08-28T02:43:35.457+0000] {processor.py:183} INFO - Processing /home/airflow/.local/lib/python3.12/site-packages/airflow/example_dags/example_bash_decorator.py took 0.145 seconds
[2024-08-28T02:44:06.041+0000] {processor.py:161} INFO - Started process (PID=682) to work on /home/airflow/.local/lib/python3.12/site-packages/airflow/example_dags/example_bash_decorator.py
[2024-08-28T02:44:06.043+0000] {processor.py:830} INFO - Processing file /home/airflow/.local/lib/python3.12/site-packages/airflow/example_dags/example_bash_decorator.py for tasks to queue
[2024-08-28T02:44:06.048+0000] {logging_mixin.py:188} INFO - [2024-08-28T02:44:06.047+0000] {dagbag.py:545} INFO - Filling up the DagBag from /home/airflow/.local/lib/python3.12/site-packages/airflow/example_dags/example_bash_decorator.py
[2024-08-28T02:44:06.104+0000] {processor.py:840} INFO - DAG(s) 'example_bash_decorator' retrieved from /home/airflow/.local/lib/python3.12/site-packages/airflow/example_dags/example_bash_decorator.py
[2024-08-28T02:44:06.196+0000] {logging_mixin.py:188} INFO - [2024-08-28T02:44:06.196+0000] {dag.py:3089} INFO - Sync 1 DAGs
[2024-08-28T02:44:06.244+0000] {logging_mixin.py:188} INFO - [2024-08-28T02:44:06.244+0000] {dag.py:3947} INFO - Setting next_dagrun for example_bash_decorator to None, run_after=None
[2024-08-28T02:44:06.317+0000] {processor.py:183} INFO - Processing /home/airflow/.local/lib/python3.12/site-packages/airflow/example_dags/example_bash_decorator.py took 0.291 seconds
[2024-08-28T02:53:45.825+0000] {processor.py:161} INFO - Started process (PID=128) to work on /home/airflow/.local/lib/python3.12/site-packages/airflow/example_dags/example_bash_decorator.py
[2024-08-28T02:53:45.830+0000] {processor.py:830} INFO - Processing file /home/airflow/.local/lib/python3.12/site-packages/airflow/example_dags/example_bash_decorator.py for tasks to queue
[2024-08-28T02:53:45.850+0000] {logging_mixin.py:188} INFO - [2024-08-28T02:53:45.849+0000] {dagbag.py:545} INFO - Filling up the DagBag from /home/airflow/.local/lib/python3.12/site-packages/airflow/example_dags/example_bash_decorator.py
[2024-08-28T02:53:46.107+0000] {processor.py:840} INFO - DAG(s) 'example_bash_decorator' retrieved from /home/airflow/.local/lib/python3.12/site-packages/airflow/example_dags/example_bash_decorator.py
[2024-08-28T02:53:47.679+0000] {logging_mixin.py:188} INFO - [2024-08-28T02:53:47.679+0000] {dag.py:3089} INFO - Sync 1 DAGs
[2024-08-28T02:53:47.813+0000] {logging_mixin.py:188} INFO - [2024-08-28T02:53:47.812+0000] {dag.py:3947} INFO - Setting next_dagrun for example_bash_decorator to None, run_after=None
[2024-08-28T02:53:47.985+0000] {processor.py:183} INFO - Processing /home/airflow/.local/lib/python3.12/site-packages/airflow/example_dags/example_bash_decorator.py took 2.204 seconds
[2024-08-28T02:54:37.832+0000] {processor.py:161} INFO - Started process (PID=192) to work on /home/airflow/.local/lib/python3.12/site-packages/airflow/example_dags/example_bash_decorator.py
[2024-08-28T02:54:37.844+0000] {processor.py:830} INFO - Processing file /home/airflow/.local/lib/python3.12/site-packages/airflow/example_dags/example_bash_decorator.py for tasks to queue
[2024-08-28T02:54:37.848+0000] {logging_mixin.py:188} INFO - [2024-08-28T02:54:37.847+0000] {dagbag.py:545} INFO - Filling up the DagBag from /home/airflow/.local/lib/python3.12/site-packages/airflow/example_dags/example_bash_decorator.py
[2024-08-28T02:54:37.924+0000] {processor.py:840} INFO - DAG(s) 'example_bash_decorator' retrieved from /home/airflow/.local/lib/python3.12/site-packages/airflow/example_dags/example_bash_decorator.py
[2024-08-28T02:54:38.015+0000] {logging_mixin.py:188} INFO - [2024-08-28T02:54:38.014+0000] {dag.py:3089} INFO - Sync 1 DAGs
[2024-08-28T02:54:38.107+0000] {logging_mixin.py:188} INFO - [2024-08-28T02:54:38.107+0000] {dag.py:3947} INFO - Setting next_dagrun for example_bash_decorator to None, run_after=None
[2024-08-28T02:54:38.246+0000] {processor.py:183} INFO - Processing /home/airflow/.local/lib/python3.12/site-packages/airflow/example_dags/example_bash_decorator.py took 0.431 seconds
[2024-08-28T02:59:23.110+0000] {processor.py:161} INFO - Started process (PID=92) to work on /home/airflow/.local/lib/python3.12/site-packages/airflow/example_dags/example_bash_decorator.py
[2024-08-28T02:59:23.133+0000] {processor.py:830} INFO - Processing file /home/airflow/.local/lib/python3.12/site-packages/airflow/example_dags/example_bash_decorator.py for tasks to queue
[2024-08-28T02:59:23.137+0000] {logging_mixin.py:188} INFO - [2024-08-28T02:59:23.136+0000] {dagbag.py:545} INFO - Filling up the DagBag from /home/airflow/.local/lib/python3.12/site-packages/airflow/example_dags/example_bash_decorator.py
[2024-08-28T02:59:23.186+0000] {processor.py:840} INFO - DAG(s) 'example_bash_decorator' retrieved from /home/airflow/.local/lib/python3.12/site-packages/airflow/example_dags/example_bash_decorator.py
[2024-08-28T02:59:23.661+0000] {logging_mixin.py:188} INFO - [2024-08-28T02:59:23.661+0000] {dag.py:3089} INFO - Sync 1 DAGs
[2024-08-28T02:59:23.682+0000] {logging_mixin.py:188} INFO - [2024-08-28T02:59:23.681+0000] {dag.py:3947} INFO - Setting next_dagrun for example_bash_decorator to None, run_after=None
[2024-08-28T02:59:23.849+0000] {processor.py:183} INFO - Processing /home/airflow/.local/lib/python3.12/site-packages/airflow/example_dags/example_bash_decorator.py took 0.752 seconds
