[2024-08-28T02:37:49.182+0000] {processor.py:161} INFO - Started process (PID=107) to work on /home/airflow/.local/lib/python3.12/site-packages/airflow/example_dags/example_kubernetes_executor.py
[2024-08-28T02:37:49.195+0000] {processor.py:830} INFO - Processing file /home/airflow/.local/lib/python3.12/site-packages/airflow/example_dags/example_kubernetes_executor.py for tasks to queue
[2024-08-28T02:37:49.214+0000] {logging_mixin.py:188} INFO - [2024-08-28T02:37:49.206+0000] {dagbag.py:545} INFO - Filling up the DagBag from /home/airflow/.local/lib/python3.12/site-packages/airflow/example_dags/example_kubernetes_executor.py
[2024-08-28T02:37:49.321+0000] {processor.py:840} INFO - DAG(s) 'example_kubernetes_executor' retrieved from /home/airflow/.local/lib/python3.12/site-packages/airflow/example_dags/example_kubernetes_executor.py
[2024-08-28T02:37:50.042+0000] {logging_mixin.py:188} INFO - [2024-08-28T02:37:50.040+0000] {override.py:1858} INFO - Created Permission View: can edit on DAG:example_kubernetes_executor
[2024-08-28T02:37:50.148+0000] {logging_mixin.py:188} INFO - [2024-08-28T02:37:50.148+0000] {override.py:1858} INFO - Created Permission View: can delete on DAG:example_kubernetes_executor
[2024-08-28T02:37:50.190+0000] {logging_mixin.py:188} INFO - [2024-08-28T02:37:50.189+0000] {override.py:1858} INFO - Created Permission View: can read on DAG:example_kubernetes_executor
[2024-08-28T02:37:50.191+0000] {logging_mixin.py:188} INFO - [2024-08-28T02:37:50.191+0000] {dag.py:3089} INFO - Sync 1 DAGs
[2024-08-28T02:37:50.228+0000] {logging_mixin.py:188} INFO - [2024-08-28T02:37:50.227+0000] {dag.py:3111} INFO - Creating ORM DAG for example_kubernetes_executor
[2024-08-28T02:37:50.232+0000] {logging_mixin.py:188} INFO - [2024-08-28T02:37:50.232+0000] {dag.py:3947} INFO - Setting next_dagrun for example_kubernetes_executor to None, run_after=None
[2024-08-28T02:37:50.326+0000] {processor.py:183} INFO - Processing /home/airflow/.local/lib/python3.12/site-packages/airflow/example_dags/example_kubernetes_executor.py took 1.169 seconds
[2024-08-28T02:38:43.095+0000] {processor.py:161} INFO - Started process (PID=172) to work on /home/airflow/.local/lib/python3.12/site-packages/airflow/example_dags/example_kubernetes_executor.py
[2024-08-28T02:38:43.098+0000] {processor.py:830} INFO - Processing file /home/airflow/.local/lib/python3.12/site-packages/airflow/example_dags/example_kubernetes_executor.py for tasks to queue
[2024-08-28T02:38:43.103+0000] {logging_mixin.py:188} INFO - [2024-08-28T02:38:43.102+0000] {dagbag.py:545} INFO - Filling up the DagBag from /home/airflow/.local/lib/python3.12/site-packages/airflow/example_dags/example_kubernetes_executor.py
[2024-08-28T02:38:43.135+0000] {processor.py:840} INFO - DAG(s) 'example_kubernetes_executor' retrieved from /home/airflow/.local/lib/python3.12/site-packages/airflow/example_dags/example_kubernetes_executor.py
[2024-08-28T02:38:43.245+0000] {logging_mixin.py:188} INFO - [2024-08-28T02:38:43.245+0000] {dag.py:3089} INFO - Sync 1 DAGs
[2024-08-28T02:38:43.275+0000] {logging_mixin.py:188} INFO - [2024-08-28T02:38:43.275+0000] {dag.py:3947} INFO - Setting next_dagrun for example_kubernetes_executor to None, run_after=None
[2024-08-28T02:38:43.333+0000] {processor.py:183} INFO - Processing /home/airflow/.local/lib/python3.12/site-packages/airflow/example_dags/example_kubernetes_executor.py took 0.251 seconds
[2024-08-28T02:39:15.324+0000] {processor.py:161} INFO - Started process (PID=230) to work on /home/airflow/.local/lib/python3.12/site-packages/airflow/example_dags/example_kubernetes_executor.py
[2024-08-28T02:39:15.326+0000] {processor.py:830} INFO - Processing file /home/airflow/.local/lib/python3.12/site-packages/airflow/example_dags/example_kubernetes_executor.py for tasks to queue
[2024-08-28T02:39:15.331+0000] {logging_mixin.py:188} INFO - [2024-08-28T02:39:15.330+0000] {dagbag.py:545} INFO - Filling up the DagBag from /home/airflow/.local/lib/python3.12/site-packages/airflow/example_dags/example_kubernetes_executor.py
[2024-08-28T02:39:15.357+0000] {processor.py:840} INFO - DAG(s) 'example_kubernetes_executor' retrieved from /home/airflow/.local/lib/python3.12/site-packages/airflow/example_dags/example_kubernetes_executor.py
[2024-08-28T02:39:15.459+0000] {logging_mixin.py:188} INFO - [2024-08-28T02:39:15.458+0000] {dag.py:3089} INFO - Sync 1 DAGs
[2024-08-28T02:39:15.493+0000] {logging_mixin.py:188} INFO - [2024-08-28T02:39:15.493+0000] {dag.py:3947} INFO - Setting next_dagrun for example_kubernetes_executor to None, run_after=None
[2024-08-28T02:39:15.543+0000] {processor.py:183} INFO - Processing /home/airflow/.local/lib/python3.12/site-packages/airflow/example_dags/example_kubernetes_executor.py took 0.230 seconds
[2024-08-28T02:39:46.501+0000] {processor.py:161} INFO - Started process (PID=288) to work on /home/airflow/.local/lib/python3.12/site-packages/airflow/example_dags/example_kubernetes_executor.py
[2024-08-28T02:39:46.503+0000] {processor.py:830} INFO - Processing file /home/airflow/.local/lib/python3.12/site-packages/airflow/example_dags/example_kubernetes_executor.py for tasks to queue
[2024-08-28T02:39:46.509+0000] {logging_mixin.py:188} INFO - [2024-08-28T02:39:46.507+0000] {dagbag.py:545} INFO - Filling up the DagBag from /home/airflow/.local/lib/python3.12/site-packages/airflow/example_dags/example_kubernetes_executor.py
[2024-08-28T02:39:46.530+0000] {processor.py:840} INFO - DAG(s) 'example_kubernetes_executor' retrieved from /home/airflow/.local/lib/python3.12/site-packages/airflow/example_dags/example_kubernetes_executor.py
[2024-08-28T02:39:46.608+0000] {logging_mixin.py:188} INFO - [2024-08-28T02:39:46.608+0000] {dag.py:3089} INFO - Sync 1 DAGs
[2024-08-28T02:39:46.633+0000] {logging_mixin.py:188} INFO - [2024-08-28T02:39:46.633+0000] {dag.py:3947} INFO - Setting next_dagrun for example_kubernetes_executor to None, run_after=None
[2024-08-28T02:39:46.672+0000] {processor.py:183} INFO - Processing /home/airflow/.local/lib/python3.12/site-packages/airflow/example_dags/example_kubernetes_executor.py took 0.183 seconds
[2024-08-28T02:40:26.081+0000] {processor.py:161} INFO - Started process (PID=344) to work on /home/airflow/.local/lib/python3.12/site-packages/airflow/example_dags/example_kubernetes_executor.py
[2024-08-28T02:40:26.092+0000] {processor.py:830} INFO - Processing file /home/airflow/.local/lib/python3.12/site-packages/airflow/example_dags/example_kubernetes_executor.py for tasks to queue
[2024-08-28T02:40:26.112+0000] {logging_mixin.py:188} INFO - [2024-08-28T02:40:26.111+0000] {dagbag.py:545} INFO - Filling up the DagBag from /home/airflow/.local/lib/python3.12/site-packages/airflow/example_dags/example_kubernetes_executor.py
[2024-08-28T02:40:26.199+0000] {processor.py:840} INFO - DAG(s) 'example_kubernetes_executor' retrieved from /home/airflow/.local/lib/python3.12/site-packages/airflow/example_dags/example_kubernetes_executor.py
[2024-08-28T02:40:26.494+0000] {logging_mixin.py:188} INFO - [2024-08-28T02:40:26.494+0000] {dag.py:3089} INFO - Sync 1 DAGs
[2024-08-28T02:40:26.576+0000] {logging_mixin.py:188} INFO - [2024-08-28T02:40:26.576+0000] {dag.py:3947} INFO - Setting next_dagrun for example_kubernetes_executor to None, run_after=None
[2024-08-28T02:40:26.721+0000] {processor.py:183} INFO - Processing /home/airflow/.local/lib/python3.12/site-packages/airflow/example_dags/example_kubernetes_executor.py took 0.680 seconds
[2024-08-28T02:41:10.496+0000] {processor.py:161} INFO - Started process (PID=407) to work on /home/airflow/.local/lib/python3.12/site-packages/airflow/example_dags/example_kubernetes_executor.py
[2024-08-28T02:41:10.553+0000] {processor.py:830} INFO - Processing file /home/airflow/.local/lib/python3.12/site-packages/airflow/example_dags/example_kubernetes_executor.py for tasks to queue
[2024-08-28T02:41:10.577+0000] {logging_mixin.py:188} INFO - [2024-08-28T02:41:10.575+0000] {dagbag.py:545} INFO - Filling up the DagBag from /home/airflow/.local/lib/python3.12/site-packages/airflow/example_dags/example_kubernetes_executor.py
[2024-08-28T02:41:11.011+0000] {processor.py:840} INFO - DAG(s) 'example_kubernetes_executor' retrieved from /home/airflow/.local/lib/python3.12/site-packages/airflow/example_dags/example_kubernetes_executor.py
[2024-08-28T02:41:12.073+0000] {logging_mixin.py:188} INFO - [2024-08-28T02:41:12.061+0000] {dag.py:3089} INFO - Sync 1 DAGs
[2024-08-28T02:41:12.462+0000] {logging_mixin.py:188} INFO - [2024-08-28T02:41:12.461+0000] {dag.py:3947} INFO - Setting next_dagrun for example_kubernetes_executor to None, run_after=None
[2024-08-28T02:41:13.029+0000] {processor.py:183} INFO - Processing /home/airflow/.local/lib/python3.12/site-packages/airflow/example_dags/example_kubernetes_executor.py took 2.590 seconds
[2024-08-28T02:42:05.293+0000] {processor.py:161} INFO - Started process (PID=462) to work on /home/airflow/.local/lib/python3.12/site-packages/airflow/example_dags/example_kubernetes_executor.py
[2024-08-28T02:42:05.295+0000] {processor.py:830} INFO - Processing file /home/airflow/.local/lib/python3.12/site-packages/airflow/example_dags/example_kubernetes_executor.py for tasks to queue
[2024-08-28T02:42:05.298+0000] {logging_mixin.py:188} INFO - [2024-08-28T02:42:05.298+0000] {dagbag.py:545} INFO - Filling up the DagBag from /home/airflow/.local/lib/python3.12/site-packages/airflow/example_dags/example_kubernetes_executor.py
[2024-08-28T02:42:05.328+0000] {processor.py:840} INFO - DAG(s) 'example_kubernetes_executor' retrieved from /home/airflow/.local/lib/python3.12/site-packages/airflow/example_dags/example_kubernetes_executor.py
[2024-08-28T02:42:05.426+0000] {logging_mixin.py:188} INFO - [2024-08-28T02:42:05.425+0000] {dag.py:3089} INFO - Sync 1 DAGs
[2024-08-28T02:42:05.456+0000] {logging_mixin.py:188} INFO - [2024-08-28T02:42:05.456+0000] {dag.py:3947} INFO - Setting next_dagrun for example_kubernetes_executor to None, run_after=None
[2024-08-28T02:42:05.504+0000] {processor.py:183} INFO - Processing /home/airflow/.local/lib/python3.12/site-packages/airflow/example_dags/example_kubernetes_executor.py took 0.223 seconds
[2024-08-28T02:42:36.359+0000] {processor.py:161} INFO - Started process (PID=520) to work on /home/airflow/.local/lib/python3.12/site-packages/airflow/example_dags/example_kubernetes_executor.py
[2024-08-28T02:42:36.360+0000] {processor.py:830} INFO - Processing file /home/airflow/.local/lib/python3.12/site-packages/airflow/example_dags/example_kubernetes_executor.py for tasks to queue
[2024-08-28T02:42:36.363+0000] {logging_mixin.py:188} INFO - [2024-08-28T02:42:36.363+0000] {dagbag.py:545} INFO - Filling up the DagBag from /home/airflow/.local/lib/python3.12/site-packages/airflow/example_dags/example_kubernetes_executor.py
[2024-08-28T02:42:36.381+0000] {processor.py:840} INFO - DAG(s) 'example_kubernetes_executor' retrieved from /home/airflow/.local/lib/python3.12/site-packages/airflow/example_dags/example_kubernetes_executor.py
[2024-08-28T02:42:36.440+0000] {logging_mixin.py:188} INFO - [2024-08-28T02:42:36.440+0000] {dag.py:3089} INFO - Sync 1 DAGs
[2024-08-28T02:42:36.460+0000] {logging_mixin.py:188} INFO - [2024-08-28T02:42:36.460+0000] {dag.py:3947} INFO - Setting next_dagrun for example_kubernetes_executor to None, run_after=None
[2024-08-28T02:42:36.500+0000] {processor.py:183} INFO - Processing /home/airflow/.local/lib/python3.12/site-packages/airflow/example_dags/example_kubernetes_executor.py took 0.149 seconds
[2024-08-28T02:43:07.154+0000] {processor.py:161} INFO - Started process (PID=578) to work on /home/airflow/.local/lib/python3.12/site-packages/airflow/example_dags/example_kubernetes_executor.py
[2024-08-28T02:43:07.156+0000] {processor.py:830} INFO - Processing file /home/airflow/.local/lib/python3.12/site-packages/airflow/example_dags/example_kubernetes_executor.py for tasks to queue
[2024-08-28T02:43:07.159+0000] {logging_mixin.py:188} INFO - [2024-08-28T02:43:07.158+0000] {dagbag.py:545} INFO - Filling up the DagBag from /home/airflow/.local/lib/python3.12/site-packages/airflow/example_dags/example_kubernetes_executor.py
[2024-08-28T02:43:07.186+0000] {processor.py:840} INFO - DAG(s) 'example_kubernetes_executor' retrieved from /home/airflow/.local/lib/python3.12/site-packages/airflow/example_dags/example_kubernetes_executor.py
[2024-08-28T02:43:07.264+0000] {logging_mixin.py:188} INFO - [2024-08-28T02:43:07.263+0000] {dag.py:3089} INFO - Sync 1 DAGs
[2024-08-28T02:43:07.299+0000] {logging_mixin.py:188} INFO - [2024-08-28T02:43:07.299+0000] {dag.py:3947} INFO - Setting next_dagrun for example_kubernetes_executor to None, run_after=None
[2024-08-28T02:43:07.340+0000] {processor.py:183} INFO - Processing /home/airflow/.local/lib/python3.12/site-packages/airflow/example_dags/example_kubernetes_executor.py took 0.197 seconds
[2024-08-28T02:43:38.492+0000] {processor.py:161} INFO - Started process (PID=641) to work on /home/airflow/.local/lib/python3.12/site-packages/airflow/example_dags/example_kubernetes_executor.py
[2024-08-28T02:43:38.494+0000] {processor.py:830} INFO - Processing file /home/airflow/.local/lib/python3.12/site-packages/airflow/example_dags/example_kubernetes_executor.py for tasks to queue
[2024-08-28T02:43:38.498+0000] {logging_mixin.py:188} INFO - [2024-08-28T02:43:38.498+0000] {dagbag.py:545} INFO - Filling up the DagBag from /home/airflow/.local/lib/python3.12/site-packages/airflow/example_dags/example_kubernetes_executor.py
[2024-08-28T02:43:38.528+0000] {processor.py:840} INFO - DAG(s) 'example_kubernetes_executor' retrieved from /home/airflow/.local/lib/python3.12/site-packages/airflow/example_dags/example_kubernetes_executor.py
[2024-08-28T02:43:38.617+0000] {logging_mixin.py:188} INFO - [2024-08-28T02:43:38.617+0000] {dag.py:3089} INFO - Sync 1 DAGs
[2024-08-28T02:43:38.661+0000] {logging_mixin.py:188} INFO - [2024-08-28T02:43:38.660+0000] {dag.py:3947} INFO - Setting next_dagrun for example_kubernetes_executor to None, run_after=None
[2024-08-28T02:43:38.794+0000] {processor.py:183} INFO - Processing /home/airflow/.local/lib/python3.12/site-packages/airflow/example_dags/example_kubernetes_executor.py took 0.317 seconds
[2024-08-28T02:44:12.812+0000] {processor.py:161} INFO - Started process (PID=698) to work on /home/airflow/.local/lib/python3.12/site-packages/airflow/example_dags/example_kubernetes_executor.py
[2024-08-28T02:44:12.824+0000] {processor.py:830} INFO - Processing file /home/airflow/.local/lib/python3.12/site-packages/airflow/example_dags/example_kubernetes_executor.py for tasks to queue
[2024-08-28T02:44:12.830+0000] {logging_mixin.py:188} INFO - [2024-08-28T02:44:12.829+0000] {dagbag.py:545} INFO - Filling up the DagBag from /home/airflow/.local/lib/python3.12/site-packages/airflow/example_dags/example_kubernetes_executor.py
[2024-08-28T02:44:12.887+0000] {processor.py:840} INFO - DAG(s) 'example_kubernetes_executor' retrieved from /home/airflow/.local/lib/python3.12/site-packages/airflow/example_dags/example_kubernetes_executor.py
[2024-08-28T02:44:13.197+0000] {logging_mixin.py:188} INFO - [2024-08-28T02:44:13.196+0000] {dag.py:3089} INFO - Sync 1 DAGs
[2024-08-28T02:44:13.424+0000] {logging_mixin.py:188} INFO - [2024-08-28T02:44:13.423+0000] {dag.py:3947} INFO - Setting next_dagrun for example_kubernetes_executor to None, run_after=None
[2024-08-28T02:44:13.633+0000] {processor.py:183} INFO - Processing /home/airflow/.local/lib/python3.12/site-packages/airflow/example_dags/example_kubernetes_executor.py took 0.857 seconds
[2024-08-28T02:54:05.316+0000] {processor.py:161} INFO - Started process (PID=137) to work on /home/airflow/.local/lib/python3.12/site-packages/airflow/example_dags/example_kubernetes_executor.py
[2024-08-28T02:54:05.333+0000] {processor.py:830} INFO - Processing file /home/airflow/.local/lib/python3.12/site-packages/airflow/example_dags/example_kubernetes_executor.py for tasks to queue
[2024-08-28T02:54:05.382+0000] {logging_mixin.py:188} INFO - [2024-08-28T02:54:05.381+0000] {dagbag.py:545} INFO - Filling up the DagBag from /home/airflow/.local/lib/python3.12/site-packages/airflow/example_dags/example_kubernetes_executor.py
[2024-08-28T02:54:05.751+0000] {processor.py:840} INFO - DAG(s) 'example_kubernetes_executor' retrieved from /home/airflow/.local/lib/python3.12/site-packages/airflow/example_dags/example_kubernetes_executor.py
[2024-08-28T02:54:07.321+0000] {logging_mixin.py:188} INFO - [2024-08-28T02:54:07.320+0000] {dag.py:3089} INFO - Sync 1 DAGs
[2024-08-28T02:54:07.559+0000] {logging_mixin.py:188} INFO - [2024-08-28T02:54:07.547+0000] {dag.py:3947} INFO - Setting next_dagrun for example_kubernetes_executor to None, run_after=None
[2024-08-28T02:54:07.997+0000] {processor.py:183} INFO - Processing /home/airflow/.local/lib/python3.12/site-packages/airflow/example_dags/example_kubernetes_executor.py took 2.860 seconds
[2024-08-28T02:54:43.048+0000] {processor.py:161} INFO - Started process (PID=201) to work on /home/airflow/.local/lib/python3.12/site-packages/airflow/example_dags/example_kubernetes_executor.py
[2024-08-28T02:54:43.082+0000] {processor.py:830} INFO - Processing file /home/airflow/.local/lib/python3.12/site-packages/airflow/example_dags/example_kubernetes_executor.py for tasks to queue
[2024-08-28T02:54:43.131+0000] {logging_mixin.py:188} INFO - [2024-08-28T02:54:43.130+0000] {dagbag.py:545} INFO - Filling up the DagBag from /home/airflow/.local/lib/python3.12/site-packages/airflow/example_dags/example_kubernetes_executor.py
[2024-08-28T02:54:43.310+0000] {processor.py:840} INFO - DAG(s) 'example_kubernetes_executor' retrieved from /home/airflow/.local/lib/python3.12/site-packages/airflow/example_dags/example_kubernetes_executor.py
[2024-08-28T02:54:43.802+0000] {logging_mixin.py:188} INFO - [2024-08-28T02:54:43.802+0000] {dag.py:3089} INFO - Sync 1 DAGs
[2024-08-28T02:54:44.173+0000] {logging_mixin.py:188} INFO - [2024-08-28T02:54:44.158+0000] {dag.py:3947} INFO - Setting next_dagrun for example_kubernetes_executor to None, run_after=None
[2024-08-28T02:54:44.341+0000] {processor.py:183} INFO - Processing /home/airflow/.local/lib/python3.12/site-packages/airflow/example_dags/example_kubernetes_executor.py took 1.396 seconds
[2024-08-28T02:59:27.309+0000] {processor.py:161} INFO - Started process (PID=101) to work on /home/airflow/.local/lib/python3.12/site-packages/airflow/example_dags/example_kubernetes_executor.py
[2024-08-28T02:59:27.321+0000] {processor.py:830} INFO - Processing file /home/airflow/.local/lib/python3.12/site-packages/airflow/example_dags/example_kubernetes_executor.py for tasks to queue
[2024-08-28T02:59:27.327+0000] {logging_mixin.py:188} INFO - [2024-08-28T02:59:27.326+0000] {dagbag.py:545} INFO - Filling up the DagBag from /home/airflow/.local/lib/python3.12/site-packages/airflow/example_dags/example_kubernetes_executor.py
[2024-08-28T02:59:27.376+0000] {processor.py:840} INFO - DAG(s) 'example_kubernetes_executor' retrieved from /home/airflow/.local/lib/python3.12/site-packages/airflow/example_dags/example_kubernetes_executor.py
[2024-08-28T02:59:27.772+0000] {logging_mixin.py:188} INFO - [2024-08-28T02:59:27.771+0000] {dag.py:3089} INFO - Sync 1 DAGs
[2024-08-28T02:59:27.800+0000] {logging_mixin.py:188} INFO - [2024-08-28T02:59:27.800+0000] {dag.py:3947} INFO - Setting next_dagrun for example_kubernetes_executor to None, run_after=None
[2024-08-28T02:59:27.891+0000] {processor.py:183} INFO - Processing /home/airflow/.local/lib/python3.12/site-packages/airflow/example_dags/example_kubernetes_executor.py took 0.605 seconds
