[2024-08-28T02:37:43.688+0000] {processor.py:161} INFO - Started process (PID=97) to work on /home/airflow/.local/lib/python3.12/site-packages/airflow/example_dags/example_datasets.py
[2024-08-28T02:37:43.690+0000] {processor.py:830} INFO - Processing file /home/airflow/.local/lib/python3.12/site-packages/airflow/example_dags/example_datasets.py for tasks to queue
[2024-08-28T02:37:43.694+0000] {logging_mixin.py:188} INFO - [2024-08-28T02:37:43.694+0000] {dagbag.py:545} INFO - Filling up the DagBag from /home/airflow/.local/lib/python3.12/site-packages/airflow/example_dags/example_datasets.py
[2024-08-28T02:37:43.765+0000] {processor.py:840} INFO - DAG(s) 'dataset_consumes_unknown_never_scheduled', 'conditional_dataset_and_time_based_timetable', 'dataset_consumes_1', 'dataset_consumes_1_never_scheduled', 'dataset_produces_2', 'dataset_produces_1', 'consume_1_and_2_with_dataset_expressions', 'dataset_consumes_1_and_2', 'consume_1_or_2_with_dataset_expressions', 'consume_1_or_both_2_and_3_with_dataset_expressions' retrieved from /home/airflow/.local/lib/python3.12/site-packages/airflow/example_dags/example_datasets.py
[2024-08-28T02:37:44.139+0000] {logging_mixin.py:188} INFO - [2024-08-28T02:37:44.138+0000] {override.py:1858} INFO - Created Permission View: can edit on DAG:dataset_consumes_unknown_never_scheduled
[2024-08-28T02:37:44.162+0000] {logging_mixin.py:188} INFO - [2024-08-28T02:37:44.162+0000] {override.py:1858} INFO - Created Permission View: can delete on DAG:dataset_consumes_unknown_never_scheduled
[2024-08-28T02:37:44.195+0000] {logging_mixin.py:188} INFO - [2024-08-28T02:37:44.194+0000] {override.py:1858} INFO - Created Permission View: can read on DAG:dataset_consumes_unknown_never_scheduled
[2024-08-28T02:37:44.239+0000] {logging_mixin.py:188} INFO - [2024-08-28T02:37:44.239+0000] {override.py:1858} INFO - Created Permission View: can edit on DAG:conditional_dataset_and_time_based_timetable
[2024-08-28T02:37:44.286+0000] {logging_mixin.py:188} INFO - [2024-08-28T02:37:44.285+0000] {override.py:1858} INFO - Created Permission View: can delete on DAG:conditional_dataset_and_time_based_timetable
[2024-08-28T02:37:44.331+0000] {logging_mixin.py:188} INFO - [2024-08-28T02:37:44.330+0000] {override.py:1858} INFO - Created Permission View: can read on DAG:conditional_dataset_and_time_based_timetable
[2024-08-28T02:37:44.447+0000] {logging_mixin.py:188} INFO - [2024-08-28T02:37:44.447+0000] {override.py:1858} INFO - Created Permission View: can edit on DAG:dataset_consumes_1
[2024-08-28T02:37:44.476+0000] {logging_mixin.py:188} INFO - [2024-08-28T02:37:44.475+0000] {override.py:1858} INFO - Created Permission View: can delete on DAG:dataset_consumes_1
[2024-08-28T02:37:44.513+0000] {logging_mixin.py:188} INFO - [2024-08-28T02:37:44.512+0000] {override.py:1858} INFO - Created Permission View: can read on DAG:dataset_consumes_1
[2024-08-28T02:37:44.575+0000] {logging_mixin.py:188} INFO - [2024-08-28T02:37:44.575+0000] {override.py:1858} INFO - Created Permission View: can edit on DAG:dataset_consumes_1_never_scheduled
[2024-08-28T02:37:44.595+0000] {logging_mixin.py:188} INFO - [2024-08-28T02:37:44.594+0000] {override.py:1858} INFO - Created Permission View: can delete on DAG:dataset_consumes_1_never_scheduled
[2024-08-28T02:37:44.631+0000] {logging_mixin.py:188} INFO - [2024-08-28T02:37:44.630+0000] {override.py:1858} INFO - Created Permission View: can read on DAG:dataset_consumes_1_never_scheduled
[2024-08-28T02:37:44.676+0000] {logging_mixin.py:188} INFO - [2024-08-28T02:37:44.675+0000] {override.py:1858} INFO - Created Permission View: can edit on DAG:dataset_produces_2
[2024-08-28T02:37:44.701+0000] {logging_mixin.py:188} INFO - [2024-08-28T02:37:44.700+0000] {override.py:1858} INFO - Created Permission View: can delete on DAG:dataset_produces_2
[2024-08-28T02:37:44.727+0000] {logging_mixin.py:188} INFO - [2024-08-28T02:37:44.726+0000] {override.py:1858} INFO - Created Permission View: can read on DAG:dataset_produces_2
[2024-08-28T02:37:44.768+0000] {logging_mixin.py:188} INFO - [2024-08-28T02:37:44.767+0000] {override.py:1858} INFO - Created Permission View: can edit on DAG:dataset_produces_1
[2024-08-28T02:37:44.786+0000] {logging_mixin.py:188} INFO - [2024-08-28T02:37:44.786+0000] {override.py:1858} INFO - Created Permission View: can delete on DAG:dataset_produces_1
[2024-08-28T02:37:44.810+0000] {logging_mixin.py:188} INFO - [2024-08-28T02:37:44.809+0000] {override.py:1858} INFO - Created Permission View: can read on DAG:dataset_produces_1
[2024-08-28T02:37:44.851+0000] {logging_mixin.py:188} INFO - [2024-08-28T02:37:44.851+0000] {override.py:1858} INFO - Created Permission View: can edit on DAG:consume_1_and_2_with_dataset_expressions
[2024-08-28T02:37:44.877+0000] {logging_mixin.py:188} INFO - [2024-08-28T02:37:44.877+0000] {override.py:1858} INFO - Created Permission View: can delete on DAG:consume_1_and_2_with_dataset_expressions
[2024-08-28T02:37:44.903+0000] {logging_mixin.py:188} INFO - [2024-08-28T02:37:44.902+0000] {override.py:1858} INFO - Created Permission View: can read on DAG:consume_1_and_2_with_dataset_expressions
[2024-08-28T02:37:44.945+0000] {logging_mixin.py:188} INFO - [2024-08-28T02:37:44.944+0000] {override.py:1858} INFO - Created Permission View: can edit on DAG:dataset_consumes_1_and_2
[2024-08-28T02:37:44.962+0000] {logging_mixin.py:188} INFO - [2024-08-28T02:37:44.962+0000] {override.py:1858} INFO - Created Permission View: can delete on DAG:dataset_consumes_1_and_2
[2024-08-28T02:37:44.980+0000] {logging_mixin.py:188} INFO - [2024-08-28T02:37:44.979+0000] {override.py:1858} INFO - Created Permission View: can read on DAG:dataset_consumes_1_and_2
[2024-08-28T02:37:45.016+0000] {logging_mixin.py:188} INFO - [2024-08-28T02:37:45.015+0000] {override.py:1858} INFO - Created Permission View: can edit on DAG:consume_1_or_2_with_dataset_expressions
[2024-08-28T02:37:45.034+0000] {logging_mixin.py:188} INFO - [2024-08-28T02:37:45.033+0000] {override.py:1858} INFO - Created Permission View: can delete on DAG:consume_1_or_2_with_dataset_expressions
[2024-08-28T02:37:45.049+0000] {logging_mixin.py:188} INFO - [2024-08-28T02:37:45.049+0000] {override.py:1858} INFO - Created Permission View: can read on DAG:consume_1_or_2_with_dataset_expressions
[2024-08-28T02:37:45.091+0000] {logging_mixin.py:188} INFO - [2024-08-28T02:37:45.090+0000] {override.py:1858} INFO - Created Permission View: can edit on DAG:consume_1_or_both_2_and_3_with_dataset_expressions
[2024-08-28T02:37:45.131+0000] {logging_mixin.py:188} INFO - [2024-08-28T02:37:45.130+0000] {override.py:1858} INFO - Created Permission View: can delete on DAG:consume_1_or_both_2_and_3_with_dataset_expressions
[2024-08-28T02:37:45.165+0000] {logging_mixin.py:188} INFO - [2024-08-28T02:37:45.165+0000] {override.py:1858} INFO - Created Permission View: can read on DAG:consume_1_or_both_2_and_3_with_dataset_expressions
[2024-08-28T02:37:45.167+0000] {logging_mixin.py:188} INFO - [2024-08-28T02:37:45.166+0000] {dag.py:3089} INFO - Sync 10 DAGs
[2024-08-28T02:37:45.189+0000] {logging_mixin.py:188} INFO - [2024-08-28T02:37:45.188+0000] {dag.py:3111} INFO - Creating ORM DAG for dataset_produces_2
[2024-08-28T02:37:45.191+0000] {logging_mixin.py:188} INFO - [2024-08-28T02:37:45.190+0000] {dag.py:3111} INFO - Creating ORM DAG for dataset_consumes_1_never_scheduled
[2024-08-28T02:37:45.193+0000] {logging_mixin.py:188} INFO - [2024-08-28T02:37:45.192+0000] {dag.py:3111} INFO - Creating ORM DAG for dataset_consumes_unknown_never_scheduled
[2024-08-28T02:37:45.195+0000] {logging_mixin.py:188} INFO - [2024-08-28T02:37:45.194+0000] {dag.py:3111} INFO - Creating ORM DAG for consume_1_and_2_with_dataset_expressions
[2024-08-28T02:37:45.197+0000] {logging_mixin.py:188} INFO - [2024-08-28T02:37:45.197+0000] {dag.py:3111} INFO - Creating ORM DAG for conditional_dataset_and_time_based_timetable
[2024-08-28T02:37:45.199+0000] {logging_mixin.py:188} INFO - [2024-08-28T02:37:45.199+0000] {dag.py:3111} INFO - Creating ORM DAG for dataset_consumes_1_and_2
[2024-08-28T02:37:45.201+0000] {logging_mixin.py:188} INFO - [2024-08-28T02:37:45.200+0000] {dag.py:3111} INFO - Creating ORM DAG for dataset_produces_1
[2024-08-28T02:37:45.203+0000] {logging_mixin.py:188} INFO - [2024-08-28T02:37:45.202+0000] {dag.py:3111} INFO - Creating ORM DAG for consume_1_or_both_2_and_3_with_dataset_expressions
[2024-08-28T02:37:45.205+0000] {logging_mixin.py:188} INFO - [2024-08-28T02:37:45.205+0000] {dag.py:3111} INFO - Creating ORM DAG for dataset_consumes_1
[2024-08-28T02:37:45.208+0000] {logging_mixin.py:188} INFO - [2024-08-28T02:37:45.207+0000] {dag.py:3111} INFO - Creating ORM DAG for consume_1_or_2_with_dataset_expressions
[2024-08-28T02:37:45.235+0000] {logging_mixin.py:188} INFO - [2024-08-28T02:37:45.234+0000] {dag.py:3947} INFO - Setting next_dagrun for conditional_dataset_and_time_based_timetable to 2024-08-28 01:00:00+00:00, run_after=2024-08-28 01:00:00+00:00
[2024-08-28T02:37:45.237+0000] {logging_mixin.py:188} INFO - [2024-08-28T02:37:45.236+0000] {dag.py:3947} INFO - Setting next_dagrun for consume_1_and_2_with_dataset_expressions to None, run_after=None
[2024-08-28T02:37:45.239+0000] {logging_mixin.py:188} INFO - [2024-08-28T02:37:45.238+0000] {dag.py:3947} INFO - Setting next_dagrun for consume_1_or_2_with_dataset_expressions to None, run_after=None
[2024-08-28T02:37:45.240+0000] {logging_mixin.py:188} INFO - [2024-08-28T02:37:45.240+0000] {dag.py:3947} INFO - Setting next_dagrun for consume_1_or_both_2_and_3_with_dataset_expressions to None, run_after=None
[2024-08-28T02:37:45.242+0000] {logging_mixin.py:188} INFO - [2024-08-28T02:37:45.241+0000] {dag.py:3947} INFO - Setting next_dagrun for dataset_consumes_1 to None, run_after=None
[2024-08-28T02:37:45.244+0000] {logging_mixin.py:188} INFO - [2024-08-28T02:37:45.243+0000] {dag.py:3947} INFO - Setting next_dagrun for dataset_consumes_1_and_2 to None, run_after=None
[2024-08-28T02:37:45.245+0000] {logging_mixin.py:188} INFO - [2024-08-28T02:37:45.245+0000] {dag.py:3947} INFO - Setting next_dagrun for dataset_consumes_1_never_scheduled to None, run_after=None
[2024-08-28T02:37:45.247+0000] {logging_mixin.py:188} INFO - [2024-08-28T02:37:45.247+0000] {dag.py:3947} INFO - Setting next_dagrun for dataset_consumes_unknown_never_scheduled to None, run_after=None
[2024-08-28T02:37:45.254+0000] {logging_mixin.py:188} INFO - [2024-08-28T02:37:45.253+0000] {dag.py:3947} INFO - Setting next_dagrun for dataset_produces_1 to 2024-08-27 00:00:00+00:00, run_after=2024-08-28 00:00:00+00:00
[2024-08-28T02:37:45.256+0000] {logging_mixin.py:188} INFO - [2024-08-28T02:37:45.255+0000] {dag.py:3947} INFO - Setting next_dagrun for dataset_produces_2 to None, run_after=None
[2024-08-28T02:37:45.390+0000] {processor.py:183} INFO - Processing /home/airflow/.local/lib/python3.12/site-packages/airflow/example_dags/example_datasets.py took 1.715 seconds
[2024-08-28T02:38:39.610+0000] {processor.py:161} INFO - Started process (PID=162) to work on /home/airflow/.local/lib/python3.12/site-packages/airflow/example_dags/example_datasets.py
[2024-08-28T02:38:39.614+0000] {processor.py:830} INFO - Processing file /home/airflow/.local/lib/python3.12/site-packages/airflow/example_dags/example_datasets.py for tasks to queue
[2024-08-28T02:38:39.618+0000] {logging_mixin.py:188} INFO - [2024-08-28T02:38:39.617+0000] {dagbag.py:545} INFO - Filling up the DagBag from /home/airflow/.local/lib/python3.12/site-packages/airflow/example_dags/example_datasets.py
[2024-08-28T02:38:39.674+0000] {processor.py:840} INFO - DAG(s) 'dataset_produces_1', 'dataset_consumes_1_never_scheduled', 'dataset_produces_2', 'conditional_dataset_and_time_based_timetable', 'dataset_consumes_unknown_never_scheduled', 'dataset_consumes_1_and_2', 'consume_1_or_2_with_dataset_expressions', 'consume_1_and_2_with_dataset_expressions', 'consume_1_or_both_2_and_3_with_dataset_expressions', 'dataset_consumes_1' retrieved from /home/airflow/.local/lib/python3.12/site-packages/airflow/example_dags/example_datasets.py
[2024-08-28T02:38:39.797+0000] {logging_mixin.py:188} INFO - [2024-08-28T02:38:39.796+0000] {dag.py:3089} INFO - Sync 10 DAGs
[2024-08-28T02:38:39.932+0000] {logging_mixin.py:188} INFO - [2024-08-28T02:38:39.929+0000] {dag.py:3947} INFO - Setting next_dagrun for conditional_dataset_and_time_based_timetable to 2024-08-28 01:00:00+00:00, run_after=2024-08-28 01:00:00+00:00
[2024-08-28T02:38:39.945+0000] {logging_mixin.py:188} INFO - [2024-08-28T02:38:39.944+0000] {dag.py:3947} INFO - Setting next_dagrun for consume_1_and_2_with_dataset_expressions to None, run_after=None
[2024-08-28T02:38:39.949+0000] {logging_mixin.py:188} INFO - [2024-08-28T02:38:39.948+0000] {dag.py:3947} INFO - Setting next_dagrun for consume_1_or_2_with_dataset_expressions to None, run_after=None
[2024-08-28T02:38:39.952+0000] {logging_mixin.py:188} INFO - [2024-08-28T02:38:39.952+0000] {dag.py:3947} INFO - Setting next_dagrun for consume_1_or_both_2_and_3_with_dataset_expressions to None, run_after=None
[2024-08-28T02:38:39.962+0000] {logging_mixin.py:188} INFO - [2024-08-28T02:38:39.961+0000] {dag.py:3947} INFO - Setting next_dagrun for dataset_consumes_1 to None, run_after=None
[2024-08-28T02:38:39.968+0000] {logging_mixin.py:188} INFO - [2024-08-28T02:38:39.968+0000] {dag.py:3947} INFO - Setting next_dagrun for dataset_consumes_1_and_2 to None, run_after=None
[2024-08-28T02:38:39.973+0000] {logging_mixin.py:188} INFO - [2024-08-28T02:38:39.972+0000] {dag.py:3947} INFO - Setting next_dagrun for dataset_consumes_1_never_scheduled to None, run_after=None
[2024-08-28T02:38:39.976+0000] {logging_mixin.py:188} INFO - [2024-08-28T02:38:39.976+0000] {dag.py:3947} INFO - Setting next_dagrun for dataset_consumes_unknown_never_scheduled to None, run_after=None
[2024-08-28T02:38:39.981+0000] {logging_mixin.py:188} INFO - [2024-08-28T02:38:39.980+0000] {dag.py:3947} INFO - Setting next_dagrun for dataset_produces_1 to 2024-08-27 00:00:00+00:00, run_after=2024-08-28 00:00:00+00:00
[2024-08-28T02:38:39.984+0000] {logging_mixin.py:188} INFO - [2024-08-28T02:38:39.983+0000] {dag.py:3947} INFO - Setting next_dagrun for dataset_produces_2 to None, run_after=None
[2024-08-28T02:38:40.108+0000] {processor.py:183} INFO - Processing /home/airflow/.local/lib/python3.12/site-packages/airflow/example_dags/example_datasets.py took 0.511 seconds
[2024-08-28T02:39:10.902+0000] {processor.py:161} INFO - Started process (PID=218) to work on /home/airflow/.local/lib/python3.12/site-packages/airflow/example_dags/example_datasets.py
[2024-08-28T02:39:10.903+0000] {processor.py:830} INFO - Processing file /home/airflow/.local/lib/python3.12/site-packages/airflow/example_dags/example_datasets.py for tasks to queue
[2024-08-28T02:39:10.907+0000] {logging_mixin.py:188} INFO - [2024-08-28T02:39:10.906+0000] {dagbag.py:545} INFO - Filling up the DagBag from /home/airflow/.local/lib/python3.12/site-packages/airflow/example_dags/example_datasets.py
[2024-08-28T02:39:10.948+0000] {processor.py:840} INFO - DAG(s) 'dataset_consumes_unknown_never_scheduled', 'dataset_produces_2', 'consume_1_or_both_2_and_3_with_dataset_expressions', 'consume_1_and_2_with_dataset_expressions', 'dataset_consumes_1_and_2', 'dataset_consumes_1_never_scheduled', 'conditional_dataset_and_time_based_timetable', 'dataset_produces_1', 'consume_1_or_2_with_dataset_expressions', 'dataset_consumes_1' retrieved from /home/airflow/.local/lib/python3.12/site-packages/airflow/example_dags/example_datasets.py
[2024-08-28T02:39:11.071+0000] {logging_mixin.py:188} INFO - [2024-08-28T02:39:11.070+0000] {dag.py:3089} INFO - Sync 10 DAGs
[2024-08-28T02:39:11.141+0000] {logging_mixin.py:188} INFO - [2024-08-28T02:39:11.140+0000] {dag.py:3947} INFO - Setting next_dagrun for conditional_dataset_and_time_based_timetable to 2024-08-28 01:00:00+00:00, run_after=2024-08-28 01:00:00+00:00
[2024-08-28T02:39:11.156+0000] {logging_mixin.py:188} INFO - [2024-08-28T02:39:11.156+0000] {dag.py:3947} INFO - Setting next_dagrun for consume_1_and_2_with_dataset_expressions to None, run_after=None
[2024-08-28T02:39:11.163+0000] {logging_mixin.py:188} INFO - [2024-08-28T02:39:11.163+0000] {dag.py:3947} INFO - Setting next_dagrun for consume_1_or_2_with_dataset_expressions to None, run_after=None
[2024-08-28T02:39:11.167+0000] {logging_mixin.py:188} INFO - [2024-08-28T02:39:11.166+0000] {dag.py:3947} INFO - Setting next_dagrun for consume_1_or_both_2_and_3_with_dataset_expressions to None, run_after=None
[2024-08-28T02:39:11.170+0000] {logging_mixin.py:188} INFO - [2024-08-28T02:39:11.170+0000] {dag.py:3947} INFO - Setting next_dagrun for dataset_consumes_1 to None, run_after=None
[2024-08-28T02:39:11.174+0000] {logging_mixin.py:188} INFO - [2024-08-28T02:39:11.174+0000] {dag.py:3947} INFO - Setting next_dagrun for dataset_consumes_1_and_2 to None, run_after=None
[2024-08-28T02:39:11.178+0000] {logging_mixin.py:188} INFO - [2024-08-28T02:39:11.178+0000] {dag.py:3947} INFO - Setting next_dagrun for dataset_consumes_1_never_scheduled to None, run_after=None
[2024-08-28T02:39:11.182+0000] {logging_mixin.py:188} INFO - [2024-08-28T02:39:11.182+0000] {dag.py:3947} INFO - Setting next_dagrun for dataset_consumes_unknown_never_scheduled to None, run_after=None
[2024-08-28T02:39:11.189+0000] {logging_mixin.py:188} INFO - [2024-08-28T02:39:11.189+0000] {dag.py:3947} INFO - Setting next_dagrun for dataset_produces_1 to 2024-08-27 00:00:00+00:00, run_after=2024-08-28 00:00:00+00:00
[2024-08-28T02:39:11.193+0000] {logging_mixin.py:188} INFO - [2024-08-28T02:39:11.192+0000] {dag.py:3947} INFO - Setting next_dagrun for dataset_produces_2 to None, run_after=None
[2024-08-28T02:39:11.303+0000] {processor.py:183} INFO - Processing /home/airflow/.local/lib/python3.12/site-packages/airflow/example_dags/example_datasets.py took 0.421 seconds
[2024-08-28T02:39:43.057+0000] {processor.py:161} INFO - Started process (PID=276) to work on /home/airflow/.local/lib/python3.12/site-packages/airflow/example_dags/example_datasets.py
[2024-08-28T02:39:43.060+0000] {processor.py:830} INFO - Processing file /home/airflow/.local/lib/python3.12/site-packages/airflow/example_dags/example_datasets.py for tasks to queue
[2024-08-28T02:39:43.075+0000] {logging_mixin.py:188} INFO - [2024-08-28T02:39:43.073+0000] {dagbag.py:545} INFO - Filling up the DagBag from /home/airflow/.local/lib/python3.12/site-packages/airflow/example_dags/example_datasets.py
[2024-08-28T02:39:43.118+0000] {processor.py:840} INFO - DAG(s) 'dataset_consumes_1', 'consume_1_and_2_with_dataset_expressions', 'dataset_consumes_1_and_2', 'dataset_produces_2', 'consume_1_or_2_with_dataset_expressions', 'conditional_dataset_and_time_based_timetable', 'dataset_produces_1', 'dataset_consumes_unknown_never_scheduled', 'dataset_consumes_1_never_scheduled', 'consume_1_or_both_2_and_3_with_dataset_expressions' retrieved from /home/airflow/.local/lib/python3.12/site-packages/airflow/example_dags/example_datasets.py
[2024-08-28T02:39:43.217+0000] {logging_mixin.py:188} INFO - [2024-08-28T02:39:43.217+0000] {dag.py:3089} INFO - Sync 10 DAGs
[2024-08-28T02:39:43.264+0000] {logging_mixin.py:188} INFO - [2024-08-28T02:39:43.264+0000] {dag.py:3947} INFO - Setting next_dagrun for conditional_dataset_and_time_based_timetable to 2024-08-28 01:00:00+00:00, run_after=2024-08-28 01:00:00+00:00
[2024-08-28T02:39:43.271+0000] {logging_mixin.py:188} INFO - [2024-08-28T02:39:43.270+0000] {dag.py:3947} INFO - Setting next_dagrun for consume_1_and_2_with_dataset_expressions to None, run_after=None
[2024-08-28T02:39:43.274+0000] {logging_mixin.py:188} INFO - [2024-08-28T02:39:43.273+0000] {dag.py:3947} INFO - Setting next_dagrun for consume_1_or_2_with_dataset_expressions to None, run_after=None
[2024-08-28T02:39:43.279+0000] {logging_mixin.py:188} INFO - [2024-08-28T02:39:43.278+0000] {dag.py:3947} INFO - Setting next_dagrun for consume_1_or_both_2_and_3_with_dataset_expressions to None, run_after=None
[2024-08-28T02:39:43.282+0000] {logging_mixin.py:188} INFO - [2024-08-28T02:39:43.282+0000] {dag.py:3947} INFO - Setting next_dagrun for dataset_consumes_1 to None, run_after=None
[2024-08-28T02:39:43.285+0000] {logging_mixin.py:188} INFO - [2024-08-28T02:39:43.285+0000] {dag.py:3947} INFO - Setting next_dagrun for dataset_consumes_1_and_2 to None, run_after=None
[2024-08-28T02:39:43.288+0000] {logging_mixin.py:188} INFO - [2024-08-28T02:39:43.288+0000] {dag.py:3947} INFO - Setting next_dagrun for dataset_consumes_1_never_scheduled to None, run_after=None
[2024-08-28T02:39:43.291+0000] {logging_mixin.py:188} INFO - [2024-08-28T02:39:43.290+0000] {dag.py:3947} INFO - Setting next_dagrun for dataset_consumes_unknown_never_scheduled to None, run_after=None
[2024-08-28T02:39:43.295+0000] {logging_mixin.py:188} INFO - [2024-08-28T02:39:43.295+0000] {dag.py:3947} INFO - Setting next_dagrun for dataset_produces_1 to 2024-08-27 00:00:00+00:00, run_after=2024-08-28 00:00:00+00:00
[2024-08-28T02:39:43.299+0000] {logging_mixin.py:188} INFO - [2024-08-28T02:39:43.299+0000] {dag.py:3947} INFO - Setting next_dagrun for dataset_produces_2 to None, run_after=None
[2024-08-28T02:39:43.395+0000] {processor.py:183} INFO - Processing /home/airflow/.local/lib/python3.12/site-packages/airflow/example_dags/example_datasets.py took 0.348 seconds
[2024-08-28T02:40:16.996+0000] {processor.py:161} INFO - Started process (PID=334) to work on /home/airflow/.local/lib/python3.12/site-packages/airflow/example_dags/example_datasets.py
[2024-08-28T02:40:17.010+0000] {processor.py:830} INFO - Processing file /home/airflow/.local/lib/python3.12/site-packages/airflow/example_dags/example_datasets.py for tasks to queue
[2024-08-28T02:40:17.026+0000] {logging_mixin.py:188} INFO - [2024-08-28T02:40:17.025+0000] {dagbag.py:545} INFO - Filling up the DagBag from /home/airflow/.local/lib/python3.12/site-packages/airflow/example_dags/example_datasets.py
[2024-08-28T02:40:17.181+0000] {processor.py:840} INFO - DAG(s) 'dataset_consumes_1', 'conditional_dataset_and_time_based_timetable', 'dataset_consumes_1_and_2', 'dataset_consumes_unknown_never_scheduled', 'dataset_produces_2', 'consume_1_or_both_2_and_3_with_dataset_expressions', 'consume_1_or_2_with_dataset_expressions', 'dataset_produces_1', 'consume_1_and_2_with_dataset_expressions', 'dataset_consumes_1_never_scheduled' retrieved from /home/airflow/.local/lib/python3.12/site-packages/airflow/example_dags/example_datasets.py
[2024-08-28T02:40:17.898+0000] {logging_mixin.py:188} INFO - [2024-08-28T02:40:17.896+0000] {dag.py:3089} INFO - Sync 10 DAGs
[2024-08-28T02:40:18.429+0000] {logging_mixin.py:188} INFO - [2024-08-28T02:40:18.428+0000] {dag.py:3947} INFO - Setting next_dagrun for conditional_dataset_and_time_based_timetable to 2024-08-28 01:00:00+00:00, run_after=2024-08-28 01:00:00+00:00
[2024-08-28T02:40:18.488+0000] {logging_mixin.py:188} INFO - [2024-08-28T02:40:18.488+0000] {dag.py:3947} INFO - Setting next_dagrun for consume_1_and_2_with_dataset_expressions to None, run_after=None
[2024-08-28T02:40:18.512+0000] {logging_mixin.py:188} INFO - [2024-08-28T02:40:18.512+0000] {dag.py:3947} INFO - Setting next_dagrun for consume_1_or_2_with_dataset_expressions to None, run_after=None
[2024-08-28T02:40:18.545+0000] {logging_mixin.py:188} INFO - [2024-08-28T02:40:18.529+0000] {dag.py:3947} INFO - Setting next_dagrun for consume_1_or_both_2_and_3_with_dataset_expressions to None, run_after=None
[2024-08-28T02:40:18.559+0000] {logging_mixin.py:188} INFO - [2024-08-28T02:40:18.558+0000] {dag.py:3947} INFO - Setting next_dagrun for dataset_consumes_1 to None, run_after=None
[2024-08-28T02:40:18.577+0000] {logging_mixin.py:188} INFO - [2024-08-28T02:40:18.565+0000] {dag.py:3947} INFO - Setting next_dagrun for dataset_consumes_1_and_2 to None, run_after=None
[2024-08-28T02:40:18.613+0000] {logging_mixin.py:188} INFO - [2024-08-28T02:40:18.612+0000] {dag.py:3947} INFO - Setting next_dagrun for dataset_consumes_1_never_scheduled to None, run_after=None
[2024-08-28T02:40:18.645+0000] {logging_mixin.py:188} INFO - [2024-08-28T02:40:18.645+0000] {dag.py:3947} INFO - Setting next_dagrun for dataset_consumes_unknown_never_scheduled to None, run_after=None
[2024-08-28T02:40:18.680+0000] {logging_mixin.py:188} INFO - [2024-08-28T02:40:18.679+0000] {dag.py:3947} INFO - Setting next_dagrun for dataset_produces_1 to 2024-08-27 00:00:00+00:00, run_after=2024-08-28 00:00:00+00:00
[2024-08-28T02:40:18.696+0000] {logging_mixin.py:188} INFO - [2024-08-28T02:40:18.695+0000] {dag.py:3947} INFO - Setting next_dagrun for dataset_produces_2 to None, run_after=None
[2024-08-28T02:40:19.529+0000] {processor.py:183} INFO - Processing /home/airflow/.local/lib/python3.12/site-packages/airflow/example_dags/example_datasets.py took 2.604 seconds
[2024-08-28T02:40:51.084+0000] {processor.py:161} INFO - Started process (PID=391) to work on /home/airflow/.local/lib/python3.12/site-packages/airflow/example_dags/example_datasets.py
[2024-08-28T02:40:51.110+0000] {processor.py:830} INFO - Processing file /home/airflow/.local/lib/python3.12/site-packages/airflow/example_dags/example_datasets.py for tasks to queue
[2024-08-28T02:40:51.125+0000] {logging_mixin.py:188} INFO - [2024-08-28T02:40:51.120+0000] {dagbag.py:545} INFO - Filling up the DagBag from /home/airflow/.local/lib/python3.12/site-packages/airflow/example_dags/example_datasets.py
[2024-08-28T02:40:51.463+0000] {processor.py:840} INFO - DAG(s) 'dataset_consumes_1_and_2', 'consume_1_or_2_with_dataset_expressions', 'dataset_consumes_unknown_never_scheduled', 'consume_1_and_2_with_dataset_expressions', 'dataset_consumes_1', 'dataset_produces_2', 'dataset_consumes_1_never_scheduled', 'dataset_produces_1', 'conditional_dataset_and_time_based_timetable', 'consume_1_or_both_2_and_3_with_dataset_expressions' retrieved from /home/airflow/.local/lib/python3.12/site-packages/airflow/example_dags/example_datasets.py
[2024-08-28T02:40:52.546+0000] {logging_mixin.py:188} INFO - [2024-08-28T02:40:52.545+0000] {dag.py:3089} INFO - Sync 10 DAGs
[2024-08-28T02:40:52.947+0000] {logging_mixin.py:188} INFO - [2024-08-28T02:40:52.946+0000] {dag.py:3947} INFO - Setting next_dagrun for conditional_dataset_and_time_based_timetable to 2024-08-28 01:00:00+00:00, run_after=2024-08-28 01:00:00+00:00
[2024-08-28T02:40:53.037+0000] {logging_mixin.py:188} INFO - [2024-08-28T02:40:53.036+0000] {dag.py:3947} INFO - Setting next_dagrun for consume_1_and_2_with_dataset_expressions to None, run_after=None
[2024-08-28T02:40:53.093+0000] {logging_mixin.py:188} INFO - [2024-08-28T02:40:53.092+0000] {dag.py:3947} INFO - Setting next_dagrun for consume_1_or_2_with_dataset_expressions to None, run_after=None
[2024-08-28T02:40:53.138+0000] {logging_mixin.py:188} INFO - [2024-08-28T02:40:53.137+0000] {dag.py:3947} INFO - Setting next_dagrun for consume_1_or_both_2_and_3_with_dataset_expressions to None, run_after=None
[2024-08-28T02:40:53.162+0000] {logging_mixin.py:188} INFO - [2024-08-28T02:40:53.161+0000] {dag.py:3947} INFO - Setting next_dagrun for dataset_consumes_1 to None, run_after=None
[2024-08-28T02:40:53.195+0000] {logging_mixin.py:188} INFO - [2024-08-28T02:40:53.194+0000] {dag.py:3947} INFO - Setting next_dagrun for dataset_consumes_1_and_2 to None, run_after=None
[2024-08-28T02:40:53.293+0000] {logging_mixin.py:188} INFO - [2024-08-28T02:40:53.292+0000] {dag.py:3947} INFO - Setting next_dagrun for dataset_consumes_1_never_scheduled to None, run_after=None
[2024-08-28T02:40:53.329+0000] {logging_mixin.py:188} INFO - [2024-08-28T02:40:53.309+0000] {dag.py:3947} INFO - Setting next_dagrun for dataset_consumes_unknown_never_scheduled to None, run_after=None
[2024-08-28T02:40:53.397+0000] {logging_mixin.py:188} INFO - [2024-08-28T02:40:53.395+0000] {dag.py:3947} INFO - Setting next_dagrun for dataset_produces_1 to 2024-08-27 00:00:00+00:00, run_after=2024-08-28 00:00:00+00:00
[2024-08-28T02:40:53.450+0000] {logging_mixin.py:188} INFO - [2024-08-28T02:40:53.449+0000] {dag.py:3947} INFO - Setting next_dagrun for dataset_produces_2 to None, run_after=None
[2024-08-28T02:40:54.309+0000] {processor.py:183} INFO - Processing /home/airflow/.local/lib/python3.12/site-packages/airflow/example_dags/example_datasets.py took 3.319 seconds
[2024-08-28T02:42:02.393+0000] {processor.py:161} INFO - Started process (PID=452) to work on /home/airflow/.local/lib/python3.12/site-packages/airflow/example_dags/example_datasets.py
[2024-08-28T02:42:02.395+0000] {processor.py:830} INFO - Processing file /home/airflow/.local/lib/python3.12/site-packages/airflow/example_dags/example_datasets.py for tasks to queue
[2024-08-28T02:42:02.402+0000] {logging_mixin.py:188} INFO - [2024-08-28T02:42:02.401+0000] {dagbag.py:545} INFO - Filling up the DagBag from /home/airflow/.local/lib/python3.12/site-packages/airflow/example_dags/example_datasets.py
[2024-08-28T02:42:02.440+0000] {processor.py:840} INFO - DAG(s) 'dataset_produces_2', 'dataset_consumes_1_and_2', 'consume_1_and_2_with_dataset_expressions', 'dataset_consumes_1', 'consume_1_or_both_2_and_3_with_dataset_expressions', 'conditional_dataset_and_time_based_timetable', 'consume_1_or_2_with_dataset_expressions', 'dataset_consumes_unknown_never_scheduled', 'dataset_produces_1', 'dataset_consumes_1_never_scheduled' retrieved from /home/airflow/.local/lib/python3.12/site-packages/airflow/example_dags/example_datasets.py
[2024-08-28T02:42:02.617+0000] {logging_mixin.py:188} INFO - [2024-08-28T02:42:02.617+0000] {dag.py:3089} INFO - Sync 10 DAGs
[2024-08-28T02:42:02.722+0000] {logging_mixin.py:188} INFO - [2024-08-28T02:42:02.722+0000] {dag.py:3947} INFO - Setting next_dagrun for conditional_dataset_and_time_based_timetable to 2024-08-28 01:00:00+00:00, run_after=2024-08-28 01:00:00+00:00
[2024-08-28T02:42:02.733+0000] {logging_mixin.py:188} INFO - [2024-08-28T02:42:02.732+0000] {dag.py:3947} INFO - Setting next_dagrun for consume_1_and_2_with_dataset_expressions to None, run_after=None
[2024-08-28T02:42:02.737+0000] {logging_mixin.py:188} INFO - [2024-08-28T02:42:02.736+0000] {dag.py:3947} INFO - Setting next_dagrun for consume_1_or_2_with_dataset_expressions to None, run_after=None
[2024-08-28T02:42:02.740+0000] {logging_mixin.py:188} INFO - [2024-08-28T02:42:02.740+0000] {dag.py:3947} INFO - Setting next_dagrun for consume_1_or_both_2_and_3_with_dataset_expressions to None, run_after=None
[2024-08-28T02:42:02.744+0000] {logging_mixin.py:188} INFO - [2024-08-28T02:42:02.744+0000] {dag.py:3947} INFO - Setting next_dagrun for dataset_consumes_1 to None, run_after=None
[2024-08-28T02:42:02.751+0000] {logging_mixin.py:188} INFO - [2024-08-28T02:42:02.750+0000] {dag.py:3947} INFO - Setting next_dagrun for dataset_consumes_1_and_2 to None, run_after=None
[2024-08-28T02:42:02.757+0000] {logging_mixin.py:188} INFO - [2024-08-28T02:42:02.756+0000] {dag.py:3947} INFO - Setting next_dagrun for dataset_consumes_1_never_scheduled to None, run_after=None
[2024-08-28T02:42:02.764+0000] {logging_mixin.py:188} INFO - [2024-08-28T02:42:02.763+0000] {dag.py:3947} INFO - Setting next_dagrun for dataset_consumes_unknown_never_scheduled to None, run_after=None
[2024-08-28T02:42:02.776+0000] {logging_mixin.py:188} INFO - [2024-08-28T02:42:02.775+0000] {dag.py:3947} INFO - Setting next_dagrun for dataset_produces_1 to 2024-08-27 00:00:00+00:00, run_after=2024-08-28 00:00:00+00:00
[2024-08-28T02:42:02.784+0000] {logging_mixin.py:188} INFO - [2024-08-28T02:42:02.783+0000] {dag.py:3947} INFO - Setting next_dagrun for dataset_produces_2 to None, run_after=None
[2024-08-28T02:42:02.923+0000] {processor.py:183} INFO - Processing /home/airflow/.local/lib/python3.12/site-packages/airflow/example_dags/example_datasets.py took 0.544 seconds
[2024-08-28T02:42:33.756+0000] {processor.py:161} INFO - Started process (PID=510) to work on /home/airflow/.local/lib/python3.12/site-packages/airflow/example_dags/example_datasets.py
[2024-08-28T02:42:33.759+0000] {processor.py:830} INFO - Processing file /home/airflow/.local/lib/python3.12/site-packages/airflow/example_dags/example_datasets.py for tasks to queue
[2024-08-28T02:42:33.764+0000] {logging_mixin.py:188} INFO - [2024-08-28T02:42:33.764+0000] {dagbag.py:545} INFO - Filling up the DagBag from /home/airflow/.local/lib/python3.12/site-packages/airflow/example_dags/example_datasets.py
[2024-08-28T02:42:33.794+0000] {processor.py:840} INFO - DAG(s) 'dataset_consumes_1_never_scheduled', 'dataset_consumes_1', 'conditional_dataset_and_time_based_timetable', 'dataset_produces_1', 'dataset_consumes_1_and_2', 'consume_1_or_both_2_and_3_with_dataset_expressions', 'consume_1_and_2_with_dataset_expressions', 'dataset_produces_2', 'consume_1_or_2_with_dataset_expressions', 'dataset_consumes_unknown_never_scheduled' retrieved from /home/airflow/.local/lib/python3.12/site-packages/airflow/example_dags/example_datasets.py
[2024-08-28T02:42:33.874+0000] {logging_mixin.py:188} INFO - [2024-08-28T02:42:33.874+0000] {dag.py:3089} INFO - Sync 10 DAGs
[2024-08-28T02:42:33.924+0000] {logging_mixin.py:188} INFO - [2024-08-28T02:42:33.923+0000] {dag.py:3947} INFO - Setting next_dagrun for conditional_dataset_and_time_based_timetable to 2024-08-28 01:00:00+00:00, run_after=2024-08-28 01:00:00+00:00
[2024-08-28T02:42:33.930+0000] {logging_mixin.py:188} INFO - [2024-08-28T02:42:33.930+0000] {dag.py:3947} INFO - Setting next_dagrun for consume_1_and_2_with_dataset_expressions to None, run_after=None
[2024-08-28T02:42:33.935+0000] {logging_mixin.py:188} INFO - [2024-08-28T02:42:33.934+0000] {dag.py:3947} INFO - Setting next_dagrun for consume_1_or_2_with_dataset_expressions to None, run_after=None
[2024-08-28T02:42:33.937+0000] {logging_mixin.py:188} INFO - [2024-08-28T02:42:33.937+0000] {dag.py:3947} INFO - Setting next_dagrun for consume_1_or_both_2_and_3_with_dataset_expressions to None, run_after=None
[2024-08-28T02:42:33.940+0000] {logging_mixin.py:188} INFO - [2024-08-28T02:42:33.939+0000] {dag.py:3947} INFO - Setting next_dagrun for dataset_consumes_1 to None, run_after=None
[2024-08-28T02:42:33.943+0000] {logging_mixin.py:188} INFO - [2024-08-28T02:42:33.942+0000] {dag.py:3947} INFO - Setting next_dagrun for dataset_consumes_1_and_2 to None, run_after=None
[2024-08-28T02:42:33.946+0000] {logging_mixin.py:188} INFO - [2024-08-28T02:42:33.945+0000] {dag.py:3947} INFO - Setting next_dagrun for dataset_consumes_1_never_scheduled to None, run_after=None
[2024-08-28T02:42:33.949+0000] {logging_mixin.py:188} INFO - [2024-08-28T02:42:33.948+0000] {dag.py:3947} INFO - Setting next_dagrun for dataset_consumes_unknown_never_scheduled to None, run_after=None
[2024-08-28T02:42:33.953+0000] {logging_mixin.py:188} INFO - [2024-08-28T02:42:33.953+0000] {dag.py:3947} INFO - Setting next_dagrun for dataset_produces_1 to 2024-08-27 00:00:00+00:00, run_after=2024-08-28 00:00:00+00:00
[2024-08-28T02:42:33.957+0000] {logging_mixin.py:188} INFO - [2024-08-28T02:42:33.956+0000] {dag.py:3947} INFO - Setting next_dagrun for dataset_produces_2 to None, run_after=None
[2024-08-28T02:42:34.042+0000] {processor.py:183} INFO - Processing /home/airflow/.local/lib/python3.12/site-packages/airflow/example_dags/example_datasets.py took 0.300 seconds
[2024-08-28T02:43:04.301+0000] {processor.py:161} INFO - Started process (PID=566) to work on /home/airflow/.local/lib/python3.12/site-packages/airflow/example_dags/example_datasets.py
[2024-08-28T02:43:04.303+0000] {processor.py:830} INFO - Processing file /home/airflow/.local/lib/python3.12/site-packages/airflow/example_dags/example_datasets.py for tasks to queue
[2024-08-28T02:43:04.306+0000] {logging_mixin.py:188} INFO - [2024-08-28T02:43:04.306+0000] {dagbag.py:545} INFO - Filling up the DagBag from /home/airflow/.local/lib/python3.12/site-packages/airflow/example_dags/example_datasets.py
[2024-08-28T02:43:04.333+0000] {processor.py:840} INFO - DAG(s) 'conditional_dataset_and_time_based_timetable', 'consume_1_and_2_with_dataset_expressions', 'dataset_produces_2', 'dataset_consumes_1', 'dataset_consumes_1_never_scheduled', 'dataset_produces_1', 'consume_1_or_2_with_dataset_expressions', 'dataset_consumes_unknown_never_scheduled', 'dataset_consumes_1_and_2', 'consume_1_or_both_2_and_3_with_dataset_expressions' retrieved from /home/airflow/.local/lib/python3.12/site-packages/airflow/example_dags/example_datasets.py
[2024-08-28T02:43:04.460+0000] {logging_mixin.py:188} INFO - [2024-08-28T02:43:04.460+0000] {dag.py:3089} INFO - Sync 10 DAGs
[2024-08-28T02:43:04.532+0000] {logging_mixin.py:188} INFO - [2024-08-28T02:43:04.532+0000] {dag.py:3947} INFO - Setting next_dagrun for conditional_dataset_and_time_based_timetable to 2024-08-28 01:00:00+00:00, run_after=2024-08-28 01:00:00+00:00
[2024-08-28T02:43:04.542+0000] {logging_mixin.py:188} INFO - [2024-08-28T02:43:04.541+0000] {dag.py:3947} INFO - Setting next_dagrun for consume_1_and_2_with_dataset_expressions to None, run_after=None
[2024-08-28T02:43:04.545+0000] {logging_mixin.py:188} INFO - [2024-08-28T02:43:04.545+0000] {dag.py:3947} INFO - Setting next_dagrun for consume_1_or_2_with_dataset_expressions to None, run_after=None
[2024-08-28T02:43:04.549+0000] {logging_mixin.py:188} INFO - [2024-08-28T02:43:04.549+0000] {dag.py:3947} INFO - Setting next_dagrun for consume_1_or_both_2_and_3_with_dataset_expressions to None, run_after=None
[2024-08-28T02:43:04.552+0000] {logging_mixin.py:188} INFO - [2024-08-28T02:43:04.552+0000] {dag.py:3947} INFO - Setting next_dagrun for dataset_consumes_1 to None, run_after=None
[2024-08-28T02:43:04.555+0000] {logging_mixin.py:188} INFO - [2024-08-28T02:43:04.555+0000] {dag.py:3947} INFO - Setting next_dagrun for dataset_consumes_1_and_2 to None, run_after=None
[2024-08-28T02:43:04.558+0000] {logging_mixin.py:188} INFO - [2024-08-28T02:43:04.558+0000] {dag.py:3947} INFO - Setting next_dagrun for dataset_consumes_1_never_scheduled to None, run_after=None
[2024-08-28T02:43:04.561+0000] {logging_mixin.py:188} INFO - [2024-08-28T02:43:04.561+0000] {dag.py:3947} INFO - Setting next_dagrun for dataset_consumes_unknown_never_scheduled to None, run_after=None
[2024-08-28T02:43:04.566+0000] {logging_mixin.py:188} INFO - [2024-08-28T02:43:04.566+0000] {dag.py:3947} INFO - Setting next_dagrun for dataset_produces_1 to 2024-08-27 00:00:00+00:00, run_after=2024-08-28 00:00:00+00:00
[2024-08-28T02:43:04.571+0000] {logging_mixin.py:188} INFO - [2024-08-28T02:43:04.570+0000] {dag.py:3947} INFO - Setting next_dagrun for dataset_produces_2 to None, run_after=None
[2024-08-28T02:43:04.653+0000] {processor.py:183} INFO - Processing /home/airflow/.local/lib/python3.12/site-packages/airflow/example_dags/example_datasets.py took 0.361 seconds
[2024-08-28T02:43:35.320+0000] {processor.py:161} INFO - Started process (PID=624) to work on /home/airflow/.local/lib/python3.12/site-packages/airflow/example_dags/example_datasets.py
[2024-08-28T02:43:35.322+0000] {processor.py:830} INFO - Processing file /home/airflow/.local/lib/python3.12/site-packages/airflow/example_dags/example_datasets.py for tasks to queue
[2024-08-28T02:43:35.325+0000] {logging_mixin.py:188} INFO - [2024-08-28T02:43:35.325+0000] {dagbag.py:545} INFO - Filling up the DagBag from /home/airflow/.local/lib/python3.12/site-packages/airflow/example_dags/example_datasets.py
[2024-08-28T02:43:35.357+0000] {processor.py:840} INFO - DAG(s) 'dataset_produces_2', 'dataset_consumes_unknown_never_scheduled', 'conditional_dataset_and_time_based_timetable', 'consume_1_or_both_2_and_3_with_dataset_expressions', 'dataset_consumes_1_never_scheduled', 'consume_1_or_2_with_dataset_expressions', 'dataset_consumes_1_and_2', 'dataset_consumes_1', 'dataset_produces_1', 'consume_1_and_2_with_dataset_expressions' retrieved from /home/airflow/.local/lib/python3.12/site-packages/airflow/example_dags/example_datasets.py
[2024-08-28T02:43:35.447+0000] {logging_mixin.py:188} INFO - [2024-08-28T02:43:35.446+0000] {dag.py:3089} INFO - Sync 10 DAGs
[2024-08-28T02:43:35.499+0000] {logging_mixin.py:188} INFO - [2024-08-28T02:43:35.499+0000] {dag.py:3947} INFO - Setting next_dagrun for conditional_dataset_and_time_based_timetable to 2024-08-28 01:00:00+00:00, run_after=2024-08-28 01:00:00+00:00
[2024-08-28T02:43:35.508+0000] {logging_mixin.py:188} INFO - [2024-08-28T02:43:35.507+0000] {dag.py:3947} INFO - Setting next_dagrun for consume_1_and_2_with_dataset_expressions to None, run_after=None
[2024-08-28T02:43:35.513+0000] {logging_mixin.py:188} INFO - [2024-08-28T02:43:35.513+0000] {dag.py:3947} INFO - Setting next_dagrun for consume_1_or_2_with_dataset_expressions to None, run_after=None
[2024-08-28T02:43:35.517+0000] {logging_mixin.py:188} INFO - [2024-08-28T02:43:35.516+0000] {dag.py:3947} INFO - Setting next_dagrun for consume_1_or_both_2_and_3_with_dataset_expressions to None, run_after=None
[2024-08-28T02:43:35.520+0000] {logging_mixin.py:188} INFO - [2024-08-28T02:43:35.519+0000] {dag.py:3947} INFO - Setting next_dagrun for dataset_consumes_1 to None, run_after=None
[2024-08-28T02:43:35.523+0000] {logging_mixin.py:188} INFO - [2024-08-28T02:43:35.522+0000] {dag.py:3947} INFO - Setting next_dagrun for dataset_consumes_1_and_2 to None, run_after=None
[2024-08-28T02:43:35.526+0000] {logging_mixin.py:188} INFO - [2024-08-28T02:43:35.525+0000] {dag.py:3947} INFO - Setting next_dagrun for dataset_consumes_1_never_scheduled to None, run_after=None
[2024-08-28T02:43:35.529+0000] {logging_mixin.py:188} INFO - [2024-08-28T02:43:35.529+0000] {dag.py:3947} INFO - Setting next_dagrun for dataset_consumes_unknown_never_scheduled to None, run_after=None
[2024-08-28T02:43:35.535+0000] {logging_mixin.py:188} INFO - [2024-08-28T02:43:35.534+0000] {dag.py:3947} INFO - Setting next_dagrun for dataset_produces_1 to 2024-08-27 00:00:00+00:00, run_after=2024-08-28 00:00:00+00:00
[2024-08-28T02:43:35.537+0000] {logging_mixin.py:188} INFO - [2024-08-28T02:43:35.537+0000] {dag.py:3947} INFO - Setting next_dagrun for dataset_produces_2 to None, run_after=None
[2024-08-28T02:43:35.613+0000] {processor.py:183} INFO - Processing /home/airflow/.local/lib/python3.12/site-packages/airflow/example_dags/example_datasets.py took 0.305 seconds
[2024-08-28T02:44:06.020+0000] {processor.py:161} INFO - Started process (PID=681) to work on /home/airflow/.local/lib/python3.12/site-packages/airflow/example_dags/example_datasets.py
[2024-08-28T02:44:06.024+0000] {processor.py:830} INFO - Processing file /home/airflow/.local/lib/python3.12/site-packages/airflow/example_dags/example_datasets.py for tasks to queue
[2024-08-28T02:44:06.028+0000] {logging_mixin.py:188} INFO - [2024-08-28T02:44:06.027+0000] {dagbag.py:545} INFO - Filling up the DagBag from /home/airflow/.local/lib/python3.12/site-packages/airflow/example_dags/example_datasets.py
[2024-08-28T02:44:06.070+0000] {processor.py:840} INFO - DAG(s) 'consume_1_and_2_with_dataset_expressions', 'dataset_consumes_1_never_scheduled', 'dataset_consumes_unknown_never_scheduled', 'dataset_consumes_1_and_2', 'dataset_consumes_1', 'consume_1_or_both_2_and_3_with_dataset_expressions', 'consume_1_or_2_with_dataset_expressions', 'dataset_produces_1', 'conditional_dataset_and_time_based_timetable', 'dataset_produces_2' retrieved from /home/airflow/.local/lib/python3.12/site-packages/airflow/example_dags/example_datasets.py
[2024-08-28T02:44:06.290+0000] {logging_mixin.py:188} INFO - [2024-08-28T02:44:06.290+0000] {dag.py:3089} INFO - Sync 10 DAGs
[2024-08-28T02:44:06.371+0000] {logging_mixin.py:188} INFO - [2024-08-28T02:44:06.370+0000] {dag.py:3947} INFO - Setting next_dagrun for conditional_dataset_and_time_based_timetable to 2024-08-28 01:00:00+00:00, run_after=2024-08-28 01:00:00+00:00
[2024-08-28T02:44:06.384+0000] {logging_mixin.py:188} INFO - [2024-08-28T02:44:06.384+0000] {dag.py:3947} INFO - Setting next_dagrun for consume_1_and_2_with_dataset_expressions to None, run_after=None
[2024-08-28T02:44:06.388+0000] {logging_mixin.py:188} INFO - [2024-08-28T02:44:06.388+0000] {dag.py:3947} INFO - Setting next_dagrun for consume_1_or_2_with_dataset_expressions to None, run_after=None
[2024-08-28T02:44:06.392+0000] {logging_mixin.py:188} INFO - [2024-08-28T02:44:06.391+0000] {dag.py:3947} INFO - Setting next_dagrun for consume_1_or_both_2_and_3_with_dataset_expressions to None, run_after=None
[2024-08-28T02:44:06.396+0000] {logging_mixin.py:188} INFO - [2024-08-28T02:44:06.396+0000] {dag.py:3947} INFO - Setting next_dagrun for dataset_consumes_1 to None, run_after=None
[2024-08-28T02:44:06.404+0000] {logging_mixin.py:188} INFO - [2024-08-28T02:44:06.404+0000] {dag.py:3947} INFO - Setting next_dagrun for dataset_consumes_1_and_2 to None, run_after=None
[2024-08-28T02:44:06.423+0000] {logging_mixin.py:188} INFO - [2024-08-28T02:44:06.422+0000] {dag.py:3947} INFO - Setting next_dagrun for dataset_consumes_1_never_scheduled to None, run_after=None
[2024-08-28T02:44:06.428+0000] {logging_mixin.py:188} INFO - [2024-08-28T02:44:06.427+0000] {dag.py:3947} INFO - Setting next_dagrun for dataset_consumes_unknown_never_scheduled to None, run_after=None
[2024-08-28T02:44:06.443+0000] {logging_mixin.py:188} INFO - [2024-08-28T02:44:06.443+0000] {dag.py:3947} INFO - Setting next_dagrun for dataset_produces_1 to 2024-08-27 00:00:00+00:00, run_after=2024-08-28 00:00:00+00:00
[2024-08-28T02:44:06.450+0000] {logging_mixin.py:188} INFO - [2024-08-28T02:44:06.450+0000] {dag.py:3947} INFO - Setting next_dagrun for dataset_produces_2 to None, run_after=None
[2024-08-28T02:44:06.642+0000] {processor.py:183} INFO - Processing /home/airflow/.local/lib/python3.12/site-packages/airflow/example_dags/example_datasets.py took 0.636 seconds
[2024-08-28T02:53:45.771+0000] {processor.py:161} INFO - Started process (PID=127) to work on /home/airflow/.local/lib/python3.12/site-packages/airflow/example_dags/example_datasets.py
[2024-08-28T02:53:45.809+0000] {processor.py:830} INFO - Processing file /home/airflow/.local/lib/python3.12/site-packages/airflow/example_dags/example_datasets.py for tasks to queue
[2024-08-28T02:53:45.814+0000] {logging_mixin.py:188} INFO - [2024-08-28T02:53:45.813+0000] {dagbag.py:545} INFO - Filling up the DagBag from /home/airflow/.local/lib/python3.12/site-packages/airflow/example_dags/example_datasets.py
[2024-08-28T02:53:45.955+0000] {processor.py:840} INFO - DAG(s) 'dataset_consumes_1', 'dataset_consumes_1_never_scheduled', 'dataset_produces_2', 'consume_1_and_2_with_dataset_expressions', 'dataset_consumes_unknown_never_scheduled', 'conditional_dataset_and_time_based_timetable', 'dataset_consumes_1_and_2', 'dataset_produces_1', 'consume_1_or_2_with_dataset_expressions', 'consume_1_or_both_2_and_3_with_dataset_expressions' retrieved from /home/airflow/.local/lib/python3.12/site-packages/airflow/example_dags/example_datasets.py
[2024-08-28T02:53:46.872+0000] {logging_mixin.py:188} INFO - [2024-08-28T02:53:46.872+0000] {dag.py:3089} INFO - Sync 10 DAGs
[2024-08-28T02:53:47.075+0000] {logging_mixin.py:188} INFO - [2024-08-28T02:53:47.074+0000] {dag.py:3947} INFO - Setting next_dagrun for conditional_dataset_and_time_based_timetable to 2024-08-28 01:00:00+00:00, run_after=2024-08-28 01:00:00+00:00
[2024-08-28T02:53:47.121+0000] {logging_mixin.py:188} INFO - [2024-08-28T02:53:47.121+0000] {dag.py:3947} INFO - Setting next_dagrun for consume_1_and_2_with_dataset_expressions to None, run_after=None
[2024-08-28T02:53:47.130+0000] {logging_mixin.py:188} INFO - [2024-08-28T02:53:47.130+0000] {dag.py:3947} INFO - Setting next_dagrun for consume_1_or_2_with_dataset_expressions to None, run_after=None
[2024-08-28T02:53:47.141+0000] {logging_mixin.py:188} INFO - [2024-08-28T02:53:47.140+0000] {dag.py:3947} INFO - Setting next_dagrun for consume_1_or_both_2_and_3_with_dataset_expressions to None, run_after=None
[2024-08-28T02:53:47.145+0000] {logging_mixin.py:188} INFO - [2024-08-28T02:53:47.144+0000] {dag.py:3947} INFO - Setting next_dagrun for dataset_consumes_1 to None, run_after=None
[2024-08-28T02:53:47.149+0000] {logging_mixin.py:188} INFO - [2024-08-28T02:53:47.148+0000] {dag.py:3947} INFO - Setting next_dagrun for dataset_consumes_1_and_2 to None, run_after=None
[2024-08-28T02:53:47.171+0000] {logging_mixin.py:188} INFO - [2024-08-28T02:53:47.170+0000] {dag.py:3947} INFO - Setting next_dagrun for dataset_consumes_1_never_scheduled to None, run_after=None
[2024-08-28T02:53:47.175+0000] {logging_mixin.py:188} INFO - [2024-08-28T02:53:47.174+0000] {dag.py:3947} INFO - Setting next_dagrun for dataset_consumes_unknown_never_scheduled to None, run_after=None
[2024-08-28T02:53:47.183+0000] {logging_mixin.py:188} INFO - [2024-08-28T02:53:47.182+0000] {dag.py:3947} INFO - Setting next_dagrun for dataset_produces_1 to 2024-08-27 00:00:00+00:00, run_after=2024-08-28 00:00:00+00:00
[2024-08-28T02:53:47.241+0000] {logging_mixin.py:188} INFO - [2024-08-28T02:53:47.229+0000] {dag.py:3947} INFO - Setting next_dagrun for dataset_produces_2 to None, run_after=None
[2024-08-28T02:53:47.587+0000] {processor.py:183} INFO - Processing /home/airflow/.local/lib/python3.12/site-packages/airflow/example_dags/example_datasets.py took 1.854 seconds
[2024-08-28T02:54:37.181+0000] {processor.py:161} INFO - Started process (PID=191) to work on /home/airflow/.local/lib/python3.12/site-packages/airflow/example_dags/example_datasets.py
[2024-08-28T02:54:37.206+0000] {processor.py:830} INFO - Processing file /home/airflow/.local/lib/python3.12/site-packages/airflow/example_dags/example_datasets.py for tasks to queue
[2024-08-28T02:54:37.215+0000] {logging_mixin.py:188} INFO - [2024-08-28T02:54:37.214+0000] {dagbag.py:545} INFO - Filling up the DagBag from /home/airflow/.local/lib/python3.12/site-packages/airflow/example_dags/example_datasets.py
[2024-08-28T02:54:37.340+0000] {processor.py:840} INFO - DAG(s) 'dataset_consumes_1_and_2', 'dataset_consumes_1_never_scheduled', 'dataset_produces_2', 'dataset_consumes_unknown_never_scheduled', 'consume_1_or_both_2_and_3_with_dataset_expressions', 'conditional_dataset_and_time_based_timetable', 'consume_1_or_2_with_dataset_expressions', 'consume_1_and_2_with_dataset_expressions', 'dataset_produces_1', 'dataset_consumes_1' retrieved from /home/airflow/.local/lib/python3.12/site-packages/airflow/example_dags/example_datasets.py
[2024-08-28T02:54:37.645+0000] {logging_mixin.py:188} INFO - [2024-08-28T02:54:37.644+0000] {dag.py:3089} INFO - Sync 10 DAGs
[2024-08-28T02:54:37.779+0000] {logging_mixin.py:188} INFO - [2024-08-28T02:54:37.779+0000] {dag.py:3947} INFO - Setting next_dagrun for conditional_dataset_and_time_based_timetable to 2024-08-28 01:00:00+00:00, run_after=2024-08-28 01:00:00+00:00
[2024-08-28T02:54:37.806+0000] {logging_mixin.py:188} INFO - [2024-08-28T02:54:37.805+0000] {dag.py:3947} INFO - Setting next_dagrun for consume_1_and_2_with_dataset_expressions to None, run_after=None
[2024-08-28T02:54:37.830+0000] {logging_mixin.py:188} INFO - [2024-08-28T02:54:37.829+0000] {dag.py:3947} INFO - Setting next_dagrun for consume_1_or_2_with_dataset_expressions to None, run_after=None
[2024-08-28T02:54:37.834+0000] {logging_mixin.py:188} INFO - [2024-08-28T02:54:37.834+0000] {dag.py:3947} INFO - Setting next_dagrun for consume_1_or_both_2_and_3_with_dataset_expressions to None, run_after=None
[2024-08-28T02:54:37.838+0000] {logging_mixin.py:188} INFO - [2024-08-28T02:54:37.837+0000] {dag.py:3947} INFO - Setting next_dagrun for dataset_consumes_1 to None, run_after=None
[2024-08-28T02:54:37.841+0000] {logging_mixin.py:188} INFO - [2024-08-28T02:54:37.841+0000] {dag.py:3947} INFO - Setting next_dagrun for dataset_consumes_1_and_2 to None, run_after=None
[2024-08-28T02:54:37.845+0000] {logging_mixin.py:188} INFO - [2024-08-28T02:54:37.845+0000] {dag.py:3947} INFO - Setting next_dagrun for dataset_consumes_1_never_scheduled to None, run_after=None
[2024-08-28T02:54:37.849+0000] {logging_mixin.py:188} INFO - [2024-08-28T02:54:37.849+0000] {dag.py:3947} INFO - Setting next_dagrun for dataset_consumes_unknown_never_scheduled to None, run_after=None
[2024-08-28T02:54:37.857+0000] {logging_mixin.py:188} INFO - [2024-08-28T02:54:37.857+0000] {dag.py:3947} INFO - Setting next_dagrun for dataset_produces_1 to 2024-08-27 00:00:00+00:00, run_after=2024-08-28 00:00:00+00:00
[2024-08-28T02:54:37.861+0000] {logging_mixin.py:188} INFO - [2024-08-28T02:54:37.861+0000] {dag.py:3947} INFO - Setting next_dagrun for dataset_produces_2 to None, run_after=None
[2024-08-28T02:54:37.999+0000] {processor.py:183} INFO - Processing /home/airflow/.local/lib/python3.12/site-packages/airflow/example_dags/example_datasets.py took 0.860 seconds
[2024-08-28T02:59:22.355+0000] {processor.py:161} INFO - Started process (PID=91) to work on /home/airflow/.local/lib/python3.12/site-packages/airflow/example_dags/example_datasets.py
[2024-08-28T02:59:22.378+0000] {processor.py:830} INFO - Processing file /home/airflow/.local/lib/python3.12/site-packages/airflow/example_dags/example_datasets.py for tasks to queue
[2024-08-28T02:59:22.385+0000] {logging_mixin.py:188} INFO - [2024-08-28T02:59:22.382+0000] {dagbag.py:545} INFO - Filling up the DagBag from /home/airflow/.local/lib/python3.12/site-packages/airflow/example_dags/example_datasets.py
[2024-08-28T02:59:22.497+0000] {processor.py:840} INFO - DAG(s) 'dataset_consumes_1_and_2', 'dataset_consumes_1_never_scheduled', 'dataset_produces_1', 'consume_1_or_both_2_and_3_with_dataset_expressions', 'dataset_consumes_unknown_never_scheduled', 'conditional_dataset_and_time_based_timetable', 'dataset_produces_2', 'consume_1_or_2_with_dataset_expressions', 'dataset_consumes_1', 'consume_1_and_2_with_dataset_expressions' retrieved from /home/airflow/.local/lib/python3.12/site-packages/airflow/example_dags/example_datasets.py
[2024-08-28T02:59:23.136+0000] {logging_mixin.py:188} INFO - [2024-08-28T02:59:23.135+0000] {dag.py:3089} INFO - Sync 10 DAGs
[2024-08-28T02:59:23.207+0000] {logging_mixin.py:188} INFO - [2024-08-28T02:59:23.207+0000] {dag.py:3947} INFO - Setting next_dagrun for conditional_dataset_and_time_based_timetable to 2024-08-28 01:00:00+00:00, run_after=2024-08-28 01:00:00+00:00
[2024-08-28T02:59:23.216+0000] {logging_mixin.py:188} INFO - [2024-08-28T02:59:23.216+0000] {dag.py:3947} INFO - Setting next_dagrun for consume_1_and_2_with_dataset_expressions to None, run_after=None
[2024-08-28T02:59:23.220+0000] {logging_mixin.py:188} INFO - [2024-08-28T02:59:23.220+0000] {dag.py:3947} INFO - Setting next_dagrun for consume_1_or_2_with_dataset_expressions to None, run_after=None
[2024-08-28T02:59:23.223+0000] {logging_mixin.py:188} INFO - [2024-08-28T02:59:23.223+0000] {dag.py:3947} INFO - Setting next_dagrun for consume_1_or_both_2_and_3_with_dataset_expressions to None, run_after=None
[2024-08-28T02:59:23.229+0000] {logging_mixin.py:188} INFO - [2024-08-28T02:59:23.229+0000] {dag.py:3947} INFO - Setting next_dagrun for dataset_consumes_1 to None, run_after=None
[2024-08-28T02:59:23.232+0000] {logging_mixin.py:188} INFO - [2024-08-28T02:59:23.232+0000] {dag.py:3947} INFO - Setting next_dagrun for dataset_consumes_1_and_2 to None, run_after=None
[2024-08-28T02:59:23.236+0000] {logging_mixin.py:188} INFO - [2024-08-28T02:59:23.235+0000] {dag.py:3947} INFO - Setting next_dagrun for dataset_consumes_1_never_scheduled to None, run_after=None
[2024-08-28T02:59:23.239+0000] {logging_mixin.py:188} INFO - [2024-08-28T02:59:23.238+0000] {dag.py:3947} INFO - Setting next_dagrun for dataset_consumes_unknown_never_scheduled to None, run_after=None
[2024-08-28T02:59:23.245+0000] {logging_mixin.py:188} INFO - [2024-08-28T02:59:23.245+0000] {dag.py:3947} INFO - Setting next_dagrun for dataset_produces_1 to 2024-08-27 00:00:00+00:00, run_after=2024-08-28 00:00:00+00:00
[2024-08-28T02:59:23.249+0000] {logging_mixin.py:188} INFO - [2024-08-28T02:59:23.248+0000] {dag.py:3947} INFO - Setting next_dagrun for dataset_produces_2 to None, run_after=None
[2024-08-28T02:59:23.466+0000] {processor.py:183} INFO - Processing /home/airflow/.local/lib/python3.12/site-packages/airflow/example_dags/example_datasets.py took 1.130 seconds
[2024-08-28T03:58:20.453+0000] {processor.py:161} INFO - Started process (PID=115) to work on /home/airflow/.local/lib/python3.12/site-packages/airflow/example_dags/example_datasets.py
[2024-08-28T03:58:20.753+0000] {processor.py:830} INFO - Processing file /home/airflow/.local/lib/python3.12/site-packages/airflow/example_dags/example_datasets.py for tasks to queue
[2024-08-28T03:58:20.871+0000] {logging_mixin.py:188} INFO - [2024-08-28T03:58:20.855+0000] {dagbag.py:545} INFO - Filling up the DagBag from /home/airflow/.local/lib/python3.12/site-packages/airflow/example_dags/example_datasets.py
[2024-08-28T03:58:21.876+0000] {processor.py:840} INFO - DAG(s) 'dataset_consumes_1_never_scheduled', 'conditional_dataset_and_time_based_timetable', 'dataset_produces_2', 'dataset_consumes_1', 'consume_1_or_2_with_dataset_expressions', 'dataset_produces_1', 'consume_1_or_both_2_and_3_with_dataset_expressions', 'consume_1_and_2_with_dataset_expressions', 'dataset_consumes_unknown_never_scheduled', 'dataset_consumes_1_and_2' retrieved from /home/airflow/.local/lib/python3.12/site-packages/airflow/example_dags/example_datasets.py
[2024-08-28T03:58:29.065+0000] {logging_mixin.py:188} INFO - [2024-08-28T03:58:29.054+0000] {dag.py:3089} INFO - Sync 10 DAGs
[2024-08-28T03:58:29.943+0000] {logging_mixin.py:188} INFO - [2024-08-28T03:58:29.942+0000] {dag.py:3947} INFO - Setting next_dagrun for conditional_dataset_and_time_based_timetable to 2024-08-28 01:00:00+00:00, run_after=2024-08-28 01:00:00+00:00
[2024-08-28T03:58:30.249+0000] {logging_mixin.py:188} INFO - [2024-08-28T03:58:30.248+0000] {dag.py:3947} INFO - Setting next_dagrun for consume_1_and_2_with_dataset_expressions to None, run_after=None
[2024-08-28T03:58:30.524+0000] {logging_mixin.py:188} INFO - [2024-08-28T03:58:30.524+0000] {dag.py:3947} INFO - Setting next_dagrun for consume_1_or_2_with_dataset_expressions to None, run_after=None
[2024-08-28T03:58:30.778+0000] {logging_mixin.py:188} INFO - [2024-08-28T03:58:30.777+0000] {dag.py:3947} INFO - Setting next_dagrun for consume_1_or_both_2_and_3_with_dataset_expressions to None, run_after=None
[2024-08-28T03:58:31.171+0000] {logging_mixin.py:188} INFO - [2024-08-28T03:58:31.168+0000] {dag.py:3947} INFO - Setting next_dagrun for dataset_consumes_1 to None, run_after=None
[2024-08-28T03:58:31.283+0000] {logging_mixin.py:188} INFO - [2024-08-28T03:58:31.283+0000] {dag.py:3947} INFO - Setting next_dagrun for dataset_consumes_1_and_2 to None, run_after=None
[2024-08-28T03:58:31.373+0000] {logging_mixin.py:188} INFO - [2024-08-28T03:58:31.372+0000] {dag.py:3947} INFO - Setting next_dagrun for dataset_consumes_1_never_scheduled to None, run_after=None
[2024-08-28T03:58:31.689+0000] {logging_mixin.py:188} INFO - [2024-08-28T03:58:31.687+0000] {dag.py:3947} INFO - Setting next_dagrun for dataset_consumes_unknown_never_scheduled to None, run_after=None
[2024-08-28T03:58:32.085+0000] {logging_mixin.py:188} INFO - [2024-08-28T03:58:32.084+0000] {dag.py:3947} INFO - Setting next_dagrun for dataset_produces_1 to 2024-08-27 00:00:00+00:00, run_after=2024-08-28 00:00:00+00:00
[2024-08-28T03:58:32.120+0000] {logging_mixin.py:188} INFO - [2024-08-28T03:58:32.120+0000] {dag.py:3947} INFO - Setting next_dagrun for dataset_produces_2 to None, run_after=None
[2024-08-28T03:58:37.825+0000] {processor.py:183} INFO - Processing /home/airflow/.local/lib/python3.12/site-packages/airflow/example_dags/example_datasets.py took 17.534 seconds
[2024-08-28T04:05:38.346+0000] {processor.py:161} INFO - Started process (PID=236) to work on /home/airflow/.local/lib/python3.12/site-packages/airflow/example_dags/example_datasets.py
[2024-08-28T04:05:38.374+0000] {processor.py:830} INFO - Processing file /home/airflow/.local/lib/python3.12/site-packages/airflow/example_dags/example_datasets.py for tasks to queue
[2024-08-28T04:05:38.377+0000] {logging_mixin.py:188} INFO - [2024-08-28T04:05:38.376+0000] {dagbag.py:545} INFO - Filling up the DagBag from /home/airflow/.local/lib/python3.12/site-packages/airflow/example_dags/example_datasets.py
[2024-08-28T04:05:38.581+0000] {processor.py:840} INFO - DAG(s) 'dataset_produces_2', 'consume_1_or_2_with_dataset_expressions', 'consume_1_or_both_2_and_3_with_dataset_expressions', 'consume_1_and_2_with_dataset_expressions', 'dataset_consumes_unknown_never_scheduled', 'conditional_dataset_and_time_based_timetable', 'dataset_consumes_1_and_2', 'dataset_consumes_1_never_scheduled', 'dataset_produces_1', 'dataset_consumes_1' retrieved from /home/airflow/.local/lib/python3.12/site-packages/airflow/example_dags/example_datasets.py
[2024-08-28T04:05:38.993+0000] {logging_mixin.py:188} INFO - [2024-08-28T04:05:38.988+0000] {dag.py:3089} INFO - Sync 10 DAGs
[2024-08-28T04:05:39.173+0000] {logging_mixin.py:188} INFO - [2024-08-28T04:05:39.173+0000] {dag.py:3947} INFO - Setting next_dagrun for conditional_dataset_and_time_based_timetable to 2024-08-28 01:00:00+00:00, run_after=2024-08-28 01:00:00+00:00
[2024-08-28T04:05:39.210+0000] {logging_mixin.py:188} INFO - [2024-08-28T04:05:39.209+0000] {dag.py:3947} INFO - Setting next_dagrun for consume_1_and_2_with_dataset_expressions to None, run_after=None
[2024-08-28T04:05:39.216+0000] {logging_mixin.py:188} INFO - [2024-08-28T04:05:39.215+0000] {dag.py:3947} INFO - Setting next_dagrun for consume_1_or_2_with_dataset_expressions to None, run_after=None
[2024-08-28T04:05:39.226+0000] {logging_mixin.py:188} INFO - [2024-08-28T04:05:39.226+0000] {dag.py:3947} INFO - Setting next_dagrun for consume_1_or_both_2_and_3_with_dataset_expressions to None, run_after=None
[2024-08-28T04:05:39.235+0000] {logging_mixin.py:188} INFO - [2024-08-28T04:05:39.235+0000] {dag.py:3947} INFO - Setting next_dagrun for dataset_consumes_1 to None, run_after=None
[2024-08-28T04:05:39.278+0000] {logging_mixin.py:188} INFO - [2024-08-28T04:05:39.277+0000] {dag.py:3947} INFO - Setting next_dagrun for dataset_consumes_1_and_2 to None, run_after=None
[2024-08-28T04:05:39.303+0000] {logging_mixin.py:188} INFO - [2024-08-28T04:05:39.299+0000] {dag.py:3947} INFO - Setting next_dagrun for dataset_consumes_1_never_scheduled to None, run_after=None
[2024-08-28T04:05:39.312+0000] {logging_mixin.py:188} INFO - [2024-08-28T04:05:39.311+0000] {dag.py:3947} INFO - Setting next_dagrun for dataset_consumes_unknown_never_scheduled to None, run_after=None
[2024-08-28T04:05:39.330+0000] {logging_mixin.py:188} INFO - [2024-08-28T04:05:39.330+0000] {dag.py:3947} INFO - Setting next_dagrun for dataset_produces_1 to 2024-08-27 00:00:00+00:00, run_after=2024-08-28 00:00:00+00:00
[2024-08-28T04:05:39.355+0000] {logging_mixin.py:188} INFO - [2024-08-28T04:05:39.354+0000] {dag.py:3947} INFO - Setting next_dagrun for dataset_produces_2 to None, run_after=None
[2024-08-28T04:05:39.615+0000] {processor.py:183} INFO - Processing /home/airflow/.local/lib/python3.12/site-packages/airflow/example_dags/example_datasets.py took 1.301 seconds
[2024-08-28T04:06:11.865+0000] {processor.py:161} INFO - Started process (PID=292) to work on /home/airflow/.local/lib/python3.12/site-packages/airflow/example_dags/example_datasets.py
[2024-08-28T04:06:11.870+0000] {processor.py:830} INFO - Processing file /home/airflow/.local/lib/python3.12/site-packages/airflow/example_dags/example_datasets.py for tasks to queue
[2024-08-28T04:06:11.888+0000] {logging_mixin.py:188} INFO - [2024-08-28T04:06:11.873+0000] {dagbag.py:545} INFO - Filling up the DagBag from /home/airflow/.local/lib/python3.12/site-packages/airflow/example_dags/example_datasets.py
[2024-08-28T04:06:12.039+0000] {processor.py:840} INFO - DAG(s) 'dataset_produces_1', 'dataset_consumes_1', 'consume_1_or_2_with_dataset_expressions', 'dataset_consumes_unknown_never_scheduled', 'dataset_consumes_1_never_scheduled', 'consume_1_or_both_2_and_3_with_dataset_expressions', 'dataset_produces_2', 'consume_1_and_2_with_dataset_expressions', 'dataset_consumes_1_and_2', 'conditional_dataset_and_time_based_timetable' retrieved from /home/airflow/.local/lib/python3.12/site-packages/airflow/example_dags/example_datasets.py
[2024-08-28T04:06:12.474+0000] {logging_mixin.py:188} INFO - [2024-08-28T04:06:12.474+0000] {dag.py:3089} INFO - Sync 10 DAGs
[2024-08-28T04:06:12.779+0000] {logging_mixin.py:188} INFO - [2024-08-28T04:06:12.778+0000] {dag.py:3947} INFO - Setting next_dagrun for conditional_dataset_and_time_based_timetable to 2024-08-28 01:00:00+00:00, run_after=2024-08-28 01:00:00+00:00
[2024-08-28T04:06:12.820+0000] {logging_mixin.py:188} INFO - [2024-08-28T04:06:12.820+0000] {dag.py:3947} INFO - Setting next_dagrun for consume_1_and_2_with_dataset_expressions to None, run_after=None
[2024-08-28T04:06:12.825+0000] {logging_mixin.py:188} INFO - [2024-08-28T04:06:12.824+0000] {dag.py:3947} INFO - Setting next_dagrun for consume_1_or_2_with_dataset_expressions to None, run_after=None
[2024-08-28T04:06:12.837+0000] {logging_mixin.py:188} INFO - [2024-08-28T04:06:12.831+0000] {dag.py:3947} INFO - Setting next_dagrun for consume_1_or_both_2_and_3_with_dataset_expressions to None, run_after=None
[2024-08-28T04:06:12.855+0000] {logging_mixin.py:188} INFO - [2024-08-28T04:06:12.854+0000] {dag.py:3947} INFO - Setting next_dagrun for dataset_consumes_1 to None, run_after=None
[2024-08-28T04:06:12.861+0000] {logging_mixin.py:188} INFO - [2024-08-28T04:06:12.861+0000] {dag.py:3947} INFO - Setting next_dagrun for dataset_consumes_1_and_2 to None, run_after=None
[2024-08-28T04:06:12.866+0000] {logging_mixin.py:188} INFO - [2024-08-28T04:06:12.865+0000] {dag.py:3947} INFO - Setting next_dagrun for dataset_consumes_1_never_scheduled to None, run_after=None
[2024-08-28T04:06:12.871+0000] {logging_mixin.py:188} INFO - [2024-08-28T04:06:12.870+0000] {dag.py:3947} INFO - Setting next_dagrun for dataset_consumes_unknown_never_scheduled to None, run_after=None
[2024-08-28T04:06:12.903+0000] {logging_mixin.py:188} INFO - [2024-08-28T04:06:12.902+0000] {dag.py:3947} INFO - Setting next_dagrun for dataset_produces_1 to 2024-08-27 00:00:00+00:00, run_after=2024-08-28 00:00:00+00:00
[2024-08-28T04:06:12.906+0000] {logging_mixin.py:188} INFO - [2024-08-28T04:06:12.906+0000] {dag.py:3947} INFO - Setting next_dagrun for dataset_produces_2 to None, run_after=None
[2024-08-28T04:06:13.087+0000] {processor.py:183} INFO - Processing /home/airflow/.local/lib/python3.12/site-packages/airflow/example_dags/example_datasets.py took 1.269 seconds
[2024-08-28T04:06:51.014+0000] {processor.py:161} INFO - Started process (PID=346) to work on /home/airflow/.local/lib/python3.12/site-packages/airflow/example_dags/example_datasets.py
[2024-08-28T04:06:51.655+0000] {processor.py:830} INFO - Processing file /home/airflow/.local/lib/python3.12/site-packages/airflow/example_dags/example_datasets.py for tasks to queue
[2024-08-28T04:06:52.072+0000] {logging_mixin.py:188} INFO - [2024-08-28T04:06:52.041+0000] {dagbag.py:545} INFO - Filling up the DagBag from /home/airflow/.local/lib/python3.12/site-packages/airflow/example_dags/example_datasets.py
[2024-08-28T04:06:53.135+0000] {processor.py:840} INFO - DAG(s) 'dataset_consumes_1_and_2', 'consume_1_or_both_2_and_3_with_dataset_expressions', 'dataset_consumes_1', 'dataset_produces_1', 'conditional_dataset_and_time_based_timetable', 'dataset_consumes_1_never_scheduled', 'consume_1_and_2_with_dataset_expressions', 'dataset_consumes_unknown_never_scheduled', 'dataset_produces_2', 'consume_1_or_2_with_dataset_expressions' retrieved from /home/airflow/.local/lib/python3.12/site-packages/airflow/example_dags/example_datasets.py
[2024-08-28T04:06:54.405+0000] {logging_mixin.py:188} INFO - [2024-08-28T04:06:54.404+0000] {dag.py:3089} INFO - Sync 10 DAGs
[2024-08-28T04:06:54.872+0000] {logging_mixin.py:188} INFO - [2024-08-28T04:06:54.871+0000] {dag.py:3947} INFO - Setting next_dagrun for conditional_dataset_and_time_based_timetable to 2024-08-28 01:00:00+00:00, run_after=2024-08-28 01:00:00+00:00
[2024-08-28T04:06:55.770+0000] {logging_mixin.py:188} INFO - [2024-08-28T04:06:55.769+0000] {dag.py:3947} INFO - Setting next_dagrun for consume_1_and_2_with_dataset_expressions to None, run_after=None
[2024-08-28T04:06:56.051+0000] {logging_mixin.py:188} INFO - [2024-08-28T04:06:56.050+0000] {dag.py:3947} INFO - Setting next_dagrun for consume_1_or_2_with_dataset_expressions to None, run_after=None
[2024-08-28T04:06:56.228+0000] {logging_mixin.py:188} INFO - [2024-08-28T04:06:56.228+0000] {dag.py:3947} INFO - Setting next_dagrun for consume_1_or_both_2_and_3_with_dataset_expressions to None, run_after=None
[2024-08-28T04:06:56.485+0000] {logging_mixin.py:188} INFO - [2024-08-28T04:06:56.457+0000] {dag.py:3947} INFO - Setting next_dagrun for dataset_consumes_1 to None, run_after=None
[2024-08-28T04:06:56.823+0000] {logging_mixin.py:188} INFO - [2024-08-28T04:06:56.822+0000] {dag.py:3947} INFO - Setting next_dagrun for dataset_consumes_1_and_2 to None, run_after=None
[2024-08-28T04:06:57.126+0000] {logging_mixin.py:188} INFO - [2024-08-28T04:06:57.126+0000] {dag.py:3947} INFO - Setting next_dagrun for dataset_consumes_1_never_scheduled to None, run_after=None
[2024-08-28T04:06:57.342+0000] {logging_mixin.py:188} INFO - [2024-08-28T04:06:57.341+0000] {dag.py:3947} INFO - Setting next_dagrun for dataset_consumes_unknown_never_scheduled to None, run_after=None
[2024-08-28T04:06:57.521+0000] {logging_mixin.py:188} INFO - [2024-08-28T04:06:57.519+0000] {dag.py:3947} INFO - Setting next_dagrun for dataset_produces_1 to 2024-08-27 00:00:00+00:00, run_after=2024-08-28 00:00:00+00:00
[2024-08-28T04:06:57.711+0000] {logging_mixin.py:188} INFO - [2024-08-28T04:06:57.711+0000] {dag.py:3947} INFO - Setting next_dagrun for dataset_produces_2 to None, run_after=None
[2024-08-28T04:06:58.579+0000] {processor.py:183} INFO - Processing /home/airflow/.local/lib/python3.12/site-packages/airflow/example_dags/example_datasets.py took 7.914 seconds
[2024-08-28T04:08:49.388+0000] {processor.py:161} INFO - Started process (PID=420) to work on /home/airflow/.local/lib/python3.12/site-packages/airflow/example_dags/example_datasets.py
[2024-08-28T04:08:49.452+0000] {processor.py:830} INFO - Processing file /home/airflow/.local/lib/python3.12/site-packages/airflow/example_dags/example_datasets.py for tasks to queue
[2024-08-28T04:08:49.500+0000] {logging_mixin.py:188} INFO - [2024-08-28T04:08:49.499+0000] {dagbag.py:545} INFO - Filling up the DagBag from /home/airflow/.local/lib/python3.12/site-packages/airflow/example_dags/example_datasets.py
[2024-08-28T04:08:49.953+0000] {processor.py:840} INFO - DAG(s) 'conditional_dataset_and_time_based_timetable', 'dataset_consumes_1_and_2', 'consume_1_or_2_with_dataset_expressions', 'consume_1_and_2_with_dataset_expressions', 'dataset_consumes_1_never_scheduled', 'consume_1_or_both_2_and_3_with_dataset_expressions', 'dataset_consumes_unknown_never_scheduled', 'dataset_produces_1', 'dataset_consumes_1', 'dataset_produces_2' retrieved from /home/airflow/.local/lib/python3.12/site-packages/airflow/example_dags/example_datasets.py
[2024-08-28T04:08:51.392+0000] {logging_mixin.py:188} INFO - [2024-08-28T04:08:51.392+0000] {dag.py:3089} INFO - Sync 10 DAGs
[2024-08-28T04:08:52.016+0000] {logging_mixin.py:188} INFO - [2024-08-28T04:08:52.015+0000] {dag.py:3947} INFO - Setting next_dagrun for conditional_dataset_and_time_based_timetable to 2024-08-28 01:00:00+00:00, run_after=2024-08-28 01:00:00+00:00
[2024-08-28T04:08:52.325+0000] {logging_mixin.py:188} INFO - [2024-08-28T04:08:52.324+0000] {dag.py:3947} INFO - Setting next_dagrun for consume_1_and_2_with_dataset_expressions to None, run_after=None
[2024-08-28T04:08:52.446+0000] {logging_mixin.py:188} INFO - [2024-08-28T04:08:52.445+0000] {dag.py:3947} INFO - Setting next_dagrun for consume_1_or_2_with_dataset_expressions to None, run_after=None
[2024-08-28T04:08:52.700+0000] {logging_mixin.py:188} INFO - [2024-08-28T04:08:52.699+0000] {dag.py:3947} INFO - Setting next_dagrun for consume_1_or_both_2_and_3_with_dataset_expressions to None, run_after=None
[2024-08-28T04:08:52.783+0000] {logging_mixin.py:188} INFO - [2024-08-28T04:08:52.783+0000] {dag.py:3947} INFO - Setting next_dagrun for dataset_consumes_1 to None, run_after=None
[2024-08-28T04:08:53.023+0000] {logging_mixin.py:188} INFO - [2024-08-28T04:08:52.979+0000] {dag.py:3947} INFO - Setting next_dagrun for dataset_consumes_1_and_2 to None, run_after=None
[2024-08-28T04:08:53.354+0000] {logging_mixin.py:188} INFO - [2024-08-28T04:08:53.304+0000] {dag.py:3947} INFO - Setting next_dagrun for dataset_consumes_1_never_scheduled to None, run_after=None
[2024-08-28T04:08:53.581+0000] {logging_mixin.py:188} INFO - [2024-08-28T04:08:53.581+0000] {dag.py:3947} INFO - Setting next_dagrun for dataset_consumes_unknown_never_scheduled to None, run_after=None
[2024-08-28T04:08:53.981+0000] {logging_mixin.py:188} INFO - [2024-08-28T04:08:53.981+0000] {dag.py:3947} INFO - Setting next_dagrun for dataset_produces_1 to 2024-08-27 00:00:00+00:00, run_after=2024-08-28 00:00:00+00:00
[2024-08-28T04:08:54.116+0000] {logging_mixin.py:188} INFO - [2024-08-28T04:08:54.115+0000] {dag.py:3947} INFO - Setting next_dagrun for dataset_produces_2 to None, run_after=None
[2024-08-28T04:08:57.078+0000] {processor.py:183} INFO - Processing /home/airflow/.local/lib/python3.12/site-packages/airflow/example_dags/example_datasets.py took 7.866 seconds
[2024-08-28T04:11:05.557+0000] {processor.py:161} INFO - Started process (PID=473) to work on /home/airflow/.local/lib/python3.12/site-packages/airflow/example_dags/example_datasets.py
[2024-08-28T04:11:05.595+0000] {processor.py:830} INFO - Processing file /home/airflow/.local/lib/python3.12/site-packages/airflow/example_dags/example_datasets.py for tasks to queue
[2024-08-28T04:11:05.693+0000] {logging_mixin.py:188} INFO - [2024-08-28T04:11:05.692+0000] {dagbag.py:545} INFO - Filling up the DagBag from /home/airflow/.local/lib/python3.12/site-packages/airflow/example_dags/example_datasets.py
[2024-08-28T04:11:07.144+0000] {processor.py:840} INFO - DAG(s) 'conditional_dataset_and_time_based_timetable', 'dataset_consumes_1_and_2', 'dataset_produces_1', 'dataset_consumes_1', 'dataset_consumes_1_never_scheduled', 'dataset_produces_2', 'consume_1_and_2_with_dataset_expressions', 'dataset_consumes_unknown_never_scheduled', 'consume_1_or_2_with_dataset_expressions', 'consume_1_or_both_2_and_3_with_dataset_expressions' retrieved from /home/airflow/.local/lib/python3.12/site-packages/airflow/example_dags/example_datasets.py
[2024-08-28T04:11:10.549+0000] {logging_mixin.py:188} INFO - [2024-08-28T04:11:10.549+0000] {dag.py:3089} INFO - Sync 10 DAGs
[2024-08-28T04:11:11.163+0000] {logging_mixin.py:188} INFO - [2024-08-28T04:11:11.162+0000] {dag.py:3947} INFO - Setting next_dagrun for conditional_dataset_and_time_based_timetable to 2024-08-28 01:00:00+00:00, run_after=2024-08-28 01:00:00+00:00
[2024-08-28T04:11:11.296+0000] {logging_mixin.py:188} INFO - [2024-08-28T04:11:11.295+0000] {dag.py:3947} INFO - Setting next_dagrun for consume_1_and_2_with_dataset_expressions to None, run_after=None
[2024-08-28T04:11:11.367+0000] {logging_mixin.py:188} INFO - [2024-08-28T04:11:11.367+0000] {dag.py:3947} INFO - Setting next_dagrun for consume_1_or_2_with_dataset_expressions to None, run_after=None
[2024-08-28T04:11:11.391+0000] {logging_mixin.py:188} INFO - [2024-08-28T04:11:11.390+0000] {dag.py:3947} INFO - Setting next_dagrun for consume_1_or_both_2_and_3_with_dataset_expressions to None, run_after=None
[2024-08-28T04:11:11.407+0000] {logging_mixin.py:188} INFO - [2024-08-28T04:11:11.407+0000] {dag.py:3947} INFO - Setting next_dagrun for dataset_consumes_1 to None, run_after=None
[2024-08-28T04:11:11.424+0000] {logging_mixin.py:188} INFO - [2024-08-28T04:11:11.424+0000] {dag.py:3947} INFO - Setting next_dagrun for dataset_consumes_1_and_2 to None, run_after=None
[2024-08-28T04:11:11.502+0000] {logging_mixin.py:188} INFO - [2024-08-28T04:11:11.502+0000] {dag.py:3947} INFO - Setting next_dagrun for dataset_consumes_1_never_scheduled to None, run_after=None
[2024-08-28T04:11:11.664+0000] {logging_mixin.py:188} INFO - [2024-08-28T04:11:11.663+0000] {dag.py:3947} INFO - Setting next_dagrun for dataset_consumes_unknown_never_scheduled to None, run_after=None
[2024-08-28T04:11:11.712+0000] {logging_mixin.py:188} INFO - [2024-08-28T04:11:11.712+0000] {dag.py:3947} INFO - Setting next_dagrun for dataset_produces_1 to 2024-08-27 00:00:00+00:00, run_after=2024-08-28 00:00:00+00:00
[2024-08-28T04:11:11.745+0000] {logging_mixin.py:188} INFO - [2024-08-28T04:11:11.744+0000] {dag.py:3947} INFO - Setting next_dagrun for dataset_produces_2 to None, run_after=None
[2024-08-28T04:11:12.271+0000] {processor.py:183} INFO - Processing /home/airflow/.local/lib/python3.12/site-packages/airflow/example_dags/example_datasets.py took 7.082 seconds
[2024-08-28T04:13:13.255+0000] {processor.py:161} INFO - Started process (PID=541) to work on /home/airflow/.local/lib/python3.12/site-packages/airflow/example_dags/example_datasets.py
[2024-08-28T04:13:13.289+0000] {processor.py:830} INFO - Processing file /home/airflow/.local/lib/python3.12/site-packages/airflow/example_dags/example_datasets.py for tasks to queue
[2024-08-28T04:13:13.504+0000] {logging_mixin.py:188} INFO - [2024-08-28T04:13:13.503+0000] {dagbag.py:545} INFO - Filling up the DagBag from /home/airflow/.local/lib/python3.12/site-packages/airflow/example_dags/example_datasets.py
[2024-08-28T04:13:13.905+0000] {processor.py:840} INFO - DAG(s) 'dataset_consumes_1_never_scheduled', 'dataset_consumes_1_and_2', 'dataset_consumes_unknown_never_scheduled', 'dataset_consumes_1', 'consume_1_and_2_with_dataset_expressions', 'consume_1_or_2_with_dataset_expressions', 'dataset_produces_1', 'consume_1_or_both_2_and_3_with_dataset_expressions', 'conditional_dataset_and_time_based_timetable', 'dataset_produces_2' retrieved from /home/airflow/.local/lib/python3.12/site-packages/airflow/example_dags/example_datasets.py
[2024-08-28T04:13:19.594+0000] {logging_mixin.py:188} INFO - [2024-08-28T04:13:19.594+0000] {dag.py:3089} INFO - Sync 10 DAGs
[2024-08-28T04:13:21.726+0000] {logging_mixin.py:188} INFO - [2024-08-28T04:13:21.725+0000] {dag.py:3947} INFO - Setting next_dagrun for conditional_dataset_and_time_based_timetable to 2024-08-28 01:00:00+00:00, run_after=2024-08-28 01:00:00+00:00
[2024-08-28T04:13:22.020+0000] {logging_mixin.py:188} INFO - [2024-08-28T04:13:22.019+0000] {dag.py:3947} INFO - Setting next_dagrun for consume_1_and_2_with_dataset_expressions to None, run_after=None
[2024-08-28T04:13:22.051+0000] {logging_mixin.py:188} INFO - [2024-08-28T04:13:22.050+0000] {dag.py:3947} INFO - Setting next_dagrun for consume_1_or_2_with_dataset_expressions to None, run_after=None
[2024-08-28T04:13:22.130+0000] {logging_mixin.py:188} INFO - [2024-08-28T04:13:22.129+0000] {dag.py:3947} INFO - Setting next_dagrun for consume_1_or_both_2_and_3_with_dataset_expressions to None, run_after=None
[2024-08-28T04:13:22.224+0000] {logging_mixin.py:188} INFO - [2024-08-28T04:13:22.196+0000] {dag.py:3947} INFO - Setting next_dagrun for dataset_consumes_1 to None, run_after=None
[2024-08-28T04:13:22.293+0000] {logging_mixin.py:188} INFO - [2024-08-28T04:13:22.292+0000] {dag.py:3947} INFO - Setting next_dagrun for dataset_consumes_1_and_2 to None, run_after=None
[2024-08-28T04:13:22.330+0000] {logging_mixin.py:188} INFO - [2024-08-28T04:13:22.325+0000] {dag.py:3947} INFO - Setting next_dagrun for dataset_consumes_1_never_scheduled to None, run_after=None
[2024-08-28T04:13:22.379+0000] {logging_mixin.py:188} INFO - [2024-08-28T04:13:22.379+0000] {dag.py:3947} INFO - Setting next_dagrun for dataset_consumes_unknown_never_scheduled to None, run_after=None
[2024-08-28T04:13:22.444+0000] {logging_mixin.py:188} INFO - [2024-08-28T04:13:22.414+0000] {dag.py:3947} INFO - Setting next_dagrun for dataset_produces_1 to 2024-08-27 00:00:00+00:00, run_after=2024-08-28 00:00:00+00:00
[2024-08-28T04:13:22.511+0000] {logging_mixin.py:188} INFO - [2024-08-28T04:13:22.510+0000] {dag.py:3947} INFO - Setting next_dagrun for dataset_produces_2 to None, run_after=None
[2024-08-28T04:13:25.238+0000] {processor.py:183} INFO - Processing /home/airflow/.local/lib/python3.12/site-packages/airflow/example_dags/example_datasets.py took 12.251 seconds
[2024-08-28T04:14:56.441+0000] {processor.py:161} INFO - Started process (PID=595) to work on /home/airflow/.local/lib/python3.12/site-packages/airflow/example_dags/example_datasets.py
[2024-08-28T04:14:56.443+0000] {processor.py:830} INFO - Processing file /home/airflow/.local/lib/python3.12/site-packages/airflow/example_dags/example_datasets.py for tasks to queue
[2024-08-28T04:14:56.460+0000] {logging_mixin.py:188} INFO - [2024-08-28T04:14:56.458+0000] {dagbag.py:545} INFO - Filling up the DagBag from /home/airflow/.local/lib/python3.12/site-packages/airflow/example_dags/example_datasets.py
[2024-08-28T04:14:57.156+0000] {processor.py:840} INFO - DAG(s) 'consume_1_or_both_2_and_3_with_dataset_expressions', 'consume_1_or_2_with_dataset_expressions', 'dataset_produces_1', 'consume_1_and_2_with_dataset_expressions', 'dataset_consumes_unknown_never_scheduled', 'dataset_consumes_1', 'conditional_dataset_and_time_based_timetable', 'dataset_consumes_1_never_scheduled', 'dataset_produces_2', 'dataset_consumes_1_and_2' retrieved from /home/airflow/.local/lib/python3.12/site-packages/airflow/example_dags/example_datasets.py
[2024-08-28T04:14:58.953+0000] {logging_mixin.py:188} INFO - [2024-08-28T04:14:58.941+0000] {dag.py:3089} INFO - Sync 10 DAGs
[2024-08-28T04:14:59.669+0000] {logging_mixin.py:188} INFO - [2024-08-28T04:14:59.667+0000] {dag.py:3947} INFO - Setting next_dagrun for conditional_dataset_and_time_based_timetable to 2024-08-28 01:00:00+00:00, run_after=2024-08-28 01:00:00+00:00
[2024-08-28T04:14:59.746+0000] {logging_mixin.py:188} INFO - [2024-08-28T04:14:59.746+0000] {dag.py:3947} INFO - Setting next_dagrun for consume_1_and_2_with_dataset_expressions to None, run_after=None
[2024-08-28T04:14:59.763+0000] {logging_mixin.py:188} INFO - [2024-08-28T04:14:59.763+0000] {dag.py:3947} INFO - Setting next_dagrun for consume_1_or_2_with_dataset_expressions to None, run_after=None
[2024-08-28T04:14:59.891+0000] {logging_mixin.py:188} INFO - [2024-08-28T04:14:59.890+0000] {dag.py:3947} INFO - Setting next_dagrun for consume_1_or_both_2_and_3_with_dataset_expressions to None, run_after=None
[2024-08-28T04:14:59.952+0000] {logging_mixin.py:188} INFO - [2024-08-28T04:14:59.952+0000] {dag.py:3947} INFO - Setting next_dagrun for dataset_consumes_1 to None, run_after=None
[2024-08-28T04:15:00.033+0000] {logging_mixin.py:188} INFO - [2024-08-28T04:15:00.032+0000] {dag.py:3947} INFO - Setting next_dagrun for dataset_consumes_1_and_2 to None, run_after=None
[2024-08-28T04:15:00.098+0000] {logging_mixin.py:188} INFO - [2024-08-28T04:15:00.098+0000] {dag.py:3947} INFO - Setting next_dagrun for dataset_consumes_1_never_scheduled to None, run_after=None
[2024-08-28T04:15:00.131+0000] {logging_mixin.py:188} INFO - [2024-08-28T04:15:00.131+0000] {dag.py:3947} INFO - Setting next_dagrun for dataset_consumes_unknown_never_scheduled to None, run_after=None
[2024-08-28T04:15:00.254+0000] {logging_mixin.py:188} INFO - [2024-08-28T04:15:00.254+0000] {dag.py:3947} INFO - Setting next_dagrun for dataset_produces_1 to 2024-08-27 00:00:00+00:00, run_after=2024-08-28 00:00:00+00:00
[2024-08-28T04:15:00.286+0000] {logging_mixin.py:188} INFO - [2024-08-28T04:15:00.286+0000] {dag.py:3947} INFO - Setting next_dagrun for dataset_produces_2 to None, run_after=None
[2024-08-28T04:15:01.184+0000] {processor.py:183} INFO - Processing /home/airflow/.local/lib/python3.12/site-packages/airflow/example_dags/example_datasets.py took 4.879 seconds
[2024-08-28T04:16:48.630+0000] {processor.py:161} INFO - Started process (PID=656) to work on /home/airflow/.local/lib/python3.12/site-packages/airflow/example_dags/example_datasets.py
[2024-08-28T04:16:48.647+0000] {processor.py:830} INFO - Processing file /home/airflow/.local/lib/python3.12/site-packages/airflow/example_dags/example_datasets.py for tasks to queue
[2024-08-28T04:16:48.662+0000] {logging_mixin.py:188} INFO - [2024-08-28T04:16:48.661+0000] {dagbag.py:545} INFO - Filling up the DagBag from /home/airflow/.local/lib/python3.12/site-packages/airflow/example_dags/example_datasets.py
[2024-08-28T04:16:49.311+0000] {processor.py:840} INFO - DAG(s) 'dataset_produces_1', 'dataset_produces_2', 'dataset_consumes_1', 'conditional_dataset_and_time_based_timetable', 'dataset_consumes_unknown_never_scheduled', 'dataset_consumes_1_and_2', 'dataset_consumes_1_never_scheduled', 'consume_1_and_2_with_dataset_expressions', 'consume_1_or_both_2_and_3_with_dataset_expressions', 'consume_1_or_2_with_dataset_expressions' retrieved from /home/airflow/.local/lib/python3.12/site-packages/airflow/example_dags/example_datasets.py
[2024-08-28T04:16:52.336+0000] {logging_mixin.py:188} INFO - [2024-08-28T04:16:52.335+0000] {dag.py:3089} INFO - Sync 10 DAGs
[2024-08-28T04:16:52.557+0000] {logging_mixin.py:188} INFO - [2024-08-28T04:16:52.557+0000] {dag.py:3947} INFO - Setting next_dagrun for conditional_dataset_and_time_based_timetable to 2024-08-28 01:00:00+00:00, run_after=2024-08-28 01:00:00+00:00
[2024-08-28T04:16:52.598+0000] {logging_mixin.py:188} INFO - [2024-08-28T04:16:52.597+0000] {dag.py:3947} INFO - Setting next_dagrun for consume_1_and_2_with_dataset_expressions to None, run_after=None
[2024-08-28T04:16:52.617+0000] {logging_mixin.py:188} INFO - [2024-08-28T04:16:52.616+0000] {dag.py:3947} INFO - Setting next_dagrun for consume_1_or_2_with_dataset_expressions to None, run_after=None
[2024-08-28T04:16:52.636+0000] {logging_mixin.py:188} INFO - [2024-08-28T04:16:52.636+0000] {dag.py:3947} INFO - Setting next_dagrun for consume_1_or_both_2_and_3_with_dataset_expressions to None, run_after=None
[2024-08-28T04:16:52.656+0000] {logging_mixin.py:188} INFO - [2024-08-28T04:16:52.655+0000] {dag.py:3947} INFO - Setting next_dagrun for dataset_consumes_1 to None, run_after=None
[2024-08-28T04:16:52.670+0000] {logging_mixin.py:188} INFO - [2024-08-28T04:16:52.668+0000] {dag.py:3947} INFO - Setting next_dagrun for dataset_consumes_1_and_2 to None, run_after=None
[2024-08-28T04:16:52.678+0000] {logging_mixin.py:188} INFO - [2024-08-28T04:16:52.678+0000] {dag.py:3947} INFO - Setting next_dagrun for dataset_consumes_1_never_scheduled to None, run_after=None
[2024-08-28T04:16:52.697+0000] {logging_mixin.py:188} INFO - [2024-08-28T04:16:52.697+0000] {dag.py:3947} INFO - Setting next_dagrun for dataset_consumes_unknown_never_scheduled to None, run_after=None
[2024-08-28T04:16:52.719+0000] {logging_mixin.py:188} INFO - [2024-08-28T04:16:52.717+0000] {dag.py:3947} INFO - Setting next_dagrun for dataset_produces_1 to 2024-08-27 00:00:00+00:00, run_after=2024-08-28 00:00:00+00:00
[2024-08-28T04:16:52.766+0000] {logging_mixin.py:188} INFO - [2024-08-28T04:16:52.765+0000] {dag.py:3947} INFO - Setting next_dagrun for dataset_produces_2 to None, run_after=None
[2024-08-28T04:16:53.087+0000] {processor.py:183} INFO - Processing /home/airflow/.local/lib/python3.12/site-packages/airflow/example_dags/example_datasets.py took 4.539 seconds
