[2024-08-28T02:37:45.392+0000] {processor.py:161} INFO - Started process (PID=100) to work on /home/airflow/.local/lib/python3.12/site-packages/airflow/example_dags/example_branch_python_dop_operator_3.py
[2024-08-28T02:37:45.405+0000] {processor.py:830} INFO - Processing file /home/airflow/.local/lib/python3.12/site-packages/airflow/example_dags/example_branch_python_dop_operator_3.py for tasks to queue
[2024-08-28T02:37:45.409+0000] {logging_mixin.py:188} INFO - [2024-08-28T02:37:45.409+0000] {dagbag.py:545} INFO - Filling up the DagBag from /home/airflow/.local/lib/python3.12/site-packages/airflow/example_dags/example_branch_python_dop_operator_3.py
[2024-08-28T02:37:45.439+0000] {processor.py:840} INFO - DAG(s) 'example_branch_dop_operator_v3' retrieved from /home/airflow/.local/lib/python3.12/site-packages/airflow/example_dags/example_branch_python_dop_operator_3.py
[2024-08-28T02:37:45.724+0000] {logging_mixin.py:188} INFO - [2024-08-28T02:37:45.723+0000] {override.py:1858} INFO - Created Permission View: can edit on DAG:example_branch_dop_operator_v3
[2024-08-28T02:37:45.751+0000] {logging_mixin.py:188} INFO - [2024-08-28T02:37:45.750+0000] {override.py:1858} INFO - Created Permission View: can delete on DAG:example_branch_dop_operator_v3
[2024-08-28T02:37:45.784+0000] {logging_mixin.py:188} INFO - [2024-08-28T02:37:45.783+0000] {override.py:1858} INFO - Created Permission View: can read on DAG:example_branch_dop_operator_v3
[2024-08-28T02:37:45.785+0000] {logging_mixin.py:188} INFO - [2024-08-28T02:37:45.784+0000] {dag.py:3089} INFO - Sync 1 DAGs
[2024-08-28T02:37:45.809+0000] {logging_mixin.py:188} INFO - [2024-08-28T02:37:45.809+0000] {dag.py:3111} INFO - Creating ORM DAG for example_branch_dop_operator_v3
[2024-08-28T02:37:45.841+0000] {logging_mixin.py:188} INFO - [2024-08-28T02:37:45.840+0000] {dag.py:3947} INFO - Setting next_dagrun for example_branch_dop_operator_v3 to 2024-08-28 02:36:00+00:00, run_after=2024-08-28 02:37:00+00:00
[2024-08-28T02:37:45.889+0000] {processor.py:183} INFO - Processing /home/airflow/.local/lib/python3.12/site-packages/airflow/example_dags/example_branch_python_dop_operator_3.py took 0.512 seconds
[2024-08-28T02:38:41.021+0000] {processor.py:161} INFO - Started process (PID=165) to work on /home/airflow/.local/lib/python3.12/site-packages/airflow/example_dags/example_branch_python_dop_operator_3.py
[2024-08-28T02:38:41.032+0000] {processor.py:830} INFO - Processing file /home/airflow/.local/lib/python3.12/site-packages/airflow/example_dags/example_branch_python_dop_operator_3.py for tasks to queue
[2024-08-28T02:38:41.041+0000] {logging_mixin.py:188} INFO - [2024-08-28T02:38:41.040+0000] {dagbag.py:545} INFO - Filling up the DagBag from /home/airflow/.local/lib/python3.12/site-packages/airflow/example_dags/example_branch_python_dop_operator_3.py
[2024-08-28T02:38:41.087+0000] {processor.py:840} INFO - DAG(s) 'example_branch_dop_operator_v3' retrieved from /home/airflow/.local/lib/python3.12/site-packages/airflow/example_dags/example_branch_python_dop_operator_3.py
[2024-08-28T02:38:41.162+0000] {logging_mixin.py:188} INFO - [2024-08-28T02:38:41.161+0000] {dag.py:3089} INFO - Sync 1 DAGs
[2024-08-28T02:38:41.252+0000] {logging_mixin.py:188} INFO - [2024-08-28T02:38:41.252+0000] {dag.py:3947} INFO - Setting next_dagrun for example_branch_dop_operator_v3 to 2024-08-28 02:37:00+00:00, run_after=2024-08-28 02:38:00+00:00
[2024-08-28T02:38:41.440+0000] {processor.py:183} INFO - Processing /home/airflow/.local/lib/python3.12/site-packages/airflow/example_dags/example_branch_python_dop_operator_3.py took 0.446 seconds
[2024-08-28T02:39:12.508+0000] {processor.py:161} INFO - Started process (PID=221) to work on /home/airflow/.local/lib/python3.12/site-packages/airflow/example_dags/example_branch_python_dop_operator_3.py
[2024-08-28T02:39:12.520+0000] {processor.py:830} INFO - Processing file /home/airflow/.local/lib/python3.12/site-packages/airflow/example_dags/example_branch_python_dop_operator_3.py for tasks to queue
[2024-08-28T02:39:12.538+0000] {logging_mixin.py:188} INFO - [2024-08-28T02:39:12.537+0000] {dagbag.py:545} INFO - Filling up the DagBag from /home/airflow/.local/lib/python3.12/site-packages/airflow/example_dags/example_branch_python_dop_operator_3.py
[2024-08-28T02:39:12.574+0000] {processor.py:840} INFO - DAG(s) 'example_branch_dop_operator_v3' retrieved from /home/airflow/.local/lib/python3.12/site-packages/airflow/example_dags/example_branch_python_dop_operator_3.py
[2024-08-28T02:39:12.706+0000] {logging_mixin.py:188} INFO - [2024-08-28T02:39:12.706+0000] {dag.py:3089} INFO - Sync 1 DAGs
[2024-08-28T02:39:12.984+0000] {logging_mixin.py:188} INFO - [2024-08-28T02:39:12.983+0000] {dag.py:3947} INFO - Setting next_dagrun for example_branch_dop_operator_v3 to 2024-08-28 02:38:00+00:00, run_after=2024-08-28 02:39:00+00:00
[2024-08-28T02:39:13.159+0000] {processor.py:183} INFO - Processing /home/airflow/.local/lib/python3.12/site-packages/airflow/example_dags/example_branch_python_dop_operator_3.py took 0.688 seconds
[2024-08-28T02:39:43.719+0000] {processor.py:161} INFO - Started process (PID=279) to work on /home/airflow/.local/lib/python3.12/site-packages/airflow/example_dags/example_branch_python_dop_operator_3.py
[2024-08-28T02:39:43.721+0000] {processor.py:830} INFO - Processing file /home/airflow/.local/lib/python3.12/site-packages/airflow/example_dags/example_branch_python_dop_operator_3.py for tasks to queue
[2024-08-28T02:39:43.726+0000] {logging_mixin.py:188} INFO - [2024-08-28T02:39:43.725+0000] {dagbag.py:545} INFO - Filling up the DagBag from /home/airflow/.local/lib/python3.12/site-packages/airflow/example_dags/example_branch_python_dop_operator_3.py
[2024-08-28T02:39:43.749+0000] {processor.py:840} INFO - DAG(s) 'example_branch_dop_operator_v3' retrieved from /home/airflow/.local/lib/python3.12/site-packages/airflow/example_dags/example_branch_python_dop_operator_3.py
[2024-08-28T02:39:43.811+0000] {logging_mixin.py:188} INFO - [2024-08-28T02:39:43.810+0000] {dag.py:3089} INFO - Sync 1 DAGs
[2024-08-28T02:39:43.884+0000] {logging_mixin.py:188} INFO - [2024-08-28T02:39:43.883+0000] {dag.py:3947} INFO - Setting next_dagrun for example_branch_dop_operator_v3 to 2024-08-28 02:38:00+00:00, run_after=2024-08-28 02:39:00+00:00
[2024-08-28T02:39:43.938+0000] {processor.py:183} INFO - Processing /home/airflow/.local/lib/python3.12/site-packages/airflow/example_dags/example_branch_python_dop_operator_3.py took 0.242 seconds
[2024-08-28T02:40:20.197+0000] {processor.py:161} INFO - Started process (PID=337) to work on /home/airflow/.local/lib/python3.12/site-packages/airflow/example_dags/example_branch_python_dop_operator_3.py
[2024-08-28T02:40:20.281+0000] {processor.py:830} INFO - Processing file /home/airflow/.local/lib/python3.12/site-packages/airflow/example_dags/example_branch_python_dop_operator_3.py for tasks to queue
[2024-08-28T02:40:20.303+0000] {logging_mixin.py:188} INFO - [2024-08-28T02:40:20.302+0000] {dagbag.py:545} INFO - Filling up the DagBag from /home/airflow/.local/lib/python3.12/site-packages/airflow/example_dags/example_branch_python_dop_operator_3.py
[2024-08-28T02:40:20.432+0000] {processor.py:840} INFO - DAG(s) 'example_branch_dop_operator_v3' retrieved from /home/airflow/.local/lib/python3.12/site-packages/airflow/example_dags/example_branch_python_dop_operator_3.py
[2024-08-28T02:40:20.708+0000] {logging_mixin.py:188} INFO - [2024-08-28T02:40:20.705+0000] {dag.py:3089} INFO - Sync 1 DAGs
[2024-08-28T02:40:21.037+0000] {logging_mixin.py:188} INFO - [2024-08-28T02:40:21.024+0000] {dag.py:3947} INFO - Setting next_dagrun for example_branch_dop_operator_v3 to 2024-08-28 02:39:00+00:00, run_after=2024-08-28 02:40:00+00:00
[2024-08-28T02:40:21.245+0000] {processor.py:183} INFO - Processing /home/airflow/.local/lib/python3.12/site-packages/airflow/example_dags/example_branch_python_dop_operator_3.py took 1.061 seconds
[2024-08-28T02:40:57.026+0000] {processor.py:161} INFO - Started process (PID=394) to work on /home/airflow/.local/lib/python3.12/site-packages/airflow/example_dags/example_branch_python_dop_operator_3.py
[2024-08-28T02:40:57.033+0000] {processor.py:830} INFO - Processing file /home/airflow/.local/lib/python3.12/site-packages/airflow/example_dags/example_branch_python_dop_operator_3.py for tasks to queue
[2024-08-28T02:40:57.055+0000] {logging_mixin.py:188} INFO - [2024-08-28T02:40:57.053+0000] {dagbag.py:545} INFO - Filling up the DagBag from /home/airflow/.local/lib/python3.12/site-packages/airflow/example_dags/example_branch_python_dop_operator_3.py
[2024-08-28T02:40:57.275+0000] {processor.py:840} INFO - DAG(s) 'example_branch_dop_operator_v3' retrieved from /home/airflow/.local/lib/python3.12/site-packages/airflow/example_dags/example_branch_python_dop_operator_3.py
[2024-08-28T02:40:57.538+0000] {logging_mixin.py:188} INFO - [2024-08-28T02:40:57.537+0000] {dag.py:3089} INFO - Sync 1 DAGs
[2024-08-28T02:40:58.239+0000] {logging_mixin.py:188} INFO - [2024-08-28T02:40:58.238+0000] {dag.py:3947} INFO - Setting next_dagrun for example_branch_dop_operator_v3 to 2024-08-28 02:39:00+00:00, run_after=2024-08-28 02:40:00+00:00
[2024-08-28T02:40:59.358+0000] {processor.py:183} INFO - Processing /home/airflow/.local/lib/python3.12/site-packages/airflow/example_dags/example_branch_python_dop_operator_3.py took 2.723 seconds
[2024-08-28T02:42:03.031+0000] {processor.py:161} INFO - Started process (PID=455) to work on /home/airflow/.local/lib/python3.12/site-packages/airflow/example_dags/example_branch_python_dop_operator_3.py
[2024-08-28T02:42:03.033+0000] {processor.py:830} INFO - Processing file /home/airflow/.local/lib/python3.12/site-packages/airflow/example_dags/example_branch_python_dop_operator_3.py for tasks to queue
[2024-08-28T02:42:03.039+0000] {logging_mixin.py:188} INFO - [2024-08-28T02:42:03.038+0000] {dagbag.py:545} INFO - Filling up the DagBag from /home/airflow/.local/lib/python3.12/site-packages/airflow/example_dags/example_branch_python_dop_operator_3.py
[2024-08-28T02:42:03.070+0000] {processor.py:840} INFO - DAG(s) 'example_branch_dop_operator_v3' retrieved from /home/airflow/.local/lib/python3.12/site-packages/airflow/example_dags/example_branch_python_dop_operator_3.py
[2024-08-28T02:42:03.179+0000] {logging_mixin.py:188} INFO - [2024-08-28T02:42:03.179+0000] {dag.py:3089} INFO - Sync 1 DAGs
[2024-08-28T02:42:03.303+0000] {logging_mixin.py:188} INFO - [2024-08-28T02:42:03.302+0000] {dag.py:3947} INFO - Setting next_dagrun for example_branch_dop_operator_v3 to 2024-08-28 02:41:00+00:00, run_after=2024-08-28 02:42:00+00:00
[2024-08-28T02:42:03.380+0000] {processor.py:183} INFO - Processing /home/airflow/.local/lib/python3.12/site-packages/airflow/example_dags/example_branch_python_dop_operator_3.py took 0.365 seconds
[2024-08-28T02:42:34.112+0000] {processor.py:161} INFO - Started process (PID=513) to work on /home/airflow/.local/lib/python3.12/site-packages/airflow/example_dags/example_branch_python_dop_operator_3.py
[2024-08-28T02:42:34.114+0000] {processor.py:830} INFO - Processing file /home/airflow/.local/lib/python3.12/site-packages/airflow/example_dags/example_branch_python_dop_operator_3.py for tasks to queue
[2024-08-28T02:42:34.117+0000] {logging_mixin.py:188} INFO - [2024-08-28T02:42:34.117+0000] {dagbag.py:545} INFO - Filling up the DagBag from /home/airflow/.local/lib/python3.12/site-packages/airflow/example_dags/example_branch_python_dop_operator_3.py
[2024-08-28T02:42:34.132+0000] {processor.py:840} INFO - DAG(s) 'example_branch_dop_operator_v3' retrieved from /home/airflow/.local/lib/python3.12/site-packages/airflow/example_dags/example_branch_python_dop_operator_3.py
[2024-08-28T02:42:34.169+0000] {logging_mixin.py:188} INFO - [2024-08-28T02:42:34.169+0000] {dag.py:3089} INFO - Sync 1 DAGs
[2024-08-28T02:42:34.214+0000] {logging_mixin.py:188} INFO - [2024-08-28T02:42:34.214+0000] {dag.py:3947} INFO - Setting next_dagrun for example_branch_dop_operator_v3 to 2024-08-28 02:41:00+00:00, run_after=2024-08-28 02:42:00+00:00
[2024-08-28T02:42:34.254+0000] {processor.py:183} INFO - Processing /home/airflow/.local/lib/python3.12/site-packages/airflow/example_dags/example_branch_python_dop_operator_3.py took 0.155 seconds
[2024-08-28T02:43:04.769+0000] {processor.py:161} INFO - Started process (PID=570) to work on /home/airflow/.local/lib/python3.12/site-packages/airflow/example_dags/example_branch_python_dop_operator_3.py
[2024-08-28T02:43:04.771+0000] {processor.py:830} INFO - Processing file /home/airflow/.local/lib/python3.12/site-packages/airflow/example_dags/example_branch_python_dop_operator_3.py for tasks to queue
[2024-08-28T02:43:04.775+0000] {logging_mixin.py:188} INFO - [2024-08-28T02:43:04.774+0000] {dagbag.py:545} INFO - Filling up the DagBag from /home/airflow/.local/lib/python3.12/site-packages/airflow/example_dags/example_branch_python_dop_operator_3.py
[2024-08-28T02:43:04.793+0000] {processor.py:840} INFO - DAG(s) 'example_branch_dop_operator_v3' retrieved from /home/airflow/.local/lib/python3.12/site-packages/airflow/example_dags/example_branch_python_dop_operator_3.py
[2024-08-28T02:43:04.832+0000] {logging_mixin.py:188} INFO - [2024-08-28T02:43:04.832+0000] {dag.py:3089} INFO - Sync 1 DAGs
[2024-08-28T02:43:04.881+0000] {logging_mixin.py:188} INFO - [2024-08-28T02:43:04.880+0000] {dag.py:3947} INFO - Setting next_dagrun for example_branch_dop_operator_v3 to 2024-08-28 02:42:00+00:00, run_after=2024-08-28 02:43:00+00:00
[2024-08-28T02:43:04.936+0000] {processor.py:183} INFO - Processing /home/airflow/.local/lib/python3.12/site-packages/airflow/example_dags/example_branch_python_dop_operator_3.py took 0.176 seconds
[2024-08-28T02:43:35.667+0000] {processor.py:161} INFO - Started process (PID=627) to work on /home/airflow/.local/lib/python3.12/site-packages/airflow/example_dags/example_branch_python_dop_operator_3.py
[2024-08-28T02:43:35.670+0000] {processor.py:830} INFO - Processing file /home/airflow/.local/lib/python3.12/site-packages/airflow/example_dags/example_branch_python_dop_operator_3.py for tasks to queue
[2024-08-28T02:43:35.674+0000] {logging_mixin.py:188} INFO - [2024-08-28T02:43:35.673+0000] {dagbag.py:545} INFO - Filling up the DagBag from /home/airflow/.local/lib/python3.12/site-packages/airflow/example_dags/example_branch_python_dop_operator_3.py
[2024-08-28T02:43:35.690+0000] {processor.py:840} INFO - DAG(s) 'example_branch_dop_operator_v3' retrieved from /home/airflow/.local/lib/python3.12/site-packages/airflow/example_dags/example_branch_python_dop_operator_3.py
[2024-08-28T02:43:35.734+0000] {logging_mixin.py:188} INFO - [2024-08-28T02:43:35.734+0000] {dag.py:3089} INFO - Sync 1 DAGs
[2024-08-28T02:43:35.786+0000] {logging_mixin.py:188} INFO - [2024-08-28T02:43:35.785+0000] {dag.py:3947} INFO - Setting next_dagrun for example_branch_dop_operator_v3 to 2024-08-28 02:42:00+00:00, run_after=2024-08-28 02:43:00+00:00
[2024-08-28T02:43:35.827+0000] {processor.py:183} INFO - Processing /home/airflow/.local/lib/python3.12/site-packages/airflow/example_dags/example_branch_python_dop_operator_3.py took 0.169 seconds
[2024-08-28T02:44:06.798+0000] {processor.py:161} INFO - Started process (PID=684) to work on /home/airflow/.local/lib/python3.12/site-packages/airflow/example_dags/example_branch_python_dop_operator_3.py
[2024-08-28T02:44:06.800+0000] {processor.py:830} INFO - Processing file /home/airflow/.local/lib/python3.12/site-packages/airflow/example_dags/example_branch_python_dop_operator_3.py for tasks to queue
[2024-08-28T02:44:06.806+0000] {logging_mixin.py:188} INFO - [2024-08-28T02:44:06.805+0000] {dagbag.py:545} INFO - Filling up the DagBag from /home/airflow/.local/lib/python3.12/site-packages/airflow/example_dags/example_branch_python_dop_operator_3.py
[2024-08-28T02:44:06.836+0000] {processor.py:840} INFO - DAG(s) 'example_branch_dop_operator_v3' retrieved from /home/airflow/.local/lib/python3.12/site-packages/airflow/example_dags/example_branch_python_dop_operator_3.py
[2024-08-28T02:44:06.923+0000] {logging_mixin.py:188} INFO - [2024-08-28T02:44:06.922+0000] {dag.py:3089} INFO - Sync 1 DAGs
[2024-08-28T02:44:07.062+0000] {logging_mixin.py:188} INFO - [2024-08-28T02:44:07.062+0000] {dag.py:3947} INFO - Setting next_dagrun for example_branch_dop_operator_v3 to 2024-08-28 02:43:00+00:00, run_after=2024-08-28 02:44:00+00:00
[2024-08-28T02:44:07.243+0000] {processor.py:183} INFO - Processing /home/airflow/.local/lib/python3.12/site-packages/airflow/example_dags/example_branch_python_dop_operator_3.py took 0.468 seconds
[2024-08-28T02:53:48.445+0000] {processor.py:161} INFO - Started process (PID=130) to work on /home/airflow/.local/lib/python3.12/site-packages/airflow/example_dags/example_branch_python_dop_operator_3.py
[2024-08-28T02:53:48.471+0000] {processor.py:830} INFO - Processing file /home/airflow/.local/lib/python3.12/site-packages/airflow/example_dags/example_branch_python_dop_operator_3.py for tasks to queue
[2024-08-28T02:53:48.482+0000] {logging_mixin.py:188} INFO - [2024-08-28T02:53:48.481+0000] {dagbag.py:545} INFO - Filling up the DagBag from /home/airflow/.local/lib/python3.12/site-packages/airflow/example_dags/example_branch_python_dop_operator_3.py
[2024-08-28T02:53:48.716+0000] {processor.py:840} INFO - DAG(s) 'example_branch_dop_operator_v3' retrieved from /home/airflow/.local/lib/python3.12/site-packages/airflow/example_dags/example_branch_python_dop_operator_3.py
[2024-08-28T02:53:49.147+0000] {logging_mixin.py:188} INFO - [2024-08-28T02:53:49.146+0000] {dag.py:3089} INFO - Sync 1 DAGs
[2024-08-28T02:53:49.319+0000] {logging_mixin.py:188} INFO - [2024-08-28T02:53:49.319+0000] {dag.py:3947} INFO - Setting next_dagrun for example_branch_dop_operator_v3 to 2024-08-28 02:52:00+00:00, run_after=2024-08-28 02:53:00+00:00
[2024-08-28T02:53:49.522+0000] {processor.py:183} INFO - Processing /home/airflow/.local/lib/python3.12/site-packages/airflow/example_dags/example_branch_python_dop_operator_3.py took 1.132 seconds
[2024-08-28T02:54:38.487+0000] {processor.py:161} INFO - Started process (PID=194) to work on /home/airflow/.local/lib/python3.12/site-packages/airflow/example_dags/example_branch_python_dop_operator_3.py
[2024-08-28T02:54:38.503+0000] {processor.py:830} INFO - Processing file /home/airflow/.local/lib/python3.12/site-packages/airflow/example_dags/example_branch_python_dop_operator_3.py for tasks to queue
[2024-08-28T02:54:38.527+0000] {logging_mixin.py:188} INFO - [2024-08-28T02:54:38.526+0000] {dagbag.py:545} INFO - Filling up the DagBag from /home/airflow/.local/lib/python3.12/site-packages/airflow/example_dags/example_branch_python_dop_operator_3.py
[2024-08-28T02:54:38.577+0000] {processor.py:840} INFO - DAG(s) 'example_branch_dop_operator_v3' retrieved from /home/airflow/.local/lib/python3.12/site-packages/airflow/example_dags/example_branch_python_dop_operator_3.py
[2024-08-28T02:54:38.680+0000] {logging_mixin.py:188} INFO - [2024-08-28T02:54:38.679+0000] {dag.py:3089} INFO - Sync 1 DAGs
[2024-08-28T02:54:38.841+0000] {logging_mixin.py:188} INFO - [2024-08-28T02:54:38.841+0000] {dag.py:3947} INFO - Setting next_dagrun for example_branch_dop_operator_v3 to 2024-08-28 02:53:00+00:00, run_after=2024-08-28 02:54:00+00:00
[2024-08-28T02:54:38.997+0000] {processor.py:183} INFO - Processing /home/airflow/.local/lib/python3.12/site-packages/airflow/example_dags/example_branch_python_dop_operator_3.py took 0.569 seconds
[2024-08-28T02:59:23.928+0000] {processor.py:161} INFO - Started process (PID=94) to work on /home/airflow/.local/lib/python3.12/site-packages/airflow/example_dags/example_branch_python_dop_operator_3.py
[2024-08-28T02:59:23.932+0000] {processor.py:830} INFO - Processing file /home/airflow/.local/lib/python3.12/site-packages/airflow/example_dags/example_branch_python_dop_operator_3.py for tasks to queue
[2024-08-28T02:59:23.936+0000] {logging_mixin.py:188} INFO - [2024-08-28T02:59:23.935+0000] {dagbag.py:545} INFO - Filling up the DagBag from /home/airflow/.local/lib/python3.12/site-packages/airflow/example_dags/example_branch_python_dop_operator_3.py
[2024-08-28T02:59:23.970+0000] {processor.py:840} INFO - DAG(s) 'example_branch_dop_operator_v3' retrieved from /home/airflow/.local/lib/python3.12/site-packages/airflow/example_dags/example_branch_python_dop_operator_3.py
[2024-08-28T02:59:24.597+0000] {logging_mixin.py:188} INFO - [2024-08-28T02:59:24.596+0000] {dag.py:3089} INFO - Sync 1 DAGs
[2024-08-28T02:59:24.698+0000] {logging_mixin.py:188} INFO - [2024-08-28T02:59:24.697+0000] {dag.py:3947} INFO - Setting next_dagrun for example_branch_dop_operator_v3 to 2024-08-28 02:58:00+00:00, run_after=2024-08-28 02:59:00+00:00
[2024-08-28T02:59:24.764+0000] {processor.py:183} INFO - Processing /home/airflow/.local/lib/python3.12/site-packages/airflow/example_dags/example_branch_python_dop_operator_3.py took 0.850 seconds
[2024-08-28T03:58:41.581+0000] {processor.py:161} INFO - Started process (PID=124) to work on /home/airflow/.local/lib/python3.12/site-packages/airflow/example_dags/example_branch_python_dop_operator_3.py
[2024-08-28T03:58:41.691+0000] {processor.py:830} INFO - Processing file /home/airflow/.local/lib/python3.12/site-packages/airflow/example_dags/example_branch_python_dop_operator_3.py for tasks to queue
[2024-08-28T03:58:41.850+0000] {logging_mixin.py:188} INFO - [2024-08-28T03:58:41.849+0000] {dagbag.py:545} INFO - Filling up the DagBag from /home/airflow/.local/lib/python3.12/site-packages/airflow/example_dags/example_branch_python_dop_operator_3.py
[2024-08-28T03:58:42.100+0000] {processor.py:840} INFO - DAG(s) 'example_branch_dop_operator_v3' retrieved from /home/airflow/.local/lib/python3.12/site-packages/airflow/example_dags/example_branch_python_dop_operator_3.py
[2024-08-28T03:58:45.734+0000] {logging_mixin.py:188} INFO - [2024-08-28T03:58:45.733+0000] {dag.py:3089} INFO - Sync 1 DAGs
[2024-08-28T03:58:47.039+0000] {logging_mixin.py:188} INFO - [2024-08-28T03:58:47.039+0000] {dag.py:3947} INFO - Setting next_dagrun for example_branch_dop_operator_v3 to 2024-08-28 03:57:00+00:00, run_after=2024-08-28 03:58:00+00:00
[2024-08-28T03:58:49.436+0000] {processor.py:183} INFO - Processing /home/airflow/.local/lib/python3.12/site-packages/airflow/example_dags/example_branch_python_dop_operator_3.py took 7.939 seconds
[2024-08-28T04:05:40.055+0000] {processor.py:161} INFO - Started process (PID=239) to work on /home/airflow/.local/lib/python3.12/site-packages/airflow/example_dags/example_branch_python_dop_operator_3.py
[2024-08-28T04:05:40.063+0000] {processor.py:830} INFO - Processing file /home/airflow/.local/lib/python3.12/site-packages/airflow/example_dags/example_branch_python_dop_operator_3.py for tasks to queue
[2024-08-28T04:05:40.066+0000] {logging_mixin.py:188} INFO - [2024-08-28T04:05:40.065+0000] {dagbag.py:545} INFO - Filling up the DagBag from /home/airflow/.local/lib/python3.12/site-packages/airflow/example_dags/example_branch_python_dop_operator_3.py
[2024-08-28T04:05:40.206+0000] {processor.py:840} INFO - DAG(s) 'example_branch_dop_operator_v3' retrieved from /home/airflow/.local/lib/python3.12/site-packages/airflow/example_dags/example_branch_python_dop_operator_3.py
[2024-08-28T04:05:40.482+0000] {logging_mixin.py:188} INFO - [2024-08-28T04:05:40.480+0000] {dag.py:3089} INFO - Sync 1 DAGs
[2024-08-28T04:05:40.733+0000] {logging_mixin.py:188} INFO - [2024-08-28T04:05:40.732+0000] {dag.py:3947} INFO - Setting next_dagrun for example_branch_dop_operator_v3 to 2024-08-28 04:04:00+00:00, run_after=2024-08-28 04:05:00+00:00
[2024-08-28T04:05:40.879+0000] {processor.py:183} INFO - Processing /home/airflow/.local/lib/python3.12/site-packages/airflow/example_dags/example_branch_python_dop_operator_3.py took 0.873 seconds
[2024-08-28T04:06:13.542+0000] {processor.py:161} INFO - Started process (PID=295) to work on /home/airflow/.local/lib/python3.12/site-packages/airflow/example_dags/example_branch_python_dop_operator_3.py
[2024-08-28T04:06:13.545+0000] {processor.py:830} INFO - Processing file /home/airflow/.local/lib/python3.12/site-packages/airflow/example_dags/example_branch_python_dop_operator_3.py for tasks to queue
[2024-08-28T04:06:13.547+0000] {logging_mixin.py:188} INFO - [2024-08-28T04:06:13.546+0000] {dagbag.py:545} INFO - Filling up the DagBag from /home/airflow/.local/lib/python3.12/site-packages/airflow/example_dags/example_branch_python_dop_operator_3.py
[2024-08-28T04:06:13.588+0000] {processor.py:840} INFO - DAG(s) 'example_branch_dop_operator_v3' retrieved from /home/airflow/.local/lib/python3.12/site-packages/airflow/example_dags/example_branch_python_dop_operator_3.py
[2024-08-28T04:06:13.703+0000] {logging_mixin.py:188} INFO - [2024-08-28T04:06:13.702+0000] {dag.py:3089} INFO - Sync 1 DAGs
[2024-08-28T04:06:13.926+0000] {logging_mixin.py:188} INFO - [2024-08-28T04:06:13.926+0000] {dag.py:3947} INFO - Setting next_dagrun for example_branch_dop_operator_v3 to 2024-08-28 04:05:00+00:00, run_after=2024-08-28 04:06:00+00:00
[2024-08-28T04:06:14.049+0000] {processor.py:183} INFO - Processing /home/airflow/.local/lib/python3.12/site-packages/airflow/example_dags/example_branch_python_dop_operator_3.py took 0.541 seconds
[2024-08-28T04:07:01.185+0000] {processor.py:161} INFO - Started process (PID=355) to work on /home/airflow/.local/lib/python3.12/site-packages/airflow/example_dags/example_branch_python_dop_operator_3.py
[2024-08-28T04:07:01.223+0000] {processor.py:830} INFO - Processing file /home/airflow/.local/lib/python3.12/site-packages/airflow/example_dags/example_branch_python_dop_operator_3.py for tasks to queue
[2024-08-28T04:07:01.264+0000] {logging_mixin.py:188} INFO - [2024-08-28T04:07:01.251+0000] {dagbag.py:545} INFO - Filling up the DagBag from /home/airflow/.local/lib/python3.12/site-packages/airflow/example_dags/example_branch_python_dop_operator_3.py
[2024-08-28T04:07:01.561+0000] {processor.py:840} INFO - DAG(s) 'example_branch_dop_operator_v3' retrieved from /home/airflow/.local/lib/python3.12/site-packages/airflow/example_dags/example_branch_python_dop_operator_3.py
[2024-08-28T04:07:01.981+0000] {logging_mixin.py:188} INFO - [2024-08-28T04:07:01.980+0000] {dag.py:3089} INFO - Sync 1 DAGs
[2024-08-28T04:07:02.609+0000] {logging_mixin.py:188} INFO - [2024-08-28T04:07:02.609+0000] {dag.py:3947} INFO - Setting next_dagrun for example_branch_dop_operator_v3 to 2024-08-28 04:06:00+00:00, run_after=2024-08-28 04:07:00+00:00
[2024-08-28T04:07:03.152+0000] {processor.py:183} INFO - Processing /home/airflow/.local/lib/python3.12/site-packages/airflow/example_dags/example_branch_python_dop_operator_3.py took 2.049 seconds
[2024-08-28T04:09:00.491+0000] {processor.py:161} INFO - Started process (PID=423) to work on /home/airflow/.local/lib/python3.12/site-packages/airflow/example_dags/example_branch_python_dop_operator_3.py
[2024-08-28T04:09:00.616+0000] {processor.py:830} INFO - Processing file /home/airflow/.local/lib/python3.12/site-packages/airflow/example_dags/example_branch_python_dop_operator_3.py for tasks to queue
[2024-08-28T04:09:00.768+0000] {logging_mixin.py:188} INFO - [2024-08-28T04:09:00.664+0000] {dagbag.py:545} INFO - Filling up the DagBag from /home/airflow/.local/lib/python3.12/site-packages/airflow/example_dags/example_branch_python_dop_operator_3.py
[2024-08-28T04:09:01.276+0000] {processor.py:840} INFO - DAG(s) 'example_branch_dop_operator_v3' retrieved from /home/airflow/.local/lib/python3.12/site-packages/airflow/example_dags/example_branch_python_dop_operator_3.py
[2024-08-28T04:09:02.226+0000] {logging_mixin.py:188} INFO - [2024-08-28T04:09:02.226+0000] {dag.py:3089} INFO - Sync 1 DAGs
[2024-08-28T04:09:04.002+0000] {logging_mixin.py:188} INFO - [2024-08-28T04:09:04.002+0000] {dag.py:3947} INFO - Setting next_dagrun for example_branch_dop_operator_v3 to 2024-08-28 04:08:00+00:00, run_after=2024-08-28 04:09:00+00:00
[2024-08-28T04:09:04.904+0000] {processor.py:183} INFO - Processing /home/airflow/.local/lib/python3.12/site-packages/airflow/example_dags/example_branch_python_dop_operator_3.py took 5.280 seconds
[2024-08-28T04:11:13.416+0000] {processor.py:161} INFO - Started process (PID=476) to work on /home/airflow/.local/lib/python3.12/site-packages/airflow/example_dags/example_branch_python_dop_operator_3.py
[2024-08-28T04:11:13.464+0000] {processor.py:830} INFO - Processing file /home/airflow/.local/lib/python3.12/site-packages/airflow/example_dags/example_branch_python_dop_operator_3.py for tasks to queue
[2024-08-28T04:11:13.497+0000] {logging_mixin.py:188} INFO - [2024-08-28T04:11:13.496+0000] {dagbag.py:545} INFO - Filling up the DagBag from /home/airflow/.local/lib/python3.12/site-packages/airflow/example_dags/example_branch_python_dop_operator_3.py
[2024-08-28T04:11:13.721+0000] {processor.py:840} INFO - DAG(s) 'example_branch_dop_operator_v3' retrieved from /home/airflow/.local/lib/python3.12/site-packages/airflow/example_dags/example_branch_python_dop_operator_3.py
[2024-08-28T04:11:14.189+0000] {logging_mixin.py:188} INFO - [2024-08-28T04:11:14.188+0000] {dag.py:3089} INFO - Sync 1 DAGs
[2024-08-28T04:11:14.844+0000] {logging_mixin.py:188} INFO - [2024-08-28T04:11:14.843+0000] {dag.py:3947} INFO - Setting next_dagrun for example_branch_dop_operator_v3 to 2024-08-28 04:10:00+00:00, run_after=2024-08-28 04:11:00+00:00
[2024-08-28T04:11:15.511+0000] {processor.py:183} INFO - Processing /home/airflow/.local/lib/python3.12/site-packages/airflow/example_dags/example_branch_python_dop_operator_3.py took 2.199 seconds
[2024-08-28T04:13:30.681+0000] {processor.py:161} INFO - Started process (PID=544) to work on /home/airflow/.local/lib/python3.12/site-packages/airflow/example_dags/example_branch_python_dop_operator_3.py
[2024-08-28T04:13:30.701+0000] {processor.py:830} INFO - Processing file /home/airflow/.local/lib/python3.12/site-packages/airflow/example_dags/example_branch_python_dop_operator_3.py for tasks to queue
[2024-08-28T04:13:30.730+0000] {logging_mixin.py:188} INFO - [2024-08-28T04:13:30.729+0000] {dagbag.py:545} INFO - Filling up the DagBag from /home/airflow/.local/lib/python3.12/site-packages/airflow/example_dags/example_branch_python_dop_operator_3.py
[2024-08-28T04:13:31.012+0000] {processor.py:840} INFO - DAG(s) 'example_branch_dop_operator_v3' retrieved from /home/airflow/.local/lib/python3.12/site-packages/airflow/example_dags/example_branch_python_dop_operator_3.py
[2024-08-28T04:13:31.702+0000] {logging_mixin.py:188} INFO - [2024-08-28T04:13:31.702+0000] {dag.py:3089} INFO - Sync 1 DAGs
[2024-08-28T04:13:32.394+0000] {logging_mixin.py:188} INFO - [2024-08-28T04:13:32.393+0000] {dag.py:3947} INFO - Setting next_dagrun for example_branch_dop_operator_v3 to 2024-08-28 04:12:00+00:00, run_after=2024-08-28 04:13:00+00:00
[2024-08-28T04:13:32.817+0000] {processor.py:183} INFO - Processing /home/airflow/.local/lib/python3.12/site-packages/airflow/example_dags/example_branch_python_dop_operator_3.py took 2.491 seconds
[2024-08-28T04:15:02.381+0000] {processor.py:161} INFO - Started process (PID=598) to work on /home/airflow/.local/lib/python3.12/site-packages/airflow/example_dags/example_branch_python_dop_operator_3.py
[2024-08-28T04:15:02.411+0000] {processor.py:830} INFO - Processing file /home/airflow/.local/lib/python3.12/site-packages/airflow/example_dags/example_branch_python_dop_operator_3.py for tasks to queue
[2024-08-28T04:15:02.414+0000] {logging_mixin.py:188} INFO - [2024-08-28T04:15:02.413+0000] {dagbag.py:545} INFO - Filling up the DagBag from /home/airflow/.local/lib/python3.12/site-packages/airflow/example_dags/example_branch_python_dop_operator_3.py
[2024-08-28T04:15:02.701+0000] {processor.py:840} INFO - DAG(s) 'example_branch_dop_operator_v3' retrieved from /home/airflow/.local/lib/python3.12/site-packages/airflow/example_dags/example_branch_python_dop_operator_3.py
[2024-08-28T04:15:03.263+0000] {logging_mixin.py:188} INFO - [2024-08-28T04:15:03.262+0000] {dag.py:3089} INFO - Sync 1 DAGs
[2024-08-28T04:15:03.944+0000] {logging_mixin.py:188} INFO - [2024-08-28T04:15:03.943+0000] {dag.py:3947} INFO - Setting next_dagrun for example_branch_dop_operator_v3 to 2024-08-28 04:14:00+00:00, run_after=2024-08-28 04:15:00+00:00
[2024-08-28T04:15:04.947+0000] {processor.py:183} INFO - Processing /home/airflow/.local/lib/python3.12/site-packages/airflow/example_dags/example_branch_python_dop_operator_3.py took 2.760 seconds
[2024-08-28T04:16:54.485+0000] {processor.py:161} INFO - Started process (PID=665) to work on /home/airflow/.local/lib/python3.12/site-packages/airflow/example_dags/example_branch_python_dop_operator_3.py
[2024-08-28T04:16:54.504+0000] {processor.py:830} INFO - Processing file /home/airflow/.local/lib/python3.12/site-packages/airflow/example_dags/example_branch_python_dop_operator_3.py for tasks to queue
[2024-08-28T04:16:54.523+0000] {logging_mixin.py:188} INFO - [2024-08-28T04:16:54.522+0000] {dagbag.py:545} INFO - Filling up the DagBag from /home/airflow/.local/lib/python3.12/site-packages/airflow/example_dags/example_branch_python_dop_operator_3.py
[2024-08-28T04:16:54.616+0000] {processor.py:840} INFO - DAG(s) 'example_branch_dop_operator_v3' retrieved from /home/airflow/.local/lib/python3.12/site-packages/airflow/example_dags/example_branch_python_dop_operator_3.py
[2024-08-28T04:16:56.816+0000] {logging_mixin.py:188} INFO - [2024-08-28T04:16:56.815+0000] {dag.py:3089} INFO - Sync 1 DAGs
[2024-08-28T04:16:57.090+0000] {logging_mixin.py:188} INFO - [2024-08-28T04:16:57.089+0000] {dag.py:3947} INFO - Setting next_dagrun for example_branch_dop_operator_v3 to 2024-08-28 04:15:00+00:00, run_after=2024-08-28 04:16:00+00:00
[2024-08-28T04:16:57.397+0000] {processor.py:183} INFO - Processing /home/airflow/.local/lib/python3.12/site-packages/airflow/example_dags/example_branch_python_dop_operator_3.py took 3.032 seconds
