[2024-08-28T02:37:54.246+0000] {processor.py:161} INFO - Started process (PID=116) to work on /home/airflow/.local/lib/python3.12/site-packages/airflow/example_dags/example_setup_teardown.py
[2024-08-28T02:37:54.252+0000] {processor.py:830} INFO - Processing file /home/airflow/.local/lib/python3.12/site-packages/airflow/example_dags/example_setup_teardown.py for tasks to queue
[2024-08-28T02:37:54.263+0000] {logging_mixin.py:188} INFO - [2024-08-28T02:37:54.262+0000] {dagbag.py:545} INFO - Filling up the DagBag from /home/airflow/.local/lib/python3.12/site-packages/airflow/example_dags/example_setup_teardown.py
[2024-08-28T02:37:54.285+0000] {processor.py:840} INFO - DAG(s) 'example_setup_teardown' retrieved from /home/airflow/.local/lib/python3.12/site-packages/airflow/example_dags/example_setup_teardown.py
[2024-08-28T02:37:54.798+0000] {logging_mixin.py:188} INFO - [2024-08-28T02:37:54.796+0000] {override.py:1858} INFO - Created Permission View: can edit on DAG:example_setup_teardown
[2024-08-28T02:37:54.876+0000] {logging_mixin.py:188} INFO - [2024-08-28T02:37:54.875+0000] {override.py:1858} INFO - Created Permission View: can delete on DAG:example_setup_teardown
[2024-08-28T02:37:54.935+0000] {logging_mixin.py:188} INFO - [2024-08-28T02:37:54.933+0000] {override.py:1858} INFO - Created Permission View: can read on DAG:example_setup_teardown
[2024-08-28T02:37:54.941+0000] {logging_mixin.py:188} INFO - [2024-08-28T02:37:54.939+0000] {dag.py:3089} INFO - Sync 1 DAGs
[2024-08-28T02:37:55.003+0000] {logging_mixin.py:188} INFO - [2024-08-28T02:37:55.002+0000] {dag.py:3111} INFO - Creating ORM DAG for example_setup_teardown
[2024-08-28T02:37:55.042+0000] {logging_mixin.py:188} INFO - [2024-08-28T02:37:55.041+0000] {dag.py:3947} INFO - Setting next_dagrun for example_setup_teardown to 2024-08-27 00:00:00+00:00, run_after=2024-08-28 00:00:00+00:00
[2024-08-28T02:37:55.113+0000] {processor.py:183} INFO - Processing /home/airflow/.local/lib/python3.12/site-packages/airflow/example_dags/example_setup_teardown.py took 0.917 seconds
[2024-08-28T02:38:44.778+0000] {processor.py:161} INFO - Started process (PID=181) to work on /home/airflow/.local/lib/python3.12/site-packages/airflow/example_dags/example_setup_teardown.py
[2024-08-28T02:38:44.782+0000] {processor.py:830} INFO - Processing file /home/airflow/.local/lib/python3.12/site-packages/airflow/example_dags/example_setup_teardown.py for tasks to queue
[2024-08-28T02:38:44.788+0000] {logging_mixin.py:188} INFO - [2024-08-28T02:38:44.787+0000] {dagbag.py:545} INFO - Filling up the DagBag from /home/airflow/.local/lib/python3.12/site-packages/airflow/example_dags/example_setup_teardown.py
[2024-08-28T02:38:44.813+0000] {processor.py:840} INFO - DAG(s) 'example_setup_teardown' retrieved from /home/airflow/.local/lib/python3.12/site-packages/airflow/example_dags/example_setup_teardown.py
[2024-08-28T02:38:44.866+0000] {logging_mixin.py:188} INFO - [2024-08-28T02:38:44.866+0000] {dag.py:3089} INFO - Sync 1 DAGs
[2024-08-28T02:38:44.922+0000] {logging_mixin.py:188} INFO - [2024-08-28T02:38:44.922+0000] {dag.py:3947} INFO - Setting next_dagrun for example_setup_teardown to 2024-08-27 00:00:00+00:00, run_after=2024-08-28 00:00:00+00:00
[2024-08-28T02:38:45.028+0000] {processor.py:183} INFO - Processing /home/airflow/.local/lib/python3.12/site-packages/airflow/example_dags/example_setup_teardown.py took 0.263 seconds
[2024-08-28T02:39:16.643+0000] {processor.py:161} INFO - Started process (PID=239) to work on /home/airflow/.local/lib/python3.12/site-packages/airflow/example_dags/example_setup_teardown.py
[2024-08-28T02:39:16.645+0000] {processor.py:830} INFO - Processing file /home/airflow/.local/lib/python3.12/site-packages/airflow/example_dags/example_setup_teardown.py for tasks to queue
[2024-08-28T02:39:16.652+0000] {logging_mixin.py:188} INFO - [2024-08-28T02:39:16.651+0000] {dagbag.py:545} INFO - Filling up the DagBag from /home/airflow/.local/lib/python3.12/site-packages/airflow/example_dags/example_setup_teardown.py
[2024-08-28T02:39:16.664+0000] {processor.py:840} INFO - DAG(s) 'example_setup_teardown' retrieved from /home/airflow/.local/lib/python3.12/site-packages/airflow/example_dags/example_setup_teardown.py
[2024-08-28T02:39:16.707+0000] {logging_mixin.py:188} INFO - [2024-08-28T02:39:16.707+0000] {dag.py:3089} INFO - Sync 1 DAGs
[2024-08-28T02:39:16.757+0000] {logging_mixin.py:188} INFO - [2024-08-28T02:39:16.756+0000] {dag.py:3947} INFO - Setting next_dagrun for example_setup_teardown to 2024-08-27 00:00:00+00:00, run_after=2024-08-28 00:00:00+00:00
[2024-08-28T02:39:16.828+0000] {processor.py:183} INFO - Processing /home/airflow/.local/lib/python3.12/site-packages/airflow/example_dags/example_setup_teardown.py took 0.197 seconds
[2024-08-28T02:39:47.933+0000] {processor.py:161} INFO - Started process (PID=297) to work on /home/airflow/.local/lib/python3.12/site-packages/airflow/example_dags/example_setup_teardown.py
[2024-08-28T02:39:47.935+0000] {processor.py:830} INFO - Processing file /home/airflow/.local/lib/python3.12/site-packages/airflow/example_dags/example_setup_teardown.py for tasks to queue
[2024-08-28T02:39:47.939+0000] {logging_mixin.py:188} INFO - [2024-08-28T02:39:47.939+0000] {dagbag.py:545} INFO - Filling up the DagBag from /home/airflow/.local/lib/python3.12/site-packages/airflow/example_dags/example_setup_teardown.py
[2024-08-28T02:39:47.952+0000] {processor.py:840} INFO - DAG(s) 'example_setup_teardown' retrieved from /home/airflow/.local/lib/python3.12/site-packages/airflow/example_dags/example_setup_teardown.py
[2024-08-28T02:39:47.995+0000] {logging_mixin.py:188} INFO - [2024-08-28T02:39:47.995+0000] {dag.py:3089} INFO - Sync 1 DAGs
[2024-08-28T02:39:48.048+0000] {logging_mixin.py:188} INFO - [2024-08-28T02:39:48.047+0000] {dag.py:3947} INFO - Setting next_dagrun for example_setup_teardown to 2024-08-27 00:00:00+00:00, run_after=2024-08-28 00:00:00+00:00
[2024-08-28T02:39:48.092+0000] {processor.py:183} INFO - Processing /home/airflow/.local/lib/python3.12/site-packages/airflow/example_dags/example_setup_teardown.py took 0.170 seconds
[2024-08-28T02:40:28.172+0000] {processor.py:161} INFO - Started process (PID=353) to work on /home/airflow/.local/lib/python3.12/site-packages/airflow/example_dags/example_setup_teardown.py
[2024-08-28T02:40:28.176+0000] {processor.py:830} INFO - Processing file /home/airflow/.local/lib/python3.12/site-packages/airflow/example_dags/example_setup_teardown.py for tasks to queue
[2024-08-28T02:40:28.181+0000] {logging_mixin.py:188} INFO - [2024-08-28T02:40:28.181+0000] {dagbag.py:545} INFO - Filling up the DagBag from /home/airflow/.local/lib/python3.12/site-packages/airflow/example_dags/example_setup_teardown.py
[2024-08-28T02:40:28.196+0000] {processor.py:840} INFO - DAG(s) 'example_setup_teardown' retrieved from /home/airflow/.local/lib/python3.12/site-packages/airflow/example_dags/example_setup_teardown.py
[2024-08-28T02:40:28.254+0000] {logging_mixin.py:188} INFO - [2024-08-28T02:40:28.254+0000] {dag.py:3089} INFO - Sync 1 DAGs
[2024-08-28T02:40:28.318+0000] {logging_mixin.py:188} INFO - [2024-08-28T02:40:28.317+0000] {dag.py:3947} INFO - Setting next_dagrun for example_setup_teardown to 2024-08-27 00:00:00+00:00, run_after=2024-08-28 00:00:00+00:00
[2024-08-28T02:40:28.379+0000] {processor.py:183} INFO - Processing /home/airflow/.local/lib/python3.12/site-packages/airflow/example_dags/example_setup_teardown.py took 0.218 seconds
[2024-08-28T02:41:27.683+0000] {processor.py:161} INFO - Started process (PID=416) to work on /home/airflow/.local/lib/python3.12/site-packages/airflow/example_dags/example_setup_teardown.py
[2024-08-28T02:41:27.786+0000] {processor.py:830} INFO - Processing file /home/airflow/.local/lib/python3.12/site-packages/airflow/example_dags/example_setup_teardown.py for tasks to queue
[2024-08-28T02:41:27.884+0000] {logging_mixin.py:188} INFO - [2024-08-28T02:41:27.852+0000] {dagbag.py:545} INFO - Filling up the DagBag from /home/airflow/.local/lib/python3.12/site-packages/airflow/example_dags/example_setup_teardown.py
[2024-08-28T02:41:28.024+0000] {processor.py:840} INFO - DAG(s) 'example_setup_teardown' retrieved from /home/airflow/.local/lib/python3.12/site-packages/airflow/example_dags/example_setup_teardown.py
[2024-08-28T02:41:28.459+0000] {logging_mixin.py:188} INFO - [2024-08-28T02:41:28.458+0000] {dag.py:3089} INFO - Sync 1 DAGs
[2024-08-28T02:41:29.083+0000] {logging_mixin.py:188} INFO - [2024-08-28T02:41:29.082+0000] {dag.py:3947} INFO - Setting next_dagrun for example_setup_teardown to 2024-08-27 00:00:00+00:00, run_after=2024-08-28 00:00:00+00:00
[2024-08-28T02:41:29.665+0000] {processor.py:183} INFO - Processing /home/airflow/.local/lib/python3.12/site-packages/airflow/example_dags/example_setup_teardown.py took 2.255 seconds
[2024-08-28T02:42:07.759+0000] {processor.py:161} INFO - Started process (PID=479) to work on /home/airflow/.local/lib/python3.12/site-packages/airflow/example_dags/example_setup_teardown.py
[2024-08-28T02:42:07.762+0000] {processor.py:830} INFO - Processing file /home/airflow/.local/lib/python3.12/site-packages/airflow/example_dags/example_setup_teardown.py for tasks to queue
[2024-08-28T02:42:07.769+0000] {logging_mixin.py:188} INFO - [2024-08-28T02:42:07.766+0000] {dagbag.py:545} INFO - Filling up the DagBag from /home/airflow/.local/lib/python3.12/site-packages/airflow/example_dags/example_setup_teardown.py
[2024-08-28T02:42:07.789+0000] {processor.py:840} INFO - DAG(s) 'example_setup_teardown' retrieved from /home/airflow/.local/lib/python3.12/site-packages/airflow/example_dags/example_setup_teardown.py
[2024-08-28T02:42:07.848+0000] {logging_mixin.py:188} INFO - [2024-08-28T02:42:07.848+0000] {dag.py:3089} INFO - Sync 1 DAGs
[2024-08-28T02:42:07.905+0000] {logging_mixin.py:188} INFO - [2024-08-28T02:42:07.905+0000] {dag.py:3947} INFO - Setting next_dagrun for example_setup_teardown to 2024-08-27 00:00:00+00:00, run_after=2024-08-28 00:00:00+00:00
[2024-08-28T02:42:07.964+0000] {processor.py:183} INFO - Processing /home/airflow/.local/lib/python3.12/site-packages/airflow/example_dags/example_setup_teardown.py took 0.220 seconds
[2024-08-28T02:42:38.490+0000] {processor.py:161} INFO - Started process (PID=537) to work on /home/airflow/.local/lib/python3.12/site-packages/airflow/example_dags/example_setup_teardown.py
[2024-08-28T02:42:38.492+0000] {processor.py:830} INFO - Processing file /home/airflow/.local/lib/python3.12/site-packages/airflow/example_dags/example_setup_teardown.py for tasks to queue
[2024-08-28T02:42:38.496+0000] {logging_mixin.py:188} INFO - [2024-08-28T02:42:38.495+0000] {dagbag.py:545} INFO - Filling up the DagBag from /home/airflow/.local/lib/python3.12/site-packages/airflow/example_dags/example_setup_teardown.py
[2024-08-28T02:42:38.525+0000] {processor.py:840} INFO - DAG(s) 'example_setup_teardown' retrieved from /home/airflow/.local/lib/python3.12/site-packages/airflow/example_dags/example_setup_teardown.py
[2024-08-28T02:42:38.586+0000] {logging_mixin.py:188} INFO - [2024-08-28T02:42:38.585+0000] {dag.py:3089} INFO - Sync 1 DAGs
[2024-08-28T02:42:38.712+0000] {logging_mixin.py:188} INFO - [2024-08-28T02:42:38.711+0000] {dag.py:3947} INFO - Setting next_dagrun for example_setup_teardown to 2024-08-27 00:00:00+00:00, run_after=2024-08-28 00:00:00+00:00
[2024-08-28T02:42:38.789+0000] {processor.py:183} INFO - Processing /home/airflow/.local/lib/python3.12/site-packages/airflow/example_dags/example_setup_teardown.py took 0.314 seconds
[2024-08-28T02:43:09.659+0000] {processor.py:161} INFO - Started process (PID=595) to work on /home/airflow/.local/lib/python3.12/site-packages/airflow/example_dags/example_setup_teardown.py
[2024-08-28T02:43:09.661+0000] {processor.py:830} INFO - Processing file /home/airflow/.local/lib/python3.12/site-packages/airflow/example_dags/example_setup_teardown.py for tasks to queue
[2024-08-28T02:43:09.665+0000] {logging_mixin.py:188} INFO - [2024-08-28T02:43:09.664+0000] {dagbag.py:545} INFO - Filling up the DagBag from /home/airflow/.local/lib/python3.12/site-packages/airflow/example_dags/example_setup_teardown.py
[2024-08-28T02:43:09.676+0000] {processor.py:840} INFO - DAG(s) 'example_setup_teardown' retrieved from /home/airflow/.local/lib/python3.12/site-packages/airflow/example_dags/example_setup_teardown.py
[2024-08-28T02:43:09.715+0000] {logging_mixin.py:188} INFO - [2024-08-28T02:43:09.715+0000] {dag.py:3089} INFO - Sync 1 DAGs
[2024-08-28T02:43:09.760+0000] {logging_mixin.py:188} INFO - [2024-08-28T02:43:09.760+0000] {dag.py:3947} INFO - Setting next_dagrun for example_setup_teardown to 2024-08-27 00:00:00+00:00, run_after=2024-08-28 00:00:00+00:00
[2024-08-28T02:43:09.805+0000] {processor.py:183} INFO - Processing /home/airflow/.local/lib/python3.12/site-packages/airflow/example_dags/example_setup_teardown.py took 0.157 seconds
[2024-08-28T02:43:40.500+0000] {processor.py:161} INFO - Started process (PID=652) to work on /home/airflow/.local/lib/python3.12/site-packages/airflow/example_dags/example_setup_teardown.py
[2024-08-28T02:43:40.502+0000] {processor.py:830} INFO - Processing file /home/airflow/.local/lib/python3.12/site-packages/airflow/example_dags/example_setup_teardown.py for tasks to queue
[2024-08-28T02:43:40.505+0000] {logging_mixin.py:188} INFO - [2024-08-28T02:43:40.505+0000] {dagbag.py:545} INFO - Filling up the DagBag from /home/airflow/.local/lib/python3.12/site-packages/airflow/example_dags/example_setup_teardown.py
[2024-08-28T02:43:40.519+0000] {processor.py:840} INFO - DAG(s) 'example_setup_teardown' retrieved from /home/airflow/.local/lib/python3.12/site-packages/airflow/example_dags/example_setup_teardown.py
[2024-08-28T02:43:40.560+0000] {logging_mixin.py:188} INFO - [2024-08-28T02:43:40.560+0000] {dag.py:3089} INFO - Sync 1 DAGs
[2024-08-28T02:43:40.608+0000] {logging_mixin.py:188} INFO - [2024-08-28T02:43:40.607+0000] {dag.py:3947} INFO - Setting next_dagrun for example_setup_teardown to 2024-08-27 00:00:00+00:00, run_after=2024-08-28 00:00:00+00:00
[2024-08-28T02:43:40.666+0000] {processor.py:183} INFO - Processing /home/airflow/.local/lib/python3.12/site-packages/airflow/example_dags/example_setup_teardown.py took 0.178 seconds
[2024-08-28T02:54:13.960+0000] {processor.py:161} INFO - Started process (PID=153) to work on /home/airflow/.local/lib/python3.12/site-packages/airflow/example_dags/example_setup_teardown.py
[2024-08-28T02:54:13.967+0000] {processor.py:830} INFO - Processing file /home/airflow/.local/lib/python3.12/site-packages/airflow/example_dags/example_setup_teardown.py for tasks to queue
[2024-08-28T02:54:13.975+0000] {logging_mixin.py:188} INFO - [2024-08-28T02:54:13.974+0000] {dagbag.py:545} INFO - Filling up the DagBag from /home/airflow/.local/lib/python3.12/site-packages/airflow/example_dags/example_setup_teardown.py
[2024-08-28T02:54:14.071+0000] {processor.py:840} INFO - DAG(s) 'example_setup_teardown' retrieved from /home/airflow/.local/lib/python3.12/site-packages/airflow/example_dags/example_setup_teardown.py
[2024-08-28T02:54:14.314+0000] {logging_mixin.py:188} INFO - [2024-08-28T02:54:14.314+0000] {dag.py:3089} INFO - Sync 1 DAGs
[2024-08-28T02:54:14.484+0000] {logging_mixin.py:188} INFO - [2024-08-28T02:54:14.483+0000] {dag.py:3947} INFO - Setting next_dagrun for example_setup_teardown to 2024-08-27 00:00:00+00:00, run_after=2024-08-28 00:00:00+00:00
[2024-08-28T02:54:14.664+0000] {processor.py:183} INFO - Processing /home/airflow/.local/lib/python3.12/site-packages/airflow/example_dags/example_setup_teardown.py took 0.736 seconds
[2024-08-28T02:54:47.379+0000] {processor.py:161} INFO - Started process (PID=210) to work on /home/airflow/.local/lib/python3.12/site-packages/airflow/example_dags/example_setup_teardown.py
[2024-08-28T02:54:47.397+0000] {processor.py:830} INFO - Processing file /home/airflow/.local/lib/python3.12/site-packages/airflow/example_dags/example_setup_teardown.py for tasks to queue
[2024-08-28T02:54:47.410+0000] {logging_mixin.py:188} INFO - [2024-08-28T02:54:47.409+0000] {dagbag.py:545} INFO - Filling up the DagBag from /home/airflow/.local/lib/python3.12/site-packages/airflow/example_dags/example_setup_teardown.py
[2024-08-28T02:54:47.457+0000] {processor.py:840} INFO - DAG(s) 'example_setup_teardown' retrieved from /home/airflow/.local/lib/python3.12/site-packages/airflow/example_dags/example_setup_teardown.py
[2024-08-28T02:54:47.563+0000] {logging_mixin.py:188} INFO - [2024-08-28T02:54:47.563+0000] {dag.py:3089} INFO - Sync 1 DAGs
[2024-08-28T02:54:47.658+0000] {logging_mixin.py:188} INFO - [2024-08-28T02:54:47.658+0000] {dag.py:3947} INFO - Setting next_dagrun for example_setup_teardown to 2024-08-27 00:00:00+00:00, run_after=2024-08-28 00:00:00+00:00
[2024-08-28T02:54:47.807+0000] {processor.py:183} INFO - Processing /home/airflow/.local/lib/python3.12/site-packages/airflow/example_dags/example_setup_teardown.py took 0.485 seconds
[2024-08-28T02:59:31.553+0000] {processor.py:161} INFO - Started process (PID=110) to work on /home/airflow/.local/lib/python3.12/site-packages/airflow/example_dags/example_setup_teardown.py
[2024-08-28T02:59:31.557+0000] {processor.py:830} INFO - Processing file /home/airflow/.local/lib/python3.12/site-packages/airflow/example_dags/example_setup_teardown.py for tasks to queue
[2024-08-28T02:59:31.573+0000] {logging_mixin.py:188} INFO - [2024-08-28T02:59:31.572+0000] {dagbag.py:545} INFO - Filling up the DagBag from /home/airflow/.local/lib/python3.12/site-packages/airflow/example_dags/example_setup_teardown.py
[2024-08-28T02:59:31.619+0000] {processor.py:840} INFO - DAG(s) 'example_setup_teardown' retrieved from /home/airflow/.local/lib/python3.12/site-packages/airflow/example_dags/example_setup_teardown.py
[2024-08-28T02:59:32.572+0000] {logging_mixin.py:188} INFO - [2024-08-28T02:59:32.572+0000] {dag.py:3089} INFO - Sync 1 DAGs
[2024-08-28T02:59:32.688+0000] {logging_mixin.py:188} INFO - [2024-08-28T02:59:32.687+0000] {dag.py:3947} INFO - Setting next_dagrun for example_setup_teardown to 2024-08-27 00:00:00+00:00, run_after=2024-08-28 00:00:00+00:00
[2024-08-28T02:59:32.860+0000] {processor.py:183} INFO - Processing /home/airflow/.local/lib/python3.12/site-packages/airflow/example_dags/example_setup_teardown.py took 1.363 seconds
[2024-08-28T04:01:39.110+0000] {processor.py:161} INFO - Started process (PID=169) to work on /home/airflow/.local/lib/python3.12/site-packages/airflow/example_dags/example_setup_teardown.py
[2024-08-28T04:01:39.180+0000] {processor.py:830} INFO - Processing file /home/airflow/.local/lib/python3.12/site-packages/airflow/example_dags/example_setup_teardown.py for tasks to queue
[2024-08-28T04:01:39.199+0000] {logging_mixin.py:188} INFO - [2024-08-28T04:01:39.199+0000] {dagbag.py:545} INFO - Filling up the DagBag from /home/airflow/.local/lib/python3.12/site-packages/airflow/example_dags/example_setup_teardown.py
[2024-08-28T04:01:39.322+0000] {processor.py:840} INFO - DAG(s) 'example_setup_teardown' retrieved from /home/airflow/.local/lib/python3.12/site-packages/airflow/example_dags/example_setup_teardown.py
[2024-08-28T04:01:50.874+0000] {logging_mixin.py:188} INFO - [2024-08-28T04:01:50.873+0000] {dag.py:3089} INFO - Sync 1 DAGs
[2024-08-28T04:01:52.985+0000] {logging_mixin.py:188} INFO - [2024-08-28T04:01:52.978+0000] {dag.py:3947} INFO - Setting next_dagrun for example_setup_teardown to 2024-08-27 00:00:00+00:00, run_after=2024-08-28 00:00:00+00:00
[2024-08-28T04:01:53.880+0000] {processor.py:183} INFO - Processing /home/airflow/.local/lib/python3.12/site-packages/airflow/example_dags/example_setup_teardown.py took 14.918 seconds
[2024-08-28T04:05:47.648+0000] {processor.py:161} INFO - Started process (PID=255) to work on /home/airflow/.local/lib/python3.12/site-packages/airflow/example_dags/example_setup_teardown.py
[2024-08-28T04:05:47.674+0000] {processor.py:830} INFO - Processing file /home/airflow/.local/lib/python3.12/site-packages/airflow/example_dags/example_setup_teardown.py for tasks to queue
[2024-08-28T04:05:47.677+0000] {logging_mixin.py:188} INFO - [2024-08-28T04:05:47.676+0000] {dagbag.py:545} INFO - Filling up the DagBag from /home/airflow/.local/lib/python3.12/site-packages/airflow/example_dags/example_setup_teardown.py
[2024-08-28T04:05:47.736+0000] {processor.py:840} INFO - DAG(s) 'example_setup_teardown' retrieved from /home/airflow/.local/lib/python3.12/site-packages/airflow/example_dags/example_setup_teardown.py
[2024-08-28T04:05:47.815+0000] {logging_mixin.py:188} INFO - [2024-08-28T04:05:47.815+0000] {dag.py:3089} INFO - Sync 1 DAGs
[2024-08-28T04:05:48.059+0000] {logging_mixin.py:188} INFO - [2024-08-28T04:05:48.058+0000] {dag.py:3947} INFO - Setting next_dagrun for example_setup_teardown to 2024-08-27 00:00:00+00:00, run_after=2024-08-28 00:00:00+00:00
[2024-08-28T04:05:48.240+0000] {processor.py:183} INFO - Processing /home/airflow/.local/lib/python3.12/site-packages/airflow/example_dags/example_setup_teardown.py took 0.632 seconds
[2024-08-28T04:06:25.933+0000] {processor.py:161} INFO - Started process (PID=313) to work on /home/airflow/.local/lib/python3.12/site-packages/airflow/example_dags/example_setup_teardown.py
[2024-08-28T04:06:25.939+0000] {processor.py:830} INFO - Processing file /home/airflow/.local/lib/python3.12/site-packages/airflow/example_dags/example_setup_teardown.py for tasks to queue
[2024-08-28T04:06:25.971+0000] {logging_mixin.py:188} INFO - [2024-08-28T04:06:25.970+0000] {dagbag.py:545} INFO - Filling up the DagBag from /home/airflow/.local/lib/python3.12/site-packages/airflow/example_dags/example_setup_teardown.py
[2024-08-28T04:06:26.047+0000] {processor.py:840} INFO - DAG(s) 'example_setup_teardown' retrieved from /home/airflow/.local/lib/python3.12/site-packages/airflow/example_dags/example_setup_teardown.py
[2024-08-28T04:06:26.340+0000] {logging_mixin.py:188} INFO - [2024-08-28T04:06:26.340+0000] {dag.py:3089} INFO - Sync 1 DAGs
[2024-08-28T04:06:26.634+0000] {logging_mixin.py:188} INFO - [2024-08-28T04:06:26.633+0000] {dag.py:3947} INFO - Setting next_dagrun for example_setup_teardown to 2024-08-27 00:00:00+00:00, run_after=2024-08-28 00:00:00+00:00
[2024-08-28T04:06:26.877+0000] {processor.py:183} INFO - Processing /home/airflow/.local/lib/python3.12/site-packages/airflow/example_dags/example_setup_teardown.py took 1.011 seconds
[2024-08-28T04:07:38.972+0000] {processor.py:161} INFO - Started process (PID=383) to work on /home/airflow/.local/lib/python3.12/site-packages/airflow/example_dags/example_setup_teardown.py
[2024-08-28T04:07:38.978+0000] {processor.py:830} INFO - Processing file /home/airflow/.local/lib/python3.12/site-packages/airflow/example_dags/example_setup_teardown.py for tasks to queue
[2024-08-28T04:07:38.996+0000] {logging_mixin.py:188} INFO - [2024-08-28T04:07:38.994+0000] {dagbag.py:545} INFO - Filling up the DagBag from /home/airflow/.local/lib/python3.12/site-packages/airflow/example_dags/example_setup_teardown.py
[2024-08-28T04:07:39.237+0000] {processor.py:840} INFO - DAG(s) 'example_setup_teardown' retrieved from /home/airflow/.local/lib/python3.12/site-packages/airflow/example_dags/example_setup_teardown.py
[2024-08-28T04:07:39.540+0000] {logging_mixin.py:188} INFO - [2024-08-28T04:07:39.539+0000] {dag.py:3089} INFO - Sync 1 DAGs
[2024-08-28T04:07:39.906+0000] {logging_mixin.py:188} INFO - [2024-08-28T04:07:39.906+0000] {dag.py:3947} INFO - Setting next_dagrun for example_setup_teardown to 2024-08-27 00:00:00+00:00, run_after=2024-08-28 00:00:00+00:00
[2024-08-28T04:07:40.500+0000] {processor.py:183} INFO - Processing /home/airflow/.local/lib/python3.12/site-packages/airflow/example_dags/example_setup_teardown.py took 1.676 seconds
[2024-08-28T04:12:03.511+0000] {processor.py:161} INFO - Started process (PID=497) to work on /home/airflow/.local/lib/python3.12/site-packages/airflow/example_dags/example_setup_teardown.py
[2024-08-28T04:12:03.666+0000] {processor.py:830} INFO - Processing file /home/airflow/.local/lib/python3.12/site-packages/airflow/example_dags/example_setup_teardown.py for tasks to queue
[2024-08-28T04:12:03.719+0000] {logging_mixin.py:188} INFO - [2024-08-28T04:12:03.717+0000] {dagbag.py:545} INFO - Filling up the DagBag from /home/airflow/.local/lib/python3.12/site-packages/airflow/example_dags/example_setup_teardown.py
[2024-08-28T04:12:04.556+0000] {processor.py:840} INFO - DAG(s) 'example_setup_teardown' retrieved from /home/airflow/.local/lib/python3.12/site-packages/airflow/example_dags/example_setup_teardown.py
[2024-08-28T04:12:05.142+0000] {logging_mixin.py:188} INFO - [2024-08-28T04:12:05.142+0000] {dag.py:3089} INFO - Sync 1 DAGs
[2024-08-28T04:12:05.811+0000] {logging_mixin.py:188} INFO - [2024-08-28T04:12:05.810+0000] {dag.py:3947} INFO - Setting next_dagrun for example_setup_teardown to 2024-08-27 00:00:00+00:00, run_after=2024-08-28 00:00:00+00:00
[2024-08-28T04:12:06.347+0000] {processor.py:183} INFO - Processing /home/airflow/.local/lib/python3.12/site-packages/airflow/example_dags/example_setup_teardown.py took 3.108 seconds
[2024-08-28T04:14:11.247+0000] {processor.py:161} INFO - Started process (PID=572) to work on /home/airflow/.local/lib/python3.12/site-packages/airflow/example_dags/example_setup_teardown.py
[2024-08-28T04:14:11.295+0000] {processor.py:830} INFO - Processing file /home/airflow/.local/lib/python3.12/site-packages/airflow/example_dags/example_setup_teardown.py for tasks to queue
[2024-08-28T04:14:11.430+0000] {logging_mixin.py:188} INFO - [2024-08-28T04:14:11.429+0000] {dagbag.py:545} INFO - Filling up the DagBag from /home/airflow/.local/lib/python3.12/site-packages/airflow/example_dags/example_setup_teardown.py
[2024-08-28T04:14:11.702+0000] {processor.py:840} INFO - DAG(s) 'example_setup_teardown' retrieved from /home/airflow/.local/lib/python3.12/site-packages/airflow/example_dags/example_setup_teardown.py
[2024-08-28T04:14:12.566+0000] {logging_mixin.py:188} INFO - [2024-08-28T04:14:12.564+0000] {dag.py:3089} INFO - Sync 1 DAGs
[2024-08-28T04:14:12.942+0000] {logging_mixin.py:188} INFO - [2024-08-28T04:14:12.941+0000] {dag.py:3947} INFO - Setting next_dagrun for example_setup_teardown to 2024-08-27 00:00:00+00:00, run_after=2024-08-28 00:00:00+00:00
[2024-08-28T04:14:13.473+0000] {processor.py:183} INFO - Processing /home/airflow/.local/lib/python3.12/site-packages/airflow/example_dags/example_setup_teardown.py took 2.997 seconds
