[2024-08-28T02:37:43.208+0000] {processor.py:161} INFO - Started process (PID=96) to work on /home/airflow/.local/lib/python3.12/site-packages/airflow/example_dags/example_params_ui_tutorial.py
[2024-08-28T02:37:43.209+0000] {processor.py:830} INFO - Processing file /home/airflow/.local/lib/python3.12/site-packages/airflow/example_dags/example_params_ui_tutorial.py for tasks to queue
[2024-08-28T02:37:43.222+0000] {logging_mixin.py:188} INFO - [2024-08-28T02:37:43.221+0000] {dagbag.py:545} INFO - Filling up the DagBag from /home/airflow/.local/lib/python3.12/site-packages/airflow/example_dags/example_params_ui_tutorial.py
[2024-08-28T02:37:43.253+0000] {processor.py:840} INFO - DAG(s) 'example_params_ui_tutorial' retrieved from /home/airflow/.local/lib/python3.12/site-packages/airflow/example_dags/example_params_ui_tutorial.py
[2024-08-28T02:37:43.698+0000] {logging_mixin.py:188} INFO - [2024-08-28T02:37:43.697+0000] {override.py:1858} INFO - Created Permission View: can edit on DAG:example_params_ui_tutorial
[2024-08-28T02:37:43.765+0000] {logging_mixin.py:188} INFO - [2024-08-28T02:37:43.764+0000] {override.py:1858} INFO - Created Permission View: can delete on DAG:example_params_ui_tutorial
[2024-08-28T02:37:43.821+0000] {logging_mixin.py:188} INFO - [2024-08-28T02:37:43.818+0000] {override.py:1858} INFO - Created Permission View: can read on DAG:example_params_ui_tutorial
[2024-08-28T02:37:43.828+0000] {logging_mixin.py:188} INFO - [2024-08-28T02:37:43.827+0000] {dag.py:3089} INFO - Sync 1 DAGs
[2024-08-28T02:37:43.878+0000] {logging_mixin.py:188} INFO - [2024-08-28T02:37:43.874+0000] {dag.py:3111} INFO - Creating ORM DAG for example_params_ui_tutorial
[2024-08-28T02:37:43.887+0000] {logging_mixin.py:188} INFO - [2024-08-28T02:37:43.880+0000] {dag.py:3947} INFO - Setting next_dagrun for example_params_ui_tutorial to None, run_after=None
[2024-08-28T02:37:43.989+0000] {processor.py:183} INFO - Processing /home/airflow/.local/lib/python3.12/site-packages/airflow/example_dags/example_params_ui_tutorial.py took 0.800 seconds
[2024-08-28T02:38:39.207+0000] {processor.py:161} INFO - Started process (PID=161) to work on /home/airflow/.local/lib/python3.12/site-packages/airflow/example_dags/example_params_ui_tutorial.py
[2024-08-28T02:38:39.211+0000] {processor.py:830} INFO - Processing file /home/airflow/.local/lib/python3.12/site-packages/airflow/example_dags/example_params_ui_tutorial.py for tasks to queue
[2024-08-28T02:38:39.215+0000] {logging_mixin.py:188} INFO - [2024-08-28T02:38:39.214+0000] {dagbag.py:545} INFO - Filling up the DagBag from /home/airflow/.local/lib/python3.12/site-packages/airflow/example_dags/example_params_ui_tutorial.py
[2024-08-28T02:38:39.232+0000] {processor.py:840} INFO - DAG(s) 'example_params_ui_tutorial' retrieved from /home/airflow/.local/lib/python3.12/site-packages/airflow/example_dags/example_params_ui_tutorial.py
[2024-08-28T02:38:39.412+0000] {logging_mixin.py:188} INFO - [2024-08-28T02:38:39.411+0000] {dag.py:3089} INFO - Sync 1 DAGs
[2024-08-28T02:38:39.455+0000] {logging_mixin.py:188} INFO - [2024-08-28T02:38:39.455+0000] {dag.py:3947} INFO - Setting next_dagrun for example_params_ui_tutorial to None, run_after=None
[2024-08-28T02:38:39.527+0000] {processor.py:183} INFO - Processing /home/airflow/.local/lib/python3.12/site-packages/airflow/example_dags/example_params_ui_tutorial.py took 0.332 seconds
[2024-08-28T02:39:09.859+0000] {processor.py:161} INFO - Started process (PID=217) to work on /home/airflow/.local/lib/python3.12/site-packages/airflow/example_dags/example_params_ui_tutorial.py
[2024-08-28T02:39:09.861+0000] {processor.py:830} INFO - Processing file /home/airflow/.local/lib/python3.12/site-packages/airflow/example_dags/example_params_ui_tutorial.py for tasks to queue
[2024-08-28T02:39:09.864+0000] {logging_mixin.py:188} INFO - [2024-08-28T02:39:09.863+0000] {dagbag.py:545} INFO - Filling up the DagBag from /home/airflow/.local/lib/python3.12/site-packages/airflow/example_dags/example_params_ui_tutorial.py
[2024-08-28T02:39:09.875+0000] {processor.py:840} INFO - DAG(s) 'example_params_ui_tutorial' retrieved from /home/airflow/.local/lib/python3.12/site-packages/airflow/example_dags/example_params_ui_tutorial.py
[2024-08-28T02:39:09.974+0000] {logging_mixin.py:188} INFO - [2024-08-28T02:39:09.973+0000] {dag.py:3089} INFO - Sync 1 DAGs
[2024-08-28T02:39:09.996+0000] {logging_mixin.py:188} INFO - [2024-08-28T02:39:09.996+0000] {dag.py:3947} INFO - Setting next_dagrun for example_params_ui_tutorial to None, run_after=None
[2024-08-28T02:39:10.033+0000] {processor.py:183} INFO - Processing /home/airflow/.local/lib/python3.12/site-packages/airflow/example_dags/example_params_ui_tutorial.py took 0.184 seconds
[2024-08-28T02:39:42.375+0000] {processor.py:161} INFO - Started process (PID=275) to work on /home/airflow/.local/lib/python3.12/site-packages/airflow/example_dags/example_params_ui_tutorial.py
[2024-08-28T02:39:42.379+0000] {processor.py:830} INFO - Processing file /home/airflow/.local/lib/python3.12/site-packages/airflow/example_dags/example_params_ui_tutorial.py for tasks to queue
[2024-08-28T02:39:42.383+0000] {logging_mixin.py:188} INFO - [2024-08-28T02:39:42.382+0000] {dagbag.py:545} INFO - Filling up the DagBag from /home/airflow/.local/lib/python3.12/site-packages/airflow/example_dags/example_params_ui_tutorial.py
[2024-08-28T02:39:42.703+0000] {processor.py:840} INFO - DAG(s) 'example_params_ui_tutorial' retrieved from /home/airflow/.local/lib/python3.12/site-packages/airflow/example_dags/example_params_ui_tutorial.py
[2024-08-28T02:39:42.796+0000] {logging_mixin.py:188} INFO - [2024-08-28T02:39:42.795+0000] {dag.py:3089} INFO - Sync 1 DAGs
[2024-08-28T02:39:42.821+0000] {logging_mixin.py:188} INFO - [2024-08-28T02:39:42.820+0000] {dag.py:3947} INFO - Setting next_dagrun for example_params_ui_tutorial to None, run_after=None
[2024-08-28T02:39:42.866+0000] {processor.py:183} INFO - Processing /home/airflow/.local/lib/python3.12/site-packages/airflow/example_dags/example_params_ui_tutorial.py took 0.504 seconds
[2024-08-28T02:40:16.085+0000] {processor.py:161} INFO - Started process (PID=333) to work on /home/airflow/.local/lib/python3.12/site-packages/airflow/example_dags/example_params_ui_tutorial.py
[2024-08-28T02:40:16.097+0000] {processor.py:830} INFO - Processing file /home/airflow/.local/lib/python3.12/site-packages/airflow/example_dags/example_params_ui_tutorial.py for tasks to queue
[2024-08-28T02:40:16.115+0000] {logging_mixin.py:188} INFO - [2024-08-28T02:40:16.114+0000] {dagbag.py:545} INFO - Filling up the DagBag from /home/airflow/.local/lib/python3.12/site-packages/airflow/example_dags/example_params_ui_tutorial.py
[2024-08-28T02:40:16.258+0000] {processor.py:840} INFO - DAG(s) 'example_params_ui_tutorial' retrieved from /home/airflow/.local/lib/python3.12/site-packages/airflow/example_dags/example_params_ui_tutorial.py
[2024-08-28T02:40:17.326+0000] {logging_mixin.py:188} INFO - [2024-08-28T02:40:17.325+0000] {dag.py:3089} INFO - Sync 1 DAGs
[2024-08-28T02:40:17.518+0000] {logging_mixin.py:188} INFO - [2024-08-28T02:40:17.517+0000] {dag.py:3947} INFO - Setting next_dagrun for example_params_ui_tutorial to None, run_after=None
[2024-08-28T02:40:18.190+0000] {processor.py:183} INFO - Processing /home/airflow/.local/lib/python3.12/site-packages/airflow/example_dags/example_params_ui_tutorial.py took 2.155 seconds
[2024-08-28T02:40:50.262+0000] {processor.py:161} INFO - Started process (PID=390) to work on /home/airflow/.local/lib/python3.12/site-packages/airflow/example_dags/example_params_ui_tutorial.py
[2024-08-28T02:40:50.284+0000] {processor.py:830} INFO - Processing file /home/airflow/.local/lib/python3.12/site-packages/airflow/example_dags/example_params_ui_tutorial.py for tasks to queue
[2024-08-28T02:40:50.324+0000] {logging_mixin.py:188} INFO - [2024-08-28T02:40:50.294+0000] {dagbag.py:545} INFO - Filling up the DagBag from /home/airflow/.local/lib/python3.12/site-packages/airflow/example_dags/example_params_ui_tutorial.py
[2024-08-28T02:40:50.424+0000] {processor.py:840} INFO - DAG(s) 'example_params_ui_tutorial' retrieved from /home/airflow/.local/lib/python3.12/site-packages/airflow/example_dags/example_params_ui_tutorial.py
[2024-08-28T02:40:51.271+0000] {logging_mixin.py:188} INFO - [2024-08-28T02:40:51.255+0000] {dag.py:3089} INFO - Sync 1 DAGs
[2024-08-28T02:40:51.438+0000] {logging_mixin.py:188} INFO - [2024-08-28T02:40:51.433+0000] {dag.py:3947} INFO - Setting next_dagrun for example_params_ui_tutorial to None, run_after=None
[2024-08-28T02:40:51.869+0000] {processor.py:183} INFO - Processing /home/airflow/.local/lib/python3.12/site-packages/airflow/example_dags/example_params_ui_tutorial.py took 1.667 seconds
[2024-08-28T02:42:02.144+0000] {processor.py:161} INFO - Started process (PID=451) to work on /home/airflow/.local/lib/python3.12/site-packages/airflow/example_dags/example_params_ui_tutorial.py
[2024-08-28T02:42:02.151+0000] {processor.py:830} INFO - Processing file /home/airflow/.local/lib/python3.12/site-packages/airflow/example_dags/example_params_ui_tutorial.py for tasks to queue
[2024-08-28T02:42:02.162+0000] {logging_mixin.py:188} INFO - [2024-08-28T02:42:02.161+0000] {dagbag.py:545} INFO - Filling up the DagBag from /home/airflow/.local/lib/python3.12/site-packages/airflow/example_dags/example_params_ui_tutorial.py
[2024-08-28T02:42:02.194+0000] {processor.py:840} INFO - DAG(s) 'example_params_ui_tutorial' retrieved from /home/airflow/.local/lib/python3.12/site-packages/airflow/example_dags/example_params_ui_tutorial.py
[2024-08-28T02:42:02.401+0000] {logging_mixin.py:188} INFO - [2024-08-28T02:42:02.400+0000] {dag.py:3089} INFO - Sync 1 DAGs
[2024-08-28T02:42:02.435+0000] {logging_mixin.py:188} INFO - [2024-08-28T02:42:02.432+0000] {dag.py:3947} INFO - Setting next_dagrun for example_params_ui_tutorial to None, run_after=None
[2024-08-28T02:42:02.481+0000] {processor.py:183} INFO - Processing /home/airflow/.local/lib/python3.12/site-packages/airflow/example_dags/example_params_ui_tutorial.py took 0.359 seconds
[2024-08-28T02:42:32.947+0000] {processor.py:161} INFO - Started process (PID=507) to work on /home/airflow/.local/lib/python3.12/site-packages/airflow/example_dags/example_params_ui_tutorial.py
[2024-08-28T02:42:32.948+0000] {processor.py:830} INFO - Processing file /home/airflow/.local/lib/python3.12/site-packages/airflow/example_dags/example_params_ui_tutorial.py for tasks to queue
[2024-08-28T02:42:32.951+0000] {logging_mixin.py:188} INFO - [2024-08-28T02:42:32.951+0000] {dagbag.py:545} INFO - Filling up the DagBag from /home/airflow/.local/lib/python3.12/site-packages/airflow/example_dags/example_params_ui_tutorial.py
[2024-08-28T02:42:32.963+0000] {processor.py:840} INFO - DAG(s) 'example_params_ui_tutorial' retrieved from /home/airflow/.local/lib/python3.12/site-packages/airflow/example_dags/example_params_ui_tutorial.py
[2024-08-28T02:42:33.042+0000] {logging_mixin.py:188} INFO - [2024-08-28T02:42:33.041+0000] {dag.py:3089} INFO - Sync 1 DAGs
[2024-08-28T02:42:33.063+0000] {logging_mixin.py:188} INFO - [2024-08-28T02:42:33.062+0000] {dag.py:3947} INFO - Setting next_dagrun for example_params_ui_tutorial to None, run_after=None
[2024-08-28T02:42:33.102+0000] {processor.py:183} INFO - Processing /home/airflow/.local/lib/python3.12/site-packages/airflow/example_dags/example_params_ui_tutorial.py took 0.164 seconds
[2024-08-28T02:43:03.816+0000] {processor.py:161} INFO - Started process (PID=565) to work on /home/airflow/.local/lib/python3.12/site-packages/airflow/example_dags/example_params_ui_tutorial.py
[2024-08-28T02:43:03.817+0000] {processor.py:830} INFO - Processing file /home/airflow/.local/lib/python3.12/site-packages/airflow/example_dags/example_params_ui_tutorial.py for tasks to queue
[2024-08-28T02:43:03.822+0000] {logging_mixin.py:188} INFO - [2024-08-28T02:43:03.821+0000] {dagbag.py:545} INFO - Filling up the DagBag from /home/airflow/.local/lib/python3.12/site-packages/airflow/example_dags/example_params_ui_tutorial.py
[2024-08-28T02:43:03.867+0000] {processor.py:840} INFO - DAG(s) 'example_params_ui_tutorial' retrieved from /home/airflow/.local/lib/python3.12/site-packages/airflow/example_dags/example_params_ui_tutorial.py
[2024-08-28T02:43:04.161+0000] {logging_mixin.py:188} INFO - [2024-08-28T02:43:04.160+0000] {dag.py:3089} INFO - Sync 1 DAGs
[2024-08-28T02:43:04.196+0000] {logging_mixin.py:188} INFO - [2024-08-28T02:43:04.195+0000] {dag.py:3947} INFO - Setting next_dagrun for example_params_ui_tutorial to None, run_after=None
[2024-08-28T02:43:04.233+0000] {processor.py:183} INFO - Processing /home/airflow/.local/lib/python3.12/site-packages/airflow/example_dags/example_params_ui_tutorial.py took 0.432 seconds
[2024-08-28T02:43:34.301+0000] {processor.py:161} INFO - Started process (PID=623) to work on /home/airflow/.local/lib/python3.12/site-packages/airflow/example_dags/example_params_ui_tutorial.py
[2024-08-28T02:43:34.303+0000] {processor.py:830} INFO - Processing file /home/airflow/.local/lib/python3.12/site-packages/airflow/example_dags/example_params_ui_tutorial.py for tasks to queue
[2024-08-28T02:43:34.307+0000] {logging_mixin.py:188} INFO - [2024-08-28T02:43:34.306+0000] {dagbag.py:545} INFO - Filling up the DagBag from /home/airflow/.local/lib/python3.12/site-packages/airflow/example_dags/example_params_ui_tutorial.py
[2024-08-28T02:43:34.320+0000] {processor.py:840} INFO - DAG(s) 'example_params_ui_tutorial' retrieved from /home/airflow/.local/lib/python3.12/site-packages/airflow/example_dags/example_params_ui_tutorial.py
[2024-08-28T02:43:34.415+0000] {logging_mixin.py:188} INFO - [2024-08-28T02:43:34.414+0000] {dag.py:3089} INFO - Sync 1 DAGs
[2024-08-28T02:43:34.435+0000] {logging_mixin.py:188} INFO - [2024-08-28T02:43:34.434+0000] {dag.py:3947} INFO - Setting next_dagrun for example_params_ui_tutorial to None, run_after=None
[2024-08-28T02:43:34.484+0000] {processor.py:183} INFO - Processing /home/airflow/.local/lib/python3.12/site-packages/airflow/example_dags/example_params_ui_tutorial.py took 0.194 seconds
[2024-08-28T02:44:05.601+0000] {processor.py:161} INFO - Started process (PID=680) to work on /home/airflow/.local/lib/python3.12/site-packages/airflow/example_dags/example_params_ui_tutorial.py
[2024-08-28T02:44:05.607+0000] {processor.py:830} INFO - Processing file /home/airflow/.local/lib/python3.12/site-packages/airflow/example_dags/example_params_ui_tutorial.py for tasks to queue
[2024-08-28T02:44:05.613+0000] {logging_mixin.py:188} INFO - [2024-08-28T02:44:05.612+0000] {dagbag.py:545} INFO - Filling up the DagBag from /home/airflow/.local/lib/python3.12/site-packages/airflow/example_dags/example_params_ui_tutorial.py
[2024-08-28T02:44:05.631+0000] {processor.py:840} INFO - DAG(s) 'example_params_ui_tutorial' retrieved from /home/airflow/.local/lib/python3.12/site-packages/airflow/example_dags/example_params_ui_tutorial.py
[2024-08-28T02:44:05.836+0000] {logging_mixin.py:188} INFO - [2024-08-28T02:44:05.836+0000] {dag.py:3089} INFO - Sync 1 DAGs
[2024-08-28T02:44:05.872+0000] {logging_mixin.py:188} INFO - [2024-08-28T02:44:05.872+0000] {dag.py:3947} INFO - Setting next_dagrun for example_params_ui_tutorial to None, run_after=None
[2024-08-28T02:44:05.925+0000] {processor.py:183} INFO - Processing /home/airflow/.local/lib/python3.12/site-packages/airflow/example_dags/example_params_ui_tutorial.py took 0.344 seconds
[2024-08-28T02:53:44.883+0000] {processor.py:161} INFO - Started process (PID=126) to work on /home/airflow/.local/lib/python3.12/site-packages/airflow/example_dags/example_params_ui_tutorial.py
[2024-08-28T02:53:44.887+0000] {processor.py:830} INFO - Processing file /home/airflow/.local/lib/python3.12/site-packages/airflow/example_dags/example_params_ui_tutorial.py for tasks to queue
[2024-08-28T02:53:44.900+0000] {logging_mixin.py:188} INFO - [2024-08-28T02:53:44.899+0000] {dagbag.py:545} INFO - Filling up the DagBag from /home/airflow/.local/lib/python3.12/site-packages/airflow/example_dags/example_params_ui_tutorial.py
[2024-08-28T02:53:44.985+0000] {processor.py:840} INFO - DAG(s) 'example_params_ui_tutorial' retrieved from /home/airflow/.local/lib/python3.12/site-packages/airflow/example_dags/example_params_ui_tutorial.py
[2024-08-28T02:53:45.313+0000] {logging_mixin.py:188} INFO - [2024-08-28T02:53:45.313+0000] {dag.py:3089} INFO - Sync 1 DAGs
[2024-08-28T02:53:45.412+0000] {logging_mixin.py:188} INFO - [2024-08-28T02:53:45.411+0000] {dag.py:3947} INFO - Setting next_dagrun for example_params_ui_tutorial to None, run_after=None
[2024-08-28T02:53:45.538+0000] {processor.py:183} INFO - Processing /home/airflow/.local/lib/python3.12/site-packages/airflow/example_dags/example_params_ui_tutorial.py took 0.705 seconds
[2024-08-28T02:54:37.147+0000] {processor.py:161} INFO - Started process (PID=190) to work on /home/airflow/.local/lib/python3.12/site-packages/airflow/example_dags/example_params_ui_tutorial.py
[2024-08-28T02:54:37.149+0000] {processor.py:830} INFO - Processing file /home/airflow/.local/lib/python3.12/site-packages/airflow/example_dags/example_params_ui_tutorial.py for tasks to queue
[2024-08-28T02:54:37.165+0000] {logging_mixin.py:188} INFO - [2024-08-28T02:54:37.164+0000] {dagbag.py:545} INFO - Filling up the DagBag from /home/airflow/.local/lib/python3.12/site-packages/airflow/example_dags/example_params_ui_tutorial.py
[2024-08-28T02:54:37.208+0000] {processor.py:840} INFO - DAG(s) 'example_params_ui_tutorial' retrieved from /home/airflow/.local/lib/python3.12/site-packages/airflow/example_dags/example_params_ui_tutorial.py
[2024-08-28T02:54:37.495+0000] {logging_mixin.py:188} INFO - [2024-08-28T02:54:37.495+0000] {dag.py:3089} INFO - Sync 1 DAGs
[2024-08-28T02:54:37.569+0000] {logging_mixin.py:188} INFO - [2024-08-28T02:54:37.568+0000] {dag.py:3947} INFO - Setting next_dagrun for example_params_ui_tutorial to None, run_after=None
[2024-08-28T02:54:37.702+0000] {processor.py:183} INFO - Processing /home/airflow/.local/lib/python3.12/site-packages/airflow/example_dags/example_params_ui_tutorial.py took 0.594 seconds
[2024-08-28T02:59:22.266+0000] {processor.py:161} INFO - Started process (PID=90) to work on /home/airflow/.local/lib/python3.12/site-packages/airflow/example_dags/example_params_ui_tutorial.py
[2024-08-28T02:59:22.316+0000] {processor.py:830} INFO - Processing file /home/airflow/.local/lib/python3.12/site-packages/airflow/example_dags/example_params_ui_tutorial.py for tasks to queue
[2024-08-28T02:59:22.325+0000] {logging_mixin.py:188} INFO - [2024-08-28T02:59:22.323+0000] {dagbag.py:545} INFO - Filling up the DagBag from /home/airflow/.local/lib/python3.12/site-packages/airflow/example_dags/example_params_ui_tutorial.py
[2024-08-28T02:59:22.372+0000] {processor.py:840} INFO - DAG(s) 'example_params_ui_tutorial' retrieved from /home/airflow/.local/lib/python3.12/site-packages/airflow/example_dags/example_params_ui_tutorial.py
[2024-08-28T02:59:22.906+0000] {logging_mixin.py:188} INFO - [2024-08-28T02:59:22.906+0000] {dag.py:3089} INFO - Sync 1 DAGs
[2024-08-28T02:59:22.931+0000] {logging_mixin.py:188} INFO - [2024-08-28T02:59:22.930+0000] {dag.py:3947} INFO - Setting next_dagrun for example_params_ui_tutorial to None, run_after=None
[2024-08-28T02:59:23.036+0000] {processor.py:183} INFO - Processing /home/airflow/.local/lib/python3.12/site-packages/airflow/example_dags/example_params_ui_tutorial.py took 0.829 seconds
