[2024-08-28T02:37:45.979+0000] {processor.py:161} INFO - Started process (PID=102) to work on /home/airflow/.local/lib/python3.12/site-packages/airflow/example_dags/example_dag_decorator.py
[2024-08-28T02:37:45.982+0000] {processor.py:830} INFO - Processing file /home/airflow/.local/lib/python3.12/site-packages/airflow/example_dags/example_dag_decorator.py for tasks to queue
[2024-08-28T02:37:45.989+0000] {logging_mixin.py:188} INFO - [2024-08-28T02:37:45.989+0000] {dagbag.py:545} INFO - Filling up the DagBag from /home/airflow/.local/lib/python3.12/site-packages/airflow/example_dags/example_dag_decorator.py
[2024-08-28T02:37:47.598+0000] {processor.py:840} INFO - DAG(s) 'example_dag_decorator' retrieved from /home/airflow/.local/lib/python3.12/site-packages/airflow/example_dags/example_dag_decorator.py
[2024-08-28T02:37:48.188+0000] {logging_mixin.py:188} INFO - [2024-08-28T02:37:48.186+0000] {override.py:1858} INFO - Created Permission View: can edit on DAG:example_dag_decorator
[2024-08-28T02:37:48.335+0000] {logging_mixin.py:188} INFO - [2024-08-28T02:37:48.334+0000] {override.py:1858} INFO - Created Permission View: can delete on DAG:example_dag_decorator
[2024-08-28T02:37:48.948+0000] {logging_mixin.py:188} INFO - [2024-08-28T02:37:48.947+0000] {override.py:1858} INFO - Created Permission View: can read on DAG:example_dag_decorator
[2024-08-28T02:37:48.950+0000] {logging_mixin.py:188} INFO - [2024-08-28T02:37:48.949+0000] {dag.py:3089} INFO - Sync 1 DAGs
[2024-08-28T02:37:48.984+0000] {logging_mixin.py:188} INFO - [2024-08-28T02:37:48.984+0000] {dag.py:3111} INFO - Creating ORM DAG for example_dag_decorator
[2024-08-28T02:37:48.986+0000] {logging_mixin.py:188} INFO - [2024-08-28T02:37:48.986+0000] {dag.py:3947} INFO - Setting next_dagrun for example_dag_decorator to None, run_after=None
[2024-08-28T02:37:49.029+0000] {processor.py:183} INFO - Processing /home/airflow/.local/lib/python3.12/site-packages/airflow/example_dags/example_dag_decorator.py took 3.063 seconds
[2024-08-28T02:38:41.741+0000] {processor.py:161} INFO - Started process (PID=167) to work on /home/airflow/.local/lib/python3.12/site-packages/airflow/example_dags/example_dag_decorator.py
[2024-08-28T02:38:41.750+0000] {processor.py:830} INFO - Processing file /home/airflow/.local/lib/python3.12/site-packages/airflow/example_dags/example_dag_decorator.py for tasks to queue
[2024-08-28T02:38:41.757+0000] {logging_mixin.py:188} INFO - [2024-08-28T02:38:41.757+0000] {dagbag.py:545} INFO - Filling up the DagBag from /home/airflow/.local/lib/python3.12/site-packages/airflow/example_dags/example_dag_decorator.py
[2024-08-28T02:38:42.931+0000] {processor.py:840} INFO - DAG(s) 'example_dag_decorator' retrieved from /home/airflow/.local/lib/python3.12/site-packages/airflow/example_dags/example_dag_decorator.py
[2024-08-28T02:38:43.162+0000] {logging_mixin.py:188} INFO - [2024-08-28T02:38:43.161+0000] {dag.py:3089} INFO - Sync 1 DAGs
[2024-08-28T02:38:43.194+0000] {logging_mixin.py:188} INFO - [2024-08-28T02:38:43.194+0000] {dag.py:3947} INFO - Setting next_dagrun for example_dag_decorator to None, run_after=None
[2024-08-28T02:38:43.245+0000] {processor.py:183} INFO - Processing /home/airflow/.local/lib/python3.12/site-packages/airflow/example_dags/example_dag_decorator.py took 1.518 seconds
[2024-08-28T02:39:13.857+0000] {processor.py:161} INFO - Started process (PID=226) to work on /home/airflow/.local/lib/python3.12/site-packages/airflow/example_dags/example_dag_decorator.py
[2024-08-28T02:39:13.859+0000] {processor.py:830} INFO - Processing file /home/airflow/.local/lib/python3.12/site-packages/airflow/example_dags/example_dag_decorator.py for tasks to queue
[2024-08-28T02:39:13.864+0000] {logging_mixin.py:188} INFO - [2024-08-28T02:39:13.863+0000] {dagbag.py:545} INFO - Filling up the DagBag from /home/airflow/.local/lib/python3.12/site-packages/airflow/example_dags/example_dag_decorator.py
[2024-08-28T02:39:14.482+0000] {processor.py:840} INFO - DAG(s) 'example_dag_decorator' retrieved from /home/airflow/.local/lib/python3.12/site-packages/airflow/example_dags/example_dag_decorator.py
[2024-08-28T02:39:14.716+0000] {logging_mixin.py:188} INFO - [2024-08-28T02:39:14.715+0000] {dag.py:3089} INFO - Sync 1 DAGs
[2024-08-28T02:39:14.733+0000] {logging_mixin.py:188} INFO - [2024-08-28T02:39:14.733+0000] {dag.py:3947} INFO - Setting next_dagrun for example_dag_decorator to None, run_after=None
[2024-08-28T02:39:14.791+0000] {processor.py:183} INFO - Processing /home/airflow/.local/lib/python3.12/site-packages/airflow/example_dags/example_dag_decorator.py took 0.950 seconds
[2024-08-28T02:39:45.369+0000] {processor.py:161} INFO - Started process (PID=282) to work on /home/airflow/.local/lib/python3.12/site-packages/airflow/example_dags/example_dag_decorator.py
[2024-08-28T02:39:45.378+0000] {processor.py:830} INFO - Processing file /home/airflow/.local/lib/python3.12/site-packages/airflow/example_dags/example_dag_decorator.py for tasks to queue
[2024-08-28T02:39:45.387+0000] {logging_mixin.py:188} INFO - [2024-08-28T02:39:45.385+0000] {dagbag.py:545} INFO - Filling up the DagBag from /home/airflow/.local/lib/python3.12/site-packages/airflow/example_dags/example_dag_decorator.py
[2024-08-28T02:39:45.714+0000] {processor.py:840} INFO - DAG(s) 'example_dag_decorator' retrieved from /home/airflow/.local/lib/python3.12/site-packages/airflow/example_dags/example_dag_decorator.py
[2024-08-28T02:39:46.064+0000] {logging_mixin.py:188} INFO - [2024-08-28T02:39:46.064+0000] {dag.py:3089} INFO - Sync 1 DAGs
[2024-08-28T02:39:46.095+0000] {logging_mixin.py:188} INFO - [2024-08-28T02:39:46.095+0000] {dag.py:3947} INFO - Setting next_dagrun for example_dag_decorator to None, run_after=None
[2024-08-28T02:39:46.154+0000] {processor.py:183} INFO - Processing /home/airflow/.local/lib/python3.12/site-packages/airflow/example_dags/example_dag_decorator.py took 0.808 seconds
[2024-08-28T02:40:21.450+0000] {processor.py:161} INFO - Started process (PID=339) to work on /home/airflow/.local/lib/python3.12/site-packages/airflow/example_dags/example_dag_decorator.py
[2024-08-28T02:40:21.513+0000] {processor.py:830} INFO - Processing file /home/airflow/.local/lib/python3.12/site-packages/airflow/example_dags/example_dag_decorator.py for tasks to queue
[2024-08-28T02:40:21.519+0000] {logging_mixin.py:188} INFO - [2024-08-28T02:40:21.519+0000] {dagbag.py:545} INFO - Filling up the DagBag from /home/airflow/.local/lib/python3.12/site-packages/airflow/example_dags/example_dag_decorator.py
[2024-08-28T02:40:22.353+0000] {processor.py:840} INFO - DAG(s) 'example_dag_decorator' retrieved from /home/airflow/.local/lib/python3.12/site-packages/airflow/example_dags/example_dag_decorator.py
[2024-08-28T02:40:23.736+0000] {logging_mixin.py:188} INFO - [2024-08-28T02:40:23.735+0000] {dag.py:3089} INFO - Sync 1 DAGs
[2024-08-28T02:40:23.857+0000] {logging_mixin.py:188} INFO - [2024-08-28T02:40:23.856+0000] {dag.py:3947} INFO - Setting next_dagrun for example_dag_decorator to None, run_after=None
[2024-08-28T02:40:24.197+0000] {processor.py:183} INFO - Processing /home/airflow/.local/lib/python3.12/site-packages/airflow/example_dags/example_dag_decorator.py took 2.802 seconds
[2024-08-28T02:41:01.312+0000] {processor.py:161} INFO - Started process (PID=396) to work on /home/airflow/.local/lib/python3.12/site-packages/airflow/example_dags/example_dag_decorator.py
[2024-08-28T02:41:01.357+0000] {processor.py:830} INFO - Processing file /home/airflow/.local/lib/python3.12/site-packages/airflow/example_dags/example_dag_decorator.py for tasks to queue
[2024-08-28T02:41:01.407+0000] {logging_mixin.py:188} INFO - [2024-08-28T02:41:01.405+0000] {dagbag.py:545} INFO - Filling up the DagBag from /home/airflow/.local/lib/python3.12/site-packages/airflow/example_dags/example_dag_decorator.py
[2024-08-28T02:41:05.485+0000] {processor.py:840} INFO - DAG(s) 'example_dag_decorator' retrieved from /home/airflow/.local/lib/python3.12/site-packages/airflow/example_dags/example_dag_decorator.py
[2024-08-28T02:41:08.715+0000] {logging_mixin.py:188} INFO - [2024-08-28T02:41:08.714+0000] {dag.py:3089} INFO - Sync 1 DAGs
[2024-08-28T02:41:08.800+0000] {logging_mixin.py:188} INFO - [2024-08-28T02:41:08.799+0000] {dag.py:3947} INFO - Setting next_dagrun for example_dag_decorator to None, run_after=None
[2024-08-28T02:41:09.030+0000] {processor.py:183} INFO - Processing /home/airflow/.local/lib/python3.12/site-packages/airflow/example_dags/example_dag_decorator.py took 7.892 seconds
[2024-08-28T02:42:03.476+0000] {processor.py:161} INFO - Started process (PID=457) to work on /home/airflow/.local/lib/python3.12/site-packages/airflow/example_dags/example_dag_decorator.py
[2024-08-28T02:42:03.478+0000] {processor.py:830} INFO - Processing file /home/airflow/.local/lib/python3.12/site-packages/airflow/example_dags/example_dag_decorator.py for tasks to queue
[2024-08-28T02:42:03.483+0000] {logging_mixin.py:188} INFO - [2024-08-28T02:42:03.482+0000] {dagbag.py:545} INFO - Filling up the DagBag from /home/airflow/.local/lib/python3.12/site-packages/airflow/example_dags/example_dag_decorator.py
[2024-08-28T02:42:03.864+0000] {processor.py:840} INFO - DAG(s) 'example_dag_decorator' retrieved from /home/airflow/.local/lib/python3.12/site-packages/airflow/example_dags/example_dag_decorator.py
[2024-08-28T02:42:04.225+0000] {logging_mixin.py:188} INFO - [2024-08-28T02:42:04.225+0000] {dag.py:3089} INFO - Sync 1 DAGs
[2024-08-28T02:42:04.259+0000] {logging_mixin.py:188} INFO - [2024-08-28T02:42:04.258+0000] {dag.py:3947} INFO - Setting next_dagrun for example_dag_decorator to None, run_after=None
[2024-08-28T02:42:04.324+0000] {processor.py:183} INFO - Processing /home/airflow/.local/lib/python3.12/site-packages/airflow/example_dags/example_dag_decorator.py took 0.869 seconds
[2024-08-28T02:42:34.434+0000] {processor.py:161} INFO - Started process (PID=515) to work on /home/airflow/.local/lib/python3.12/site-packages/airflow/example_dags/example_dag_decorator.py
[2024-08-28T02:42:34.435+0000] {processor.py:830} INFO - Processing file /home/airflow/.local/lib/python3.12/site-packages/airflow/example_dags/example_dag_decorator.py for tasks to queue
[2024-08-28T02:42:34.439+0000] {logging_mixin.py:188} INFO - [2024-08-28T02:42:34.438+0000] {dagbag.py:545} INFO - Filling up the DagBag from /home/airflow/.local/lib/python3.12/site-packages/airflow/example_dags/example_dag_decorator.py
[2024-08-28T02:42:34.622+0000] {processor.py:840} INFO - DAG(s) 'example_dag_decorator' retrieved from /home/airflow/.local/lib/python3.12/site-packages/airflow/example_dags/example_dag_decorator.py
[2024-08-28T02:42:34.772+0000] {logging_mixin.py:188} INFO - [2024-08-28T02:42:34.772+0000] {dag.py:3089} INFO - Sync 1 DAGs
[2024-08-28T02:42:34.787+0000] {logging_mixin.py:188} INFO - [2024-08-28T02:42:34.787+0000] {dag.py:3947} INFO - Setting next_dagrun for example_dag_decorator to None, run_after=None
[2024-08-28T02:42:34.832+0000] {processor.py:183} INFO - Processing /home/airflow/.local/lib/python3.12/site-packages/airflow/example_dags/example_dag_decorator.py took 0.408 seconds
[2024-08-28T02:43:05.397+0000] {processor.py:161} INFO - Started process (PID=573) to work on /home/airflow/.local/lib/python3.12/site-packages/airflow/example_dags/example_dag_decorator.py
[2024-08-28T02:43:05.399+0000] {processor.py:830} INFO - Processing file /home/airflow/.local/lib/python3.12/site-packages/airflow/example_dags/example_dag_decorator.py for tasks to queue
[2024-08-28T02:43:05.402+0000] {logging_mixin.py:188} INFO - [2024-08-28T02:43:05.401+0000] {dagbag.py:545} INFO - Filling up the DagBag from /home/airflow/.local/lib/python3.12/site-packages/airflow/example_dags/example_dag_decorator.py
[2024-08-28T02:43:05.590+0000] {processor.py:840} INFO - DAG(s) 'example_dag_decorator' retrieved from /home/airflow/.local/lib/python3.12/site-packages/airflow/example_dags/example_dag_decorator.py
[2024-08-28T02:43:05.787+0000] {logging_mixin.py:188} INFO - [2024-08-28T02:43:05.787+0000] {dag.py:3089} INFO - Sync 1 DAGs
[2024-08-28T02:43:05.809+0000] {logging_mixin.py:188} INFO - [2024-08-28T02:43:05.809+0000] {dag.py:3947} INFO - Setting next_dagrun for example_dag_decorator to None, run_after=None
[2024-08-28T02:43:05.849+0000] {processor.py:183} INFO - Processing /home/airflow/.local/lib/python3.12/site-packages/airflow/example_dags/example_dag_decorator.py took 0.463 seconds
[2024-08-28T02:43:36.009+0000] {processor.py:161} INFO - Started process (PID=631) to work on /home/airflow/.local/lib/python3.12/site-packages/airflow/example_dags/example_dag_decorator.py
[2024-08-28T02:43:36.010+0000] {processor.py:830} INFO - Processing file /home/airflow/.local/lib/python3.12/site-packages/airflow/example_dags/example_dag_decorator.py for tasks to queue
[2024-08-28T02:43:36.014+0000] {logging_mixin.py:188} INFO - [2024-08-28T02:43:36.013+0000] {dagbag.py:545} INFO - Filling up the DagBag from /home/airflow/.local/lib/python3.12/site-packages/airflow/example_dags/example_dag_decorator.py
[2024-08-28T02:43:36.230+0000] {processor.py:840} INFO - DAG(s) 'example_dag_decorator' retrieved from /home/airflow/.local/lib/python3.12/site-packages/airflow/example_dags/example_dag_decorator.py
[2024-08-28T02:43:36.481+0000] {logging_mixin.py:188} INFO - [2024-08-28T02:43:36.480+0000] {dag.py:3089} INFO - Sync 1 DAGs
[2024-08-28T02:43:36.509+0000] {logging_mixin.py:188} INFO - [2024-08-28T02:43:36.509+0000] {dag.py:3947} INFO - Setting next_dagrun for example_dag_decorator to None, run_after=None
[2024-08-28T02:43:36.567+0000] {processor.py:183} INFO - Processing /home/airflow/.local/lib/python3.12/site-packages/airflow/example_dags/example_dag_decorator.py took 0.571 seconds
[2024-08-28T02:44:07.566+0000] {processor.py:161} INFO - Started process (PID=686) to work on /home/airflow/.local/lib/python3.12/site-packages/airflow/example_dags/example_dag_decorator.py
[2024-08-28T02:44:07.575+0000] {processor.py:830} INFO - Processing file /home/airflow/.local/lib/python3.12/site-packages/airflow/example_dags/example_dag_decorator.py for tasks to queue
[2024-08-28T02:44:07.582+0000] {logging_mixin.py:188} INFO - [2024-08-28T02:44:07.580+0000] {dagbag.py:545} INFO - Filling up the DagBag from /home/airflow/.local/lib/python3.12/site-packages/airflow/example_dags/example_dag_decorator.py
[2024-08-28T02:44:08.111+0000] {processor.py:840} INFO - DAG(s) 'example_dag_decorator' retrieved from /home/airflow/.local/lib/python3.12/site-packages/airflow/example_dags/example_dag_decorator.py
[2024-08-28T02:44:08.720+0000] {logging_mixin.py:188} INFO - [2024-08-28T02:44:08.720+0000] {dag.py:3089} INFO - Sync 1 DAGs
[2024-08-28T02:44:08.771+0000] {logging_mixin.py:188} INFO - [2024-08-28T02:44:08.770+0000] {dag.py:3947} INFO - Setting next_dagrun for example_dag_decorator to None, run_after=None
[2024-08-28T02:44:08.872+0000] {processor.py:183} INFO - Processing /home/airflow/.local/lib/python3.12/site-packages/airflow/example_dags/example_dag_decorator.py took 1.331 seconds
[2024-08-28T02:53:50.076+0000] {processor.py:161} INFO - Started process (PID=132) to work on /home/airflow/.local/lib/python3.12/site-packages/airflow/example_dags/example_dag_decorator.py
[2024-08-28T02:53:50.165+0000] {processor.py:830} INFO - Processing file /home/airflow/.local/lib/python3.12/site-packages/airflow/example_dags/example_dag_decorator.py for tasks to queue
[2024-08-28T02:53:50.183+0000] {logging_mixin.py:188} INFO - [2024-08-28T02:53:50.182+0000] {dagbag.py:545} INFO - Filling up the DagBag from /home/airflow/.local/lib/python3.12/site-packages/airflow/example_dags/example_dag_decorator.py
[2024-08-28T02:53:54.554+0000] {processor.py:840} INFO - DAG(s) 'example_dag_decorator' retrieved from /home/airflow/.local/lib/python3.12/site-packages/airflow/example_dags/example_dag_decorator.py
[2024-08-28T02:54:02.680+0000] {logging_mixin.py:188} INFO - [2024-08-28T02:54:02.668+0000] {dag.py:3089} INFO - Sync 1 DAGs
[2024-08-28T02:54:03.340+0000] {logging_mixin.py:188} INFO - [2024-08-28T02:54:03.339+0000] {dag.py:3947} INFO - Setting next_dagrun for example_dag_decorator to None, run_after=None
[2024-08-28T02:54:04.199+0000] {processor.py:183} INFO - Processing /home/airflow/.local/lib/python3.12/site-packages/airflow/example_dags/example_dag_decorator.py took 14.256 seconds
[2024-08-28T02:54:39.798+0000] {processor.py:161} INFO - Started process (PID=198) to work on /home/airflow/.local/lib/python3.12/site-packages/airflow/example_dags/example_dag_decorator.py
[2024-08-28T02:54:39.812+0000] {processor.py:830} INFO - Processing file /home/airflow/.local/lib/python3.12/site-packages/airflow/example_dags/example_dag_decorator.py for tasks to queue
[2024-08-28T02:54:39.826+0000] {logging_mixin.py:188} INFO - [2024-08-28T02:54:39.824+0000] {dagbag.py:545} INFO - Filling up the DagBag from /home/airflow/.local/lib/python3.12/site-packages/airflow/example_dags/example_dag_decorator.py
[2024-08-28T02:54:40.901+0000] {processor.py:840} INFO - DAG(s) 'example_dag_decorator' retrieved from /home/airflow/.local/lib/python3.12/site-packages/airflow/example_dags/example_dag_decorator.py
[2024-08-28T02:54:41.870+0000] {logging_mixin.py:188} INFO - [2024-08-28T02:54:41.869+0000] {dag.py:3089} INFO - Sync 1 DAGs
[2024-08-28T02:54:42.337+0000] {logging_mixin.py:188} INFO - [2024-08-28T02:54:42.336+0000] {dag.py:3947} INFO - Setting next_dagrun for example_dag_decorator to None, run_after=None
[2024-08-28T02:54:42.846+0000] {processor.py:183} INFO - Processing /home/airflow/.local/lib/python3.12/site-packages/airflow/example_dags/example_dag_decorator.py took 3.143 seconds
[2024-08-28T02:59:24.856+0000] {processor.py:161} INFO - Started process (PID=96) to work on /home/airflow/.local/lib/python3.12/site-packages/airflow/example_dags/example_dag_decorator.py
[2024-08-28T02:59:24.860+0000] {processor.py:830} INFO - Processing file /home/airflow/.local/lib/python3.12/site-packages/airflow/example_dags/example_dag_decorator.py for tasks to queue
[2024-08-28T02:59:24.865+0000] {logging_mixin.py:188} INFO - [2024-08-28T02:59:24.863+0000] {dagbag.py:545} INFO - Filling up the DagBag from /home/airflow/.local/lib/python3.12/site-packages/airflow/example_dags/example_dag_decorator.py
[2024-08-28T02:59:25.198+0000] {processor.py:840} INFO - DAG(s) 'example_dag_decorator' retrieved from /home/airflow/.local/lib/python3.12/site-packages/airflow/example_dags/example_dag_decorator.py
[2024-08-28T02:59:25.908+0000] {logging_mixin.py:188} INFO - [2024-08-28T02:59:25.908+0000] {dag.py:3089} INFO - Sync 1 DAGs
[2024-08-28T02:59:25.937+0000] {logging_mixin.py:188} INFO - [2024-08-28T02:59:25.936+0000] {dag.py:3947} INFO - Setting next_dagrun for example_dag_decorator to None, run_after=None
[2024-08-28T02:59:25.989+0000] {processor.py:183} INFO - Processing /home/airflow/.local/lib/python3.12/site-packages/airflow/example_dags/example_dag_decorator.py took 1.147 seconds
