[2024-08-28T02:38:00.570+0000] {processor.py:161} INFO - Started process (PID=122) to work on /home/airflow/.local/lib/python3.12/site-packages/airflow/example_dags/example_short_circuit_operator.py
[2024-08-28T02:38:00.637+0000] {processor.py:830} INFO - Processing file /home/airflow/.local/lib/python3.12/site-packages/airflow/example_dags/example_short_circuit_operator.py for tasks to queue
[2024-08-28T02:38:00.696+0000] {logging_mixin.py:188} INFO - [2024-08-28T02:38:00.692+0000] {dagbag.py:545} INFO - Filling up the DagBag from /home/airflow/.local/lib/python3.12/site-packages/airflow/example_dags/example_short_circuit_operator.py
[2024-08-28T02:38:00.824+0000] {processor.py:840} INFO - DAG(s) 'example_short_circuit_operator' retrieved from /home/airflow/.local/lib/python3.12/site-packages/airflow/example_dags/example_short_circuit_operator.py
[2024-08-28T02:38:04.106+0000] {logging_mixin.py:188} INFO - [2024-08-28T02:38:04.104+0000] {override.py:1858} INFO - Created Permission View: can edit on DAG:example_short_circuit_operator
[2024-08-28T02:38:04.321+0000] {logging_mixin.py:188} INFO - [2024-08-28T02:38:04.320+0000] {override.py:1858} INFO - Created Permission View: can delete on DAG:example_short_circuit_operator
[2024-08-28T02:38:04.454+0000] {logging_mixin.py:188} INFO - [2024-08-28T02:38:04.453+0000] {override.py:1858} INFO - Created Permission View: can read on DAG:example_short_circuit_operator
[2024-08-28T02:38:04.464+0000] {logging_mixin.py:188} INFO - [2024-08-28T02:38:04.460+0000] {dag.py:3089} INFO - Sync 1 DAGs
[2024-08-28T02:38:04.685+0000] {logging_mixin.py:188} INFO - [2024-08-28T02:38:04.684+0000] {dag.py:3111} INFO - Creating ORM DAG for example_short_circuit_operator
[2024-08-28T02:38:04.775+0000] {logging_mixin.py:188} INFO - [2024-08-28T02:38:04.775+0000] {dag.py:3947} INFO - Setting next_dagrun for example_short_circuit_operator to 2024-08-27 00:00:00+00:00, run_after=2024-08-28 00:00:00+00:00
[2024-08-28T02:38:05.344+0000] {processor.py:183} INFO - Processing /home/airflow/.local/lib/python3.12/site-packages/airflow/example_dags/example_short_circuit_operator.py took 5.228 seconds
[2024-08-28T02:38:46.273+0000] {processor.py:161} INFO - Started process (PID=187) to work on /home/airflow/.local/lib/python3.12/site-packages/airflow/example_dags/example_short_circuit_operator.py
[2024-08-28T02:38:46.276+0000] {processor.py:830} INFO - Processing file /home/airflow/.local/lib/python3.12/site-packages/airflow/example_dags/example_short_circuit_operator.py for tasks to queue
[2024-08-28T02:38:46.283+0000] {logging_mixin.py:188} INFO - [2024-08-28T02:38:46.283+0000] {dagbag.py:545} INFO - Filling up the DagBag from /home/airflow/.local/lib/python3.12/site-packages/airflow/example_dags/example_short_circuit_operator.py
[2024-08-28T02:38:46.308+0000] {processor.py:840} INFO - DAG(s) 'example_short_circuit_operator' retrieved from /home/airflow/.local/lib/python3.12/site-packages/airflow/example_dags/example_short_circuit_operator.py
[2024-08-28T02:38:46.415+0000] {logging_mixin.py:188} INFO - [2024-08-28T02:38:46.413+0000] {dag.py:3089} INFO - Sync 1 DAGs
[2024-08-28T02:38:46.474+0000] {logging_mixin.py:188} INFO - [2024-08-28T02:38:46.473+0000] {dag.py:3947} INFO - Setting next_dagrun for example_short_circuit_operator to 2024-08-27 00:00:00+00:00, run_after=2024-08-28 00:00:00+00:00
[2024-08-28T02:38:46.563+0000] {processor.py:183} INFO - Processing /home/airflow/.local/lib/python3.12/site-packages/airflow/example_dags/example_short_circuit_operator.py took 0.307 seconds
[2024-08-28T02:39:17.968+0000] {processor.py:161} INFO - Started process (PID=245) to work on /home/airflow/.local/lib/python3.12/site-packages/airflow/example_dags/example_short_circuit_operator.py
[2024-08-28T02:39:17.974+0000] {processor.py:830} INFO - Processing file /home/airflow/.local/lib/python3.12/site-packages/airflow/example_dags/example_short_circuit_operator.py for tasks to queue
[2024-08-28T02:39:17.978+0000] {logging_mixin.py:188} INFO - [2024-08-28T02:39:17.977+0000] {dagbag.py:545} INFO - Filling up the DagBag from /home/airflow/.local/lib/python3.12/site-packages/airflow/example_dags/example_short_circuit_operator.py
[2024-08-28T02:39:18.003+0000] {processor.py:840} INFO - DAG(s) 'example_short_circuit_operator' retrieved from /home/airflow/.local/lib/python3.12/site-packages/airflow/example_dags/example_short_circuit_operator.py
[2024-08-28T02:39:18.065+0000] {logging_mixin.py:188} INFO - [2024-08-28T02:39:18.065+0000] {dag.py:3089} INFO - Sync 1 DAGs
[2024-08-28T02:39:18.131+0000] {logging_mixin.py:188} INFO - [2024-08-28T02:39:18.131+0000] {dag.py:3947} INFO - Setting next_dagrun for example_short_circuit_operator to 2024-08-27 00:00:00+00:00, run_after=2024-08-28 00:00:00+00:00
[2024-08-28T02:39:18.588+0000] {processor.py:183} INFO - Processing /home/airflow/.local/lib/python3.12/site-packages/airflow/example_dags/example_short_circuit_operator.py took 0.636 seconds
[2024-08-28T02:39:48.681+0000] {processor.py:161} INFO - Started process (PID=303) to work on /home/airflow/.local/lib/python3.12/site-packages/airflow/example_dags/example_short_circuit_operator.py
[2024-08-28T02:39:48.683+0000] {processor.py:830} INFO - Processing file /home/airflow/.local/lib/python3.12/site-packages/airflow/example_dags/example_short_circuit_operator.py for tasks to queue
[2024-08-28T02:39:48.686+0000] {logging_mixin.py:188} INFO - [2024-08-28T02:39:48.686+0000] {dagbag.py:545} INFO - Filling up the DagBag from /home/airflow/.local/lib/python3.12/site-packages/airflow/example_dags/example_short_circuit_operator.py
[2024-08-28T02:39:48.699+0000] {processor.py:840} INFO - DAG(s) 'example_short_circuit_operator' retrieved from /home/airflow/.local/lib/python3.12/site-packages/airflow/example_dags/example_short_circuit_operator.py
[2024-08-28T02:39:48.743+0000] {logging_mixin.py:188} INFO - [2024-08-28T02:39:48.743+0000] {dag.py:3089} INFO - Sync 1 DAGs
[2024-08-28T02:39:48.781+0000] {logging_mixin.py:188} INFO - [2024-08-28T02:39:48.780+0000] {dag.py:3947} INFO - Setting next_dagrun for example_short_circuit_operator to 2024-08-27 00:00:00+00:00, run_after=2024-08-28 00:00:00+00:00
[2024-08-28T02:39:48.821+0000] {processor.py:183} INFO - Processing /home/airflow/.local/lib/python3.12/site-packages/airflow/example_dags/example_short_circuit_operator.py took 0.151 seconds
[2024-08-28T02:40:29.002+0000] {processor.py:161} INFO - Started process (PID=359) to work on /home/airflow/.local/lib/python3.12/site-packages/airflow/example_dags/example_short_circuit_operator.py
[2024-08-28T02:40:29.005+0000] {processor.py:830} INFO - Processing file /home/airflow/.local/lib/python3.12/site-packages/airflow/example_dags/example_short_circuit_operator.py for tasks to queue
[2024-08-28T02:40:29.011+0000] {logging_mixin.py:188} INFO - [2024-08-28T02:40:29.010+0000] {dagbag.py:545} INFO - Filling up the DagBag from /home/airflow/.local/lib/python3.12/site-packages/airflow/example_dags/example_short_circuit_operator.py
[2024-08-28T02:40:29.028+0000] {processor.py:840} INFO - DAG(s) 'example_short_circuit_operator' retrieved from /home/airflow/.local/lib/python3.12/site-packages/airflow/example_dags/example_short_circuit_operator.py
[2024-08-28T02:40:29.091+0000] {logging_mixin.py:188} INFO - [2024-08-28T02:40:29.090+0000] {dag.py:3089} INFO - Sync 1 DAGs
[2024-08-28T02:40:29.169+0000] {logging_mixin.py:188} INFO - [2024-08-28T02:40:29.168+0000] {dag.py:3947} INFO - Setting next_dagrun for example_short_circuit_operator to 2024-08-27 00:00:00+00:00, run_after=2024-08-28 00:00:00+00:00
[2024-08-28T02:40:29.235+0000] {processor.py:183} INFO - Processing /home/airflow/.local/lib/python3.12/site-packages/airflow/example_dags/example_short_circuit_operator.py took 0.245 seconds
[2024-08-28T02:41:39.913+0000] {processor.py:161} INFO - Started process (PID=427) to work on /home/airflow/.local/lib/python3.12/site-packages/airflow/example_dags/example_short_circuit_operator.py
[2024-08-28T02:41:39.945+0000] {processor.py:830} INFO - Processing file /home/airflow/.local/lib/python3.12/site-packages/airflow/example_dags/example_short_circuit_operator.py for tasks to queue
[2024-08-28T02:41:40.091+0000] {logging_mixin.py:188} INFO - [2024-08-28T02:41:40.076+0000] {dagbag.py:545} INFO - Filling up the DagBag from /home/airflow/.local/lib/python3.12/site-packages/airflow/example_dags/example_short_circuit_operator.py
[2024-08-28T02:41:40.466+0000] {processor.py:840} INFO - DAG(s) 'example_short_circuit_operator' retrieved from /home/airflow/.local/lib/python3.12/site-packages/airflow/example_dags/example_short_circuit_operator.py
[2024-08-28T02:41:41.848+0000] {logging_mixin.py:188} INFO - [2024-08-28T02:41:41.847+0000] {dag.py:3089} INFO - Sync 1 DAGs
[2024-08-28T02:41:42.090+0000] {logging_mixin.py:188} INFO - [2024-08-28T02:41:42.089+0000] {dag.py:3947} INFO - Setting next_dagrun for example_short_circuit_operator to 2024-08-27 00:00:00+00:00, run_after=2024-08-28 00:00:00+00:00
[2024-08-28T02:41:42.548+0000] {processor.py:183} INFO - Processing /home/airflow/.local/lib/python3.12/site-packages/airflow/example_dags/example_short_circuit_operator.py took 2.875 seconds
[2024-08-28T02:42:13.552+0000] {processor.py:161} INFO - Started process (PID=485) to work on /home/airflow/.local/lib/python3.12/site-packages/airflow/example_dags/example_short_circuit_operator.py
[2024-08-28T02:42:13.554+0000] {processor.py:830} INFO - Processing file /home/airflow/.local/lib/python3.12/site-packages/airflow/example_dags/example_short_circuit_operator.py for tasks to queue
[2024-08-28T02:42:13.560+0000] {logging_mixin.py:188} INFO - [2024-08-28T02:42:13.559+0000] {dagbag.py:545} INFO - Filling up the DagBag from /home/airflow/.local/lib/python3.12/site-packages/airflow/example_dags/example_short_circuit_operator.py
[2024-08-28T02:42:13.573+0000] {processor.py:840} INFO - DAG(s) 'example_short_circuit_operator' retrieved from /home/airflow/.local/lib/python3.12/site-packages/airflow/example_dags/example_short_circuit_operator.py
[2024-08-28T02:42:13.623+0000] {logging_mixin.py:188} INFO - [2024-08-28T02:42:13.622+0000] {dag.py:3089} INFO - Sync 1 DAGs
[2024-08-28T02:42:13.680+0000] {logging_mixin.py:188} INFO - [2024-08-28T02:42:13.679+0000] {dag.py:3947} INFO - Setting next_dagrun for example_short_circuit_operator to 2024-08-27 00:00:00+00:00, run_after=2024-08-28 00:00:00+00:00
[2024-08-28T02:42:13.727+0000] {processor.py:183} INFO - Processing /home/airflow/.local/lib/python3.12/site-packages/airflow/example_dags/example_short_circuit_operator.py took 0.189 seconds
[2024-08-28T02:42:44.764+0000] {processor.py:161} INFO - Started process (PID=543) to work on /home/airflow/.local/lib/python3.12/site-packages/airflow/example_dags/example_short_circuit_operator.py
[2024-08-28T02:42:44.779+0000] {processor.py:830} INFO - Processing file /home/airflow/.local/lib/python3.12/site-packages/airflow/example_dags/example_short_circuit_operator.py for tasks to queue
[2024-08-28T02:42:44.785+0000] {logging_mixin.py:188} INFO - [2024-08-28T02:42:44.784+0000] {dagbag.py:545} INFO - Filling up the DagBag from /home/airflow/.local/lib/python3.12/site-packages/airflow/example_dags/example_short_circuit_operator.py
[2024-08-28T02:42:44.824+0000] {processor.py:840} INFO - DAG(s) 'example_short_circuit_operator' retrieved from /home/airflow/.local/lib/python3.12/site-packages/airflow/example_dags/example_short_circuit_operator.py
[2024-08-28T02:42:44.985+0000] {logging_mixin.py:188} INFO - [2024-08-28T02:42:44.984+0000] {dag.py:3089} INFO - Sync 1 DAGs
[2024-08-28T02:42:45.130+0000] {logging_mixin.py:188} INFO - [2024-08-28T02:42:45.129+0000] {dag.py:3947} INFO - Setting next_dagrun for example_short_circuit_operator to 2024-08-27 00:00:00+00:00, run_after=2024-08-28 00:00:00+00:00
[2024-08-28T02:42:45.270+0000] {processor.py:183} INFO - Processing /home/airflow/.local/lib/python3.12/site-packages/airflow/example_dags/example_short_circuit_operator.py took 0.525 seconds
[2024-08-28T02:43:15.943+0000] {processor.py:161} INFO - Started process (PID=601) to work on /home/airflow/.local/lib/python3.12/site-packages/airflow/example_dags/example_short_circuit_operator.py
[2024-08-28T02:43:15.944+0000] {processor.py:830} INFO - Processing file /home/airflow/.local/lib/python3.12/site-packages/airflow/example_dags/example_short_circuit_operator.py for tasks to queue
[2024-08-28T02:43:15.950+0000] {logging_mixin.py:188} INFO - [2024-08-28T02:43:15.949+0000] {dagbag.py:545} INFO - Filling up the DagBag from /home/airflow/.local/lib/python3.12/site-packages/airflow/example_dags/example_short_circuit_operator.py
[2024-08-28T02:43:15.963+0000] {processor.py:840} INFO - DAG(s) 'example_short_circuit_operator' retrieved from /home/airflow/.local/lib/python3.12/site-packages/airflow/example_dags/example_short_circuit_operator.py
[2024-08-28T02:43:16.014+0000] {logging_mixin.py:188} INFO - [2024-08-28T02:43:16.013+0000] {dag.py:3089} INFO - Sync 1 DAGs
[2024-08-28T02:43:16.059+0000] {logging_mixin.py:188} INFO - [2024-08-28T02:43:16.059+0000] {dag.py:3947} INFO - Setting next_dagrun for example_short_circuit_operator to 2024-08-27 00:00:00+00:00, run_after=2024-08-28 00:00:00+00:00
[2024-08-28T02:43:16.123+0000] {processor.py:183} INFO - Processing /home/airflow/.local/lib/python3.12/site-packages/airflow/example_dags/example_short_circuit_operator.py took 0.191 seconds
[2024-08-28T02:43:46.305+0000] {processor.py:161} INFO - Started process (PID=658) to work on /home/airflow/.local/lib/python3.12/site-packages/airflow/example_dags/example_short_circuit_operator.py
[2024-08-28T02:43:46.307+0000] {processor.py:830} INFO - Processing file /home/airflow/.local/lib/python3.12/site-packages/airflow/example_dags/example_short_circuit_operator.py for tasks to queue
[2024-08-28T02:43:46.316+0000] {logging_mixin.py:188} INFO - [2024-08-28T02:43:46.316+0000] {dagbag.py:545} INFO - Filling up the DagBag from /home/airflow/.local/lib/python3.12/site-packages/airflow/example_dags/example_short_circuit_operator.py
[2024-08-28T02:43:46.336+0000] {processor.py:840} INFO - DAG(s) 'example_short_circuit_operator' retrieved from /home/airflow/.local/lib/python3.12/site-packages/airflow/example_dags/example_short_circuit_operator.py
[2024-08-28T02:43:46.440+0000] {logging_mixin.py:188} INFO - [2024-08-28T02:43:46.439+0000] {dag.py:3089} INFO - Sync 1 DAGs
[2024-08-28T02:43:46.529+0000] {logging_mixin.py:188} INFO - [2024-08-28T02:43:46.528+0000] {dag.py:3947} INFO - Setting next_dagrun for example_short_circuit_operator to 2024-08-27 00:00:00+00:00, run_after=2024-08-28 00:00:00+00:00
[2024-08-28T02:43:46.645+0000] {processor.py:183} INFO - Processing /home/airflow/.local/lib/python3.12/site-packages/airflow/example_dags/example_short_circuit_operator.py took 0.353 seconds
[2024-08-28T02:54:17.486+0000] {processor.py:161} INFO - Started process (PID=159) to work on /home/airflow/.local/lib/python3.12/site-packages/airflow/example_dags/example_short_circuit_operator.py
[2024-08-28T02:54:17.503+0000] {processor.py:830} INFO - Processing file /home/airflow/.local/lib/python3.12/site-packages/airflow/example_dags/example_short_circuit_operator.py for tasks to queue
[2024-08-28T02:54:17.557+0000] {logging_mixin.py:188} INFO - [2024-08-28T02:54:17.556+0000] {dagbag.py:545} INFO - Filling up the DagBag from /home/airflow/.local/lib/python3.12/site-packages/airflow/example_dags/example_short_circuit_operator.py
[2024-08-28T02:54:17.592+0000] {processor.py:840} INFO - DAG(s) 'example_short_circuit_operator' retrieved from /home/airflow/.local/lib/python3.12/site-packages/airflow/example_dags/example_short_circuit_operator.py
[2024-08-28T02:54:17.908+0000] {logging_mixin.py:188} INFO - [2024-08-28T02:54:17.908+0000] {dag.py:3089} INFO - Sync 1 DAGs
[2024-08-28T02:54:18.211+0000] {logging_mixin.py:188} INFO - [2024-08-28T02:54:18.210+0000] {dag.py:3947} INFO - Setting next_dagrun for example_short_circuit_operator to 2024-08-27 00:00:00+00:00, run_after=2024-08-28 00:00:00+00:00
[2024-08-28T02:54:18.475+0000] {processor.py:183} INFO - Processing /home/airflow/.local/lib/python3.12/site-packages/airflow/example_dags/example_short_circuit_operator.py took 1.086 seconds
[2024-08-28T02:54:49.972+0000] {processor.py:161} INFO - Started process (PID=216) to work on /home/airflow/.local/lib/python3.12/site-packages/airflow/example_dags/example_short_circuit_operator.py
[2024-08-28T02:54:49.975+0000] {processor.py:830} INFO - Processing file /home/airflow/.local/lib/python3.12/site-packages/airflow/example_dags/example_short_circuit_operator.py for tasks to queue
[2024-08-28T02:54:49.980+0000] {logging_mixin.py:188} INFO - [2024-08-28T02:54:49.979+0000] {dagbag.py:545} INFO - Filling up the DagBag from /home/airflow/.local/lib/python3.12/site-packages/airflow/example_dags/example_short_circuit_operator.py
[2024-08-28T02:54:49.999+0000] {processor.py:840} INFO - DAG(s) 'example_short_circuit_operator' retrieved from /home/airflow/.local/lib/python3.12/site-packages/airflow/example_dags/example_short_circuit_operator.py
[2024-08-28T02:54:50.073+0000] {logging_mixin.py:188} INFO - [2024-08-28T02:54:50.072+0000] {dag.py:3089} INFO - Sync 1 DAGs
[2024-08-28T02:54:50.145+0000] {logging_mixin.py:188} INFO - [2024-08-28T02:54:50.145+0000] {dag.py:3947} INFO - Setting next_dagrun for example_short_circuit_operator to 2024-08-27 00:00:00+00:00, run_after=2024-08-28 00:00:00+00:00
[2024-08-28T02:54:50.224+0000] {processor.py:183} INFO - Processing /home/airflow/.local/lib/python3.12/site-packages/airflow/example_dags/example_short_circuit_operator.py took 0.273 seconds
[2024-08-28T02:59:36.800+0000] {processor.py:161} INFO - Started process (PID=116) to work on /home/airflow/.local/lib/python3.12/site-packages/airflow/example_dags/example_short_circuit_operator.py
[2024-08-28T02:59:36.831+0000] {processor.py:830} INFO - Processing file /home/airflow/.local/lib/python3.12/site-packages/airflow/example_dags/example_short_circuit_operator.py for tasks to queue
[2024-08-28T02:59:36.844+0000] {logging_mixin.py:188} INFO - [2024-08-28T02:59:36.843+0000] {dagbag.py:545} INFO - Filling up the DagBag from /home/airflow/.local/lib/python3.12/site-packages/airflow/example_dags/example_short_circuit_operator.py
[2024-08-28T02:59:36.901+0000] {processor.py:840} INFO - DAG(s) 'example_short_circuit_operator' retrieved from /home/airflow/.local/lib/python3.12/site-packages/airflow/example_dags/example_short_circuit_operator.py
[2024-08-28T02:59:38.118+0000] {logging_mixin.py:188} INFO - [2024-08-28T02:59:38.117+0000] {dag.py:3089} INFO - Sync 1 DAGs
[2024-08-28T02:59:38.253+0000] {logging_mixin.py:188} INFO - [2024-08-28T02:59:38.253+0000] {dag.py:3947} INFO - Setting next_dagrun for example_short_circuit_operator to 2024-08-27 00:00:00+00:00, run_after=2024-08-28 00:00:00+00:00
[2024-08-28T02:59:38.394+0000] {processor.py:183} INFO - Processing /home/airflow/.local/lib/python3.12/site-packages/airflow/example_dags/example_short_circuit_operator.py took 1.669 seconds
