[2024-08-28T02:38:24.349+0000] {processor.py:161} INFO - Started process (PID=138) to work on /home/airflow/.local/lib/python3.12/site-packages/airflow/example_dags/example_branch_datetime_operator.py
[2024-08-28T02:38:24.352+0000] {processor.py:830} INFO - Processing file /home/airflow/.local/lib/python3.12/site-packages/airflow/example_dags/example_branch_datetime_operator.py for tasks to queue
[2024-08-28T02:38:24.357+0000] {logging_mixin.py:188} INFO - [2024-08-28T02:38:24.356+0000] {dagbag.py:545} INFO - Filling up the DagBag from /home/airflow/.local/lib/python3.12/site-packages/airflow/example_dags/example_branch_datetime_operator.py
[2024-08-28T02:38:24.452+0000] {processor.py:840} INFO - DAG(s) 'example_branch_datetime_operator', 'example_branch_datetime_operator_3', 'example_branch_datetime_operator_2' retrieved from /home/airflow/.local/lib/python3.12/site-packages/airflow/example_dags/example_branch_datetime_operator.py
[2024-08-28T02:38:25.893+0000] {logging_mixin.py:188} INFO - [2024-08-28T02:38:25.889+0000] {override.py:1858} INFO - Created Permission View: can edit on DAG:example_branch_datetime_operator
[2024-08-28T02:38:26.016+0000] {logging_mixin.py:188} INFO - [2024-08-28T02:38:26.015+0000] {override.py:1858} INFO - Created Permission View: can delete on DAG:example_branch_datetime_operator
[2024-08-28T02:38:26.062+0000] {logging_mixin.py:188} INFO - [2024-08-28T02:38:26.061+0000] {override.py:1858} INFO - Created Permission View: can read on DAG:example_branch_datetime_operator
[2024-08-28T02:38:26.165+0000] {logging_mixin.py:188} INFO - [2024-08-28T02:38:26.164+0000] {override.py:1858} INFO - Created Permission View: can edit on DAG:example_branch_datetime_operator_3
[2024-08-28T02:38:26.192+0000] {logging_mixin.py:188} INFO - [2024-08-28T02:38:26.191+0000] {override.py:1858} INFO - Created Permission View: can delete on DAG:example_branch_datetime_operator_3
[2024-08-28T02:38:26.229+0000] {logging_mixin.py:188} INFO - [2024-08-28T02:38:26.228+0000] {override.py:1858} INFO - Created Permission View: can read on DAG:example_branch_datetime_operator_3
[2024-08-28T02:38:26.381+0000] {logging_mixin.py:188} INFO - [2024-08-28T02:38:26.380+0000] {override.py:1858} INFO - Created Permission View: can edit on DAG:example_branch_datetime_operator_2
[2024-08-28T02:38:26.410+0000] {logging_mixin.py:188} INFO - [2024-08-28T02:38:26.410+0000] {override.py:1858} INFO - Created Permission View: can delete on DAG:example_branch_datetime_operator_2
[2024-08-28T02:38:26.475+0000] {logging_mixin.py:188} INFO - [2024-08-28T02:38:26.474+0000] {override.py:1858} INFO - Created Permission View: can read on DAG:example_branch_datetime_operator_2
[2024-08-28T02:38:26.494+0000] {logging_mixin.py:188} INFO - [2024-08-28T02:38:26.493+0000] {dag.py:3089} INFO - Sync 3 DAGs
[2024-08-28T02:38:26.645+0000] {logging_mixin.py:188} INFO - [2024-08-28T02:38:26.644+0000] {dag.py:3111} INFO - Creating ORM DAG for example_branch_datetime_operator
[2024-08-28T02:38:26.648+0000] {logging_mixin.py:188} INFO - [2024-08-28T02:38:26.647+0000] {dag.py:3111} INFO - Creating ORM DAG for example_branch_datetime_operator_2
[2024-08-28T02:38:26.651+0000] {logging_mixin.py:188} INFO - [2024-08-28T02:38:26.650+0000] {dag.py:3111} INFO - Creating ORM DAG for example_branch_datetime_operator_3
[2024-08-28T02:38:26.790+0000] {logging_mixin.py:188} INFO - [2024-08-28T02:38:26.789+0000] {dag.py:3947} INFO - Setting next_dagrun for example_branch_datetime_operator to 2024-08-27 00:00:00+00:00, run_after=2024-08-28 00:00:00+00:00
[2024-08-28T02:38:26.816+0000] {logging_mixin.py:188} INFO - [2024-08-28T02:38:26.816+0000] {dag.py:3947} INFO - Setting next_dagrun for example_branch_datetime_operator_2 to 2024-08-27 00:00:00+00:00, run_after=2024-08-28 00:00:00+00:00
[2024-08-28T02:38:26.822+0000] {logging_mixin.py:188} INFO - [2024-08-28T02:38:26.821+0000] {dag.py:3947} INFO - Setting next_dagrun for example_branch_datetime_operator_3 to 2024-08-27 00:00:00+00:00, run_after=2024-08-28 00:00:00+00:00
[2024-08-28T02:38:26.984+0000] {processor.py:183} INFO - Processing /home/airflow/.local/lib/python3.12/site-packages/airflow/example_dags/example_branch_datetime_operator.py took 2.663 seconds
[2024-08-28T02:38:57.502+0000] {processor.py:161} INFO - Started process (PID=197) to work on /home/airflow/.local/lib/python3.12/site-packages/airflow/example_dags/example_branch_datetime_operator.py
[2024-08-28T02:38:57.504+0000] {processor.py:830} INFO - Processing file /home/airflow/.local/lib/python3.12/site-packages/airflow/example_dags/example_branch_datetime_operator.py for tasks to queue
[2024-08-28T02:38:57.507+0000] {logging_mixin.py:188} INFO - [2024-08-28T02:38:57.507+0000] {dagbag.py:545} INFO - Filling up the DagBag from /home/airflow/.local/lib/python3.12/site-packages/airflow/example_dags/example_branch_datetime_operator.py
[2024-08-28T02:38:57.568+0000] {processor.py:840} INFO - DAG(s) 'example_branch_datetime_operator_3', 'example_branch_datetime_operator', 'example_branch_datetime_operator_2' retrieved from /home/airflow/.local/lib/python3.12/site-packages/airflow/example_dags/example_branch_datetime_operator.py
[2024-08-28T02:38:57.644+0000] {logging_mixin.py:188} INFO - [2024-08-28T02:38:57.643+0000] {dag.py:3089} INFO - Sync 3 DAGs
[2024-08-28T02:38:57.707+0000] {logging_mixin.py:188} INFO - [2024-08-28T02:38:57.707+0000] {dag.py:3947} INFO - Setting next_dagrun for example_branch_datetime_operator to 2024-08-27 00:00:00+00:00, run_after=2024-08-28 00:00:00+00:00
[2024-08-28T02:38:57.719+0000] {logging_mixin.py:188} INFO - [2024-08-28T02:38:57.719+0000] {dag.py:3947} INFO - Setting next_dagrun for example_branch_datetime_operator_2 to 2024-08-27 00:00:00+00:00, run_after=2024-08-28 00:00:00+00:00
[2024-08-28T02:38:57.726+0000] {logging_mixin.py:188} INFO - [2024-08-28T02:38:57.726+0000] {dag.py:3947} INFO - Setting next_dagrun for example_branch_datetime_operator_3 to 2024-08-27 00:00:00+00:00, run_after=2024-08-28 00:00:00+00:00
[2024-08-28T02:38:57.778+0000] {processor.py:183} INFO - Processing /home/airflow/.local/lib/python3.12/site-packages/airflow/example_dags/example_branch_datetime_operator.py took 0.285 seconds
[2024-08-28T02:39:28.522+0000] {processor.py:161} INFO - Started process (PID=255) to work on /home/airflow/.local/lib/python3.12/site-packages/airflow/example_dags/example_branch_datetime_operator.py
[2024-08-28T02:39:28.528+0000] {processor.py:830} INFO - Processing file /home/airflow/.local/lib/python3.12/site-packages/airflow/example_dags/example_branch_datetime_operator.py for tasks to queue
[2024-08-28T02:39:28.536+0000] {logging_mixin.py:188} INFO - [2024-08-28T02:39:28.535+0000] {dagbag.py:545} INFO - Filling up the DagBag from /home/airflow/.local/lib/python3.12/site-packages/airflow/example_dags/example_branch_datetime_operator.py
[2024-08-28T02:39:28.622+0000] {processor.py:840} INFO - DAG(s) 'example_branch_datetime_operator_2', 'example_branch_datetime_operator_3', 'example_branch_datetime_operator' retrieved from /home/airflow/.local/lib/python3.12/site-packages/airflow/example_dags/example_branch_datetime_operator.py
[2024-08-28T02:39:28.996+0000] {logging_mixin.py:188} INFO - [2024-08-28T02:39:28.996+0000] {dag.py:3089} INFO - Sync 3 DAGs
[2024-08-28T02:39:30.417+0000] {logging_mixin.py:188} INFO - [2024-08-28T02:39:30.416+0000] {dag.py:3947} INFO - Setting next_dagrun for example_branch_datetime_operator to 2024-08-27 00:00:00+00:00, run_after=2024-08-28 00:00:00+00:00
[2024-08-28T02:39:30.427+0000] {logging_mixin.py:188} INFO - [2024-08-28T02:39:30.427+0000] {dag.py:3947} INFO - Setting next_dagrun for example_branch_datetime_operator_2 to 2024-08-27 00:00:00+00:00, run_after=2024-08-28 00:00:00+00:00
[2024-08-28T02:39:30.432+0000] {logging_mixin.py:188} INFO - [2024-08-28T02:39:30.431+0000] {dag.py:3947} INFO - Setting next_dagrun for example_branch_datetime_operator_3 to 2024-08-27 00:00:00+00:00, run_after=2024-08-28 00:00:00+00:00
[2024-08-28T02:39:32.087+0000] {processor.py:183} INFO - Processing /home/airflow/.local/lib/python3.12/site-packages/airflow/example_dags/example_branch_datetime_operator.py took 3.650 seconds
[2024-08-28T02:40:03.002+0000] {processor.py:161} INFO - Started process (PID=313) to work on /home/airflow/.local/lib/python3.12/site-packages/airflow/example_dags/example_branch_datetime_operator.py
[2024-08-28T02:40:03.004+0000] {processor.py:830} INFO - Processing file /home/airflow/.local/lib/python3.12/site-packages/airflow/example_dags/example_branch_datetime_operator.py for tasks to queue
[2024-08-28T02:40:03.037+0000] {logging_mixin.py:188} INFO - [2024-08-28T02:40:03.036+0000] {dagbag.py:545} INFO - Filling up the DagBag from /home/airflow/.local/lib/python3.12/site-packages/airflow/example_dags/example_branch_datetime_operator.py
[2024-08-28T02:40:03.127+0000] {processor.py:840} INFO - DAG(s) 'example_branch_datetime_operator', 'example_branch_datetime_operator_2', 'example_branch_datetime_operator_3' retrieved from /home/airflow/.local/lib/python3.12/site-packages/airflow/example_dags/example_branch_datetime_operator.py
[2024-08-28T02:40:03.385+0000] {logging_mixin.py:188} INFO - [2024-08-28T02:40:03.385+0000] {dag.py:3089} INFO - Sync 3 DAGs
[2024-08-28T02:40:03.571+0000] {logging_mixin.py:188} INFO - [2024-08-28T02:40:03.570+0000] {dag.py:3947} INFO - Setting next_dagrun for example_branch_datetime_operator to 2024-08-27 00:00:00+00:00, run_after=2024-08-28 00:00:00+00:00
[2024-08-28T02:40:03.600+0000] {logging_mixin.py:188} INFO - [2024-08-28T02:40:03.599+0000] {dag.py:3947} INFO - Setting next_dagrun for example_branch_datetime_operator_2 to 2024-08-27 00:00:00+00:00, run_after=2024-08-28 00:00:00+00:00
[2024-08-28T02:40:03.607+0000] {logging_mixin.py:188} INFO - [2024-08-28T02:40:03.606+0000] {dag.py:3947} INFO - Setting next_dagrun for example_branch_datetime_operator_3 to 2024-08-27 00:00:00+00:00, run_after=2024-08-28 00:00:00+00:00
[2024-08-28T02:40:03.656+0000] {processor.py:183} INFO - Processing /home/airflow/.local/lib/python3.12/site-packages/airflow/example_dags/example_branch_datetime_operator.py took 0.675 seconds
[2024-08-28T02:40:34.833+0000] {processor.py:161} INFO - Started process (PID=376) to work on /home/airflow/.local/lib/python3.12/site-packages/airflow/example_dags/example_branch_datetime_operator.py
[2024-08-28T02:40:34.848+0000] {processor.py:830} INFO - Processing file /home/airflow/.local/lib/python3.12/site-packages/airflow/example_dags/example_branch_datetime_operator.py for tasks to queue
[2024-08-28T02:40:34.853+0000] {logging_mixin.py:188} INFO - [2024-08-28T02:40:34.852+0000] {dagbag.py:545} INFO - Filling up the DagBag from /home/airflow/.local/lib/python3.12/site-packages/airflow/example_dags/example_branch_datetime_operator.py
[2024-08-28T02:40:34.917+0000] {processor.py:840} INFO - DAG(s) 'example_branch_datetime_operator_2', 'example_branch_datetime_operator_3', 'example_branch_datetime_operator' retrieved from /home/airflow/.local/lib/python3.12/site-packages/airflow/example_dags/example_branch_datetime_operator.py
[2024-08-28T02:40:35.100+0000] {logging_mixin.py:188} INFO - [2024-08-28T02:40:35.099+0000] {dag.py:3089} INFO - Sync 3 DAGs
[2024-08-28T02:40:35.239+0000] {logging_mixin.py:188} INFO - [2024-08-28T02:40:35.238+0000] {dag.py:3947} INFO - Setting next_dagrun for example_branch_datetime_operator to 2024-08-27 00:00:00+00:00, run_after=2024-08-28 00:00:00+00:00
[2024-08-28T02:40:35.252+0000] {logging_mixin.py:188} INFO - [2024-08-28T02:40:35.251+0000] {dag.py:3947} INFO - Setting next_dagrun for example_branch_datetime_operator_2 to 2024-08-27 00:00:00+00:00, run_after=2024-08-28 00:00:00+00:00
[2024-08-28T02:40:35.260+0000] {logging_mixin.py:188} INFO - [2024-08-28T02:40:35.260+0000] {dag.py:3947} INFO - Setting next_dagrun for example_branch_datetime_operator_3 to 2024-08-27 00:00:00+00:00, run_after=2024-08-28 00:00:00+00:00
[2024-08-28T02:40:35.859+0000] {processor.py:183} INFO - Processing /home/airflow/.local/lib/python3.12/site-packages/airflow/example_dags/example_branch_datetime_operator.py took 1.063 seconds
[2024-08-28T02:41:56.542+0000] {processor.py:161} INFO - Started process (PID=437) to work on /home/airflow/.local/lib/python3.12/site-packages/airflow/example_dags/example_branch_datetime_operator.py
[2024-08-28T02:41:56.559+0000] {processor.py:830} INFO - Processing file /home/airflow/.local/lib/python3.12/site-packages/airflow/example_dags/example_branch_datetime_operator.py for tasks to queue
[2024-08-28T02:41:56.602+0000] {logging_mixin.py:188} INFO - [2024-08-28T02:41:56.596+0000] {dagbag.py:545} INFO - Filling up the DagBag from /home/airflow/.local/lib/python3.12/site-packages/airflow/example_dags/example_branch_datetime_operator.py
[2024-08-28T02:41:56.710+0000] {processor.py:840} INFO - DAG(s) 'example_branch_datetime_operator', 'example_branch_datetime_operator_3', 'example_branch_datetime_operator_2' retrieved from /home/airflow/.local/lib/python3.12/site-packages/airflow/example_dags/example_branch_datetime_operator.py
[2024-08-28T02:41:56.829+0000] {logging_mixin.py:188} INFO - [2024-08-28T02:41:56.828+0000] {dag.py:3089} INFO - Sync 3 DAGs
[2024-08-28T02:41:56.929+0000] {logging_mixin.py:188} INFO - [2024-08-28T02:41:56.928+0000] {dag.py:3947} INFO - Setting next_dagrun for example_branch_datetime_operator to 2024-08-27 00:00:00+00:00, run_after=2024-08-28 00:00:00+00:00
[2024-08-28T02:41:56.944+0000] {logging_mixin.py:188} INFO - [2024-08-28T02:41:56.943+0000] {dag.py:3947} INFO - Setting next_dagrun for example_branch_datetime_operator_2 to 2024-08-27 00:00:00+00:00, run_after=2024-08-28 00:00:00+00:00
[2024-08-28T02:41:56.954+0000] {logging_mixin.py:188} INFO - [2024-08-28T02:41:56.954+0000] {dag.py:3947} INFO - Setting next_dagrun for example_branch_datetime_operator_3 to 2024-08-27 00:00:00+00:00, run_after=2024-08-28 00:00:00+00:00
[2024-08-28T02:41:57.109+0000] {processor.py:183} INFO - Processing /home/airflow/.local/lib/python3.12/site-packages/airflow/example_dags/example_branch_datetime_operator.py took 0.709 seconds
[2024-08-28T02:42:27.954+0000] {processor.py:161} INFO - Started process (PID=495) to work on /home/airflow/.local/lib/python3.12/site-packages/airflow/example_dags/example_branch_datetime_operator.py
[2024-08-28T02:42:27.955+0000] {processor.py:830} INFO - Processing file /home/airflow/.local/lib/python3.12/site-packages/airflow/example_dags/example_branch_datetime_operator.py for tasks to queue
[2024-08-28T02:42:27.959+0000] {logging_mixin.py:188} INFO - [2024-08-28T02:42:27.958+0000] {dagbag.py:545} INFO - Filling up the DagBag from /home/airflow/.local/lib/python3.12/site-packages/airflow/example_dags/example_branch_datetime_operator.py
[2024-08-28T02:42:27.979+0000] {processor.py:840} INFO - DAG(s) 'example_branch_datetime_operator_2', 'example_branch_datetime_operator_3', 'example_branch_datetime_operator' retrieved from /home/airflow/.local/lib/python3.12/site-packages/airflow/example_dags/example_branch_datetime_operator.py
[2024-08-28T02:42:28.037+0000] {logging_mixin.py:188} INFO - [2024-08-28T02:42:28.037+0000] {dag.py:3089} INFO - Sync 3 DAGs
[2024-08-28T02:42:28.080+0000] {logging_mixin.py:188} INFO - [2024-08-28T02:42:28.079+0000] {dag.py:3947} INFO - Setting next_dagrun for example_branch_datetime_operator to 2024-08-27 00:00:00+00:00, run_after=2024-08-28 00:00:00+00:00
[2024-08-28T02:42:28.090+0000] {logging_mixin.py:188} INFO - [2024-08-28T02:42:28.089+0000] {dag.py:3947} INFO - Setting next_dagrun for example_branch_datetime_operator_2 to 2024-08-27 00:00:00+00:00, run_after=2024-08-28 00:00:00+00:00
[2024-08-28T02:42:28.095+0000] {logging_mixin.py:188} INFO - [2024-08-28T02:42:28.095+0000] {dag.py:3947} INFO - Setting next_dagrun for example_branch_datetime_operator_3 to 2024-08-27 00:00:00+00:00, run_after=2024-08-28 00:00:00+00:00
[2024-08-28T02:42:28.130+0000] {processor.py:183} INFO - Processing /home/airflow/.local/lib/python3.12/site-packages/airflow/example_dags/example_branch_datetime_operator.py took 0.187 seconds
[2024-08-28T02:42:59.063+0000] {processor.py:161} INFO - Started process (PID=553) to work on /home/airflow/.local/lib/python3.12/site-packages/airflow/example_dags/example_branch_datetime_operator.py
[2024-08-28T02:42:59.065+0000] {processor.py:830} INFO - Processing file /home/airflow/.local/lib/python3.12/site-packages/airflow/example_dags/example_branch_datetime_operator.py for tasks to queue
[2024-08-28T02:42:59.068+0000] {logging_mixin.py:188} INFO - [2024-08-28T02:42:59.067+0000] {dagbag.py:545} INFO - Filling up the DagBag from /home/airflow/.local/lib/python3.12/site-packages/airflow/example_dags/example_branch_datetime_operator.py
[2024-08-28T02:42:59.098+0000] {processor.py:840} INFO - DAG(s) 'example_branch_datetime_operator_3', 'example_branch_datetime_operator_2', 'example_branch_datetime_operator' retrieved from /home/airflow/.local/lib/python3.12/site-packages/airflow/example_dags/example_branch_datetime_operator.py
[2024-08-28T02:42:59.163+0000] {logging_mixin.py:188} INFO - [2024-08-28T02:42:59.162+0000] {dag.py:3089} INFO - Sync 3 DAGs
[2024-08-28T02:42:59.225+0000] {logging_mixin.py:188} INFO - [2024-08-28T02:42:59.225+0000] {dag.py:3947} INFO - Setting next_dagrun for example_branch_datetime_operator to 2024-08-27 00:00:00+00:00, run_after=2024-08-28 00:00:00+00:00
[2024-08-28T02:42:59.235+0000] {logging_mixin.py:188} INFO - [2024-08-28T02:42:59.235+0000] {dag.py:3947} INFO - Setting next_dagrun for example_branch_datetime_operator_2 to 2024-08-27 00:00:00+00:00, run_after=2024-08-28 00:00:00+00:00
[2024-08-28T02:42:59.246+0000] {logging_mixin.py:188} INFO - [2024-08-28T02:42:59.245+0000] {dag.py:3947} INFO - Setting next_dagrun for example_branch_datetime_operator_3 to 2024-08-27 00:00:00+00:00, run_after=2024-08-28 00:00:00+00:00
[2024-08-28T02:42:59.315+0000] {processor.py:183} INFO - Processing /home/airflow/.local/lib/python3.12/site-packages/airflow/example_dags/example_branch_datetime_operator.py took 0.261 seconds
[2024-08-28T02:43:29.826+0000] {processor.py:161} INFO - Started process (PID=611) to work on /home/airflow/.local/lib/python3.12/site-packages/airflow/example_dags/example_branch_datetime_operator.py
[2024-08-28T02:43:29.829+0000] {processor.py:830} INFO - Processing file /home/airflow/.local/lib/python3.12/site-packages/airflow/example_dags/example_branch_datetime_operator.py for tasks to queue
[2024-08-28T02:43:29.835+0000] {logging_mixin.py:188} INFO - [2024-08-28T02:43:29.834+0000] {dagbag.py:545} INFO - Filling up the DagBag from /home/airflow/.local/lib/python3.12/site-packages/airflow/example_dags/example_branch_datetime_operator.py
[2024-08-28T02:43:29.863+0000] {processor.py:840} INFO - DAG(s) 'example_branch_datetime_operator_3', 'example_branch_datetime_operator_2', 'example_branch_datetime_operator' retrieved from /home/airflow/.local/lib/python3.12/site-packages/airflow/example_dags/example_branch_datetime_operator.py
[2024-08-28T02:43:29.951+0000] {logging_mixin.py:188} INFO - [2024-08-28T02:43:29.949+0000] {dag.py:3089} INFO - Sync 3 DAGs
[2024-08-28T02:43:30.030+0000] {logging_mixin.py:188} INFO - [2024-08-28T02:43:30.029+0000] {dag.py:3947} INFO - Setting next_dagrun for example_branch_datetime_operator to 2024-08-27 00:00:00+00:00, run_after=2024-08-28 00:00:00+00:00
[2024-08-28T02:43:30.052+0000] {logging_mixin.py:188} INFO - [2024-08-28T02:43:30.052+0000] {dag.py:3947} INFO - Setting next_dagrun for example_branch_datetime_operator_2 to 2024-08-27 00:00:00+00:00, run_after=2024-08-28 00:00:00+00:00
[2024-08-28T02:43:30.065+0000] {logging_mixin.py:188} INFO - [2024-08-28T02:43:30.064+0000] {dag.py:3947} INFO - Setting next_dagrun for example_branch_datetime_operator_3 to 2024-08-27 00:00:00+00:00, run_after=2024-08-28 00:00:00+00:00
[2024-08-28T02:43:30.186+0000] {processor.py:183} INFO - Processing /home/airflow/.local/lib/python3.12/site-packages/airflow/example_dags/example_branch_datetime_operator.py took 0.382 seconds
[2024-08-28T02:44:00.364+0000] {processor.py:161} INFO - Started process (PID=668) to work on /home/airflow/.local/lib/python3.12/site-packages/airflow/example_dags/example_branch_datetime_operator.py
[2024-08-28T02:44:00.367+0000] {processor.py:830} INFO - Processing file /home/airflow/.local/lib/python3.12/site-packages/airflow/example_dags/example_branch_datetime_operator.py for tasks to queue
[2024-08-28T02:44:00.371+0000] {logging_mixin.py:188} INFO - [2024-08-28T02:44:00.371+0000] {dagbag.py:545} INFO - Filling up the DagBag from /home/airflow/.local/lib/python3.12/site-packages/airflow/example_dags/example_branch_datetime_operator.py
[2024-08-28T02:44:00.396+0000] {processor.py:840} INFO - DAG(s) 'example_branch_datetime_operator_3', 'example_branch_datetime_operator_2', 'example_branch_datetime_operator' retrieved from /home/airflow/.local/lib/python3.12/site-packages/airflow/example_dags/example_branch_datetime_operator.py
[2024-08-28T02:44:00.453+0000] {logging_mixin.py:188} INFO - [2024-08-28T02:44:00.453+0000] {dag.py:3089} INFO - Sync 3 DAGs
[2024-08-28T02:44:00.507+0000] {logging_mixin.py:188} INFO - [2024-08-28T02:44:00.506+0000] {dag.py:3947} INFO - Setting next_dagrun for example_branch_datetime_operator to 2024-08-27 00:00:00+00:00, run_after=2024-08-28 00:00:00+00:00
[2024-08-28T02:44:00.537+0000] {logging_mixin.py:188} INFO - [2024-08-28T02:44:00.536+0000] {dag.py:3947} INFO - Setting next_dagrun for example_branch_datetime_operator_2 to 2024-08-27 00:00:00+00:00, run_after=2024-08-28 00:00:00+00:00
[2024-08-28T02:44:00.549+0000] {logging_mixin.py:188} INFO - [2024-08-28T02:44:00.548+0000] {dag.py:3947} INFO - Setting next_dagrun for example_branch_datetime_operator_3 to 2024-08-27 00:00:00+00:00, run_after=2024-08-28 00:00:00+00:00
[2024-08-28T02:44:00.641+0000] {processor.py:183} INFO - Processing /home/airflow/.local/lib/python3.12/site-packages/airflow/example_dags/example_branch_datetime_operator.py took 0.292 seconds
[2024-08-28T02:54:24.869+0000] {processor.py:161} INFO - Started process (PID=169) to work on /home/airflow/.local/lib/python3.12/site-packages/airflow/example_dags/example_branch_datetime_operator.py
[2024-08-28T02:54:24.880+0000] {processor.py:830} INFO - Processing file /home/airflow/.local/lib/python3.12/site-packages/airflow/example_dags/example_branch_datetime_operator.py for tasks to queue
[2024-08-28T02:54:24.885+0000] {logging_mixin.py:188} INFO - [2024-08-28T02:54:24.884+0000] {dagbag.py:545} INFO - Filling up the DagBag from /home/airflow/.local/lib/python3.12/site-packages/airflow/example_dags/example_branch_datetime_operator.py
[2024-08-28T02:54:25.093+0000] {processor.py:840} INFO - DAG(s) 'example_branch_datetime_operator_2', 'example_branch_datetime_operator_3', 'example_branch_datetime_operator' retrieved from /home/airflow/.local/lib/python3.12/site-packages/airflow/example_dags/example_branch_datetime_operator.py
[2024-08-28T02:54:25.634+0000] {logging_mixin.py:188} INFO - [2024-08-28T02:54:25.634+0000] {dag.py:3089} INFO - Sync 3 DAGs
[2024-08-28T02:54:25.941+0000] {logging_mixin.py:188} INFO - [2024-08-28T02:54:25.940+0000] {dag.py:3947} INFO - Setting next_dagrun for example_branch_datetime_operator to 2024-08-27 00:00:00+00:00, run_after=2024-08-28 00:00:00+00:00
[2024-08-28T02:54:25.973+0000] {logging_mixin.py:188} INFO - [2024-08-28T02:54:25.972+0000] {dag.py:3947} INFO - Setting next_dagrun for example_branch_datetime_operator_2 to 2024-08-27 00:00:00+00:00, run_after=2024-08-28 00:00:00+00:00
[2024-08-28T02:54:26.000+0000] {logging_mixin.py:188} INFO - [2024-08-28T02:54:26.000+0000] {dag.py:3947} INFO - Setting next_dagrun for example_branch_datetime_operator_3 to 2024-08-27 00:00:00+00:00, run_after=2024-08-28 00:00:00+00:00
[2024-08-28T02:54:26.175+0000] {processor.py:183} INFO - Processing /home/airflow/.local/lib/python3.12/site-packages/airflow/example_dags/example_branch_datetime_operator.py took 1.399 seconds
[2024-08-28T02:54:56.711+0000] {processor.py:161} INFO - Started process (PID=226) to work on /home/airflow/.local/lib/python3.12/site-packages/airflow/example_dags/example_branch_datetime_operator.py
[2024-08-28T02:54:56.734+0000] {processor.py:830} INFO - Processing file /home/airflow/.local/lib/python3.12/site-packages/airflow/example_dags/example_branch_datetime_operator.py for tasks to queue
[2024-08-28T02:54:56.773+0000] {logging_mixin.py:188} INFO - [2024-08-28T02:54:56.770+0000] {dagbag.py:545} INFO - Filling up the DagBag from /home/airflow/.local/lib/python3.12/site-packages/airflow/example_dags/example_branch_datetime_operator.py
[2024-08-28T02:54:56.967+0000] {processor.py:840} INFO - DAG(s) 'example_branch_datetime_operator_2', 'example_branch_datetime_operator', 'example_branch_datetime_operator_3' retrieved from /home/airflow/.local/lib/python3.12/site-packages/airflow/example_dags/example_branch_datetime_operator.py
[2024-08-28T02:54:57.365+0000] {logging_mixin.py:188} INFO - [2024-08-28T02:54:57.364+0000] {dag.py:3089} INFO - Sync 3 DAGs
[2024-08-28T02:54:57.571+0000] {logging_mixin.py:188} INFO - [2024-08-28T02:54:57.570+0000] {dag.py:3947} INFO - Setting next_dagrun for example_branch_datetime_operator to 2024-08-27 00:00:00+00:00, run_after=2024-08-28 00:00:00+00:00
[2024-08-28T02:54:57.591+0000] {logging_mixin.py:188} INFO - [2024-08-28T02:54:57.591+0000] {dag.py:3947} INFO - Setting next_dagrun for example_branch_datetime_operator_2 to 2024-08-27 00:00:00+00:00, run_after=2024-08-28 00:00:00+00:00
[2024-08-28T02:54:57.601+0000] {logging_mixin.py:188} INFO - [2024-08-28T02:54:57.599+0000] {dag.py:3947} INFO - Setting next_dagrun for example_branch_datetime_operator_3 to 2024-08-27 00:00:00+00:00, run_after=2024-08-28 00:00:00+00:00
[2024-08-28T02:54:57.716+0000] {processor.py:183} INFO - Processing /home/airflow/.local/lib/python3.12/site-packages/airflow/example_dags/example_branch_datetime_operator.py took 1.094 seconds
[2024-08-28T02:59:49.176+0000] {processor.py:161} INFO - Started process (PID=126) to work on /home/airflow/.local/lib/python3.12/site-packages/airflow/example_dags/example_branch_datetime_operator.py
[2024-08-28T02:59:49.186+0000] {processor.py:830} INFO - Processing file /home/airflow/.local/lib/python3.12/site-packages/airflow/example_dags/example_branch_datetime_operator.py for tasks to queue
[2024-08-28T02:59:49.201+0000] {logging_mixin.py:188} INFO - [2024-08-28T02:59:49.193+0000] {dagbag.py:545} INFO - Filling up the DagBag from /home/airflow/.local/lib/python3.12/site-packages/airflow/example_dags/example_branch_datetime_operator.py
[2024-08-28T02:59:49.257+0000] {processor.py:840} INFO - DAG(s) 'example_branch_datetime_operator', 'example_branch_datetime_operator_3', 'example_branch_datetime_operator_2' retrieved from /home/airflow/.local/lib/python3.12/site-packages/airflow/example_dags/example_branch_datetime_operator.py
[2024-08-28T02:59:50.681+0000] {logging_mixin.py:188} INFO - [2024-08-28T02:59:50.669+0000] {dag.py:3089} INFO - Sync 3 DAGs
[2024-08-28T02:59:50.932+0000] {logging_mixin.py:188} INFO - [2024-08-28T02:59:50.931+0000] {dag.py:3947} INFO - Setting next_dagrun for example_branch_datetime_operator to 2024-08-27 00:00:00+00:00, run_after=2024-08-28 00:00:00+00:00
[2024-08-28T02:59:50.966+0000] {logging_mixin.py:188} INFO - [2024-08-28T02:59:50.965+0000] {dag.py:3947} INFO - Setting next_dagrun for example_branch_datetime_operator_2 to 2024-08-27 00:00:00+00:00, run_after=2024-08-28 00:00:00+00:00
[2024-08-28T02:59:50.981+0000] {logging_mixin.py:188} INFO - [2024-08-28T02:59:50.980+0000] {dag.py:3947} INFO - Setting next_dagrun for example_branch_datetime_operator_3 to 2024-08-27 00:00:00+00:00, run_after=2024-08-28 00:00:00+00:00
[2024-08-28T02:59:51.123+0000] {processor.py:183} INFO - Processing /home/airflow/.local/lib/python3.12/site-packages/airflow/example_dags/example_branch_datetime_operator.py took 1.992 seconds
