[2024-08-28T02:37:43.127+0000] {processor.py:161} INFO - Started process (PID=95) to work on /home/airflow/.local/lib/python3.12/site-packages/airflow/example_dags/example_skip_dag.py
[2024-08-28T02:37:43.130+0000] {processor.py:830} INFO - Processing file /home/airflow/.local/lib/python3.12/site-packages/airflow/example_dags/example_skip_dag.py for tasks to queue
[2024-08-28T02:37:43.134+0000] {logging_mixin.py:188} INFO - [2024-08-28T02:37:43.133+0000] {dagbag.py:545} INFO - Filling up the DagBag from /home/airflow/.local/lib/python3.12/site-packages/airflow/example_dags/example_skip_dag.py
[2024-08-28T02:37:43.156+0000] {processor.py:840} INFO - DAG(s) 'example_skip_dag' retrieved from /home/airflow/.local/lib/python3.12/site-packages/airflow/example_dags/example_skip_dag.py
[2024-08-28T02:37:43.461+0000] {logging_mixin.py:188} INFO - [2024-08-28T02:37:43.460+0000] {override.py:1858} INFO - Created Permission View: can edit on DAG:example_skip_dag
[2024-08-28T02:37:43.488+0000] {logging_mixin.py:188} INFO - [2024-08-28T02:37:43.488+0000] {override.py:1858} INFO - Created Permission View: can delete on DAG:example_skip_dag
[2024-08-28T02:37:43.507+0000] {logging_mixin.py:188} INFO - [2024-08-28T02:37:43.506+0000] {override.py:1858} INFO - Created Permission View: can read on DAG:example_skip_dag
[2024-08-28T02:37:43.508+0000] {logging_mixin.py:188} INFO - [2024-08-28T02:37:43.508+0000] {dag.py:3089} INFO - Sync 1 DAGs
[2024-08-28T02:37:43.539+0000] {logging_mixin.py:188} INFO - [2024-08-28T02:37:43.539+0000] {dag.py:3111} INFO - Creating ORM DAG for example_skip_dag
[2024-08-28T02:37:43.562+0000] {logging_mixin.py:188} INFO - [2024-08-28T02:37:43.561+0000] {dag.py:3947} INFO - Setting next_dagrun for example_skip_dag to 2024-08-27 00:00:00+00:00, run_after=2024-08-28 00:00:00+00:00
[2024-08-28T02:37:43.606+0000] {processor.py:183} INFO - Processing /home/airflow/.local/lib/python3.12/site-packages/airflow/example_dags/example_skip_dag.py took 0.489 seconds
[2024-08-28T02:38:38.944+0000] {processor.py:161} INFO - Started process (PID=160) to work on /home/airflow/.local/lib/python3.12/site-packages/airflow/example_dags/example_skip_dag.py
[2024-08-28T02:38:38.948+0000] {processor.py:830} INFO - Processing file /home/airflow/.local/lib/python3.12/site-packages/airflow/example_dags/example_skip_dag.py for tasks to queue
[2024-08-28T02:38:38.951+0000] {logging_mixin.py:188} INFO - [2024-08-28T02:38:38.951+0000] {dagbag.py:545} INFO - Filling up the DagBag from /home/airflow/.local/lib/python3.12/site-packages/airflow/example_dags/example_skip_dag.py
[2024-08-28T02:38:38.984+0000] {processor.py:840} INFO - DAG(s) 'example_skip_dag' retrieved from /home/airflow/.local/lib/python3.12/site-packages/airflow/example_dags/example_skip_dag.py
[2024-08-28T02:38:39.041+0000] {logging_mixin.py:188} INFO - [2024-08-28T02:38:39.041+0000] {dag.py:3089} INFO - Sync 1 DAGs
[2024-08-28T02:38:39.091+0000] {logging_mixin.py:188} INFO - [2024-08-28T02:38:39.090+0000] {dag.py:3947} INFO - Setting next_dagrun for example_skip_dag to 2024-08-27 00:00:00+00:00, run_after=2024-08-28 00:00:00+00:00
[2024-08-28T02:38:39.143+0000] {processor.py:183} INFO - Processing /home/airflow/.local/lib/python3.12/site-packages/airflow/example_dags/example_skip_dag.py took 0.212 seconds
[2024-08-28T02:39:09.631+0000] {processor.py:161} INFO - Started process (PID=216) to work on /home/airflow/.local/lib/python3.12/site-packages/airflow/example_dags/example_skip_dag.py
[2024-08-28T02:39:09.633+0000] {processor.py:830} INFO - Processing file /home/airflow/.local/lib/python3.12/site-packages/airflow/example_dags/example_skip_dag.py for tasks to queue
[2024-08-28T02:39:09.637+0000] {logging_mixin.py:188} INFO - [2024-08-28T02:39:09.637+0000] {dagbag.py:545} INFO - Filling up the DagBag from /home/airflow/.local/lib/python3.12/site-packages/airflow/example_dags/example_skip_dag.py
[2024-08-28T02:39:09.649+0000] {processor.py:840} INFO - DAG(s) 'example_skip_dag' retrieved from /home/airflow/.local/lib/python3.12/site-packages/airflow/example_dags/example_skip_dag.py
[2024-08-28T02:39:09.696+0000] {logging_mixin.py:188} INFO - [2024-08-28T02:39:09.696+0000] {dag.py:3089} INFO - Sync 1 DAGs
[2024-08-28T02:39:09.741+0000] {logging_mixin.py:188} INFO - [2024-08-28T02:39:09.741+0000] {dag.py:3947} INFO - Setting next_dagrun for example_skip_dag to 2024-08-27 00:00:00+00:00, run_after=2024-08-28 00:00:00+00:00
[2024-08-28T02:39:09.781+0000] {processor.py:183} INFO - Processing /home/airflow/.local/lib/python3.12/site-packages/airflow/example_dags/example_skip_dag.py took 0.163 seconds
[2024-08-28T02:39:42.152+0000] {processor.py:161} INFO - Started process (PID=274) to work on /home/airflow/.local/lib/python3.12/site-packages/airflow/example_dags/example_skip_dag.py
[2024-08-28T02:39:42.155+0000] {processor.py:830} INFO - Processing file /home/airflow/.local/lib/python3.12/site-packages/airflow/example_dags/example_skip_dag.py for tasks to queue
[2024-08-28T02:39:42.168+0000] {logging_mixin.py:188} INFO - [2024-08-28T02:39:42.167+0000] {dagbag.py:545} INFO - Filling up the DagBag from /home/airflow/.local/lib/python3.12/site-packages/airflow/example_dags/example_skip_dag.py
[2024-08-28T02:39:42.203+0000] {processor.py:840} INFO - DAG(s) 'example_skip_dag' retrieved from /home/airflow/.local/lib/python3.12/site-packages/airflow/example_dags/example_skip_dag.py
[2024-08-28T02:39:42.693+0000] {logging_mixin.py:188} INFO - [2024-08-28T02:39:42.693+0000] {dag.py:3089} INFO - Sync 1 DAGs
[2024-08-28T02:39:42.729+0000] {logging_mixin.py:188} INFO - [2024-08-28T02:39:42.729+0000] {dag.py:3947} INFO - Setting next_dagrun for example_skip_dag to 2024-08-27 00:00:00+00:00, run_after=2024-08-28 00:00:00+00:00
[2024-08-28T02:39:42.764+0000] {processor.py:183} INFO - Processing /home/airflow/.local/lib/python3.12/site-packages/airflow/example_dags/example_skip_dag.py took 0.632 seconds
[2024-08-28T02:40:15.323+0000] {processor.py:161} INFO - Started process (PID=332) to work on /home/airflow/.local/lib/python3.12/site-packages/airflow/example_dags/example_skip_dag.py
[2024-08-28T02:40:15.332+0000] {processor.py:830} INFO - Processing file /home/airflow/.local/lib/python3.12/site-packages/airflow/example_dags/example_skip_dag.py for tasks to queue
[2024-08-28T02:40:15.346+0000] {logging_mixin.py:188} INFO - [2024-08-28T02:40:15.345+0000] {dagbag.py:545} INFO - Filling up the DagBag from /home/airflow/.local/lib/python3.12/site-packages/airflow/example_dags/example_skip_dag.py
[2024-08-28T02:40:15.384+0000] {processor.py:840} INFO - DAG(s) 'example_skip_dag' retrieved from /home/airflow/.local/lib/python3.12/site-packages/airflow/example_dags/example_skip_dag.py
[2024-08-28T02:40:15.674+0000] {logging_mixin.py:188} INFO - [2024-08-28T02:40:15.673+0000] {dag.py:3089} INFO - Sync 1 DAGs
[2024-08-28T02:40:15.981+0000] {logging_mixin.py:188} INFO - [2024-08-28T02:40:15.979+0000] {dag.py:3947} INFO - Setting next_dagrun for example_skip_dag to 2024-08-27 00:00:00+00:00, run_after=2024-08-28 00:00:00+00:00
[2024-08-28T02:40:16.448+0000] {processor.py:183} INFO - Processing /home/airflow/.local/lib/python3.12/site-packages/airflow/example_dags/example_skip_dag.py took 1.154 seconds
[2024-08-28T02:40:49.597+0000] {processor.py:161} INFO - Started process (PID=389) to work on /home/airflow/.local/lib/python3.12/site-packages/airflow/example_dags/example_skip_dag.py
[2024-08-28T02:40:49.606+0000] {processor.py:830} INFO - Processing file /home/airflow/.local/lib/python3.12/site-packages/airflow/example_dags/example_skip_dag.py for tasks to queue
[2024-08-28T02:40:49.619+0000] {logging_mixin.py:188} INFO - [2024-08-28T02:40:49.617+0000] {dagbag.py:545} INFO - Filling up the DagBag from /home/airflow/.local/lib/python3.12/site-packages/airflow/example_dags/example_skip_dag.py
[2024-08-28T02:40:49.689+0000] {processor.py:840} INFO - DAG(s) 'example_skip_dag' retrieved from /home/airflow/.local/lib/python3.12/site-packages/airflow/example_dags/example_skip_dag.py
[2024-08-28T02:40:49.915+0000] {logging_mixin.py:188} INFO - [2024-08-28T02:40:49.914+0000] {dag.py:3089} INFO - Sync 1 DAGs
[2024-08-28T02:40:50.194+0000] {logging_mixin.py:188} INFO - [2024-08-28T02:40:50.189+0000] {dag.py:3947} INFO - Setting next_dagrun for example_skip_dag to 2024-08-27 00:00:00+00:00, run_after=2024-08-28 00:00:00+00:00
[2024-08-28T02:40:50.496+0000] {processor.py:183} INFO - Processing /home/airflow/.local/lib/python3.12/site-packages/airflow/example_dags/example_skip_dag.py took 0.965 seconds
[2024-08-28T02:42:02.005+0000] {processor.py:161} INFO - Started process (PID=450) to work on /home/airflow/.local/lib/python3.12/site-packages/airflow/example_dags/example_skip_dag.py
[2024-08-28T02:42:02.008+0000] {processor.py:830} INFO - Processing file /home/airflow/.local/lib/python3.12/site-packages/airflow/example_dags/example_skip_dag.py for tasks to queue
[2024-08-28T02:42:02.014+0000] {logging_mixin.py:188} INFO - [2024-08-28T02:42:02.013+0000] {dagbag.py:545} INFO - Filling up the DagBag from /home/airflow/.local/lib/python3.12/site-packages/airflow/example_dags/example_skip_dag.py
[2024-08-28T02:42:02.036+0000] {processor.py:840} INFO - DAG(s) 'example_skip_dag' retrieved from /home/airflow/.local/lib/python3.12/site-packages/airflow/example_dags/example_skip_dag.py
[2024-08-28T02:42:02.115+0000] {logging_mixin.py:188} INFO - [2024-08-28T02:42:02.114+0000] {dag.py:3089} INFO - Sync 1 DAGs
[2024-08-28T02:42:02.224+0000] {logging_mixin.py:188} INFO - [2024-08-28T02:42:02.223+0000] {dag.py:3947} INFO - Setting next_dagrun for example_skip_dag to 2024-08-27 00:00:00+00:00, run_after=2024-08-28 00:00:00+00:00
[2024-08-28T02:42:02.286+0000] {processor.py:183} INFO - Processing /home/airflow/.local/lib/python3.12/site-packages/airflow/example_dags/example_skip_dag.py took 0.303 seconds
[2024-08-28T02:42:32.754+0000] {processor.py:161} INFO - Started process (PID=506) to work on /home/airflow/.local/lib/python3.12/site-packages/airflow/example_dags/example_skip_dag.py
[2024-08-28T02:42:32.756+0000] {processor.py:830} INFO - Processing file /home/airflow/.local/lib/python3.12/site-packages/airflow/example_dags/example_skip_dag.py for tasks to queue
[2024-08-28T02:42:32.760+0000] {logging_mixin.py:188} INFO - [2024-08-28T02:42:32.759+0000] {dagbag.py:545} INFO - Filling up the DagBag from /home/airflow/.local/lib/python3.12/site-packages/airflow/example_dags/example_skip_dag.py
[2024-08-28T02:42:32.773+0000] {processor.py:840} INFO - DAG(s) 'example_skip_dag' retrieved from /home/airflow/.local/lib/python3.12/site-packages/airflow/example_dags/example_skip_dag.py
[2024-08-28T02:42:32.807+0000] {logging_mixin.py:188} INFO - [2024-08-28T02:42:32.807+0000] {dag.py:3089} INFO - Sync 1 DAGs
[2024-08-28T02:42:32.846+0000] {logging_mixin.py:188} INFO - [2024-08-28T02:42:32.846+0000] {dag.py:3947} INFO - Setting next_dagrun for example_skip_dag to 2024-08-27 00:00:00+00:00, run_after=2024-08-28 00:00:00+00:00
[2024-08-28T02:42:32.887+0000] {processor.py:183} INFO - Processing /home/airflow/.local/lib/python3.12/site-packages/airflow/example_dags/example_skip_dag.py took 0.142 seconds
[2024-08-28T02:43:03.416+0000] {processor.py:161} INFO - Started process (PID=564) to work on /home/airflow/.local/lib/python3.12/site-packages/airflow/example_dags/example_skip_dag.py
[2024-08-28T02:43:03.430+0000] {processor.py:830} INFO - Processing file /home/airflow/.local/lib/python3.12/site-packages/airflow/example_dags/example_skip_dag.py for tasks to queue
[2024-08-28T02:43:03.436+0000] {logging_mixin.py:188} INFO - [2024-08-28T02:43:03.435+0000] {dagbag.py:545} INFO - Filling up the DagBag from /home/airflow/.local/lib/python3.12/site-packages/airflow/example_dags/example_skip_dag.py
[2024-08-28T02:43:03.449+0000] {processor.py:840} INFO - DAG(s) 'example_skip_dag' retrieved from /home/airflow/.local/lib/python3.12/site-packages/airflow/example_dags/example_skip_dag.py
[2024-08-28T02:43:03.522+0000] {logging_mixin.py:188} INFO - [2024-08-28T02:43:03.522+0000] {dag.py:3089} INFO - Sync 1 DAGs
[2024-08-28T02:43:03.599+0000] {logging_mixin.py:188} INFO - [2024-08-28T02:43:03.598+0000] {dag.py:3947} INFO - Setting next_dagrun for example_skip_dag to 2024-08-27 00:00:00+00:00, run_after=2024-08-28 00:00:00+00:00
[2024-08-28T02:43:03.681+0000] {processor.py:183} INFO - Processing /home/airflow/.local/lib/python3.12/site-packages/airflow/example_dags/example_skip_dag.py took 0.284 seconds
[2024-08-28T02:43:34.083+0000] {processor.py:161} INFO - Started process (PID=622) to work on /home/airflow/.local/lib/python3.12/site-packages/airflow/example_dags/example_skip_dag.py
[2024-08-28T02:43:34.085+0000] {processor.py:830} INFO - Processing file /home/airflow/.local/lib/python3.12/site-packages/airflow/example_dags/example_skip_dag.py for tasks to queue
[2024-08-28T02:43:34.089+0000] {logging_mixin.py:188} INFO - [2024-08-28T02:43:34.088+0000] {dagbag.py:545} INFO - Filling up the DagBag from /home/airflow/.local/lib/python3.12/site-packages/airflow/example_dags/example_skip_dag.py
[2024-08-28T02:43:34.100+0000] {processor.py:840} INFO - DAG(s) 'example_skip_dag' retrieved from /home/airflow/.local/lib/python3.12/site-packages/airflow/example_dags/example_skip_dag.py
[2024-08-28T02:43:34.140+0000] {logging_mixin.py:188} INFO - [2024-08-28T02:43:34.140+0000] {dag.py:3089} INFO - Sync 1 DAGs
[2024-08-28T02:43:34.181+0000] {logging_mixin.py:188} INFO - [2024-08-28T02:43:34.180+0000] {dag.py:3947} INFO - Setting next_dagrun for example_skip_dag to 2024-08-27 00:00:00+00:00, run_after=2024-08-28 00:00:00+00:00
[2024-08-28T02:43:34.230+0000] {processor.py:183} INFO - Processing /home/airflow/.local/lib/python3.12/site-packages/airflow/example_dags/example_skip_dag.py took 0.157 seconds
[2024-08-28T02:44:05.066+0000] {processor.py:161} INFO - Started process (PID=679) to work on /home/airflow/.local/lib/python3.12/site-packages/airflow/example_dags/example_skip_dag.py
[2024-08-28T02:44:05.082+0000] {processor.py:830} INFO - Processing file /home/airflow/.local/lib/python3.12/site-packages/airflow/example_dags/example_skip_dag.py for tasks to queue
[2024-08-28T02:44:05.089+0000] {logging_mixin.py:188} INFO - [2024-08-28T02:44:05.088+0000] {dagbag.py:545} INFO - Filling up the DagBag from /home/airflow/.local/lib/python3.12/site-packages/airflow/example_dags/example_skip_dag.py
[2024-08-28T02:44:05.133+0000] {processor.py:840} INFO - DAG(s) 'example_skip_dag' retrieved from /home/airflow/.local/lib/python3.12/site-packages/airflow/example_dags/example_skip_dag.py
[2024-08-28T02:44:05.263+0000] {logging_mixin.py:188} INFO - [2024-08-28T02:44:05.263+0000] {dag.py:3089} INFO - Sync 1 DAGs
[2024-08-28T02:44:05.380+0000] {logging_mixin.py:188} INFO - [2024-08-28T02:44:05.380+0000] {dag.py:3947} INFO - Setting next_dagrun for example_skip_dag to 2024-08-27 00:00:00+00:00, run_after=2024-08-28 00:00:00+00:00
[2024-08-28T02:44:05.473+0000] {processor.py:183} INFO - Processing /home/airflow/.local/lib/python3.12/site-packages/airflow/example_dags/example_skip_dag.py took 0.456 seconds
[2024-08-28T02:53:43.993+0000] {processor.py:161} INFO - Started process (PID=125) to work on /home/airflow/.local/lib/python3.12/site-packages/airflow/example_dags/example_skip_dag.py
[2024-08-28T02:53:43.996+0000] {processor.py:830} INFO - Processing file /home/airflow/.local/lib/python3.12/site-packages/airflow/example_dags/example_skip_dag.py for tasks to queue
[2024-08-28T02:53:44.036+0000] {logging_mixin.py:188} INFO - [2024-08-28T02:53:44.028+0000] {dagbag.py:545} INFO - Filling up the DagBag from /home/airflow/.local/lib/python3.12/site-packages/airflow/example_dags/example_skip_dag.py
[2024-08-28T02:53:44.194+0000] {processor.py:840} INFO - DAG(s) 'example_skip_dag' retrieved from /home/airflow/.local/lib/python3.12/site-packages/airflow/example_dags/example_skip_dag.py
[2024-08-28T02:53:44.335+0000] {logging_mixin.py:188} INFO - [2024-08-28T02:53:44.334+0000] {dag.py:3089} INFO - Sync 1 DAGs
[2024-08-28T02:53:44.471+0000] {logging_mixin.py:188} INFO - [2024-08-28T02:53:44.470+0000] {dag.py:3947} INFO - Setting next_dagrun for example_skip_dag to 2024-08-27 00:00:00+00:00, run_after=2024-08-28 00:00:00+00:00
[2024-08-28T02:53:44.709+0000] {processor.py:183} INFO - Processing /home/airflow/.local/lib/python3.12/site-packages/airflow/example_dags/example_skip_dag.py took 0.753 seconds
[2024-08-28T02:54:36.462+0000] {processor.py:161} INFO - Started process (PID=184) to work on /home/airflow/.local/lib/python3.12/site-packages/airflow/example_dags/example_skip_dag.py
[2024-08-28T02:54:36.474+0000] {processor.py:830} INFO - Processing file /home/airflow/.local/lib/python3.12/site-packages/airflow/example_dags/example_skip_dag.py for tasks to queue
[2024-08-28T02:54:36.487+0000] {logging_mixin.py:188} INFO - [2024-08-28T02:54:36.486+0000] {dagbag.py:545} INFO - Filling up the DagBag from /home/airflow/.local/lib/python3.12/site-packages/airflow/example_dags/example_skip_dag.py
[2024-08-28T02:54:36.537+0000] {processor.py:840} INFO - DAG(s) 'example_skip_dag' retrieved from /home/airflow/.local/lib/python3.12/site-packages/airflow/example_dags/example_skip_dag.py
[2024-08-28T02:54:36.670+0000] {logging_mixin.py:188} INFO - [2024-08-28T02:54:36.669+0000] {dag.py:3089} INFO - Sync 1 DAGs
[2024-08-28T02:54:36.863+0000] {logging_mixin.py:188} INFO - [2024-08-28T02:54:36.862+0000] {dag.py:3947} INFO - Setting next_dagrun for example_skip_dag to 2024-08-27 00:00:00+00:00, run_after=2024-08-28 00:00:00+00:00
[2024-08-28T02:54:36.975+0000] {processor.py:183} INFO - Processing /home/airflow/.local/lib/python3.12/site-packages/airflow/example_dags/example_skip_dag.py took 0.551 seconds
[2024-08-28T02:59:21.486+0000] {processor.py:161} INFO - Started process (PID=83) to work on /home/airflow/.local/lib/python3.12/site-packages/airflow/example_dags/example_skip_dag.py
[2024-08-28T02:59:21.496+0000] {processor.py:830} INFO - Processing file /home/airflow/.local/lib/python3.12/site-packages/airflow/example_dags/example_skip_dag.py for tasks to queue
[2024-08-28T02:59:21.500+0000] {logging_mixin.py:188} INFO - [2024-08-28T02:59:21.500+0000] {dagbag.py:545} INFO - Filling up the DagBag from /home/airflow/.local/lib/python3.12/site-packages/airflow/example_dags/example_skip_dag.py
[2024-08-28T02:59:21.520+0000] {processor.py:840} INFO - DAG(s) 'example_skip_dag' retrieved from /home/airflow/.local/lib/python3.12/site-packages/airflow/example_dags/example_skip_dag.py
[2024-08-28T02:59:21.814+0000] {logging_mixin.py:188} INFO - [2024-08-28T02:59:21.814+0000] {dag.py:3089} INFO - Sync 1 DAGs
[2024-08-28T02:59:21.874+0000] {logging_mixin.py:188} INFO - [2024-08-28T02:59:21.873+0000] {dag.py:3947} INFO - Setting next_dagrun for example_skip_dag to 2024-08-27 00:00:00+00:00, run_after=2024-08-28 00:00:00+00:00
[2024-08-28T02:59:22.132+0000] {processor.py:183} INFO - Processing /home/airflow/.local/lib/python3.12/site-packages/airflow/example_dags/example_skip_dag.py took 0.659 seconds
