[2024-08-28T02:37:46.782+0000] {processor.py:161} INFO - Started process (PID=104) to work on /home/airflow/.local/lib/python3.12/site-packages/airflow/example_dags/example_branch_labels.py
[2024-08-28T02:37:46.785+0000] {processor.py:830} INFO - Processing file /home/airflow/.local/lib/python3.12/site-packages/airflow/example_dags/example_branch_labels.py for tasks to queue
[2024-08-28T02:37:46.789+0000] {logging_mixin.py:188} INFO - [2024-08-28T02:37:46.788+0000] {dagbag.py:545} INFO - Filling up the DagBag from /home/airflow/.local/lib/python3.12/site-packages/airflow/example_dags/example_branch_labels.py
[2024-08-28T02:37:46.810+0000] {processor.py:840} INFO - DAG(s) 'example_branch_labels' retrieved from /home/airflow/.local/lib/python3.12/site-packages/airflow/example_dags/example_branch_labels.py
[2024-08-28T02:37:47.299+0000] {logging_mixin.py:188} INFO - [2024-08-28T02:37:47.297+0000] {override.py:1858} INFO - Created Permission View: can edit on DAG:example_branch_labels
[2024-08-28T02:37:47.346+0000] {logging_mixin.py:188} INFO - [2024-08-28T02:37:47.346+0000] {override.py:1858} INFO - Created Permission View: can delete on DAG:example_branch_labels
[2024-08-28T02:37:47.385+0000] {logging_mixin.py:188} INFO - [2024-08-28T02:37:47.385+0000] {override.py:1858} INFO - Created Permission View: can read on DAG:example_branch_labels
[2024-08-28T02:37:47.391+0000] {logging_mixin.py:188} INFO - [2024-08-28T02:37:47.390+0000] {dag.py:3089} INFO - Sync 1 DAGs
[2024-08-28T02:37:47.426+0000] {logging_mixin.py:188} INFO - [2024-08-28T02:37:47.425+0000] {dag.py:3111} INFO - Creating ORM DAG for example_branch_labels
[2024-08-28T02:37:47.483+0000] {logging_mixin.py:188} INFO - [2024-08-28T02:37:47.483+0000] {dag.py:3947} INFO - Setting next_dagrun for example_branch_labels to 2024-08-27 00:00:00+00:00, run_after=2024-08-28 00:00:00+00:00
[2024-08-28T02:37:47.575+0000] {processor.py:183} INFO - Processing /home/airflow/.local/lib/python3.12/site-packages/airflow/example_dags/example_branch_labels.py took 0.816 seconds
[2024-08-28T02:38:42.187+0000] {processor.py:161} INFO - Started process (PID=169) to work on /home/airflow/.local/lib/python3.12/site-packages/airflow/example_dags/example_branch_labels.py
[2024-08-28T02:38:42.194+0000] {processor.py:830} INFO - Processing file /home/airflow/.local/lib/python3.12/site-packages/airflow/example_dags/example_branch_labels.py for tasks to queue
[2024-08-28T02:38:42.203+0000] {logging_mixin.py:188} INFO - [2024-08-28T02:38:42.203+0000] {dagbag.py:545} INFO - Filling up the DagBag from /home/airflow/.local/lib/python3.12/site-packages/airflow/example_dags/example_branch_labels.py
[2024-08-28T02:38:42.220+0000] {processor.py:840} INFO - DAG(s) 'example_branch_labels' retrieved from /home/airflow/.local/lib/python3.12/site-packages/airflow/example_dags/example_branch_labels.py
[2024-08-28T02:38:42.282+0000] {logging_mixin.py:188} INFO - [2024-08-28T02:38:42.282+0000] {dag.py:3089} INFO - Sync 1 DAGs
[2024-08-28T02:38:42.340+0000] {logging_mixin.py:188} INFO - [2024-08-28T02:38:42.339+0000] {dag.py:3947} INFO - Setting next_dagrun for example_branch_labels to 2024-08-27 00:00:00+00:00, run_after=2024-08-28 00:00:00+00:00
[2024-08-28T02:38:42.391+0000] {processor.py:183} INFO - Processing /home/airflow/.local/lib/python3.12/site-packages/airflow/example_dags/example_branch_labels.py took 0.216 seconds
[2024-08-28T02:39:14.864+0000] {processor.py:161} INFO - Started process (PID=227) to work on /home/airflow/.local/lib/python3.12/site-packages/airflow/example_dags/example_branch_labels.py
[2024-08-28T02:39:14.865+0000] {processor.py:830} INFO - Processing file /home/airflow/.local/lib/python3.12/site-packages/airflow/example_dags/example_branch_labels.py for tasks to queue
[2024-08-28T02:39:14.869+0000] {logging_mixin.py:188} INFO - [2024-08-28T02:39:14.869+0000] {dagbag.py:545} INFO - Filling up the DagBag from /home/airflow/.local/lib/python3.12/site-packages/airflow/example_dags/example_branch_labels.py
[2024-08-28T02:39:14.889+0000] {processor.py:840} INFO - DAG(s) 'example_branch_labels' retrieved from /home/airflow/.local/lib/python3.12/site-packages/airflow/example_dags/example_branch_labels.py
[2024-08-28T02:39:14.954+0000] {logging_mixin.py:188} INFO - [2024-08-28T02:39:14.953+0000] {dag.py:3089} INFO - Sync 1 DAGs
[2024-08-28T02:39:15.037+0000] {logging_mixin.py:188} INFO - [2024-08-28T02:39:15.037+0000] {dag.py:3947} INFO - Setting next_dagrun for example_branch_labels to 2024-08-27 00:00:00+00:00, run_after=2024-08-28 00:00:00+00:00
[2024-08-28T02:39:15.081+0000] {processor.py:183} INFO - Processing /home/airflow/.local/lib/python3.12/site-packages/airflow/example_dags/example_branch_labels.py took 0.231 seconds
[2024-08-28T02:39:45.397+0000] {processor.py:161} INFO - Started process (PID=283) to work on /home/airflow/.local/lib/python3.12/site-packages/airflow/example_dags/example_branch_labels.py
[2024-08-28T02:39:45.401+0000] {processor.py:830} INFO - Processing file /home/airflow/.local/lib/python3.12/site-packages/airflow/example_dags/example_branch_labels.py for tasks to queue
[2024-08-28T02:39:45.406+0000] {logging_mixin.py:188} INFO - [2024-08-28T02:39:45.405+0000] {dagbag.py:545} INFO - Filling up the DagBag from /home/airflow/.local/lib/python3.12/site-packages/airflow/example_dags/example_branch_labels.py
[2024-08-28T02:39:45.431+0000] {processor.py:840} INFO - DAG(s) 'example_branch_labels' retrieved from /home/airflow/.local/lib/python3.12/site-packages/airflow/example_dags/example_branch_labels.py
[2024-08-28T02:39:45.496+0000] {logging_mixin.py:188} INFO - [2024-08-28T02:39:45.491+0000] {dag.py:3089} INFO - Sync 1 DAGs
[2024-08-28T02:39:45.569+0000] {logging_mixin.py:188} INFO - [2024-08-28T02:39:45.569+0000] {dag.py:3947} INFO - Setting next_dagrun for example_branch_labels to 2024-08-27 00:00:00+00:00, run_after=2024-08-28 00:00:00+00:00
[2024-08-28T02:39:45.615+0000] {processor.py:183} INFO - Processing /home/airflow/.local/lib/python3.12/site-packages/airflow/example_dags/example_branch_labels.py took 0.248 seconds
[2024-08-28T02:40:23.057+0000] {processor.py:161} INFO - Started process (PID=341) to work on /home/airflow/.local/lib/python3.12/site-packages/airflow/example_dags/example_branch_labels.py
[2024-08-28T02:40:23.068+0000] {processor.py:830} INFO - Processing file /home/airflow/.local/lib/python3.12/site-packages/airflow/example_dags/example_branch_labels.py for tasks to queue
[2024-08-28T02:40:23.075+0000] {logging_mixin.py:188} INFO - [2024-08-28T02:40:23.074+0000] {dagbag.py:545} INFO - Filling up the DagBag from /home/airflow/.local/lib/python3.12/site-packages/airflow/example_dags/example_branch_labels.py
[2024-08-28T02:40:23.129+0000] {processor.py:840} INFO - DAG(s) 'example_branch_labels' retrieved from /home/airflow/.local/lib/python3.12/site-packages/airflow/example_dags/example_branch_labels.py
[2024-08-28T02:40:23.351+0000] {logging_mixin.py:188} INFO - [2024-08-28T02:40:23.350+0000] {dag.py:3089} INFO - Sync 1 DAGs
[2024-08-28T02:40:23.570+0000] {logging_mixin.py:188} INFO - [2024-08-28T02:40:23.570+0000] {dag.py:3947} INFO - Setting next_dagrun for example_branch_labels to 2024-08-27 00:00:00+00:00, run_after=2024-08-28 00:00:00+00:00
[2024-08-28T02:40:23.790+0000] {processor.py:183} INFO - Processing /home/airflow/.local/lib/python3.12/site-packages/airflow/example_dags/example_branch_labels.py took 0.796 seconds
[2024-08-28T02:41:08.485+0000] {processor.py:161} INFO - Started process (PID=404) to work on /home/airflow/.local/lib/python3.12/site-packages/airflow/example_dags/example_branch_labels.py
[2024-08-28T02:41:08.497+0000] {processor.py:830} INFO - Processing file /home/airflow/.local/lib/python3.12/site-packages/airflow/example_dags/example_branch_labels.py for tasks to queue
[2024-08-28T02:41:08.512+0000] {logging_mixin.py:188} INFO - [2024-08-28T02:41:08.511+0000] {dagbag.py:545} INFO - Filling up the DagBag from /home/airflow/.local/lib/python3.12/site-packages/airflow/example_dags/example_branch_labels.py
[2024-08-28T02:41:08.619+0000] {processor.py:840} INFO - DAG(s) 'example_branch_labels' retrieved from /home/airflow/.local/lib/python3.12/site-packages/airflow/example_dags/example_branch_labels.py
[2024-08-28T02:41:08.813+0000] {logging_mixin.py:188} INFO - [2024-08-28T02:41:08.812+0000] {dag.py:3089} INFO - Sync 1 DAGs
[2024-08-28T02:41:08.986+0000] {logging_mixin.py:188} INFO - [2024-08-28T02:41:08.985+0000] {dag.py:3947} INFO - Setting next_dagrun for example_branch_labels to 2024-08-27 00:00:00+00:00, run_after=2024-08-28 00:00:00+00:00
[2024-08-28T02:41:09.138+0000] {processor.py:183} INFO - Processing /home/airflow/.local/lib/python3.12/site-packages/airflow/example_dags/example_branch_labels.py took 0.710 seconds
[2024-08-28T02:42:04.478+0000] {processor.py:161} INFO - Started process (PID=459) to work on /home/airflow/.local/lib/python3.12/site-packages/airflow/example_dags/example_branch_labels.py
[2024-08-28T02:42:04.480+0000] {processor.py:830} INFO - Processing file /home/airflow/.local/lib/python3.12/site-packages/airflow/example_dags/example_branch_labels.py for tasks to queue
[2024-08-28T02:42:04.486+0000] {logging_mixin.py:188} INFO - [2024-08-28T02:42:04.484+0000] {dagbag.py:545} INFO - Filling up the DagBag from /home/airflow/.local/lib/python3.12/site-packages/airflow/example_dags/example_branch_labels.py
[2024-08-28T02:42:04.509+0000] {processor.py:840} INFO - DAG(s) 'example_branch_labels' retrieved from /home/airflow/.local/lib/python3.12/site-packages/airflow/example_dags/example_branch_labels.py
[2024-08-28T02:42:04.562+0000] {logging_mixin.py:188} INFO - [2024-08-28T02:42:04.561+0000] {dag.py:3089} INFO - Sync 1 DAGs
[2024-08-28T02:42:04.631+0000] {logging_mixin.py:188} INFO - [2024-08-28T02:42:04.631+0000] {dag.py:3947} INFO - Setting next_dagrun for example_branch_labels to 2024-08-27 00:00:00+00:00, run_after=2024-08-28 00:00:00+00:00
[2024-08-28T02:42:04.691+0000] {processor.py:183} INFO - Processing /home/airflow/.local/lib/python3.12/site-packages/airflow/example_dags/example_branch_labels.py took 0.229 seconds
[2024-08-28T02:42:34.904+0000] {processor.py:161} INFO - Started process (PID=517) to work on /home/airflow/.local/lib/python3.12/site-packages/airflow/example_dags/example_branch_labels.py
[2024-08-28T02:42:34.906+0000] {processor.py:830} INFO - Processing file /home/airflow/.local/lib/python3.12/site-packages/airflow/example_dags/example_branch_labels.py for tasks to queue
[2024-08-28T02:42:34.910+0000] {logging_mixin.py:188} INFO - [2024-08-28T02:42:34.910+0000] {dagbag.py:545} INFO - Filling up the DagBag from /home/airflow/.local/lib/python3.12/site-packages/airflow/example_dags/example_branch_labels.py
[2024-08-28T02:42:34.924+0000] {processor.py:840} INFO - DAG(s) 'example_branch_labels' retrieved from /home/airflow/.local/lib/python3.12/site-packages/airflow/example_dags/example_branch_labels.py
[2024-08-28T02:42:34.974+0000] {logging_mixin.py:188} INFO - [2024-08-28T02:42:34.974+0000] {dag.py:3089} INFO - Sync 1 DAGs
[2024-08-28T02:42:35.028+0000] {logging_mixin.py:188} INFO - [2024-08-28T02:42:35.028+0000] {dag.py:3947} INFO - Setting next_dagrun for example_branch_labels to 2024-08-27 00:00:00+00:00, run_after=2024-08-28 00:00:00+00:00
[2024-08-28T02:42:35.068+0000] {processor.py:183} INFO - Processing /home/airflow/.local/lib/python3.12/site-packages/airflow/example_dags/example_branch_labels.py took 0.175 seconds
[2024-08-28T02:43:05.753+0000] {processor.py:161} INFO - Started process (PID=575) to work on /home/airflow/.local/lib/python3.12/site-packages/airflow/example_dags/example_branch_labels.py
[2024-08-28T02:43:05.754+0000] {processor.py:830} INFO - Processing file /home/airflow/.local/lib/python3.12/site-packages/airflow/example_dags/example_branch_labels.py for tasks to queue
[2024-08-28T02:43:05.757+0000] {logging_mixin.py:188} INFO - [2024-08-28T02:43:05.757+0000] {dagbag.py:545} INFO - Filling up the DagBag from /home/airflow/.local/lib/python3.12/site-packages/airflow/example_dags/example_branch_labels.py
[2024-08-28T02:43:05.773+0000] {processor.py:840} INFO - DAG(s) 'example_branch_labels' retrieved from /home/airflow/.local/lib/python3.12/site-packages/airflow/example_dags/example_branch_labels.py
[2024-08-28T02:43:05.812+0000] {logging_mixin.py:188} INFO - [2024-08-28T02:43:05.811+0000] {dag.py:3089} INFO - Sync 1 DAGs
[2024-08-28T02:43:05.852+0000] {logging_mixin.py:188} INFO - [2024-08-28T02:43:05.851+0000] {dag.py:3947} INFO - Setting next_dagrun for example_branch_labels to 2024-08-27 00:00:00+00:00, run_after=2024-08-28 00:00:00+00:00
[2024-08-28T02:43:05.897+0000] {processor.py:183} INFO - Processing /home/airflow/.local/lib/python3.12/site-packages/airflow/example_dags/example_branch_labels.py took 0.156 seconds
[2024-08-28T02:43:36.720+0000] {processor.py:161} INFO - Started process (PID=633) to work on /home/airflow/.local/lib/python3.12/site-packages/airflow/example_dags/example_branch_labels.py
[2024-08-28T02:43:36.723+0000] {processor.py:830} INFO - Processing file /home/airflow/.local/lib/python3.12/site-packages/airflow/example_dags/example_branch_labels.py for tasks to queue
[2024-08-28T02:43:36.727+0000] {logging_mixin.py:188} INFO - [2024-08-28T02:43:36.726+0000] {dagbag.py:545} INFO - Filling up the DagBag from /home/airflow/.local/lib/python3.12/site-packages/airflow/example_dags/example_branch_labels.py
[2024-08-28T02:43:36.749+0000] {processor.py:840} INFO - DAG(s) 'example_branch_labels' retrieved from /home/airflow/.local/lib/python3.12/site-packages/airflow/example_dags/example_branch_labels.py
[2024-08-28T02:43:36.851+0000] {logging_mixin.py:188} INFO - [2024-08-28T02:43:36.850+0000] {dag.py:3089} INFO - Sync 1 DAGs
[2024-08-28T02:43:36.974+0000] {logging_mixin.py:188} INFO - [2024-08-28T02:43:36.973+0000] {dag.py:3947} INFO - Setting next_dagrun for example_branch_labels to 2024-08-27 00:00:00+00:00, run_after=2024-08-28 00:00:00+00:00
[2024-08-28T02:43:37.048+0000] {processor.py:183} INFO - Processing /home/airflow/.local/lib/python3.12/site-packages/airflow/example_dags/example_branch_labels.py took 0.342 seconds
[2024-08-28T02:44:10.837+0000] {processor.py:161} INFO - Started process (PID=695) to work on /home/airflow/.local/lib/python3.12/site-packages/airflow/example_dags/example_branch_labels.py
[2024-08-28T02:44:10.870+0000] {processor.py:830} INFO - Processing file /home/airflow/.local/lib/python3.12/site-packages/airflow/example_dags/example_branch_labels.py for tasks to queue
[2024-08-28T02:44:10.903+0000] {logging_mixin.py:188} INFO - [2024-08-28T02:44:10.902+0000] {dagbag.py:545} INFO - Filling up the DagBag from /home/airflow/.local/lib/python3.12/site-packages/airflow/example_dags/example_branch_labels.py
[2024-08-28T02:44:11.016+0000] {processor.py:840} INFO - DAG(s) 'example_branch_labels' retrieved from /home/airflow/.local/lib/python3.12/site-packages/airflow/example_dags/example_branch_labels.py
[2024-08-28T02:44:11.274+0000] {logging_mixin.py:188} INFO - [2024-08-28T02:44:11.274+0000] {dag.py:3089} INFO - Sync 1 DAGs
[2024-08-28T02:44:11.498+0000] {logging_mixin.py:188} INFO - [2024-08-28T02:44:11.497+0000] {dag.py:3947} INFO - Setting next_dagrun for example_branch_labels to 2024-08-27 00:00:00+00:00, run_after=2024-08-28 00:00:00+00:00
[2024-08-28T02:44:11.763+0000] {processor.py:183} INFO - Processing /home/airflow/.local/lib/python3.12/site-packages/airflow/example_dags/example_branch_labels.py took 1.006 seconds
[2024-08-28T02:53:53.996+0000] {processor.py:161} INFO - Started process (PID=134) to work on /home/airflow/.local/lib/python3.12/site-packages/airflow/example_dags/example_branch_labels.py
[2024-08-28T02:53:54.058+0000] {processor.py:830} INFO - Processing file /home/airflow/.local/lib/python3.12/site-packages/airflow/example_dags/example_branch_labels.py for tasks to queue
[2024-08-28T02:53:54.134+0000] {logging_mixin.py:188} INFO - [2024-08-28T02:53:54.133+0000] {dagbag.py:545} INFO - Filling up the DagBag from /home/airflow/.local/lib/python3.12/site-packages/airflow/example_dags/example_branch_labels.py
[2024-08-28T02:53:54.346+0000] {processor.py:840} INFO - DAG(s) 'example_branch_labels' retrieved from /home/airflow/.local/lib/python3.12/site-packages/airflow/example_dags/example_branch_labels.py
[2024-08-28T02:53:54.816+0000] {logging_mixin.py:188} INFO - [2024-08-28T02:53:54.815+0000] {dag.py:3089} INFO - Sync 1 DAGs
[2024-08-28T02:53:55.681+0000] {logging_mixin.py:188} INFO - [2024-08-28T02:53:55.681+0000] {dag.py:3947} INFO - Setting next_dagrun for example_branch_labels to 2024-08-27 00:00:00+00:00, run_after=2024-08-28 00:00:00+00:00
[2024-08-28T02:53:56.526+0000] {processor.py:183} INFO - Processing /home/airflow/.local/lib/python3.12/site-packages/airflow/example_dags/example_branch_labels.py took 2.740 seconds
[2024-08-28T02:54:39.670+0000] {processor.py:161} INFO - Started process (PID=197) to work on /home/airflow/.local/lib/python3.12/site-packages/airflow/example_dags/example_branch_labels.py
[2024-08-28T02:54:39.681+0000] {processor.py:830} INFO - Processing file /home/airflow/.local/lib/python3.12/site-packages/airflow/example_dags/example_branch_labels.py for tasks to queue
[2024-08-28T02:54:39.706+0000] {logging_mixin.py:188} INFO - [2024-08-28T02:54:39.705+0000] {dagbag.py:545} INFO - Filling up the DagBag from /home/airflow/.local/lib/python3.12/site-packages/airflow/example_dags/example_branch_labels.py
[2024-08-28T02:54:39.733+0000] {processor.py:840} INFO - DAG(s) 'example_branch_labels' retrieved from /home/airflow/.local/lib/python3.12/site-packages/airflow/example_dags/example_branch_labels.py
[2024-08-28T02:54:39.887+0000] {logging_mixin.py:188} INFO - [2024-08-28T02:54:39.886+0000] {dag.py:3089} INFO - Sync 1 DAGs
[2024-08-28T02:54:40.032+0000] {logging_mixin.py:188} INFO - [2024-08-28T02:54:40.031+0000] {dag.py:3947} INFO - Setting next_dagrun for example_branch_labels to 2024-08-27 00:00:00+00:00, run_after=2024-08-28 00:00:00+00:00
[2024-08-28T02:54:40.167+0000] {processor.py:183} INFO - Processing /home/airflow/.local/lib/python3.12/site-packages/airflow/example_dags/example_branch_labels.py took 0.537 seconds
[2024-08-28T02:59:25.747+0000] {processor.py:161} INFO - Started process (PID=98) to work on /home/airflow/.local/lib/python3.12/site-packages/airflow/example_dags/example_branch_labels.py
[2024-08-28T02:59:25.750+0000] {processor.py:830} INFO - Processing file /home/airflow/.local/lib/python3.12/site-packages/airflow/example_dags/example_branch_labels.py for tasks to queue
[2024-08-28T02:59:25.755+0000] {logging_mixin.py:188} INFO - [2024-08-28T02:59:25.754+0000] {dagbag.py:545} INFO - Filling up the DagBag from /home/airflow/.local/lib/python3.12/site-packages/airflow/example_dags/example_branch_labels.py
[2024-08-28T02:59:25.773+0000] {processor.py:840} INFO - DAG(s) 'example_branch_labels' retrieved from /home/airflow/.local/lib/python3.12/site-packages/airflow/example_dags/example_branch_labels.py
[2024-08-28T02:59:26.196+0000] {logging_mixin.py:188} INFO - [2024-08-28T02:59:26.193+0000] {dag.py:3089} INFO - Sync 1 DAGs
[2024-08-28T02:59:26.329+0000] {logging_mixin.py:188} INFO - [2024-08-28T02:59:26.328+0000] {dag.py:3947} INFO - Setting next_dagrun for example_branch_labels to 2024-08-27 00:00:00+00:00, run_after=2024-08-28 00:00:00+00:00
[2024-08-28T02:59:26.418+0000] {processor.py:183} INFO - Processing /home/airflow/.local/lib/python3.12/site-packages/airflow/example_dags/example_branch_labels.py took 0.685 seconds
[2024-08-28T03:59:05.224+0000] {processor.py:161} INFO - Started process (PID=134) to work on /home/airflow/.local/lib/python3.12/site-packages/airflow/example_dags/example_branch_labels.py
[2024-08-28T03:59:05.678+0000] {processor.py:830} INFO - Processing file /home/airflow/.local/lib/python3.12/site-packages/airflow/example_dags/example_branch_labels.py for tasks to queue
[2024-08-28T03:59:06.649+0000] {logging_mixin.py:188} INFO - [2024-08-28T03:59:06.647+0000] {dagbag.py:545} INFO - Filling up the DagBag from /home/airflow/.local/lib/python3.12/site-packages/airflow/example_dags/example_branch_labels.py
[2024-08-28T03:59:07.488+0000] {processor.py:840} INFO - DAG(s) 'example_branch_labels' retrieved from /home/airflow/.local/lib/python3.12/site-packages/airflow/example_dags/example_branch_labels.py
[2024-08-28T03:59:15.614+0000] {logging_mixin.py:188} INFO - [2024-08-28T03:59:15.600+0000] {dag.py:3089} INFO - Sync 1 DAGs
[2024-08-28T03:59:16.892+0000] {logging_mixin.py:188} INFO - [2024-08-28T03:59:16.890+0000] {dag.py:3947} INFO - Setting next_dagrun for example_branch_labels to 2024-08-27 00:00:00+00:00, run_after=2024-08-28 00:00:00+00:00
[2024-08-28T03:59:18.260+0000] {processor.py:183} INFO - Processing /home/airflow/.local/lib/python3.12/site-packages/airflow/example_dags/example_branch_labels.py took 14.079 seconds
[2024-08-28T04:05:42.854+0000] {processor.py:161} INFO - Started process (PID=243) to work on /home/airflow/.local/lib/python3.12/site-packages/airflow/example_dags/example_branch_labels.py
[2024-08-28T04:05:42.862+0000] {processor.py:830} INFO - Processing file /home/airflow/.local/lib/python3.12/site-packages/airflow/example_dags/example_branch_labels.py for tasks to queue
[2024-08-28T04:05:42.866+0000] {logging_mixin.py:188} INFO - [2024-08-28T04:05:42.865+0000] {dagbag.py:545} INFO - Filling up the DagBag from /home/airflow/.local/lib/python3.12/site-packages/airflow/example_dags/example_branch_labels.py
[2024-08-28T04:05:42.917+0000] {processor.py:840} INFO - DAG(s) 'example_branch_labels' retrieved from /home/airflow/.local/lib/python3.12/site-packages/airflow/example_dags/example_branch_labels.py
[2024-08-28T04:05:43.059+0000] {logging_mixin.py:188} INFO - [2024-08-28T04:05:43.058+0000] {dag.py:3089} INFO - Sync 1 DAGs
[2024-08-28T04:05:43.208+0000] {logging_mixin.py:188} INFO - [2024-08-28T04:05:43.207+0000] {dag.py:3947} INFO - Setting next_dagrun for example_branch_labels to 2024-08-27 00:00:00+00:00, run_after=2024-08-28 00:00:00+00:00
[2024-08-28T04:05:43.407+0000] {processor.py:183} INFO - Processing /home/airflow/.local/lib/python3.12/site-packages/airflow/example_dags/example_branch_labels.py took 0.573 seconds
[2024-08-28T04:06:16.050+0000] {processor.py:161} INFO - Started process (PID=300) to work on /home/airflow/.local/lib/python3.12/site-packages/airflow/example_dags/example_branch_labels.py
[2024-08-28T04:06:16.054+0000] {processor.py:830} INFO - Processing file /home/airflow/.local/lib/python3.12/site-packages/airflow/example_dags/example_branch_labels.py for tasks to queue
[2024-08-28T04:06:16.058+0000] {logging_mixin.py:188} INFO - [2024-08-28T04:06:16.057+0000] {dagbag.py:545} INFO - Filling up the DagBag from /home/airflow/.local/lib/python3.12/site-packages/airflow/example_dags/example_branch_labels.py
[2024-08-28T04:06:16.116+0000] {processor.py:840} INFO - DAG(s) 'example_branch_labels' retrieved from /home/airflow/.local/lib/python3.12/site-packages/airflow/example_dags/example_branch_labels.py
[2024-08-28T04:06:16.338+0000] {logging_mixin.py:188} INFO - [2024-08-28T04:06:16.330+0000] {dag.py:3089} INFO - Sync 1 DAGs
[2024-08-28T04:06:16.472+0000] {logging_mixin.py:188} INFO - [2024-08-28T04:06:16.469+0000] {dag.py:3947} INFO - Setting next_dagrun for example_branch_labels to 2024-08-27 00:00:00+00:00, run_after=2024-08-28 00:00:00+00:00
[2024-08-28T04:06:16.623+0000] {processor.py:183} INFO - Processing /home/airflow/.local/lib/python3.12/site-packages/airflow/example_dags/example_branch_labels.py took 0.601 seconds
[2024-08-28T04:07:22.796+0000] {processor.py:161} INFO - Started process (PID=366) to work on /home/airflow/.local/lib/python3.12/site-packages/airflow/example_dags/example_branch_labels.py
[2024-08-28T04:07:22.821+0000] {processor.py:830} INFO - Processing file /home/airflow/.local/lib/python3.12/site-packages/airflow/example_dags/example_branch_labels.py for tasks to queue
[2024-08-28T04:07:22.870+0000] {logging_mixin.py:188} INFO - [2024-08-28T04:07:22.869+0000] {dagbag.py:545} INFO - Filling up the DagBag from /home/airflow/.local/lib/python3.12/site-packages/airflow/example_dags/example_branch_labels.py
[2024-08-28T04:07:22.969+0000] {processor.py:840} INFO - DAG(s) 'example_branch_labels' retrieved from /home/airflow/.local/lib/python3.12/site-packages/airflow/example_dags/example_branch_labels.py
[2024-08-28T04:07:23.238+0000] {logging_mixin.py:188} INFO - [2024-08-28T04:07:23.237+0000] {dag.py:3089} INFO - Sync 1 DAGs
[2024-08-28T04:07:23.653+0000] {logging_mixin.py:188} INFO - [2024-08-28T04:07:23.652+0000] {dag.py:3947} INFO - Setting next_dagrun for example_branch_labels to 2024-08-27 00:00:00+00:00, run_after=2024-08-28 00:00:00+00:00
[2024-08-28T04:07:24.335+0000] {processor.py:183} INFO - Processing /home/airflow/.local/lib/python3.12/site-packages/airflow/example_dags/example_branch_labels.py took 1.820 seconds
[2024-08-28T04:09:21.737+0000] {processor.py:161} INFO - Started process (PID=433) to work on /home/airflow/.local/lib/python3.12/site-packages/airflow/example_dags/example_branch_labels.py
[2024-08-28T04:09:21.881+0000] {processor.py:830} INFO - Processing file /home/airflow/.local/lib/python3.12/site-packages/airflow/example_dags/example_branch_labels.py for tasks to queue
[2024-08-28T04:09:22.210+0000] {logging_mixin.py:188} INFO - [2024-08-28T04:09:22.209+0000] {dagbag.py:545} INFO - Filling up the DagBag from /home/airflow/.local/lib/python3.12/site-packages/airflow/example_dags/example_branch_labels.py
[2024-08-28T04:09:22.515+0000] {processor.py:840} INFO - DAG(s) 'example_branch_labels' retrieved from /home/airflow/.local/lib/python3.12/site-packages/airflow/example_dags/example_branch_labels.py
[2024-08-28T04:09:24.121+0000] {logging_mixin.py:188} INFO - [2024-08-28T04:09:24.109+0000] {dag.py:3089} INFO - Sync 1 DAGs
[2024-08-28T04:09:25.029+0000] {logging_mixin.py:188} INFO - [2024-08-28T04:09:25.028+0000] {dag.py:3947} INFO - Setting next_dagrun for example_branch_labels to 2024-08-27 00:00:00+00:00, run_after=2024-08-28 00:00:00+00:00
[2024-08-28T04:09:26.175+0000] {processor.py:183} INFO - Processing /home/airflow/.local/lib/python3.12/site-packages/airflow/example_dags/example_branch_labels.py took 4.711 seconds
[2024-08-28T04:11:24.978+0000] {processor.py:161} INFO - Started process (PID=480) to work on /home/airflow/.local/lib/python3.12/site-packages/airflow/example_dags/example_branch_labels.py
[2024-08-28T04:11:25.295+0000] {processor.py:830} INFO - Processing file /home/airflow/.local/lib/python3.12/site-packages/airflow/example_dags/example_branch_labels.py for tasks to queue
[2024-08-28T04:11:25.501+0000] {logging_mixin.py:188} INFO - [2024-08-28T04:11:25.500+0000] {dagbag.py:545} INFO - Filling up the DagBag from /home/airflow/.local/lib/python3.12/site-packages/airflow/example_dags/example_branch_labels.py
[2024-08-28T04:11:25.913+0000] {processor.py:840} INFO - DAG(s) 'example_branch_labels' retrieved from /home/airflow/.local/lib/python3.12/site-packages/airflow/example_dags/example_branch_labels.py
[2024-08-28T04:11:27.093+0000] {logging_mixin.py:188} INFO - [2024-08-28T04:11:27.082+0000] {dag.py:3089} INFO - Sync 1 DAGs
[2024-08-28T04:11:30.649+0000] {logging_mixin.py:188} INFO - [2024-08-28T04:11:30.649+0000] {dag.py:3947} INFO - Setting next_dagrun for example_branch_labels to 2024-08-27 00:00:00+00:00, run_after=2024-08-28 00:00:00+00:00
[2024-08-28T04:11:31.797+0000] {processor.py:183} INFO - Processing /home/airflow/.local/lib/python3.12/site-packages/airflow/example_dags/example_branch_labels.py took 8.006 seconds
[2024-08-28T04:13:39.807+0000] {processor.py:161} INFO - Started process (PID=554) to work on /home/airflow/.local/lib/python3.12/site-packages/airflow/example_dags/example_branch_labels.py
[2024-08-28T04:13:39.845+0000] {processor.py:830} INFO - Processing file /home/airflow/.local/lib/python3.12/site-packages/airflow/example_dags/example_branch_labels.py for tasks to queue
[2024-08-28T04:13:39.861+0000] {logging_mixin.py:188} INFO - [2024-08-28T04:13:39.859+0000] {dagbag.py:545} INFO - Filling up the DagBag from /home/airflow/.local/lib/python3.12/site-packages/airflow/example_dags/example_branch_labels.py
[2024-08-28T04:13:40.558+0000] {processor.py:840} INFO - DAG(s) 'example_branch_labels' retrieved from /home/airflow/.local/lib/python3.12/site-packages/airflow/example_dags/example_branch_labels.py
[2024-08-28T04:13:41.632+0000] {logging_mixin.py:188} INFO - [2024-08-28T04:13:41.631+0000] {dag.py:3089} INFO - Sync 1 DAGs
[2024-08-28T04:13:43.200+0000] {logging_mixin.py:188} INFO - [2024-08-28T04:13:43.199+0000] {dag.py:3947} INFO - Setting next_dagrun for example_branch_labels to 2024-08-27 00:00:00+00:00, run_after=2024-08-28 00:00:00+00:00
[2024-08-28T04:13:44.156+0000] {processor.py:183} INFO - Processing /home/airflow/.local/lib/python3.12/site-packages/airflow/example_dags/example_branch_labels.py took 4.624 seconds
[2024-08-28T04:15:14.908+0000] {processor.py:161} INFO - Started process (PID=608) to work on /home/airflow/.local/lib/python3.12/site-packages/airflow/example_dags/example_branch_labels.py
[2024-08-28T04:15:14.970+0000] {processor.py:830} INFO - Processing file /home/airflow/.local/lib/python3.12/site-packages/airflow/example_dags/example_branch_labels.py for tasks to queue
[2024-08-28T04:15:14.991+0000] {logging_mixin.py:188} INFO - [2024-08-28T04:15:14.990+0000] {dagbag.py:545} INFO - Filling up the DagBag from /home/airflow/.local/lib/python3.12/site-packages/airflow/example_dags/example_branch_labels.py
[2024-08-28T04:15:15.887+0000] {processor.py:840} INFO - DAG(s) 'example_branch_labels' retrieved from /home/airflow/.local/lib/python3.12/site-packages/airflow/example_dags/example_branch_labels.py
[2024-08-28T04:15:16.640+0000] {logging_mixin.py:188} INFO - [2024-08-28T04:15:16.639+0000] {dag.py:3089} INFO - Sync 1 DAGs
[2024-08-28T04:15:19.309+0000] {logging_mixin.py:188} INFO - [2024-08-28T04:15:19.309+0000] {dag.py:3947} INFO - Setting next_dagrun for example_branch_labels to 2024-08-27 00:00:00+00:00, run_after=2024-08-28 00:00:00+00:00
[2024-08-28T04:15:20.075+0000] {processor.py:183} INFO - Processing /home/airflow/.local/lib/python3.12/site-packages/airflow/example_dags/example_branch_labels.py took 5.314 seconds
[2024-08-28T04:17:09.595+0000] {processor.py:161} INFO - Started process (PID=668) to work on /home/airflow/.local/lib/python3.12/site-packages/airflow/example_dags/example_branch_labels.py
[2024-08-28T04:17:09.767+0000] {processor.py:830} INFO - Processing file /home/airflow/.local/lib/python3.12/site-packages/airflow/example_dags/example_branch_labels.py for tasks to queue
[2024-08-28T04:17:10.028+0000] {logging_mixin.py:188} INFO - [2024-08-28T04:17:10.999+0000] {dagbag.py:545} INFO - Filling up the DagBag from /home/airflow/.local/lib/python3.12/site-packages/airflow/example_dags/example_branch_labels.py
[2024-08-28T04:17:10.329+0000] {processor.py:840} INFO - DAG(s) 'example_branch_labels' retrieved from /home/airflow/.local/lib/python3.12/site-packages/airflow/example_dags/example_branch_labels.py
[2024-08-28T04:17:16.129+0000] {logging_mixin.py:188} INFO - [2024-08-28T04:17:16.098+0000] {dag.py:3089} INFO - Sync 1 DAGs
[2024-08-28T04:17:16.917+0000] {logging_mixin.py:188} INFO - [2024-08-28T04:17:16.916+0000] {dag.py:3947} INFO - Setting next_dagrun for example_branch_labels to 2024-08-27 00:00:00+00:00, run_after=2024-08-28 00:00:00+00:00
[2024-08-28T04:17:17.379+0000] {processor.py:183} INFO - Processing /home/airflow/.local/lib/python3.12/site-packages/airflow/example_dags/example_branch_labels.py took 7.947 seconds
