[2024-08-28T02:38:14.833+0000] {processor.py:161} INFO - Started process (PID=133) to work on /home/airflow/.local/lib/python3.12/site-packages/airflow/example_dags/example_python_decorator.py
[2024-08-28T02:38:14.847+0000] {processor.py:830} INFO - Processing file /home/airflow/.local/lib/python3.12/site-packages/airflow/example_dags/example_python_decorator.py for tasks to queue
[2024-08-28T02:38:14.888+0000] {logging_mixin.py:188} INFO - [2024-08-28T02:38:14.887+0000] {dagbag.py:545} INFO - Filling up the DagBag from /home/airflow/.local/lib/python3.12/site-packages/airflow/example_dags/example_python_decorator.py
[2024-08-28T02:38:15.123+0000] {processor.py:840} INFO - DAG(s) 'example_python_decorator' retrieved from /home/airflow/.local/lib/python3.12/site-packages/airflow/example_dags/example_python_decorator.py
[2024-08-28T02:38:16.694+0000] {logging_mixin.py:188} INFO - [2024-08-28T02:38:16.670+0000] {override.py:1858} INFO - Created Permission View: can edit on DAG:example_python_decorator
[2024-08-28T02:38:16.842+0000] {logging_mixin.py:188} INFO - [2024-08-28T02:38:16.841+0000] {override.py:1858} INFO - Created Permission View: can delete on DAG:example_python_decorator
[2024-08-28T02:38:17.001+0000] {logging_mixin.py:188} INFO - [2024-08-28T02:38:17.000+0000] {override.py:1858} INFO - Created Permission View: can read on DAG:example_python_decorator
[2024-08-28T02:38:17.003+0000] {logging_mixin.py:188} INFO - [2024-08-28T02:38:17.002+0000] {dag.py:3089} INFO - Sync 1 DAGs
[2024-08-28T02:38:17.065+0000] {logging_mixin.py:188} INFO - [2024-08-28T02:38:17.065+0000] {dag.py:3111} INFO - Creating ORM DAG for example_python_decorator
[2024-08-28T02:38:17.069+0000] {logging_mixin.py:188} INFO - [2024-08-28T02:38:17.069+0000] {dag.py:3947} INFO - Setting next_dagrun for example_python_decorator to None, run_after=None
[2024-08-28T02:38:17.169+0000] {processor.py:183} INFO - Processing /home/airflow/.local/lib/python3.12/site-packages/airflow/example_dags/example_python_decorator.py took 2.519 seconds
[2024-08-28T02:38:47.745+0000] {processor.py:161} INFO - Started process (PID=192) to work on /home/airflow/.local/lib/python3.12/site-packages/airflow/example_dags/example_python_decorator.py
[2024-08-28T02:38:47.752+0000] {processor.py:830} INFO - Processing file /home/airflow/.local/lib/python3.12/site-packages/airflow/example_dags/example_python_decorator.py for tasks to queue
[2024-08-28T02:38:47.756+0000] {logging_mixin.py:188} INFO - [2024-08-28T02:38:47.756+0000] {dagbag.py:545} INFO - Filling up the DagBag from /home/airflow/.local/lib/python3.12/site-packages/airflow/example_dags/example_python_decorator.py
[2024-08-28T02:38:47.801+0000] {processor.py:840} INFO - DAG(s) 'example_python_decorator' retrieved from /home/airflow/.local/lib/python3.12/site-packages/airflow/example_dags/example_python_decorator.py
[2024-08-28T02:38:47.862+0000] {logging_mixin.py:188} INFO - [2024-08-28T02:38:47.862+0000] {dag.py:3089} INFO - Sync 1 DAGs
[2024-08-28T02:38:47.899+0000] {logging_mixin.py:188} INFO - [2024-08-28T02:38:47.899+0000] {dag.py:3947} INFO - Setting next_dagrun for example_python_decorator to None, run_after=None
[2024-08-28T02:38:47.947+0000] {processor.py:183} INFO - Processing /home/airflow/.local/lib/python3.12/site-packages/airflow/example_dags/example_python_decorator.py took 0.215 seconds
[2024-08-28T02:39:19.593+0000] {processor.py:161} INFO - Started process (PID=250) to work on /home/airflow/.local/lib/python3.12/site-packages/airflow/example_dags/example_python_decorator.py
[2024-08-28T02:39:19.595+0000] {processor.py:830} INFO - Processing file /home/airflow/.local/lib/python3.12/site-packages/airflow/example_dags/example_python_decorator.py for tasks to queue
[2024-08-28T02:39:19.599+0000] {logging_mixin.py:188} INFO - [2024-08-28T02:39:19.598+0000] {dagbag.py:545} INFO - Filling up the DagBag from /home/airflow/.local/lib/python3.12/site-packages/airflow/example_dags/example_python_decorator.py
[2024-08-28T02:39:19.633+0000] {processor.py:840} INFO - DAG(s) 'example_python_decorator' retrieved from /home/airflow/.local/lib/python3.12/site-packages/airflow/example_dags/example_python_decorator.py
[2024-08-28T02:39:19.694+0000] {logging_mixin.py:188} INFO - [2024-08-28T02:39:19.693+0000] {dag.py:3089} INFO - Sync 1 DAGs
[2024-08-28T02:39:19.731+0000] {logging_mixin.py:188} INFO - [2024-08-28T02:39:19.730+0000] {dag.py:3947} INFO - Setting next_dagrun for example_python_decorator to None, run_after=None
[2024-08-28T02:39:20.197+0000] {processor.py:183} INFO - Processing /home/airflow/.local/lib/python3.12/site-packages/airflow/example_dags/example_python_decorator.py took 0.623 seconds
[2024-08-28T02:39:50.317+0000] {processor.py:161} INFO - Started process (PID=308) to work on /home/airflow/.local/lib/python3.12/site-packages/airflow/example_dags/example_python_decorator.py
[2024-08-28T02:39:50.320+0000] {processor.py:830} INFO - Processing file /home/airflow/.local/lib/python3.12/site-packages/airflow/example_dags/example_python_decorator.py for tasks to queue
[2024-08-28T02:39:50.323+0000] {logging_mixin.py:188} INFO - [2024-08-28T02:39:50.322+0000] {dagbag.py:545} INFO - Filling up the DagBag from /home/airflow/.local/lib/python3.12/site-packages/airflow/example_dags/example_python_decorator.py
[2024-08-28T02:39:50.356+0000] {processor.py:840} INFO - DAG(s) 'example_python_decorator' retrieved from /home/airflow/.local/lib/python3.12/site-packages/airflow/example_dags/example_python_decorator.py
[2024-08-28T02:39:50.405+0000] {logging_mixin.py:188} INFO - [2024-08-28T02:39:50.405+0000] {dag.py:3089} INFO - Sync 1 DAGs
[2024-08-28T02:39:50.441+0000] {logging_mixin.py:188} INFO - [2024-08-28T02:39:50.441+0000] {dag.py:3947} INFO - Setting next_dagrun for example_python_decorator to None, run_after=None
[2024-08-28T02:39:50.481+0000] {processor.py:183} INFO - Processing /home/airflow/.local/lib/python3.12/site-packages/airflow/example_dags/example_python_decorator.py took 0.176 seconds
[2024-08-28T02:40:30.052+0000] {processor.py:161} INFO - Started process (PID=364) to work on /home/airflow/.local/lib/python3.12/site-packages/airflow/example_dags/example_python_decorator.py
[2024-08-28T02:40:30.055+0000] {processor.py:830} INFO - Processing file /home/airflow/.local/lib/python3.12/site-packages/airflow/example_dags/example_python_decorator.py for tasks to queue
[2024-08-28T02:40:30.058+0000] {logging_mixin.py:188} INFO - [2024-08-28T02:40:30.058+0000] {dagbag.py:545} INFO - Filling up the DagBag from /home/airflow/.local/lib/python3.12/site-packages/airflow/example_dags/example_python_decorator.py
[2024-08-28T02:40:30.088+0000] {processor.py:840} INFO - DAG(s) 'example_python_decorator' retrieved from /home/airflow/.local/lib/python3.12/site-packages/airflow/example_dags/example_python_decorator.py
[2024-08-28T02:40:30.152+0000] {logging_mixin.py:188} INFO - [2024-08-28T02:40:30.151+0000] {dag.py:3089} INFO - Sync 1 DAGs
[2024-08-28T02:40:30.186+0000] {logging_mixin.py:188} INFO - [2024-08-28T02:40:30.185+0000] {dag.py:3947} INFO - Setting next_dagrun for example_python_decorator to None, run_after=None
[2024-08-28T02:40:30.246+0000] {processor.py:183} INFO - Processing /home/airflow/.local/lib/python3.12/site-packages/airflow/example_dags/example_python_decorator.py took 0.208 seconds
[2024-08-28T02:41:50.412+0000] {processor.py:161} INFO - Started process (PID=432) to work on /home/airflow/.local/lib/python3.12/site-packages/airflow/example_dags/example_python_decorator.py
[2024-08-28T02:41:50.415+0000] {processor.py:830} INFO - Processing file /home/airflow/.local/lib/python3.12/site-packages/airflow/example_dags/example_python_decorator.py for tasks to queue
[2024-08-28T02:41:50.451+0000] {logging_mixin.py:188} INFO - [2024-08-28T02:41:50.439+0000] {dagbag.py:545} INFO - Filling up the DagBag from /home/airflow/.local/lib/python3.12/site-packages/airflow/example_dags/example_python_decorator.py
[2024-08-28T02:41:50.623+0000] {processor.py:840} INFO - DAG(s) 'example_python_decorator' retrieved from /home/airflow/.local/lib/python3.12/site-packages/airflow/example_dags/example_python_decorator.py
[2024-08-28T02:41:50.884+0000] {logging_mixin.py:188} INFO - [2024-08-28T02:41:50.882+0000] {dag.py:3089} INFO - Sync 1 DAGs
[2024-08-28T02:41:51.062+0000] {logging_mixin.py:188} INFO - [2024-08-28T02:41:51.050+0000] {dag.py:3947} INFO - Setting next_dagrun for example_python_decorator to None, run_after=None
[2024-08-28T02:41:51.826+0000] {processor.py:183} INFO - Processing /home/airflow/.local/lib/python3.12/site-packages/airflow/example_dags/example_python_decorator.py took 1.522 seconds
[2024-08-28T02:42:22.307+0000] {processor.py:161} INFO - Started process (PID=490) to work on /home/airflow/.local/lib/python3.12/site-packages/airflow/example_dags/example_python_decorator.py
[2024-08-28T02:42:22.311+0000] {processor.py:830} INFO - Processing file /home/airflow/.local/lib/python3.12/site-packages/airflow/example_dags/example_python_decorator.py for tasks to queue
[2024-08-28T02:42:22.315+0000] {logging_mixin.py:188} INFO - [2024-08-28T02:42:22.314+0000] {dagbag.py:545} INFO - Filling up the DagBag from /home/airflow/.local/lib/python3.12/site-packages/airflow/example_dags/example_python_decorator.py
[2024-08-28T02:42:22.339+0000] {processor.py:840} INFO - DAG(s) 'example_python_decorator' retrieved from /home/airflow/.local/lib/python3.12/site-packages/airflow/example_dags/example_python_decorator.py
[2024-08-28T02:42:22.414+0000] {logging_mixin.py:188} INFO - [2024-08-28T02:42:22.413+0000] {dag.py:3089} INFO - Sync 1 DAGs
[2024-08-28T02:42:22.459+0000] {logging_mixin.py:188} INFO - [2024-08-28T02:42:22.458+0000] {dag.py:3947} INFO - Setting next_dagrun for example_python_decorator to None, run_after=None
[2024-08-28T02:42:22.523+0000] {processor.py:183} INFO - Processing /home/airflow/.local/lib/python3.12/site-packages/airflow/example_dags/example_python_decorator.py took 0.224 seconds
[2024-08-28T02:42:52.948+0000] {processor.py:161} INFO - Started process (PID=548) to work on /home/airflow/.local/lib/python3.12/site-packages/airflow/example_dags/example_python_decorator.py
[2024-08-28T02:42:52.950+0000] {processor.py:830} INFO - Processing file /home/airflow/.local/lib/python3.12/site-packages/airflow/example_dags/example_python_decorator.py for tasks to queue
[2024-08-28T02:42:52.954+0000] {logging_mixin.py:188} INFO - [2024-08-28T02:42:52.954+0000] {dagbag.py:545} INFO - Filling up the DagBag from /home/airflow/.local/lib/python3.12/site-packages/airflow/example_dags/example_python_decorator.py
[2024-08-28T02:42:53.000+0000] {processor.py:840} INFO - DAG(s) 'example_python_decorator' retrieved from /home/airflow/.local/lib/python3.12/site-packages/airflow/example_dags/example_python_decorator.py
[2024-08-28T02:42:53.085+0000] {logging_mixin.py:188} INFO - [2024-08-28T02:42:53.084+0000] {dag.py:3089} INFO - Sync 1 DAGs
[2024-08-28T02:42:53.125+0000] {logging_mixin.py:188} INFO - [2024-08-28T02:42:53.124+0000] {dag.py:3947} INFO - Setting next_dagrun for example_python_decorator to None, run_after=None
[2024-08-28T02:42:53.208+0000] {processor.py:183} INFO - Processing /home/airflow/.local/lib/python3.12/site-packages/airflow/example_dags/example_python_decorator.py took 0.290 seconds
[2024-08-28T02:43:24.116+0000] {processor.py:161} INFO - Started process (PID=606) to work on /home/airflow/.local/lib/python3.12/site-packages/airflow/example_dags/example_python_decorator.py
[2024-08-28T02:43:24.120+0000] {processor.py:830} INFO - Processing file /home/airflow/.local/lib/python3.12/site-packages/airflow/example_dags/example_python_decorator.py for tasks to queue
[2024-08-28T02:43:24.124+0000] {logging_mixin.py:188} INFO - [2024-08-28T02:43:24.123+0000] {dagbag.py:545} INFO - Filling up the DagBag from /home/airflow/.local/lib/python3.12/site-packages/airflow/example_dags/example_python_decorator.py
[2024-08-28T02:43:24.155+0000] {processor.py:840} INFO - DAG(s) 'example_python_decorator' retrieved from /home/airflow/.local/lib/python3.12/site-packages/airflow/example_dags/example_python_decorator.py
[2024-08-28T02:43:24.203+0000] {logging_mixin.py:188} INFO - [2024-08-28T02:43:24.203+0000] {dag.py:3089} INFO - Sync 1 DAGs
[2024-08-28T02:43:24.238+0000] {logging_mixin.py:188} INFO - [2024-08-28T02:43:24.237+0000] {dag.py:3947} INFO - Setting next_dagrun for example_python_decorator to None, run_after=None
[2024-08-28T02:43:24.306+0000] {processor.py:183} INFO - Processing /home/airflow/.local/lib/python3.12/site-packages/airflow/example_dags/example_python_decorator.py took 0.202 seconds
[2024-08-28T02:43:54.648+0000] {processor.py:161} INFO - Started process (PID=663) to work on /home/airflow/.local/lib/python3.12/site-packages/airflow/example_dags/example_python_decorator.py
[2024-08-28T02:43:54.650+0000] {processor.py:830} INFO - Processing file /home/airflow/.local/lib/python3.12/site-packages/airflow/example_dags/example_python_decorator.py for tasks to queue
[2024-08-28T02:43:54.653+0000] {logging_mixin.py:188} INFO - [2024-08-28T02:43:54.653+0000] {dagbag.py:545} INFO - Filling up the DagBag from /home/airflow/.local/lib/python3.12/site-packages/airflow/example_dags/example_python_decorator.py
[2024-08-28T02:43:54.690+0000] {processor.py:840} INFO - DAG(s) 'example_python_decorator' retrieved from /home/airflow/.local/lib/python3.12/site-packages/airflow/example_dags/example_python_decorator.py
[2024-08-28T02:43:54.747+0000] {logging_mixin.py:188} INFO - [2024-08-28T02:43:54.747+0000] {dag.py:3089} INFO - Sync 1 DAGs
[2024-08-28T02:43:54.800+0000] {logging_mixin.py:188} INFO - [2024-08-28T02:43:54.799+0000] {dag.py:3947} INFO - Setting next_dagrun for example_python_decorator to None, run_after=None
[2024-08-28T02:43:54.937+0000] {processor.py:183} INFO - Processing /home/airflow/.local/lib/python3.12/site-packages/airflow/example_dags/example_python_decorator.py took 0.317 seconds
[2024-08-28T02:54:22.469+0000] {processor.py:161} INFO - Started process (PID=164) to work on /home/airflow/.local/lib/python3.12/site-packages/airflow/example_dags/example_python_decorator.py
[2024-08-28T02:54:22.484+0000] {processor.py:830} INFO - Processing file /home/airflow/.local/lib/python3.12/site-packages/airflow/example_dags/example_python_decorator.py for tasks to queue
[2024-08-28T02:54:22.490+0000] {logging_mixin.py:188} INFO - [2024-08-28T02:54:22.488+0000] {dagbag.py:545} INFO - Filling up the DagBag from /home/airflow/.local/lib/python3.12/site-packages/airflow/example_dags/example_python_decorator.py
[2024-08-28T02:54:22.614+0000] {processor.py:840} INFO - DAG(s) 'example_python_decorator' retrieved from /home/airflow/.local/lib/python3.12/site-packages/airflow/example_dags/example_python_decorator.py
[2024-08-28T02:54:24.065+0000] {logging_mixin.py:188} INFO - [2024-08-28T02:54:24.064+0000] {dag.py:3089} INFO - Sync 1 DAGs
[2024-08-28T02:54:24.147+0000] {logging_mixin.py:188} INFO - [2024-08-28T02:54:24.146+0000] {dag.py:3947} INFO - Setting next_dagrun for example_python_decorator to None, run_after=None
[2024-08-28T02:54:24.345+0000] {processor.py:183} INFO - Processing /home/airflow/.local/lib/python3.12/site-packages/airflow/example_dags/example_python_decorator.py took 1.922 seconds
[2024-08-28T02:54:55.372+0000] {processor.py:161} INFO - Started process (PID=223) to work on /home/airflow/.local/lib/python3.12/site-packages/airflow/example_dags/example_python_decorator.py
[2024-08-28T02:54:55.385+0000] {processor.py:830} INFO - Processing file /home/airflow/.local/lib/python3.12/site-packages/airflow/example_dags/example_python_decorator.py for tasks to queue
[2024-08-28T02:54:55.396+0000] {logging_mixin.py:188} INFO - [2024-08-28T02:54:55.395+0000] {dagbag.py:545} INFO - Filling up the DagBag from /home/airflow/.local/lib/python3.12/site-packages/airflow/example_dags/example_python_decorator.py
[2024-08-28T02:54:55.477+0000] {processor.py:840} INFO - DAG(s) 'example_python_decorator' retrieved from /home/airflow/.local/lib/python3.12/site-packages/airflow/example_dags/example_python_decorator.py
[2024-08-28T02:54:55.583+0000] {logging_mixin.py:188} INFO - [2024-08-28T02:54:55.582+0000] {dag.py:3089} INFO - Sync 1 DAGs
[2024-08-28T02:54:55.635+0000] {logging_mixin.py:188} INFO - [2024-08-28T02:54:55.634+0000] {dag.py:3947} INFO - Setting next_dagrun for example_python_decorator to None, run_after=None
[2024-08-28T02:54:55.703+0000] {processor.py:183} INFO - Processing /home/airflow/.local/lib/python3.12/site-packages/airflow/example_dags/example_python_decorator.py took 0.353 seconds
[2024-08-28T02:59:41.443+0000] {processor.py:161} INFO - Started process (PID=121) to work on /home/airflow/.local/lib/python3.12/site-packages/airflow/example_dags/example_python_decorator.py
[2024-08-28T02:59:41.457+0000] {processor.py:830} INFO - Processing file /home/airflow/.local/lib/python3.12/site-packages/airflow/example_dags/example_python_decorator.py for tasks to queue
[2024-08-28T02:59:41.474+0000] {logging_mixin.py:188} INFO - [2024-08-28T02:59:41.473+0000] {dagbag.py:545} INFO - Filling up the DagBag from /home/airflow/.local/lib/python3.12/site-packages/airflow/example_dags/example_python_decorator.py
[2024-08-28T02:59:41.596+0000] {processor.py:840} INFO - DAG(s) 'example_python_decorator' retrieved from /home/airflow/.local/lib/python3.12/site-packages/airflow/example_dags/example_python_decorator.py
[2024-08-28T02:59:42.585+0000] {logging_mixin.py:188} INFO - [2024-08-28T02:59:42.584+0000] {dag.py:3089} INFO - Sync 1 DAGs
[2024-08-28T02:59:42.647+0000] {logging_mixin.py:188} INFO - [2024-08-28T02:59:42.646+0000] {dag.py:3947} INFO - Setting next_dagrun for example_python_decorator to None, run_after=None
[2024-08-28T02:59:42.755+0000] {processor.py:183} INFO - Processing /home/airflow/.local/lib/python3.12/site-packages/airflow/example_dags/example_python_decorator.py took 1.347 seconds
[2024-08-28T04:03:43.721+0000] {processor.py:161} INFO - Started process (PID=203) to work on /home/airflow/.local/lib/python3.12/site-packages/airflow/example_dags/example_python_decorator.py
[2024-08-28T04:03:43.738+0000] {processor.py:830} INFO - Processing file /home/airflow/.local/lib/python3.12/site-packages/airflow/example_dags/example_python_decorator.py for tasks to queue
[2024-08-28T04:03:43.757+0000] {logging_mixin.py:188} INFO - [2024-08-28T04:03:43.756+0000] {dagbag.py:545} INFO - Filling up the DagBag from /home/airflow/.local/lib/python3.12/site-packages/airflow/example_dags/example_python_decorator.py
[2024-08-28T04:03:46.507+0000] {processor.py:840} INFO - DAG(s) 'example_python_decorator' retrieved from /home/airflow/.local/lib/python3.12/site-packages/airflow/example_dags/example_python_decorator.py
[2024-08-28T04:05:55.140+0000] {processor.py:161} INFO - Started process (PID=266) to work on /home/airflow/.local/lib/python3.12/site-packages/airflow/example_dags/example_python_decorator.py
[2024-08-28T04:05:55.147+0000] {processor.py:830} INFO - Processing file /home/airflow/.local/lib/python3.12/site-packages/airflow/example_dags/example_python_decorator.py for tasks to queue
[2024-08-28T04:05:55.153+0000] {logging_mixin.py:188} INFO - [2024-08-28T04:05:55.152+0000] {dagbag.py:545} INFO - Filling up the DagBag from /home/airflow/.local/lib/python3.12/site-packages/airflow/example_dags/example_python_decorator.py
[2024-08-28T04:05:55.290+0000] {processor.py:840} INFO - DAG(s) 'example_python_decorator' retrieved from /home/airflow/.local/lib/python3.12/site-packages/airflow/example_dags/example_python_decorator.py
[2024-08-28T04:05:57.560+0000] {logging_mixin.py:188} INFO - [2024-08-28T04:05:57.560+0000] {dag.py:3089} INFO - Sync 1 DAGs
[2024-08-28T04:05:58.254+0000] {logging_mixin.py:188} INFO - [2024-08-28T04:05:58.239+0000] {dag.py:3947} INFO - Setting next_dagrun for example_python_decorator to None, run_after=None
[2024-08-28T04:05:59.000+0000] {processor.py:183} INFO - Processing /home/airflow/.local/lib/python3.12/site-packages/airflow/example_dags/example_python_decorator.py took 3.983 seconds
[2024-08-28T04:06:36.600+0000] {processor.py:161} INFO - Started process (PID=330) to work on /home/airflow/.local/lib/python3.12/site-packages/airflow/example_dags/example_python_decorator.py
[2024-08-28T04:06:36.792+0000] {processor.py:830} INFO - Processing file /home/airflow/.local/lib/python3.12/site-packages/airflow/example_dags/example_python_decorator.py for tasks to queue
[2024-08-28T04:06:36.797+0000] {logging_mixin.py:188} INFO - [2024-08-28T04:06:36.796+0000] {dagbag.py:545} INFO - Filling up the DagBag from /home/airflow/.local/lib/python3.12/site-packages/airflow/example_dags/example_python_decorator.py
[2024-08-28T04:06:37.015+0000] {processor.py:840} INFO - DAG(s) 'example_python_decorator' retrieved from /home/airflow/.local/lib/python3.12/site-packages/airflow/example_dags/example_python_decorator.py
[2024-08-28T04:06:37.399+0000] {logging_mixin.py:188} INFO - [2024-08-28T04:06:37.398+0000] {dag.py:3089} INFO - Sync 1 DAGs
[2024-08-28T04:06:37.527+0000] {logging_mixin.py:188} INFO - [2024-08-28T04:06:37.526+0000] {dag.py:3947} INFO - Setting next_dagrun for example_python_decorator to None, run_after=None
[2024-08-28T04:06:37.711+0000] {processor.py:183} INFO - Processing /home/airflow/.local/lib/python3.12/site-packages/airflow/example_dags/example_python_decorator.py took 1.218 seconds
[2024-08-28T04:08:03.700+0000] {processor.py:161} INFO - Started process (PID=401) to work on /home/airflow/.local/lib/python3.12/site-packages/airflow/example_dags/example_python_decorator.py
[2024-08-28T04:08:03.703+0000] {processor.py:830} INFO - Processing file /home/airflow/.local/lib/python3.12/site-packages/airflow/example_dags/example_python_decorator.py for tasks to queue
[2024-08-28T04:08:03.706+0000] {logging_mixin.py:188} INFO - [2024-08-28T04:08:03.705+0000] {dagbag.py:545} INFO - Filling up the DagBag from /home/airflow/.local/lib/python3.12/site-packages/airflow/example_dags/example_python_decorator.py
[2024-08-28T04:08:03.872+0000] {processor.py:840} INFO - DAG(s) 'example_python_decorator' retrieved from /home/airflow/.local/lib/python3.12/site-packages/airflow/example_dags/example_python_decorator.py
[2024-08-28T04:08:04.261+0000] {logging_mixin.py:188} INFO - [2024-08-28T04:08:04.261+0000] {dag.py:3089} INFO - Sync 1 DAGs
[2024-08-28T04:08:04.385+0000] {logging_mixin.py:188} INFO - [2024-08-28T04:08:04.384+0000] {dag.py:3947} INFO - Setting next_dagrun for example_python_decorator to None, run_after=None
[2024-08-28T04:08:04.614+0000] {processor.py:183} INFO - Processing /home/airflow/.local/lib/python3.12/site-packages/airflow/example_dags/example_python_decorator.py took 1.078 seconds
[2024-08-28T04:12:27.945+0000] {processor.py:161} INFO - Started process (PID=514) to work on /home/airflow/.local/lib/python3.12/site-packages/airflow/example_dags/example_python_decorator.py
[2024-08-28T04:12:28.009+0000] {processor.py:830} INFO - Processing file /home/airflow/.local/lib/python3.12/site-packages/airflow/example_dags/example_python_decorator.py for tasks to queue
[2024-08-28T04:12:28.098+0000] {logging_mixin.py:188} INFO - [2024-08-28T04:12:28.097+0000] {dagbag.py:545} INFO - Filling up the DagBag from /home/airflow/.local/lib/python3.12/site-packages/airflow/example_dags/example_python_decorator.py
[2024-08-28T04:12:28.538+0000] {processor.py:840} INFO - DAG(s) 'example_python_decorator' retrieved from /home/airflow/.local/lib/python3.12/site-packages/airflow/example_dags/example_python_decorator.py
[2024-08-28T04:12:30.383+0000] {logging_mixin.py:188} INFO - [2024-08-28T04:12:30.383+0000] {dag.py:3089} INFO - Sync 1 DAGs
[2024-08-28T04:12:31.784+0000] {logging_mixin.py:188} INFO - [2024-08-28T04:12:31.783+0000] {dag.py:3947} INFO - Setting next_dagrun for example_python_decorator to None, run_after=None
[2024-08-28T04:12:32.303+0000] {processor.py:183} INFO - Processing /home/airflow/.local/lib/python3.12/site-packages/airflow/example_dags/example_python_decorator.py took 4.533 seconds
[2024-08-28T04:16:11.501+0000] {processor.py:161} INFO - Started process (PID=634) to work on /home/airflow/.local/lib/python3.12/site-packages/airflow/example_dags/example_python_decorator.py
[2024-08-28T04:16:11.514+0000] {processor.py:830} INFO - Processing file /home/airflow/.local/lib/python3.12/site-packages/airflow/example_dags/example_python_decorator.py for tasks to queue
[2024-08-28T04:16:11.531+0000] {logging_mixin.py:188} INFO - [2024-08-28T04:16:11.530+0000] {dagbag.py:545} INFO - Filling up the DagBag from /home/airflow/.local/lib/python3.12/site-packages/airflow/example_dags/example_python_decorator.py
[2024-08-28T04:16:12.434+0000] {processor.py:840} INFO - DAG(s) 'example_python_decorator' retrieved from /home/airflow/.local/lib/python3.12/site-packages/airflow/example_dags/example_python_decorator.py
[2024-08-28T04:16:13.678+0000] {logging_mixin.py:188} INFO - [2024-08-28T04:16:13.677+0000] {dag.py:3089} INFO - Sync 1 DAGs
[2024-08-28T04:16:13.958+0000] {logging_mixin.py:188} INFO - [2024-08-28T04:16:13.956+0000] {dag.py:3947} INFO - Setting next_dagrun for example_python_decorator to None, run_after=None
[2024-08-28T04:16:14.584+0000] {processor.py:183} INFO - Processing /home/airflow/.local/lib/python3.12/site-packages/airflow/example_dags/example_python_decorator.py took 3.245 seconds
