[2024-08-28T02:37:57.556+0000] {processor.py:161} INFO - Started process (PID=120) to work on /home/airflow/.local/lib/python3.12/site-packages/airflow/example_dags/example_latest_only_with_trigger.py
[2024-08-28T02:37:57.558+0000] {processor.py:830} INFO - Processing file /home/airflow/.local/lib/python3.12/site-packages/airflow/example_dags/example_latest_only_with_trigger.py for tasks to queue
[2024-08-28T02:37:57.567+0000] {logging_mixin.py:188} INFO - [2024-08-28T02:37:57.563+0000] {dagbag.py:545} INFO - Filling up the DagBag from /home/airflow/.local/lib/python3.12/site-packages/airflow/example_dags/example_latest_only_with_trigger.py
[2024-08-28T02:37:57.600+0000] {processor.py:840} INFO - DAG(s) 'latest_only_with_trigger' retrieved from /home/airflow/.local/lib/python3.12/site-packages/airflow/example_dags/example_latest_only_with_trigger.py
[2024-08-28T02:37:58.454+0000] {logging_mixin.py:188} INFO - [2024-08-28T02:37:58.453+0000] {override.py:1858} INFO - Created Permission View: can edit on DAG:latest_only_with_trigger
[2024-08-28T02:37:58.664+0000] {logging_mixin.py:188} INFO - [2024-08-28T02:37:58.663+0000] {override.py:1858} INFO - Created Permission View: can delete on DAG:latest_only_with_trigger
[2024-08-28T02:37:58.833+0000] {logging_mixin.py:188} INFO - [2024-08-28T02:37:58.832+0000] {override.py:1858} INFO - Created Permission View: can read on DAG:latest_only_with_trigger
[2024-08-28T02:37:58.849+0000] {logging_mixin.py:188} INFO - [2024-08-28T02:37:58.848+0000] {dag.py:3089} INFO - Sync 1 DAGs
[2024-08-28T02:37:59.006+0000] {logging_mixin.py:188} INFO - [2024-08-28T02:37:59.005+0000] {dag.py:3111} INFO - Creating ORM DAG for latest_only_with_trigger
[2024-08-28T02:37:59.134+0000] {logging_mixin.py:188} INFO - [2024-08-28T02:37:59.134+0000] {dag.py:3947} INFO - Setting next_dagrun for latest_only_with_trigger to 2024-08-27 20:00:00+00:00, run_after=2024-08-28 00:00:00+00:00
[2024-08-28T02:37:59.545+0000] {processor.py:183} INFO - Processing /home/airflow/.local/lib/python3.12/site-packages/airflow/example_dags/example_latest_only_with_trigger.py took 2.015 seconds
[2024-08-28T02:38:45.546+0000] {processor.py:161} INFO - Started process (PID=185) to work on /home/airflow/.local/lib/python3.12/site-packages/airflow/example_dags/example_latest_only_with_trigger.py
[2024-08-28T02:38:45.550+0000] {processor.py:830} INFO - Processing file /home/airflow/.local/lib/python3.12/site-packages/airflow/example_dags/example_latest_only_with_trigger.py for tasks to queue
[2024-08-28T02:38:45.568+0000] {logging_mixin.py:188} INFO - [2024-08-28T02:38:45.567+0000] {dagbag.py:545} INFO - Filling up the DagBag from /home/airflow/.local/lib/python3.12/site-packages/airflow/example_dags/example_latest_only_with_trigger.py
[2024-08-28T02:38:45.591+0000] {processor.py:840} INFO - DAG(s) 'latest_only_with_trigger' retrieved from /home/airflow/.local/lib/python3.12/site-packages/airflow/example_dags/example_latest_only_with_trigger.py
[2024-08-28T02:38:45.708+0000] {logging_mixin.py:188} INFO - [2024-08-28T02:38:45.707+0000] {dag.py:3089} INFO - Sync 1 DAGs
[2024-08-28T02:38:46.021+0000] {logging_mixin.py:188} INFO - [2024-08-28T02:38:46.021+0000] {dag.py:3947} INFO - Setting next_dagrun for latest_only_with_trigger to 2024-08-27 20:00:00+00:00, run_after=2024-08-28 00:00:00+00:00
[2024-08-28T02:38:46.134+0000] {processor.py:183} INFO - Processing /home/airflow/.local/lib/python3.12/site-packages/airflow/example_dags/example_latest_only_with_trigger.py took 0.603 seconds
[2024-08-28T02:39:17.194+0000] {processor.py:161} INFO - Started process (PID=243) to work on /home/airflow/.local/lib/python3.12/site-packages/airflow/example_dags/example_latest_only_with_trigger.py
[2024-08-28T02:39:17.196+0000] {processor.py:830} INFO - Processing file /home/airflow/.local/lib/python3.12/site-packages/airflow/example_dags/example_latest_only_with_trigger.py for tasks to queue
[2024-08-28T02:39:17.201+0000] {logging_mixin.py:188} INFO - [2024-08-28T02:39:17.201+0000] {dagbag.py:545} INFO - Filling up the DagBag from /home/airflow/.local/lib/python3.12/site-packages/airflow/example_dags/example_latest_only_with_trigger.py
[2024-08-28T02:39:17.213+0000] {processor.py:840} INFO - DAG(s) 'latest_only_with_trigger' retrieved from /home/airflow/.local/lib/python3.12/site-packages/airflow/example_dags/example_latest_only_with_trigger.py
[2024-08-28T02:39:17.256+0000] {logging_mixin.py:188} INFO - [2024-08-28T02:39:17.256+0000] {dag.py:3089} INFO - Sync 1 DAGs
[2024-08-28T02:39:17.318+0000] {logging_mixin.py:188} INFO - [2024-08-28T02:39:17.318+0000] {dag.py:3947} INFO - Setting next_dagrun for latest_only_with_trigger to 2024-08-27 20:00:00+00:00, run_after=2024-08-28 00:00:00+00:00
[2024-08-28T02:39:17.869+0000] {processor.py:183} INFO - Processing /home/airflow/.local/lib/python3.12/site-packages/airflow/example_dags/example_latest_only_with_trigger.py took 0.689 seconds
[2024-08-28T02:39:48.373+0000] {processor.py:161} INFO - Started process (PID=301) to work on /home/airflow/.local/lib/python3.12/site-packages/airflow/example_dags/example_latest_only_with_trigger.py
[2024-08-28T02:39:48.376+0000] {processor.py:830} INFO - Processing file /home/airflow/.local/lib/python3.12/site-packages/airflow/example_dags/example_latest_only_with_trigger.py for tasks to queue
[2024-08-28T02:39:48.380+0000] {logging_mixin.py:188} INFO - [2024-08-28T02:39:48.379+0000] {dagbag.py:545} INFO - Filling up the DagBag from /home/airflow/.local/lib/python3.12/site-packages/airflow/example_dags/example_latest_only_with_trigger.py
[2024-08-28T02:39:48.388+0000] {processor.py:840} INFO - DAG(s) 'latest_only_with_trigger' retrieved from /home/airflow/.local/lib/python3.12/site-packages/airflow/example_dags/example_latest_only_with_trigger.py
[2024-08-28T02:39:48.436+0000] {logging_mixin.py:188} INFO - [2024-08-28T02:39:48.435+0000] {dag.py:3089} INFO - Sync 1 DAGs
[2024-08-28T02:39:48.485+0000] {logging_mixin.py:188} INFO - [2024-08-28T02:39:48.485+0000] {dag.py:3947} INFO - Setting next_dagrun for latest_only_with_trigger to 2024-08-27 20:00:00+00:00, run_after=2024-08-28 00:00:00+00:00
[2024-08-28T02:39:48.529+0000] {processor.py:183} INFO - Processing /home/airflow/.local/lib/python3.12/site-packages/airflow/example_dags/example_latest_only_with_trigger.py took 0.171 seconds
[2024-08-28T02:40:28.763+0000] {processor.py:161} INFO - Started process (PID=357) to work on /home/airflow/.local/lib/python3.12/site-packages/airflow/example_dags/example_latest_only_with_trigger.py
[2024-08-28T02:40:28.766+0000] {processor.py:830} INFO - Processing file /home/airflow/.local/lib/python3.12/site-packages/airflow/example_dags/example_latest_only_with_trigger.py for tasks to queue
[2024-08-28T02:40:28.770+0000] {logging_mixin.py:188} INFO - [2024-08-28T02:40:28.769+0000] {dagbag.py:545} INFO - Filling up the DagBag from /home/airflow/.local/lib/python3.12/site-packages/airflow/example_dags/example_latest_only_with_trigger.py
[2024-08-28T02:40:28.782+0000] {processor.py:840} INFO - DAG(s) 'latest_only_with_trigger' retrieved from /home/airflow/.local/lib/python3.12/site-packages/airflow/example_dags/example_latest_only_with_trigger.py
[2024-08-28T02:40:28.829+0000] {logging_mixin.py:188} INFO - [2024-08-28T02:40:28.828+0000] {dag.py:3089} INFO - Sync 1 DAGs
[2024-08-28T02:40:28.882+0000] {logging_mixin.py:188} INFO - [2024-08-28T02:40:28.881+0000] {dag.py:3947} INFO - Setting next_dagrun for latest_only_with_trigger to 2024-08-27 20:00:00+00:00, run_after=2024-08-28 00:00:00+00:00
[2024-08-28T02:40:28.933+0000] {processor.py:183} INFO - Processing /home/airflow/.local/lib/python3.12/site-packages/airflow/example_dags/example_latest_only_with_trigger.py took 0.181 seconds
[2024-08-28T02:41:32.415+0000] {processor.py:161} INFO - Started process (PID=420) to work on /home/airflow/.local/lib/python3.12/site-packages/airflow/example_dags/example_latest_only_with_trigger.py
[2024-08-28T02:41:32.468+0000] {processor.py:830} INFO - Processing file /home/airflow/.local/lib/python3.12/site-packages/airflow/example_dags/example_latest_only_with_trigger.py for tasks to queue
[2024-08-28T02:41:32.885+0000] {logging_mixin.py:188} INFO - [2024-08-28T02:41:32.880+0000] {dagbag.py:545} INFO - Filling up the DagBag from /home/airflow/.local/lib/python3.12/site-packages/airflow/example_dags/example_latest_only_with_trigger.py
[2024-08-28T02:41:33.243+0000] {processor.py:840} INFO - DAG(s) 'latest_only_with_trigger' retrieved from /home/airflow/.local/lib/python3.12/site-packages/airflow/example_dags/example_latest_only_with_trigger.py
[2024-08-28T02:41:33.924+0000] {logging_mixin.py:188} INFO - [2024-08-28T02:41:33.922+0000] {dag.py:3089} INFO - Sync 1 DAGs
[2024-08-28T02:41:35.322+0000] {logging_mixin.py:188} INFO - [2024-08-28T02:41:35.275+0000] {dag.py:3947} INFO - Setting next_dagrun for latest_only_with_trigger to 2024-08-27 20:00:00+00:00, run_after=2024-08-28 00:00:00+00:00
[2024-08-28T02:41:36.679+0000] {processor.py:183} INFO - Processing /home/airflow/.local/lib/python3.12/site-packages/airflow/example_dags/example_latest_only_with_trigger.py took 4.616 seconds
[2024-08-28T02:42:08.358+0000] {processor.py:161} INFO - Started process (PID=483) to work on /home/airflow/.local/lib/python3.12/site-packages/airflow/example_dags/example_latest_only_with_trigger.py
[2024-08-28T02:42:08.360+0000] {processor.py:830} INFO - Processing file /home/airflow/.local/lib/python3.12/site-packages/airflow/example_dags/example_latest_only_with_trigger.py for tasks to queue
[2024-08-28T02:42:08.369+0000] {logging_mixin.py:188} INFO - [2024-08-28T02:42:08.367+0000] {dagbag.py:545} INFO - Filling up the DagBag from /home/airflow/.local/lib/python3.12/site-packages/airflow/example_dags/example_latest_only_with_trigger.py
[2024-08-28T02:42:08.385+0000] {processor.py:840} INFO - DAG(s) 'latest_only_with_trigger' retrieved from /home/airflow/.local/lib/python3.12/site-packages/airflow/example_dags/example_latest_only_with_trigger.py
[2024-08-28T02:42:08.438+0000] {logging_mixin.py:188} INFO - [2024-08-28T02:42:08.437+0000] {dag.py:3089} INFO - Sync 1 DAGs
[2024-08-28T02:42:08.500+0000] {logging_mixin.py:188} INFO - [2024-08-28T02:42:08.499+0000] {dag.py:3947} INFO - Setting next_dagrun for latest_only_with_trigger to 2024-08-27 20:00:00+00:00, run_after=2024-08-28 00:00:00+00:00
[2024-08-28T02:42:08.553+0000] {processor.py:183} INFO - Processing /home/airflow/.local/lib/python3.12/site-packages/airflow/example_dags/example_latest_only_with_trigger.py took 0.211 seconds
[2024-08-28T02:42:39.238+0000] {processor.py:161} INFO - Started process (PID=541) to work on /home/airflow/.local/lib/python3.12/site-packages/airflow/example_dags/example_latest_only_with_trigger.py
[2024-08-28T02:42:39.240+0000] {processor.py:830} INFO - Processing file /home/airflow/.local/lib/python3.12/site-packages/airflow/example_dags/example_latest_only_with_trigger.py for tasks to queue
[2024-08-28T02:42:39.244+0000] {logging_mixin.py:188} INFO - [2024-08-28T02:42:39.243+0000] {dagbag.py:545} INFO - Filling up the DagBag from /home/airflow/.local/lib/python3.12/site-packages/airflow/example_dags/example_latest_only_with_trigger.py
[2024-08-28T02:42:39.273+0000] {processor.py:840} INFO - DAG(s) 'latest_only_with_trigger' retrieved from /home/airflow/.local/lib/python3.12/site-packages/airflow/example_dags/example_latest_only_with_trigger.py
[2024-08-28T02:42:39.372+0000] {logging_mixin.py:188} INFO - [2024-08-28T02:42:39.371+0000] {dag.py:3089} INFO - Sync 1 DAGs
[2024-08-28T02:42:39.489+0000] {logging_mixin.py:188} INFO - [2024-08-28T02:42:39.488+0000] {dag.py:3947} INFO - Setting next_dagrun for latest_only_with_trigger to 2024-08-27 20:00:00+00:00, run_after=2024-08-28 00:00:00+00:00
[2024-08-28T02:42:39.580+0000] {processor.py:183} INFO - Processing /home/airflow/.local/lib/python3.12/site-packages/airflow/example_dags/example_latest_only_with_trigger.py took 0.355 seconds
[2024-08-28T02:43:10.892+0000] {processor.py:161} INFO - Started process (PID=599) to work on /home/airflow/.local/lib/python3.12/site-packages/airflow/example_dags/example_latest_only_with_trigger.py
[2024-08-28T02:43:10.894+0000] {processor.py:830} INFO - Processing file /home/airflow/.local/lib/python3.12/site-packages/airflow/example_dags/example_latest_only_with_trigger.py for tasks to queue
[2024-08-28T02:43:10.898+0000] {logging_mixin.py:188} INFO - [2024-08-28T02:43:10.898+0000] {dagbag.py:545} INFO - Filling up the DagBag from /home/airflow/.local/lib/python3.12/site-packages/airflow/example_dags/example_latest_only_with_trigger.py
[2024-08-28T02:43:10.907+0000] {processor.py:840} INFO - DAG(s) 'latest_only_with_trigger' retrieved from /home/airflow/.local/lib/python3.12/site-packages/airflow/example_dags/example_latest_only_with_trigger.py
[2024-08-28T02:43:10.940+0000] {logging_mixin.py:188} INFO - [2024-08-28T02:43:10.940+0000] {dag.py:3089} INFO - Sync 1 DAGs
[2024-08-28T02:43:10.971+0000] {logging_mixin.py:188} INFO - [2024-08-28T02:43:10.971+0000] {dag.py:3947} INFO - Setting next_dagrun for latest_only_with_trigger to 2024-08-27 20:00:00+00:00, run_after=2024-08-28 00:00:00+00:00
[2024-08-28T02:43:11.022+0000] {processor.py:183} INFO - Processing /home/airflow/.local/lib/python3.12/site-packages/airflow/example_dags/example_latest_only_with_trigger.py took 0.143 seconds
[2024-08-28T02:43:42.033+0000] {processor.py:161} INFO - Started process (PID=656) to work on /home/airflow/.local/lib/python3.12/site-packages/airflow/example_dags/example_latest_only_with_trigger.py
[2024-08-28T02:43:42.035+0000] {processor.py:830} INFO - Processing file /home/airflow/.local/lib/python3.12/site-packages/airflow/example_dags/example_latest_only_with_trigger.py for tasks to queue
[2024-08-28T02:43:42.038+0000] {logging_mixin.py:188} INFO - [2024-08-28T02:43:42.037+0000] {dagbag.py:545} INFO - Filling up the DagBag from /home/airflow/.local/lib/python3.12/site-packages/airflow/example_dags/example_latest_only_with_trigger.py
[2024-08-28T02:43:42.050+0000] {processor.py:840} INFO - DAG(s) 'latest_only_with_trigger' retrieved from /home/airflow/.local/lib/python3.12/site-packages/airflow/example_dags/example_latest_only_with_trigger.py
[2024-08-28T02:43:42.092+0000] {logging_mixin.py:188} INFO - [2024-08-28T02:43:42.091+0000] {dag.py:3089} INFO - Sync 1 DAGs
[2024-08-28T02:43:42.157+0000] {logging_mixin.py:188} INFO - [2024-08-28T02:43:42.157+0000] {dag.py:3947} INFO - Setting next_dagrun for latest_only_with_trigger to 2024-08-27 20:00:00+00:00, run_after=2024-08-28 00:00:00+00:00
[2024-08-28T02:43:42.193+0000] {processor.py:183} INFO - Processing /home/airflow/.local/lib/python3.12/site-packages/airflow/example_dags/example_latest_only_with_trigger.py took 0.172 seconds
[2024-08-28T02:54:16.408+0000] {processor.py:161} INFO - Started process (PID=157) to work on /home/airflow/.local/lib/python3.12/site-packages/airflow/example_dags/example_latest_only_with_trigger.py
[2024-08-28T02:54:16.424+0000] {processor.py:830} INFO - Processing file /home/airflow/.local/lib/python3.12/site-packages/airflow/example_dags/example_latest_only_with_trigger.py for tasks to queue
[2024-08-28T02:54:16.442+0000] {logging_mixin.py:188} INFO - [2024-08-28T02:54:16.441+0000] {dagbag.py:545} INFO - Filling up the DagBag from /home/airflow/.local/lib/python3.12/site-packages/airflow/example_dags/example_latest_only_with_trigger.py
[2024-08-28T02:54:16.477+0000] {processor.py:840} INFO - DAG(s) 'latest_only_with_trigger' retrieved from /home/airflow/.local/lib/python3.12/site-packages/airflow/example_dags/example_latest_only_with_trigger.py
[2024-08-28T02:54:16.776+0000] {logging_mixin.py:188} INFO - [2024-08-28T02:54:16.776+0000] {dag.py:3089} INFO - Sync 1 DAGs
[2024-08-28T02:54:17.055+0000] {logging_mixin.py:188} INFO - [2024-08-28T02:54:17.054+0000] {dag.py:3947} INFO - Setting next_dagrun for latest_only_with_trigger to 2024-08-27 20:00:00+00:00, run_after=2024-08-28 00:00:00+00:00
[2024-08-28T02:54:17.203+0000] {processor.py:183} INFO - Processing /home/airflow/.local/lib/python3.12/site-packages/airflow/example_dags/example_latest_only_with_trigger.py took 0.840 seconds
[2024-08-28T02:54:49.268+0000] {processor.py:161} INFO - Started process (PID=214) to work on /home/airflow/.local/lib/python3.12/site-packages/airflow/example_dags/example_latest_only_with_trigger.py
[2024-08-28T02:54:49.296+0000] {processor.py:830} INFO - Processing file /home/airflow/.local/lib/python3.12/site-packages/airflow/example_dags/example_latest_only_with_trigger.py for tasks to queue
[2024-08-28T02:54:49.310+0000] {logging_mixin.py:188} INFO - [2024-08-28T02:54:49.309+0000] {dagbag.py:545} INFO - Filling up the DagBag from /home/airflow/.local/lib/python3.12/site-packages/airflow/example_dags/example_latest_only_with_trigger.py
[2024-08-28T02:54:49.332+0000] {processor.py:840} INFO - DAG(s) 'latest_only_with_trigger' retrieved from /home/airflow/.local/lib/python3.12/site-packages/airflow/example_dags/example_latest_only_with_trigger.py
[2024-08-28T02:54:49.449+0000] {logging_mixin.py:188} INFO - [2024-08-28T02:54:49.448+0000] {dag.py:3089} INFO - Sync 1 DAGs
[2024-08-28T02:54:49.576+0000] {logging_mixin.py:188} INFO - [2024-08-28T02:54:49.576+0000] {dag.py:3947} INFO - Setting next_dagrun for latest_only_with_trigger to 2024-08-27 20:00:00+00:00, run_after=2024-08-28 00:00:00+00:00
[2024-08-28T02:54:49.825+0000] {processor.py:183} INFO - Processing /home/airflow/.local/lib/python3.12/site-packages/airflow/example_dags/example_latest_only_with_trigger.py took 0.632 seconds
[2024-08-28T02:59:35.148+0000] {processor.py:161} INFO - Started process (PID=114) to work on /home/airflow/.local/lib/python3.12/site-packages/airflow/example_dags/example_latest_only_with_trigger.py
[2024-08-28T02:59:35.152+0000] {processor.py:830} INFO - Processing file /home/airflow/.local/lib/python3.12/site-packages/airflow/example_dags/example_latest_only_with_trigger.py for tasks to queue
[2024-08-28T02:59:35.157+0000] {logging_mixin.py:188} INFO - [2024-08-28T02:59:35.156+0000] {dagbag.py:545} INFO - Filling up the DagBag from /home/airflow/.local/lib/python3.12/site-packages/airflow/example_dags/example_latest_only_with_trigger.py
[2024-08-28T02:59:35.183+0000] {processor.py:840} INFO - DAG(s) 'latest_only_with_trigger' retrieved from /home/airflow/.local/lib/python3.12/site-packages/airflow/example_dags/example_latest_only_with_trigger.py
[2024-08-28T02:59:35.871+0000] {logging_mixin.py:188} INFO - [2024-08-28T02:59:35.870+0000] {dag.py:3089} INFO - Sync 1 DAGs
[2024-08-28T02:59:36.011+0000] {logging_mixin.py:188} INFO - [2024-08-28T02:59:36.011+0000] {dag.py:3947} INFO - Setting next_dagrun for latest_only_with_trigger to 2024-08-27 20:00:00+00:00, run_after=2024-08-28 00:00:00+00:00
[2024-08-28T02:59:36.181+0000] {processor.py:183} INFO - Processing /home/airflow/.local/lib/python3.12/site-packages/airflow/example_dags/example_latest_only_with_trigger.py took 1.067 seconds
[2024-08-28T04:02:14.529+0000] {processor.py:161} INFO - Started process (PID=179) to work on /home/airflow/.local/lib/python3.12/site-packages/airflow/example_dags/example_latest_only_with_trigger.py
[2024-08-28T04:02:14.538+0000] {processor.py:830} INFO - Processing file /home/airflow/.local/lib/python3.12/site-packages/airflow/example_dags/example_latest_only_with_trigger.py for tasks to queue
[2024-08-28T04:02:14.584+0000] {logging_mixin.py:188} INFO - [2024-08-28T04:02:14.574+0000] {dagbag.py:545} INFO - Filling up the DagBag from /home/airflow/.local/lib/python3.12/site-packages/airflow/example_dags/example_latest_only_with_trigger.py
[2024-08-28T04:02:14.684+0000] {processor.py:840} INFO - DAG(s) 'latest_only_with_trigger' retrieved from /home/airflow/.local/lib/python3.12/site-packages/airflow/example_dags/example_latest_only_with_trigger.py
[2024-08-28T04:02:25.458+0000] {logging_mixin.py:188} INFO - [2024-08-28T04:02:25.457+0000] {dag.py:3089} INFO - Sync 1 DAGs
[2024-08-28T04:02:26.564+0000] {logging_mixin.py:188} INFO - [2024-08-28T04:02:26.563+0000] {dag.py:3947} INFO - Setting next_dagrun for latest_only_with_trigger to 2024-08-28 00:00:00+00:00, run_after=2024-08-28 04:00:00+00:00
[2024-08-28T04:02:27.922+0000] {processor.py:183} INFO - Processing /home/airflow/.local/lib/python3.12/site-packages/airflow/example_dags/example_latest_only_with_trigger.py took 13.435 seconds
[2024-08-28T04:05:49.769+0000] {processor.py:161} INFO - Started process (PID=259) to work on /home/airflow/.local/lib/python3.12/site-packages/airflow/example_dags/example_latest_only_with_trigger.py
[2024-08-28T04:05:49.773+0000] {processor.py:830} INFO - Processing file /home/airflow/.local/lib/python3.12/site-packages/airflow/example_dags/example_latest_only_with_trigger.py for tasks to queue
[2024-08-28T04:05:49.776+0000] {logging_mixin.py:188} INFO - [2024-08-28T04:05:49.775+0000] {dagbag.py:545} INFO - Filling up the DagBag from /home/airflow/.local/lib/python3.12/site-packages/airflow/example_dags/example_latest_only_with_trigger.py
[2024-08-28T04:05:49.853+0000] {processor.py:840} INFO - DAG(s) 'latest_only_with_trigger' retrieved from /home/airflow/.local/lib/python3.12/site-packages/airflow/example_dags/example_latest_only_with_trigger.py
[2024-08-28T04:05:50.035+0000] {logging_mixin.py:188} INFO - [2024-08-28T04:05:50.024+0000] {dag.py:3089} INFO - Sync 1 DAGs
[2024-08-28T04:05:50.244+0000] {logging_mixin.py:188} INFO - [2024-08-28T04:05:50.232+0000] {dag.py:3947} INFO - Setting next_dagrun for latest_only_with_trigger to 2024-08-28 00:00:00+00:00, run_after=2024-08-28 04:00:00+00:00
[2024-08-28T04:05:50.534+0000] {processor.py:183} INFO - Processing /home/airflow/.local/lib/python3.12/site-packages/airflow/example_dags/example_latest_only_with_trigger.py took 0.810 seconds
[2024-08-28T04:06:28.883+0000] {processor.py:161} INFO - Started process (PID=317) to work on /home/airflow/.local/lib/python3.12/site-packages/airflow/example_dags/example_latest_only_with_trigger.py
[2024-08-28T04:06:28.915+0000] {processor.py:830} INFO - Processing file /home/airflow/.local/lib/python3.12/site-packages/airflow/example_dags/example_latest_only_with_trigger.py for tasks to queue
[2024-08-28T04:06:28.918+0000] {logging_mixin.py:188} INFO - [2024-08-28T04:06:28.917+0000] {dagbag.py:545} INFO - Filling up the DagBag from /home/airflow/.local/lib/python3.12/site-packages/airflow/example_dags/example_latest_only_with_trigger.py
[2024-08-28T04:06:29.050+0000] {processor.py:840} INFO - DAG(s) 'latest_only_with_trigger' retrieved from /home/airflow/.local/lib/python3.12/site-packages/airflow/example_dags/example_latest_only_with_trigger.py
[2024-08-28T04:06:29.597+0000] {logging_mixin.py:188} INFO - [2024-08-28T04:06:29.596+0000] {dag.py:3089} INFO - Sync 1 DAGs
[2024-08-28T04:06:30.126+0000] {logging_mixin.py:188} INFO - [2024-08-28T04:06:30.125+0000] {dag.py:3947} INFO - Setting next_dagrun for latest_only_with_trigger to 2024-08-28 00:00:00+00:00, run_after=2024-08-28 04:00:00+00:00
[2024-08-28T04:06:30.746+0000] {processor.py:183} INFO - Processing /home/airflow/.local/lib/python3.12/site-packages/airflow/example_dags/example_latest_only_with_trigger.py took 2.108 seconds
[2024-08-28T04:07:45.894+0000] {processor.py:161} INFO - Started process (PID=387) to work on /home/airflow/.local/lib/python3.12/site-packages/airflow/example_dags/example_latest_only_with_trigger.py
[2024-08-28T04:07:46.117+0000] {processor.py:830} INFO - Processing file /home/airflow/.local/lib/python3.12/site-packages/airflow/example_dags/example_latest_only_with_trigger.py for tasks to queue
[2024-08-28T04:07:46.363+0000] {logging_mixin.py:188} INFO - [2024-08-28T04:07:46.319+0000] {dagbag.py:545} INFO - Filling up the DagBag from /home/airflow/.local/lib/python3.12/site-packages/airflow/example_dags/example_latest_only_with_trigger.py
[2024-08-28T04:07:46.543+0000] {processor.py:840} INFO - DAG(s) 'latest_only_with_trigger' retrieved from /home/airflow/.local/lib/python3.12/site-packages/airflow/example_dags/example_latest_only_with_trigger.py
[2024-08-28T04:07:47.536+0000] {logging_mixin.py:188} INFO - [2024-08-28T04:07:47.493+0000] {dag.py:3089} INFO - Sync 1 DAGs
[2024-08-28T04:07:48.738+0000] {logging_mixin.py:188} INFO - [2024-08-28T04:07:48.737+0000] {dag.py:3947} INFO - Setting next_dagrun for latest_only_with_trigger to 2024-08-28 00:00:00+00:00, run_after=2024-08-28 04:00:00+00:00
[2024-08-28T04:07:49.502+0000] {processor.py:183} INFO - Processing /home/airflow/.local/lib/python3.12/site-packages/airflow/example_dags/example_latest_only_with_trigger.py took 3.765 seconds
[2024-08-28T04:12:13.881+0000] {processor.py:161} INFO - Started process (PID=507) to work on /home/airflow/.local/lib/python3.12/site-packages/airflow/example_dags/example_latest_only_with_trigger.py
[2024-08-28T04:12:13.916+0000] {processor.py:830} INFO - Processing file /home/airflow/.local/lib/python3.12/site-packages/airflow/example_dags/example_latest_only_with_trigger.py for tasks to queue
[2024-08-28T04:12:13.930+0000] {logging_mixin.py:188} INFO - [2024-08-28T04:12:13.929+0000] {dagbag.py:545} INFO - Filling up the DagBag from /home/airflow/.local/lib/python3.12/site-packages/airflow/example_dags/example_latest_only_with_trigger.py
[2024-08-28T04:12:14.059+0000] {processor.py:840} INFO - DAG(s) 'latest_only_with_trigger' retrieved from /home/airflow/.local/lib/python3.12/site-packages/airflow/example_dags/example_latest_only_with_trigger.py
[2024-08-28T04:12:14.631+0000] {logging_mixin.py:188} INFO - [2024-08-28T04:12:14.630+0000] {dag.py:3089} INFO - Sync 1 DAGs
[2024-08-28T04:12:15.388+0000] {logging_mixin.py:188} INFO - [2024-08-28T04:12:15.387+0000] {dag.py:3947} INFO - Setting next_dagrun for latest_only_with_trigger to 2024-08-28 00:00:00+00:00, run_after=2024-08-28 04:00:00+00:00
[2024-08-28T04:12:15.896+0000] {processor.py:183} INFO - Processing /home/airflow/.local/lib/python3.12/site-packages/airflow/example_dags/example_latest_only_with_trigger.py took 2.076 seconds
[2024-08-28T04:15:57.672+0000] {processor.py:161} INFO - Started process (PID=627) to work on /home/airflow/.local/lib/python3.12/site-packages/airflow/example_dags/example_latest_only_with_trigger.py
[2024-08-28T04:15:57.744+0000] {processor.py:830} INFO - Processing file /home/airflow/.local/lib/python3.12/site-packages/airflow/example_dags/example_latest_only_with_trigger.py for tasks to queue
[2024-08-28T04:15:57.753+0000] {logging_mixin.py:188} INFO - [2024-08-28T04:15:57.752+0000] {dagbag.py:545} INFO - Filling up the DagBag from /home/airflow/.local/lib/python3.12/site-packages/airflow/example_dags/example_latest_only_with_trigger.py
[2024-08-28T04:15:57.891+0000] {processor.py:840} INFO - DAG(s) 'latest_only_with_trigger' retrieved from /home/airflow/.local/lib/python3.12/site-packages/airflow/example_dags/example_latest_only_with_trigger.py
[2024-08-28T04:15:58.616+0000] {logging_mixin.py:188} INFO - [2024-08-28T04:15:58.615+0000] {dag.py:3089} INFO - Sync 1 DAGs
[2024-08-28T04:15:59.181+0000] {logging_mixin.py:188} INFO - [2024-08-28T04:15:59.181+0000] {dag.py:3947} INFO - Setting next_dagrun for latest_only_with_trigger to 2024-08-28 00:00:00+00:00, run_after=2024-08-28 04:00:00+00:00
[2024-08-28T04:15:59.823+0000] {processor.py:183} INFO - Processing /home/airflow/.local/lib/python3.12/site-packages/airflow/example_dags/example_latest_only_with_trigger.py took 2.235 seconds
