[2024-08-28T02:38:21.348+0000] {processor.py:161} INFO - Started process (PID=137) to work on /home/airflow/.local/lib/python3.12/site-packages/airflow/example_dags/example_complex.py
[2024-08-28T02:38:21.353+0000] {processor.py:830} INFO - Processing file /home/airflow/.local/lib/python3.12/site-packages/airflow/example_dags/example_complex.py for tasks to queue
[2024-08-28T02:38:21.366+0000] {logging_mixin.py:188} INFO - [2024-08-28T02:38:21.362+0000] {dagbag.py:545} INFO - Filling up the DagBag from /home/airflow/.local/lib/python3.12/site-packages/airflow/example_dags/example_complex.py
[2024-08-28T02:38:21.679+0000] {processor.py:840} INFO - DAG(s) 'example_complex' retrieved from /home/airflow/.local/lib/python3.12/site-packages/airflow/example_dags/example_complex.py
[2024-08-28T02:38:23.449+0000] {logging_mixin.py:188} INFO - [2024-08-28T02:38:23.447+0000] {override.py:1858} INFO - Created Permission View: can edit on DAG:example_complex
[2024-08-28T02:38:23.530+0000] {logging_mixin.py:188} INFO - [2024-08-28T02:38:23.529+0000] {override.py:1858} INFO - Created Permission View: can delete on DAG:example_complex
[2024-08-28T02:38:23.587+0000] {logging_mixin.py:188} INFO - [2024-08-28T02:38:23.586+0000] {override.py:1858} INFO - Created Permission View: can read on DAG:example_complex
[2024-08-28T02:38:23.588+0000] {logging_mixin.py:188} INFO - [2024-08-28T02:38:23.588+0000] {dag.py:3089} INFO - Sync 1 DAGs
[2024-08-28T02:38:23.880+0000] {logging_mixin.py:188} INFO - [2024-08-28T02:38:23.880+0000] {dag.py:3111} INFO - Creating ORM DAG for example_complex
[2024-08-28T02:38:23.887+0000] {logging_mixin.py:188} INFO - [2024-08-28T02:38:23.887+0000] {dag.py:3947} INFO - Setting next_dagrun for example_complex to None, run_after=None
[2024-08-28T02:38:24.118+0000] {processor.py:183} INFO - Processing /home/airflow/.local/lib/python3.12/site-packages/airflow/example_dags/example_complex.py took 2.874 seconds
[2024-08-28T02:38:54.472+0000] {processor.py:161} INFO - Started process (PID=196) to work on /home/airflow/.local/lib/python3.12/site-packages/airflow/example_dags/example_complex.py
[2024-08-28T02:38:54.474+0000] {processor.py:830} INFO - Processing file /home/airflow/.local/lib/python3.12/site-packages/airflow/example_dags/example_complex.py for tasks to queue
[2024-08-28T02:38:54.485+0000] {logging_mixin.py:188} INFO - [2024-08-28T02:38:54.484+0000] {dagbag.py:545} INFO - Filling up the DagBag from /home/airflow/.local/lib/python3.12/site-packages/airflow/example_dags/example_complex.py
[2024-08-28T02:38:54.534+0000] {processor.py:840} INFO - DAG(s) 'example_complex' retrieved from /home/airflow/.local/lib/python3.12/site-packages/airflow/example_dags/example_complex.py
[2024-08-28T02:38:54.669+0000] {logging_mixin.py:188} INFO - [2024-08-28T02:38:54.668+0000] {dag.py:3089} INFO - Sync 1 DAGs
[2024-08-28T02:38:54.721+0000] {logging_mixin.py:188} INFO - [2024-08-28T02:38:54.720+0000] {dag.py:3947} INFO - Setting next_dagrun for example_complex to None, run_after=None
[2024-08-28T02:38:54.777+0000] {processor.py:183} INFO - Processing /home/airflow/.local/lib/python3.12/site-packages/airflow/example_dags/example_complex.py took 0.334 seconds
[2024-08-28T02:39:25.544+0000] {processor.py:161} INFO - Started process (PID=254) to work on /home/airflow/.local/lib/python3.12/site-packages/airflow/example_dags/example_complex.py
[2024-08-28T02:39:25.852+0000] {processor.py:830} INFO - Processing file /home/airflow/.local/lib/python3.12/site-packages/airflow/example_dags/example_complex.py for tasks to queue
[2024-08-28T02:39:25.857+0000] {logging_mixin.py:188} INFO - [2024-08-28T02:39:25.856+0000] {dagbag.py:545} INFO - Filling up the DagBag from /home/airflow/.local/lib/python3.12/site-packages/airflow/example_dags/example_complex.py
[2024-08-28T02:39:26.103+0000] {processor.py:840} INFO - DAG(s) 'example_complex' retrieved from /home/airflow/.local/lib/python3.12/site-packages/airflow/example_dags/example_complex.py
[2024-08-28T02:39:26.364+0000] {logging_mixin.py:188} INFO - [2024-08-28T02:39:26.364+0000] {dag.py:3089} INFO - Sync 1 DAGs
[2024-08-28T02:39:27.547+0000] {logging_mixin.py:188} INFO - [2024-08-28T02:39:27.547+0000] {dag.py:3947} INFO - Setting next_dagrun for example_complex to None, run_after=None
[2024-08-28T02:39:27.627+0000] {processor.py:183} INFO - Processing /home/airflow/.local/lib/python3.12/site-packages/airflow/example_dags/example_complex.py took 2.097 seconds
[2024-08-28T02:39:57.876+0000] {processor.py:161} INFO - Started process (PID=312) to work on /home/airflow/.local/lib/python3.12/site-packages/airflow/example_dags/example_complex.py
[2024-08-28T02:39:57.877+0000] {processor.py:830} INFO - Processing file /home/airflow/.local/lib/python3.12/site-packages/airflow/example_dags/example_complex.py for tasks to queue
[2024-08-28T02:39:57.882+0000] {logging_mixin.py:188} INFO - [2024-08-28T02:39:57.880+0000] {dagbag.py:545} INFO - Filling up the DagBag from /home/airflow/.local/lib/python3.12/site-packages/airflow/example_dags/example_complex.py
[2024-08-28T02:39:57.905+0000] {processor.py:840} INFO - DAG(s) 'example_complex' retrieved from /home/airflow/.local/lib/python3.12/site-packages/airflow/example_dags/example_complex.py
[2024-08-28T02:39:57.981+0000] {logging_mixin.py:188} INFO - [2024-08-28T02:39:57.981+0000] {dag.py:3089} INFO - Sync 1 DAGs
[2024-08-28T02:39:58.005+0000] {logging_mixin.py:188} INFO - [2024-08-28T02:39:58.004+0000] {dag.py:3947} INFO - Setting next_dagrun for example_complex to None, run_after=None
[2024-08-28T02:39:58.047+0000] {processor.py:183} INFO - Processing /home/airflow/.local/lib/python3.12/site-packages/airflow/example_dags/example_complex.py took 0.181 seconds
[2024-08-28T02:40:32.584+0000] {processor.py:161} INFO - Started process (PID=370) to work on /home/airflow/.local/lib/python3.12/site-packages/airflow/example_dags/example_complex.py
[2024-08-28T02:40:32.587+0000] {processor.py:830} INFO - Processing file /home/airflow/.local/lib/python3.12/site-packages/airflow/example_dags/example_complex.py for tasks to queue
[2024-08-28T02:40:32.592+0000] {logging_mixin.py:188} INFO - [2024-08-28T02:40:32.591+0000] {dagbag.py:545} INFO - Filling up the DagBag from /home/airflow/.local/lib/python3.12/site-packages/airflow/example_dags/example_complex.py
[2024-08-28T02:40:32.682+0000] {processor.py:840} INFO - DAG(s) 'example_complex' retrieved from /home/airflow/.local/lib/python3.12/site-packages/airflow/example_dags/example_complex.py
[2024-08-28T02:40:33.224+0000] {logging_mixin.py:188} INFO - [2024-08-28T02:40:33.223+0000] {dag.py:3089} INFO - Sync 1 DAGs
[2024-08-28T02:40:33.354+0000] {logging_mixin.py:188} INFO - [2024-08-28T02:40:33.353+0000] {dag.py:3947} INFO - Setting next_dagrun for example_complex to None, run_after=None
[2024-08-28T02:40:33.467+0000] {processor.py:183} INFO - Processing /home/airflow/.local/lib/python3.12/site-packages/airflow/example_dags/example_complex.py took 0.916 seconds
[2024-08-28T02:41:55.723+0000] {processor.py:161} INFO - Started process (PID=436) to work on /home/airflow/.local/lib/python3.12/site-packages/airflow/example_dags/example_complex.py
[2024-08-28T02:41:55.753+0000] {processor.py:830} INFO - Processing file /home/airflow/.local/lib/python3.12/site-packages/airflow/example_dags/example_complex.py for tasks to queue
[2024-08-28T02:41:55.773+0000] {logging_mixin.py:188} INFO - [2024-08-28T02:41:55.772+0000] {dagbag.py:545} INFO - Filling up the DagBag from /home/airflow/.local/lib/python3.12/site-packages/airflow/example_dags/example_complex.py
[2024-08-28T02:41:56.039+0000] {processor.py:840} INFO - DAG(s) 'example_complex' retrieved from /home/airflow/.local/lib/python3.12/site-packages/airflow/example_dags/example_complex.py
[2024-08-28T02:41:56.318+0000] {logging_mixin.py:188} INFO - [2024-08-28T02:41:56.317+0000] {dag.py:3089} INFO - Sync 1 DAGs
[2024-08-28T02:41:56.510+0000] {logging_mixin.py:188} INFO - [2024-08-28T02:41:56.509+0000] {dag.py:3947} INFO - Setting next_dagrun for example_complex to None, run_after=None
[2024-08-28T02:41:56.755+0000] {processor.py:183} INFO - Processing /home/airflow/.local/lib/python3.12/site-packages/airflow/example_dags/example_complex.py took 1.112 seconds
[2024-08-28T02:42:26.900+0000] {processor.py:161} INFO - Started process (PID=494) to work on /home/airflow/.local/lib/python3.12/site-packages/airflow/example_dags/example_complex.py
[2024-08-28T02:42:26.901+0000] {processor.py:830} INFO - Processing file /home/airflow/.local/lib/python3.12/site-packages/airflow/example_dags/example_complex.py for tasks to queue
[2024-08-28T02:42:26.904+0000] {logging_mixin.py:188} INFO - [2024-08-28T02:42:26.904+0000] {dagbag.py:545} INFO - Filling up the DagBag from /home/airflow/.local/lib/python3.12/site-packages/airflow/example_dags/example_complex.py
[2024-08-28T02:42:26.919+0000] {processor.py:840} INFO - DAG(s) 'example_complex' retrieved from /home/airflow/.local/lib/python3.12/site-packages/airflow/example_dags/example_complex.py
[2024-08-28T02:42:26.966+0000] {logging_mixin.py:188} INFO - [2024-08-28T02:42:26.966+0000] {dag.py:3089} INFO - Sync 1 DAGs
[2024-08-28T02:42:26.993+0000] {logging_mixin.py:188} INFO - [2024-08-28T02:42:26.992+0000] {dag.py:3947} INFO - Setting next_dagrun for example_complex to None, run_after=None
[2024-08-28T02:42:27.038+0000] {processor.py:183} INFO - Processing /home/airflow/.local/lib/python3.12/site-packages/airflow/example_dags/example_complex.py took 0.146 seconds
[2024-08-28T02:42:57.692+0000] {processor.py:161} INFO - Started process (PID=552) to work on /home/airflow/.local/lib/python3.12/site-packages/airflow/example_dags/example_complex.py
[2024-08-28T02:42:57.694+0000] {processor.py:830} INFO - Processing file /home/airflow/.local/lib/python3.12/site-packages/airflow/example_dags/example_complex.py for tasks to queue
[2024-08-28T02:42:57.710+0000] {logging_mixin.py:188} INFO - [2024-08-28T02:42:57.703+0000] {dagbag.py:545} INFO - Filling up the DagBag from /home/airflow/.local/lib/python3.12/site-packages/airflow/example_dags/example_complex.py
[2024-08-28T02:42:57.731+0000] {processor.py:840} INFO - DAG(s) 'example_complex' retrieved from /home/airflow/.local/lib/python3.12/site-packages/airflow/example_dags/example_complex.py
[2024-08-28T02:42:57.841+0000] {logging_mixin.py:188} INFO - [2024-08-28T02:42:57.841+0000] {dag.py:3089} INFO - Sync 1 DAGs
[2024-08-28T02:42:57.894+0000] {logging_mixin.py:188} INFO - [2024-08-28T02:42:57.894+0000] {dag.py:3947} INFO - Setting next_dagrun for example_complex to None, run_after=None
[2024-08-28T02:42:57.981+0000] {processor.py:183} INFO - Processing /home/airflow/.local/lib/python3.12/site-packages/airflow/example_dags/example_complex.py took 0.298 seconds
[2024-08-28T02:43:28.478+0000] {processor.py:161} INFO - Started process (PID=610) to work on /home/airflow/.local/lib/python3.12/site-packages/airflow/example_dags/example_complex.py
[2024-08-28T02:43:28.480+0000] {processor.py:830} INFO - Processing file /home/airflow/.local/lib/python3.12/site-packages/airflow/example_dags/example_complex.py for tasks to queue
[2024-08-28T02:43:28.488+0000] {logging_mixin.py:188} INFO - [2024-08-28T02:43:28.487+0000] {dagbag.py:545} INFO - Filling up the DagBag from /home/airflow/.local/lib/python3.12/site-packages/airflow/example_dags/example_complex.py
[2024-08-28T02:43:28.527+0000] {processor.py:840} INFO - DAG(s) 'example_complex' retrieved from /home/airflow/.local/lib/python3.12/site-packages/airflow/example_dags/example_complex.py
[2024-08-28T02:43:28.624+0000] {logging_mixin.py:188} INFO - [2024-08-28T02:43:28.624+0000] {dag.py:3089} INFO - Sync 1 DAGs
[2024-08-28T02:43:28.662+0000] {logging_mixin.py:188} INFO - [2024-08-28T02:43:28.662+0000] {dag.py:3947} INFO - Setting next_dagrun for example_complex to None, run_after=None
[2024-08-28T02:43:28.734+0000] {processor.py:183} INFO - Processing /home/airflow/.local/lib/python3.12/site-packages/airflow/example_dags/example_complex.py took 0.271 seconds
[2024-08-28T02:43:59.053+0000] {processor.py:161} INFO - Started process (PID=667) to work on /home/airflow/.local/lib/python3.12/site-packages/airflow/example_dags/example_complex.py
[2024-08-28T02:43:59.055+0000] {processor.py:830} INFO - Processing file /home/airflow/.local/lib/python3.12/site-packages/airflow/example_dags/example_complex.py for tasks to queue
[2024-08-28T02:43:59.059+0000] {logging_mixin.py:188} INFO - [2024-08-28T02:43:59.059+0000] {dagbag.py:545} INFO - Filling up the DagBag from /home/airflow/.local/lib/python3.12/site-packages/airflow/example_dags/example_complex.py
[2024-08-28T02:43:59.095+0000] {processor.py:840} INFO - DAG(s) 'example_complex' retrieved from /home/airflow/.local/lib/python3.12/site-packages/airflow/example_dags/example_complex.py
[2024-08-28T02:43:59.198+0000] {logging_mixin.py:188} INFO - [2024-08-28T02:43:59.197+0000] {dag.py:3089} INFO - Sync 1 DAGs
[2024-08-28T02:43:59.230+0000] {logging_mixin.py:188} INFO - [2024-08-28T02:43:59.230+0000] {dag.py:3947} INFO - Setting next_dagrun for example_complex to None, run_after=None
[2024-08-28T02:43:59.302+0000] {processor.py:183} INFO - Processing /home/airflow/.local/lib/python3.12/site-packages/airflow/example_dags/example_complex.py took 0.262 seconds
[2024-08-28T02:54:24.631+0000] {processor.py:161} INFO - Started process (PID=168) to work on /home/airflow/.local/lib/python3.12/site-packages/airflow/example_dags/example_complex.py
[2024-08-28T02:54:24.656+0000] {processor.py:830} INFO - Processing file /home/airflow/.local/lib/python3.12/site-packages/airflow/example_dags/example_complex.py for tasks to queue
[2024-08-28T02:54:24.666+0000] {logging_mixin.py:188} INFO - [2024-08-28T02:54:24.666+0000] {dagbag.py:545} INFO - Filling up the DagBag from /home/airflow/.local/lib/python3.12/site-packages/airflow/example_dags/example_complex.py
[2024-08-28T02:54:24.754+0000] {processor.py:840} INFO - DAG(s) 'example_complex' retrieved from /home/airflow/.local/lib/python3.12/site-packages/airflow/example_dags/example_complex.py
[2024-08-28T02:54:25.134+0000] {logging_mixin.py:188} INFO - [2024-08-28T02:54:25.133+0000] {dag.py:3089} INFO - Sync 1 DAGs
[2024-08-28T02:54:25.176+0000] {logging_mixin.py:188} INFO - [2024-08-28T02:54:25.176+0000] {dag.py:3947} INFO - Setting next_dagrun for example_complex to None, run_after=None
[2024-08-28T02:54:25.307+0000] {processor.py:183} INFO - Processing /home/airflow/.local/lib/python3.12/site-packages/airflow/example_dags/example_complex.py took 0.718 seconds
[2024-08-28T02:54:56.113+0000] {processor.py:161} INFO - Started process (PID=225) to work on /home/airflow/.local/lib/python3.12/site-packages/airflow/example_dags/example_complex.py
[2024-08-28T02:54:56.116+0000] {processor.py:830} INFO - Processing file /home/airflow/.local/lib/python3.12/site-packages/airflow/example_dags/example_complex.py for tasks to queue
[2024-08-28T02:54:56.146+0000] {logging_mixin.py:188} INFO - [2024-08-28T02:54:56.141+0000] {dagbag.py:545} INFO - Filling up the DagBag from /home/airflow/.local/lib/python3.12/site-packages/airflow/example_dags/example_complex.py
[2024-08-28T02:54:56.200+0000] {processor.py:840} INFO - DAG(s) 'example_complex' retrieved from /home/airflow/.local/lib/python3.12/site-packages/airflow/example_dags/example_complex.py
[2024-08-28T02:54:56.337+0000] {logging_mixin.py:188} INFO - [2024-08-28T02:54:56.337+0000] {dag.py:3089} INFO - Sync 1 DAGs
[2024-08-28T02:54:56.411+0000] {logging_mixin.py:188} INFO - [2024-08-28T02:54:56.410+0000] {dag.py:3947} INFO - Setting next_dagrun for example_complex to None, run_after=None
[2024-08-28T02:54:56.506+0000] {processor.py:183} INFO - Processing /home/airflow/.local/lib/python3.12/site-packages/airflow/example_dags/example_complex.py took 0.404 seconds
[2024-08-28T02:59:46.874+0000] {processor.py:161} INFO - Started process (PID=125) to work on /home/airflow/.local/lib/python3.12/site-packages/airflow/example_dags/example_complex.py
[2024-08-28T02:59:46.895+0000] {processor.py:830} INFO - Processing file /home/airflow/.local/lib/python3.12/site-packages/airflow/example_dags/example_complex.py for tasks to queue
[2024-08-28T02:59:46.917+0000] {logging_mixin.py:188} INFO - [2024-08-28T02:59:46.916+0000] {dagbag.py:545} INFO - Filling up the DagBag from /home/airflow/.local/lib/python3.12/site-packages/airflow/example_dags/example_complex.py
[2024-08-28T02:59:47.545+0000] {processor.py:840} INFO - DAG(s) 'example_complex' retrieved from /home/airflow/.local/lib/python3.12/site-packages/airflow/example_dags/example_complex.py
[2024-08-28T02:59:49.112+0000] {logging_mixin.py:188} INFO - [2024-08-28T02:59:49.111+0000] {dag.py:3089} INFO - Sync 1 DAGs
[2024-08-28T02:59:49.162+0000] {logging_mixin.py:188} INFO - [2024-08-28T02:59:49.161+0000] {dag.py:3947} INFO - Setting next_dagrun for example_complex to None, run_after=None
[2024-08-28T02:59:49.337+0000] {processor.py:183} INFO - Processing /home/airflow/.local/lib/python3.12/site-packages/airflow/example_dags/example_complex.py took 2.588 seconds
