[2024-08-28T02:37:52.051+0000] {processor.py:161} INFO - Started process (PID=111) to work on /home/airflow/.local/lib/python3.12/site-packages/airflow/example_dags/example_sensor_decorator.py
[2024-08-28T02:37:52.053+0000] {processor.py:830} INFO - Processing file /home/airflow/.local/lib/python3.12/site-packages/airflow/example_dags/example_sensor_decorator.py for tasks to queue
[2024-08-28T02:37:52.066+0000] {logging_mixin.py:188} INFO - [2024-08-28T02:37:52.057+0000] {dagbag.py:545} INFO - Filling up the DagBag from /home/airflow/.local/lib/python3.12/site-packages/airflow/example_dags/example_sensor_decorator.py
[2024-08-28T02:37:52.106+0000] {processor.py:840} INFO - DAG(s) 'example_sensor_decorator' retrieved from /home/airflow/.local/lib/python3.12/site-packages/airflow/example_dags/example_sensor_decorator.py
[2024-08-28T02:37:52.638+0000] {logging_mixin.py:188} INFO - [2024-08-28T02:37:52.636+0000] {override.py:1858} INFO - Created Permission View: can edit on DAG:example_sensor_decorator
[2024-08-28T02:37:52.685+0000] {logging_mixin.py:188} INFO - [2024-08-28T02:37:52.684+0000] {override.py:1858} INFO - Created Permission View: can delete on DAG:example_sensor_decorator
[2024-08-28T02:37:52.720+0000] {logging_mixin.py:188} INFO - [2024-08-28T02:37:52.719+0000] {override.py:1858} INFO - Created Permission View: can read on DAG:example_sensor_decorator
[2024-08-28T02:37:52.726+0000] {logging_mixin.py:188} INFO - [2024-08-28T02:37:52.725+0000] {dag.py:3089} INFO - Sync 1 DAGs
[2024-08-28T02:37:52.763+0000] {logging_mixin.py:188} INFO - [2024-08-28T02:37:52.762+0000] {dag.py:3111} INFO - Creating ORM DAG for example_sensor_decorator
[2024-08-28T02:37:52.765+0000] {logging_mixin.py:188} INFO - [2024-08-28T02:37:52.765+0000] {dag.py:3947} INFO - Setting next_dagrun for example_sensor_decorator to None, run_after=None
[2024-08-28T02:37:52.833+0000] {processor.py:183} INFO - Processing /home/airflow/.local/lib/python3.12/site-packages/airflow/example_dags/example_sensor_decorator.py took 0.829 seconds
[2024-08-28T02:38:43.795+0000] {processor.py:161} INFO - Started process (PID=176) to work on /home/airflow/.local/lib/python3.12/site-packages/airflow/example_dags/example_sensor_decorator.py
[2024-08-28T02:38:43.800+0000] {processor.py:830} INFO - Processing file /home/airflow/.local/lib/python3.12/site-packages/airflow/example_dags/example_sensor_decorator.py for tasks to queue
[2024-08-28T02:38:43.808+0000] {logging_mixin.py:188} INFO - [2024-08-28T02:38:43.807+0000] {dagbag.py:545} INFO - Filling up the DagBag from /home/airflow/.local/lib/python3.12/site-packages/airflow/example_dags/example_sensor_decorator.py
[2024-08-28T02:38:43.824+0000] {processor.py:840} INFO - DAG(s) 'example_sensor_decorator' retrieved from /home/airflow/.local/lib/python3.12/site-packages/airflow/example_dags/example_sensor_decorator.py
[2024-08-28T02:38:43.870+0000] {logging_mixin.py:188} INFO - [2024-08-28T02:38:43.870+0000] {dag.py:3089} INFO - Sync 1 DAGs
[2024-08-28T02:38:43.921+0000] {logging_mixin.py:188} INFO - [2024-08-28T02:38:43.921+0000] {dag.py:3947} INFO - Setting next_dagrun for example_sensor_decorator to None, run_after=None
[2024-08-28T02:38:43.972+0000] {processor.py:183} INFO - Processing /home/airflow/.local/lib/python3.12/site-packages/airflow/example_dags/example_sensor_decorator.py took 0.188 seconds
[2024-08-28T02:39:15.976+0000] {processor.py:161} INFO - Started process (PID=234) to work on /home/airflow/.local/lib/python3.12/site-packages/airflow/example_dags/example_sensor_decorator.py
[2024-08-28T02:39:15.982+0000] {processor.py:830} INFO - Processing file /home/airflow/.local/lib/python3.12/site-packages/airflow/example_dags/example_sensor_decorator.py for tasks to queue
[2024-08-28T02:39:15.996+0000] {logging_mixin.py:188} INFO - [2024-08-28T02:39:15.995+0000] {dagbag.py:545} INFO - Filling up the DagBag from /home/airflow/.local/lib/python3.12/site-packages/airflow/example_dags/example_sensor_decorator.py
[2024-08-28T02:39:16.034+0000] {processor.py:840} INFO - DAG(s) 'example_sensor_decorator' retrieved from /home/airflow/.local/lib/python3.12/site-packages/airflow/example_dags/example_sensor_decorator.py
[2024-08-28T02:39:16.107+0000] {logging_mixin.py:188} INFO - [2024-08-28T02:39:16.107+0000] {dag.py:3089} INFO - Sync 1 DAGs
[2024-08-28T02:39:16.161+0000] {logging_mixin.py:188} INFO - [2024-08-28T02:39:16.161+0000] {dag.py:3947} INFO - Setting next_dagrun for example_sensor_decorator to None, run_after=None
[2024-08-28T02:39:16.217+0000] {processor.py:183} INFO - Processing /home/airflow/.local/lib/python3.12/site-packages/airflow/example_dags/example_sensor_decorator.py took 0.289 seconds
[2024-08-28T02:39:47.357+0000] {processor.py:161} INFO - Started process (PID=292) to work on /home/airflow/.local/lib/python3.12/site-packages/airflow/example_dags/example_sensor_decorator.py
[2024-08-28T02:39:47.360+0000] {processor.py:830} INFO - Processing file /home/airflow/.local/lib/python3.12/site-packages/airflow/example_dags/example_sensor_decorator.py for tasks to queue
[2024-08-28T02:39:47.363+0000] {logging_mixin.py:188} INFO - [2024-08-28T02:39:47.363+0000] {dagbag.py:545} INFO - Filling up the DagBag from /home/airflow/.local/lib/python3.12/site-packages/airflow/example_dags/example_sensor_decorator.py
[2024-08-28T02:39:47.373+0000] {processor.py:840} INFO - DAG(s) 'example_sensor_decorator' retrieved from /home/airflow/.local/lib/python3.12/site-packages/airflow/example_dags/example_sensor_decorator.py
[2024-08-28T02:39:47.416+0000] {logging_mixin.py:188} INFO - [2024-08-28T02:39:47.416+0000] {dag.py:3089} INFO - Sync 1 DAGs
[2024-08-28T02:39:47.446+0000] {logging_mixin.py:188} INFO - [2024-08-28T02:39:47.445+0000] {dag.py:3947} INFO - Setting next_dagrun for example_sensor_decorator to None, run_after=None
[2024-08-28T02:39:47.489+0000] {processor.py:183} INFO - Processing /home/airflow/.local/lib/python3.12/site-packages/airflow/example_dags/example_sensor_decorator.py took 0.144 seconds
[2024-08-28T02:40:27.377+0000] {processor.py:161} INFO - Started process (PID=348) to work on /home/airflow/.local/lib/python3.12/site-packages/airflow/example_dags/example_sensor_decorator.py
[2024-08-28T02:40:27.382+0000] {processor.py:830} INFO - Processing file /home/airflow/.local/lib/python3.12/site-packages/airflow/example_dags/example_sensor_decorator.py for tasks to queue
[2024-08-28T02:40:27.386+0000] {logging_mixin.py:188} INFO - [2024-08-28T02:40:27.385+0000] {dagbag.py:545} INFO - Filling up the DagBag from /home/airflow/.local/lib/python3.12/site-packages/airflow/example_dags/example_sensor_decorator.py
[2024-08-28T02:40:27.417+0000] {processor.py:840} INFO - DAG(s) 'example_sensor_decorator' retrieved from /home/airflow/.local/lib/python3.12/site-packages/airflow/example_dags/example_sensor_decorator.py
[2024-08-28T02:40:27.500+0000] {logging_mixin.py:188} INFO - [2024-08-28T02:40:27.499+0000] {dag.py:3089} INFO - Sync 1 DAGs
[2024-08-28T02:40:27.536+0000] {logging_mixin.py:188} INFO - [2024-08-28T02:40:27.535+0000] {dag.py:3947} INFO - Setting next_dagrun for example_sensor_decorator to None, run_after=None
[2024-08-28T02:40:27.596+0000] {processor.py:183} INFO - Processing /home/airflow/.local/lib/python3.12/site-packages/airflow/example_dags/example_sensor_decorator.py took 0.236 seconds
[2024-08-28T02:41:17.958+0000] {processor.py:161} INFO - Started process (PID=411) to work on /home/airflow/.local/lib/python3.12/site-packages/airflow/example_dags/example_sensor_decorator.py
[2024-08-28T02:41:17.994+0000] {processor.py:830} INFO - Processing file /home/airflow/.local/lib/python3.12/site-packages/airflow/example_dags/example_sensor_decorator.py for tasks to queue
[2024-08-28T02:41:18.024+0000] {logging_mixin.py:188} INFO - [2024-08-28T02:41:18.022+0000] {dagbag.py:545} INFO - Filling up the DagBag from /home/airflow/.local/lib/python3.12/site-packages/airflow/example_dags/example_sensor_decorator.py
[2024-08-28T02:41:18.129+0000] {processor.py:840} INFO - DAG(s) 'example_sensor_decorator' retrieved from /home/airflow/.local/lib/python3.12/site-packages/airflow/example_dags/example_sensor_decorator.py
[2024-08-28T02:41:18.920+0000] {logging_mixin.py:188} INFO - [2024-08-28T02:41:18.919+0000] {dag.py:3089} INFO - Sync 1 DAGs
[2024-08-28T02:41:19.628+0000] {logging_mixin.py:188} INFO - [2024-08-28T02:41:19.626+0000] {dag.py:3947} INFO - Setting next_dagrun for example_sensor_decorator to None, run_after=None
[2024-08-28T02:41:20.754+0000] {processor.py:183} INFO - Processing /home/airflow/.local/lib/python3.12/site-packages/airflow/example_dags/example_sensor_decorator.py took 2.920 seconds
[2024-08-28T02:42:06.332+0000] {processor.py:161} INFO - Started process (PID=466) to work on /home/airflow/.local/lib/python3.12/site-packages/airflow/example_dags/example_sensor_decorator.py
[2024-08-28T02:42:06.342+0000] {processor.py:830} INFO - Processing file /home/airflow/.local/lib/python3.12/site-packages/airflow/example_dags/example_sensor_decorator.py for tasks to queue
[2024-08-28T02:42:06.358+0000] {logging_mixin.py:188} INFO - [2024-08-28T02:42:06.357+0000] {dagbag.py:545} INFO - Filling up the DagBag from /home/airflow/.local/lib/python3.12/site-packages/airflow/example_dags/example_sensor_decorator.py
[2024-08-28T02:42:06.384+0000] {processor.py:840} INFO - DAG(s) 'example_sensor_decorator' retrieved from /home/airflow/.local/lib/python3.12/site-packages/airflow/example_dags/example_sensor_decorator.py
[2024-08-28T02:42:06.535+0000] {logging_mixin.py:188} INFO - [2024-08-28T02:42:06.528+0000] {dag.py:3089} INFO - Sync 1 DAGs
[2024-08-28T02:42:06.585+0000] {logging_mixin.py:188} INFO - [2024-08-28T02:42:06.585+0000] {dag.py:3947} INFO - Setting next_dagrun for example_sensor_decorator to None, run_after=None
[2024-08-28T02:42:06.678+0000] {processor.py:183} INFO - Processing /home/airflow/.local/lib/python3.12/site-packages/airflow/example_dags/example_sensor_decorator.py took 0.469 seconds
[2024-08-28T02:42:36.945+0000] {processor.py:161} INFO - Started process (PID=524) to work on /home/airflow/.local/lib/python3.12/site-packages/airflow/example_dags/example_sensor_decorator.py
[2024-08-28T02:42:36.947+0000] {processor.py:830} INFO - Processing file /home/airflow/.local/lib/python3.12/site-packages/airflow/example_dags/example_sensor_decorator.py for tasks to queue
[2024-08-28T02:42:36.956+0000] {logging_mixin.py:188} INFO - [2024-08-28T02:42:36.955+0000] {dagbag.py:545} INFO - Filling up the DagBag from /home/airflow/.local/lib/python3.12/site-packages/airflow/example_dags/example_sensor_decorator.py
[2024-08-28T02:42:36.975+0000] {processor.py:840} INFO - DAG(s) 'example_sensor_decorator' retrieved from /home/airflow/.local/lib/python3.12/site-packages/airflow/example_dags/example_sensor_decorator.py
[2024-08-28T02:42:37.073+0000] {logging_mixin.py:188} INFO - [2024-08-28T02:42:37.072+0000] {dag.py:3089} INFO - Sync 1 DAGs
[2024-08-28T02:42:37.103+0000] {logging_mixin.py:188} INFO - [2024-08-28T02:42:37.103+0000] {dag.py:3947} INFO - Setting next_dagrun for example_sensor_decorator to None, run_after=None
[2024-08-28T02:42:37.143+0000] {processor.py:183} INFO - Processing /home/airflow/.local/lib/python3.12/site-packages/airflow/example_dags/example_sensor_decorator.py took 0.215 seconds
[2024-08-28T02:43:07.736+0000] {processor.py:161} INFO - Started process (PID=588) to work on /home/airflow/.local/lib/python3.12/site-packages/airflow/example_dags/example_sensor_decorator.py
[2024-08-28T02:43:07.738+0000] {processor.py:830} INFO - Processing file /home/airflow/.local/lib/python3.12/site-packages/airflow/example_dags/example_sensor_decorator.py for tasks to queue
[2024-08-28T02:43:07.741+0000] {logging_mixin.py:188} INFO - [2024-08-28T02:43:07.740+0000] {dagbag.py:545} INFO - Filling up the DagBag from /home/airflow/.local/lib/python3.12/site-packages/airflow/example_dags/example_sensor_decorator.py
[2024-08-28T02:43:07.752+0000] {processor.py:840} INFO - DAG(s) 'example_sensor_decorator' retrieved from /home/airflow/.local/lib/python3.12/site-packages/airflow/example_dags/example_sensor_decorator.py
[2024-08-28T02:43:07.792+0000] {logging_mixin.py:188} INFO - [2024-08-28T02:43:07.791+0000] {dag.py:3089} INFO - Sync 1 DAGs
[2024-08-28T02:43:07.816+0000] {logging_mixin.py:188} INFO - [2024-08-28T02:43:07.816+0000] {dag.py:3947} INFO - Setting next_dagrun for example_sensor_decorator to None, run_after=None
[2024-08-28T02:43:07.859+0000] {processor.py:183} INFO - Processing /home/airflow/.local/lib/python3.12/site-packages/airflow/example_dags/example_sensor_decorator.py took 0.132 seconds
[2024-08-28T02:43:39.280+0000] {processor.py:161} INFO - Started process (PID=645) to work on /home/airflow/.local/lib/python3.12/site-packages/airflow/example_dags/example_sensor_decorator.py
[2024-08-28T02:43:39.284+0000] {processor.py:830} INFO - Processing file /home/airflow/.local/lib/python3.12/site-packages/airflow/example_dags/example_sensor_decorator.py for tasks to queue
[2024-08-28T02:43:39.289+0000] {logging_mixin.py:188} INFO - [2024-08-28T02:43:39.289+0000] {dagbag.py:545} INFO - Filling up the DagBag from /home/airflow/.local/lib/python3.12/site-packages/airflow/example_dags/example_sensor_decorator.py
[2024-08-28T02:43:39.319+0000] {processor.py:840} INFO - DAG(s) 'example_sensor_decorator' retrieved from /home/airflow/.local/lib/python3.12/site-packages/airflow/example_dags/example_sensor_decorator.py
[2024-08-28T02:43:39.412+0000] {logging_mixin.py:188} INFO - [2024-08-28T02:43:39.412+0000] {dag.py:3089} INFO - Sync 1 DAGs
[2024-08-28T02:43:39.476+0000] {logging_mixin.py:188} INFO - [2024-08-28T02:43:39.474+0000] {dag.py:3947} INFO - Setting next_dagrun for example_sensor_decorator to None, run_after=None
[2024-08-28T02:43:39.553+0000] {processor.py:183} INFO - Processing /home/airflow/.local/lib/python3.12/site-packages/airflow/example_dags/example_sensor_decorator.py took 0.294 seconds
[2024-08-28T02:54:11.102+0000] {processor.py:161} INFO - Started process (PID=148) to work on /home/airflow/.local/lib/python3.12/site-packages/airflow/example_dags/example_sensor_decorator.py
[2024-08-28T02:54:11.120+0000] {processor.py:830} INFO - Processing file /home/airflow/.local/lib/python3.12/site-packages/airflow/example_dags/example_sensor_decorator.py for tasks to queue
[2024-08-28T02:54:11.126+0000] {logging_mixin.py:188} INFO - [2024-08-28T02:54:11.125+0000] {dagbag.py:545} INFO - Filling up the DagBag from /home/airflow/.local/lib/python3.12/site-packages/airflow/example_dags/example_sensor_decorator.py
[2024-08-28T02:54:11.163+0000] {processor.py:840} INFO - DAG(s) 'example_sensor_decorator' retrieved from /home/airflow/.local/lib/python3.12/site-packages/airflow/example_dags/example_sensor_decorator.py
[2024-08-28T02:54:11.327+0000] {logging_mixin.py:188} INFO - [2024-08-28T02:54:11.325+0000] {dag.py:3089} INFO - Sync 1 DAGs
[2024-08-28T02:54:11.458+0000] {logging_mixin.py:188} INFO - [2024-08-28T02:54:11.457+0000] {dag.py:3947} INFO - Setting next_dagrun for example_sensor_decorator to None, run_after=None
[2024-08-28T02:54:11.760+0000] {processor.py:183} INFO - Processing /home/airflow/.local/lib/python3.12/site-packages/airflow/example_dags/example_sensor_decorator.py took 0.788 seconds
[2024-08-28T02:54:45.750+0000] {processor.py:161} INFO - Started process (PID=205) to work on /home/airflow/.local/lib/python3.12/site-packages/airflow/example_dags/example_sensor_decorator.py
[2024-08-28T02:54:45.782+0000] {processor.py:830} INFO - Processing file /home/airflow/.local/lib/python3.12/site-packages/airflow/example_dags/example_sensor_decorator.py for tasks to queue
[2024-08-28T02:54:45.788+0000] {logging_mixin.py:188} INFO - [2024-08-28T02:54:45.787+0000] {dagbag.py:545} INFO - Filling up the DagBag from /home/airflow/.local/lib/python3.12/site-packages/airflow/example_dags/example_sensor_decorator.py
[2024-08-28T02:54:45.809+0000] {processor.py:840} INFO - DAG(s) 'example_sensor_decorator' retrieved from /home/airflow/.local/lib/python3.12/site-packages/airflow/example_dags/example_sensor_decorator.py
[2024-08-28T02:54:45.865+0000] {logging_mixin.py:188} INFO - [2024-08-28T02:54:45.865+0000] {dag.py:3089} INFO - Sync 1 DAGs
[2024-08-28T02:54:45.906+0000] {logging_mixin.py:188} INFO - [2024-08-28T02:54:45.906+0000] {dag.py:3947} INFO - Setting next_dagrun for example_sensor_decorator to None, run_after=None
[2024-08-28T02:54:46.014+0000] {processor.py:183} INFO - Processing /home/airflow/.local/lib/python3.12/site-packages/airflow/example_dags/example_sensor_decorator.py took 0.311 seconds
[2024-08-28T02:59:28.712+0000] {processor.py:161} INFO - Started process (PID=105) to work on /home/airflow/.local/lib/python3.12/site-packages/airflow/example_dags/example_sensor_decorator.py
[2024-08-28T02:59:28.716+0000] {processor.py:830} INFO - Processing file /home/airflow/.local/lib/python3.12/site-packages/airflow/example_dags/example_sensor_decorator.py for tasks to queue
[2024-08-28T02:59:28.721+0000] {logging_mixin.py:188} INFO - [2024-08-28T02:59:28.720+0000] {dagbag.py:545} INFO - Filling up the DagBag from /home/airflow/.local/lib/python3.12/site-packages/airflow/example_dags/example_sensor_decorator.py
[2024-08-28T02:59:28.737+0000] {processor.py:840} INFO - DAG(s) 'example_sensor_decorator' retrieved from /home/airflow/.local/lib/python3.12/site-packages/airflow/example_dags/example_sensor_decorator.py
[2024-08-28T02:59:29.187+0000] {logging_mixin.py:188} INFO - [2024-08-28T02:59:29.187+0000] {dag.py:3089} INFO - Sync 1 DAGs
[2024-08-28T02:59:29.222+0000] {logging_mixin.py:188} INFO - [2024-08-28T02:59:29.221+0000] {dag.py:3947} INFO - Setting next_dagrun for example_sensor_decorator to None, run_after=None
[2024-08-28T02:59:29.301+0000] {processor.py:183} INFO - Processing /home/airflow/.local/lib/python3.12/site-packages/airflow/example_dags/example_sensor_decorator.py took 0.604 seconds
[2024-08-28T04:00:20.979+0000] {processor.py:161} INFO - Started process (PID=153) to work on /home/airflow/.local/lib/python3.12/site-packages/airflow/example_dags/example_sensor_decorator.py
[2024-08-28T04:00:21.204+0000] {processor.py:830} INFO - Processing file /home/airflow/.local/lib/python3.12/site-packages/airflow/example_dags/example_sensor_decorator.py for tasks to queue
[2024-08-28T04:00:21.284+0000] {logging_mixin.py:188} INFO - [2024-08-28T04:00:21.283+0000] {dagbag.py:545} INFO - Filling up the DagBag from /home/airflow/.local/lib/python3.12/site-packages/airflow/example_dags/example_sensor_decorator.py
[2024-08-28T04:00:23.905+0000] {processor.py:840} INFO - DAG(s) 'example_sensor_decorator' retrieved from /home/airflow/.local/lib/python3.12/site-packages/airflow/example_dags/example_sensor_decorator.py
[2024-08-28T04:00:37.523+0000] {logging_mixin.py:188} INFO - [2024-08-28T04:00:37.523+0000] {dag.py:3089} INFO - Sync 1 DAGs
[2024-08-28T04:00:37.944+0000] {logging_mixin.py:188} INFO - [2024-08-28T04:00:37.943+0000] {dag.py:3947} INFO - Setting next_dagrun for example_sensor_decorator to None, run_after=None
[2024-08-28T04:00:42.078+0000] {processor.py:183} INFO - Processing /home/airflow/.local/lib/python3.12/site-packages/airflow/example_dags/example_sensor_decorator.py took 21.701 seconds
[2024-08-28T04:05:46.262+0000] {processor.py:161} INFO - Started process (PID=250) to work on /home/airflow/.local/lib/python3.12/site-packages/airflow/example_dags/example_sensor_decorator.py
[2024-08-28T04:05:46.267+0000] {processor.py:830} INFO - Processing file /home/airflow/.local/lib/python3.12/site-packages/airflow/example_dags/example_sensor_decorator.py for tasks to queue
[2024-08-28T04:05:46.282+0000] {logging_mixin.py:188} INFO - [2024-08-28T04:05:46.273+0000] {dagbag.py:545} INFO - Filling up the DagBag from /home/airflow/.local/lib/python3.12/site-packages/airflow/example_dags/example_sensor_decorator.py
[2024-08-28T04:05:46.320+0000] {processor.py:840} INFO - DAG(s) 'example_sensor_decorator' retrieved from /home/airflow/.local/lib/python3.12/site-packages/airflow/example_dags/example_sensor_decorator.py
[2024-08-28T04:05:46.398+0000] {logging_mixin.py:188} INFO - [2024-08-28T04:05:46.397+0000] {dag.py:3089} INFO - Sync 1 DAGs
[2024-08-28T04:05:46.512+0000] {logging_mixin.py:188} INFO - [2024-08-28T04:05:46.512+0000] {dag.py:3947} INFO - Setting next_dagrun for example_sensor_decorator to None, run_after=None
[2024-08-28T04:05:46.657+0000] {processor.py:183} INFO - Processing /home/airflow/.local/lib/python3.12/site-packages/airflow/example_dags/example_sensor_decorator.py took 0.419 seconds
[2024-08-28T04:06:22.540+0000] {processor.py:161} INFO - Started process (PID=308) to work on /home/airflow/.local/lib/python3.12/site-packages/airflow/example_dags/example_sensor_decorator.py
[2024-08-28T04:06:22.551+0000] {processor.py:830} INFO - Processing file /home/airflow/.local/lib/python3.12/site-packages/airflow/example_dags/example_sensor_decorator.py for tasks to queue
[2024-08-28T04:06:22.565+0000] {logging_mixin.py:188} INFO - [2024-08-28T04:06:22.563+0000] {dagbag.py:545} INFO - Filling up the DagBag from /home/airflow/.local/lib/python3.12/site-packages/airflow/example_dags/example_sensor_decorator.py
[2024-08-28T04:06:22.629+0000] {processor.py:840} INFO - DAG(s) 'example_sensor_decorator' retrieved from /home/airflow/.local/lib/python3.12/site-packages/airflow/example_dags/example_sensor_decorator.py
[2024-08-28T04:06:22.938+0000] {logging_mixin.py:188} INFO - [2024-08-28T04:06:22.937+0000] {dag.py:3089} INFO - Sync 1 DAGs
[2024-08-28T04:06:23.171+0000] {logging_mixin.py:188} INFO - [2024-08-28T04:06:23.170+0000] {dag.py:3947} INFO - Setting next_dagrun for example_sensor_decorator to None, run_after=None
[2024-08-28T04:06:23.478+0000] {processor.py:183} INFO - Processing /home/airflow/.local/lib/python3.12/site-packages/airflow/example_dags/example_sensor_decorator.py took 0.979 seconds
[2024-08-28T04:07:34.839+0000] {processor.py:161} INFO - Started process (PID=378) to work on /home/airflow/.local/lib/python3.12/site-packages/airflow/example_dags/example_sensor_decorator.py
[2024-08-28T04:07:34.911+0000] {processor.py:830} INFO - Processing file /home/airflow/.local/lib/python3.12/site-packages/airflow/example_dags/example_sensor_decorator.py for tasks to queue
[2024-08-28T04:07:34.922+0000] {logging_mixin.py:188} INFO - [2024-08-28T04:07:34.921+0000] {dagbag.py:545} INFO - Filling up the DagBag from /home/airflow/.local/lib/python3.12/site-packages/airflow/example_dags/example_sensor_decorator.py
[2024-08-28T04:07:35.019+0000] {processor.py:840} INFO - DAG(s) 'example_sensor_decorator' retrieved from /home/airflow/.local/lib/python3.12/site-packages/airflow/example_dags/example_sensor_decorator.py
[2024-08-28T04:07:35.220+0000] {logging_mixin.py:188} INFO - [2024-08-28T04:07:35.219+0000] {dag.py:3089} INFO - Sync 1 DAGs
[2024-08-28T04:07:35.327+0000] {logging_mixin.py:188} INFO - [2024-08-28T04:07:35.326+0000] {dag.py:3947} INFO - Setting next_dagrun for example_sensor_decorator to None, run_after=None
[2024-08-28T04:07:35.745+0000] {processor.py:183} INFO - Processing /home/airflow/.local/lib/python3.12/site-packages/airflow/example_dags/example_sensor_decorator.py took 0.966 seconds
[2024-08-28T04:09:45.102+0000] {processor.py:161} INFO - Started process (PID=442) to work on /home/airflow/.local/lib/python3.12/site-packages/airflow/example_dags/example_sensor_decorator.py
[2024-08-28T04:09:45.226+0000] {processor.py:830} INFO - Processing file /home/airflow/.local/lib/python3.12/site-packages/airflow/example_dags/example_sensor_decorator.py for tasks to queue
[2024-08-28T04:09:45.358+0000] {logging_mixin.py:188} INFO - [2024-08-28T04:09:45.278+0000] {dagbag.py:545} INFO - Filling up the DagBag from /home/airflow/.local/lib/python3.12/site-packages/airflow/example_dags/example_sensor_decorator.py
[2024-08-28T04:09:46.855+0000] {processor.py:840} INFO - DAG(s) 'example_sensor_decorator' retrieved from /home/airflow/.local/lib/python3.12/site-packages/airflow/example_dags/example_sensor_decorator.py
[2024-08-28T04:09:48.264+0000] {logging_mixin.py:188} INFO - [2024-08-28T04:09:48.263+0000] {dag.py:3089} INFO - Sync 1 DAGs
[2024-08-28T04:09:48.986+0000] {logging_mixin.py:188} INFO - [2024-08-28T04:09:48.957+0000] {dag.py:3947} INFO - Setting next_dagrun for example_sensor_decorator to None, run_after=None
[2024-08-28T04:09:50.458+0000] {processor.py:183} INFO - Processing /home/airflow/.local/lib/python3.12/site-packages/airflow/example_dags/example_sensor_decorator.py took 5.518 seconds
[2024-08-28T04:11:46.024+0000] {processor.py:161} INFO - Started process (PID=492) to work on /home/airflow/.local/lib/python3.12/site-packages/airflow/example_dags/example_sensor_decorator.py
[2024-08-28T04:11:46.241+0000] {processor.py:830} INFO - Processing file /home/airflow/.local/lib/python3.12/site-packages/airflow/example_dags/example_sensor_decorator.py for tasks to queue
[2024-08-28T04:11:46.276+0000] {logging_mixin.py:188} INFO - [2024-08-28T04:11:46.275+0000] {dagbag.py:545} INFO - Filling up the DagBag from /home/airflow/.local/lib/python3.12/site-packages/airflow/example_dags/example_sensor_decorator.py
[2024-08-28T04:11:50.658+0000] {processor.py:840} INFO - DAG(s) 'example_sensor_decorator' retrieved from /home/airflow/.local/lib/python3.12/site-packages/airflow/example_dags/example_sensor_decorator.py
[2024-08-28T04:11:52.494+0000] {logging_mixin.py:188} INFO - [2024-08-28T04:11:52.494+0000] {dag.py:3089} INFO - Sync 1 DAGs
[2024-08-28T04:11:52.851+0000] {logging_mixin.py:188} INFO - [2024-08-28T04:11:52.850+0000] {dag.py:3947} INFO - Setting next_dagrun for example_sensor_decorator to None, run_after=None
[2024-08-28T04:11:53.411+0000] {processor.py:183} INFO - Processing /home/airflow/.local/lib/python3.12/site-packages/airflow/example_dags/example_sensor_decorator.py took 7.813 seconds
[2024-08-28T04:13:59.666+0000] {processor.py:161} INFO - Started process (PID=561) to work on /home/airflow/.local/lib/python3.12/site-packages/airflow/example_dags/example_sensor_decorator.py
[2024-08-28T04:13:59.683+0000] {processor.py:830} INFO - Processing file /home/airflow/.local/lib/python3.12/site-packages/airflow/example_dags/example_sensor_decorator.py for tasks to queue
[2024-08-28T04:13:59.699+0000] {logging_mixin.py:188} INFO - [2024-08-28T04:13:59.698+0000] {dagbag.py:545} INFO - Filling up the DagBag from /home/airflow/.local/lib/python3.12/site-packages/airflow/example_dags/example_sensor_decorator.py
[2024-08-28T04:13:59.871+0000] {processor.py:840} INFO - DAG(s) 'example_sensor_decorator' retrieved from /home/airflow/.local/lib/python3.12/site-packages/airflow/example_dags/example_sensor_decorator.py
[2024-08-28T04:14:01.671+0000] {logging_mixin.py:188} INFO - [2024-08-28T04:14:01.670+0000] {dag.py:3089} INFO - Sync 1 DAGs
[2024-08-28T04:14:02.772+0000] {logging_mixin.py:188} INFO - [2024-08-28T04:14:02.771+0000] {dag.py:3947} INFO - Setting next_dagrun for example_sensor_decorator to None, run_after=None
[2024-08-28T04:14:03.758+0000] {processor.py:183} INFO - Processing /home/airflow/.local/lib/python3.12/site-packages/airflow/example_dags/example_sensor_decorator.py took 4.322 seconds
[2024-08-28T04:15:41.400+0000] {processor.py:161} INFO - Started process (PID=615) to work on /home/airflow/.local/lib/python3.12/site-packages/airflow/example_dags/example_sensor_decorator.py
[2024-08-28T04:15:41.424+0000] {processor.py:830} INFO - Processing file /home/airflow/.local/lib/python3.12/site-packages/airflow/example_dags/example_sensor_decorator.py for tasks to queue
[2024-08-28T04:15:41.456+0000] {logging_mixin.py:188} INFO - [2024-08-28T04:15:41.455+0000] {dagbag.py:545} INFO - Filling up the DagBag from /home/airflow/.local/lib/python3.12/site-packages/airflow/example_dags/example_sensor_decorator.py
[2024-08-28T04:15:41.520+0000] {processor.py:840} INFO - DAG(s) 'example_sensor_decorator' retrieved from /home/airflow/.local/lib/python3.12/site-packages/airflow/example_dags/example_sensor_decorator.py
[2024-08-28T04:15:42.042+0000] {logging_mixin.py:188} INFO - [2024-08-28T04:15:42.041+0000] {dag.py:3089} INFO - Sync 1 DAGs
[2024-08-28T04:15:42.266+0000] {logging_mixin.py:188} INFO - [2024-08-28T04:15:42.264+0000] {dag.py:3947} INFO - Setting next_dagrun for example_sensor_decorator to None, run_after=None
[2024-08-28T04:15:42.619+0000] {processor.py:183} INFO - Processing /home/airflow/.local/lib/python3.12/site-packages/airflow/example_dags/example_sensor_decorator.py took 1.296 seconds
