[2024-08-28T02:37:42.569+0000] {processor.py:161} INFO - Started process (PID=94) to work on /home/airflow/.local/lib/python3.12/site-packages/airflow/example_dags/example_local_kubernetes_executor.py
[2024-08-28T02:37:42.572+0000] {processor.py:830} INFO - Processing file /home/airflow/.local/lib/python3.12/site-packages/airflow/example_dags/example_local_kubernetes_executor.py for tasks to queue
[2024-08-28T02:37:42.579+0000] {logging_mixin.py:188} INFO - [2024-08-28T02:37:42.578+0000] {dagbag.py:545} INFO - Filling up the DagBag from /home/airflow/.local/lib/python3.12/site-packages/airflow/example_dags/example_local_kubernetes_executor.py
[2024-08-28T02:37:42.608+0000] {processor.py:840} INFO - DAG(s) 'example_local_kubernetes_executor' retrieved from /home/airflow/.local/lib/python3.12/site-packages/airflow/example_dags/example_local_kubernetes_executor.py
[2024-08-28T02:37:42.930+0000] {logging_mixin.py:188} INFO - [2024-08-28T02:37:42.929+0000] {override.py:1858} INFO - Created Permission View: can edit on DAG:example_local_kubernetes_executor
[2024-08-28T02:37:42.956+0000] {logging_mixin.py:188} INFO - [2024-08-28T02:37:42.953+0000] {override.py:1858} INFO - Created Permission View: can delete on DAG:example_local_kubernetes_executor
[2024-08-28T02:37:42.980+0000] {logging_mixin.py:188} INFO - [2024-08-28T02:37:42.979+0000] {override.py:1858} INFO - Created Permission View: can read on DAG:example_local_kubernetes_executor
[2024-08-28T02:37:42.981+0000] {logging_mixin.py:188} INFO - [2024-08-28T02:37:42.981+0000] {dag.py:3089} INFO - Sync 1 DAGs
[2024-08-28T02:37:43.006+0000] {logging_mixin.py:188} INFO - [2024-08-28T02:37:43.006+0000] {dag.py:3111} INFO - Creating ORM DAG for example_local_kubernetes_executor
[2024-08-28T02:37:43.009+0000] {logging_mixin.py:188} INFO - [2024-08-28T02:37:43.008+0000] {dag.py:3947} INFO - Setting next_dagrun for example_local_kubernetes_executor to None, run_after=None
[2024-08-28T02:37:43.056+0000] {processor.py:183} INFO - Processing /home/airflow/.local/lib/python3.12/site-packages/airflow/example_dags/example_local_kubernetes_executor.py took 0.510 seconds
[2024-08-28T02:38:38.297+0000] {processor.py:161} INFO - Started process (PID=159) to work on /home/airflow/.local/lib/python3.12/site-packages/airflow/example_dags/example_local_kubernetes_executor.py
[2024-08-28T02:38:38.301+0000] {processor.py:830} INFO - Processing file /home/airflow/.local/lib/python3.12/site-packages/airflow/example_dags/example_local_kubernetes_executor.py for tasks to queue
[2024-08-28T02:38:38.306+0000] {logging_mixin.py:188} INFO - [2024-08-28T02:38:38.305+0000] {dagbag.py:545} INFO - Filling up the DagBag from /home/airflow/.local/lib/python3.12/site-packages/airflow/example_dags/example_local_kubernetes_executor.py
[2024-08-28T02:38:38.328+0000] {processor.py:840} INFO - DAG(s) 'example_local_kubernetes_executor' retrieved from /home/airflow/.local/lib/python3.12/site-packages/airflow/example_dags/example_local_kubernetes_executor.py
[2024-08-28T02:38:38.666+0000] {logging_mixin.py:188} INFO - [2024-08-28T02:38:38.665+0000] {dag.py:3089} INFO - Sync 1 DAGs
[2024-08-28T02:38:38.716+0000] {logging_mixin.py:188} INFO - [2024-08-28T02:38:38.715+0000] {dag.py:3947} INFO - Setting next_dagrun for example_local_kubernetes_executor to None, run_after=None
[2024-08-28T02:38:38.812+0000] {processor.py:183} INFO - Processing /home/airflow/.local/lib/python3.12/site-packages/airflow/example_dags/example_local_kubernetes_executor.py took 0.530 seconds
[2024-08-28T02:39:09.624+0000] {processor.py:161} INFO - Started process (PID=215) to work on /home/airflow/.local/lib/python3.12/site-packages/airflow/example_dags/example_local_kubernetes_executor.py
[2024-08-28T02:39:09.626+0000] {processor.py:830} INFO - Processing file /home/airflow/.local/lib/python3.12/site-packages/airflow/example_dags/example_local_kubernetes_executor.py for tasks to queue
[2024-08-28T02:39:09.629+0000] {logging_mixin.py:188} INFO - [2024-08-28T02:39:09.628+0000] {dagbag.py:545} INFO - Filling up the DagBag from /home/airflow/.local/lib/python3.12/site-packages/airflow/example_dags/example_local_kubernetes_executor.py
[2024-08-28T02:39:09.641+0000] {processor.py:840} INFO - DAG(s) 'example_local_kubernetes_executor' retrieved from /home/airflow/.local/lib/python3.12/site-packages/airflow/example_dags/example_local_kubernetes_executor.py
[2024-08-28T02:39:09.726+0000] {logging_mixin.py:188} INFO - [2024-08-28T02:39:09.725+0000] {dag.py:3089} INFO - Sync 1 DAGs
[2024-08-28T02:39:09.754+0000] {logging_mixin.py:188} INFO - [2024-08-28T02:39:09.753+0000] {dag.py:3947} INFO - Setting next_dagrun for example_local_kubernetes_executor to None, run_after=None
[2024-08-28T02:39:09.803+0000] {processor.py:183} INFO - Processing /home/airflow/.local/lib/python3.12/site-packages/airflow/example_dags/example_local_kubernetes_executor.py took 0.188 seconds
[2024-08-28T02:39:41.392+0000] {processor.py:161} INFO - Started process (PID=273) to work on /home/airflow/.local/lib/python3.12/site-packages/airflow/example_dags/example_local_kubernetes_executor.py
[2024-08-28T02:39:41.395+0000] {processor.py:830} INFO - Processing file /home/airflow/.local/lib/python3.12/site-packages/airflow/example_dags/example_local_kubernetes_executor.py for tasks to queue
[2024-08-28T02:39:41.400+0000] {logging_mixin.py:188} INFO - [2024-08-28T02:39:41.399+0000] {dagbag.py:545} INFO - Filling up the DagBag from /home/airflow/.local/lib/python3.12/site-packages/airflow/example_dags/example_local_kubernetes_executor.py
[2024-08-28T02:39:41.422+0000] {processor.py:840} INFO - DAG(s) 'example_local_kubernetes_executor' retrieved from /home/airflow/.local/lib/python3.12/site-packages/airflow/example_dags/example_local_kubernetes_executor.py
[2024-08-28T02:39:42.197+0000] {logging_mixin.py:188} INFO - [2024-08-28T02:39:42.197+0000] {dag.py:3089} INFO - Sync 1 DAGs
[2024-08-28T02:39:42.224+0000] {logging_mixin.py:188} INFO - [2024-08-28T02:39:42.223+0000] {dag.py:3947} INFO - Setting next_dagrun for example_local_kubernetes_executor to None, run_after=None
[2024-08-28T02:39:42.272+0000] {processor.py:183} INFO - Processing /home/airflow/.local/lib/python3.12/site-packages/airflow/example_dags/example_local_kubernetes_executor.py took 0.895 seconds
[2024-08-28T02:40:14.981+0000] {processor.py:161} INFO - Started process (PID=331) to work on /home/airflow/.local/lib/python3.12/site-packages/airflow/example_dags/example_local_kubernetes_executor.py
[2024-08-28T02:40:14.989+0000] {processor.py:830} INFO - Processing file /home/airflow/.local/lib/python3.12/site-packages/airflow/example_dags/example_local_kubernetes_executor.py for tasks to queue
[2024-08-28T02:40:14.994+0000] {logging_mixin.py:188} INFO - [2024-08-28T02:40:14.993+0000] {dagbag.py:545} INFO - Filling up the DagBag from /home/airflow/.local/lib/python3.12/site-packages/airflow/example_dags/example_local_kubernetes_executor.py
[2024-08-28T02:40:15.033+0000] {processor.py:840} INFO - DAG(s) 'example_local_kubernetes_executor' retrieved from /home/airflow/.local/lib/python3.12/site-packages/airflow/example_dags/example_local_kubernetes_executor.py
[2024-08-28T02:40:15.199+0000] {logging_mixin.py:188} INFO - [2024-08-28T02:40:15.198+0000] {dag.py:3089} INFO - Sync 1 DAGs
[2024-08-28T02:40:15.329+0000] {logging_mixin.py:188} INFO - [2024-08-28T02:40:15.328+0000] {dag.py:3947} INFO - Setting next_dagrun for example_local_kubernetes_executor to None, run_after=None
[2024-08-28T02:40:15.652+0000] {processor.py:183} INFO - Processing /home/airflow/.local/lib/python3.12/site-packages/airflow/example_dags/example_local_kubernetes_executor.py took 0.708 seconds
[2024-08-28T02:40:46.489+0000] {processor.py:161} INFO - Started process (PID=388) to work on /home/airflow/.local/lib/python3.12/site-packages/airflow/example_dags/example_local_kubernetes_executor.py
[2024-08-28T02:40:46.491+0000] {processor.py:830} INFO - Processing file /home/airflow/.local/lib/python3.12/site-packages/airflow/example_dags/example_local_kubernetes_executor.py for tasks to queue
[2024-08-28T02:40:46.500+0000] {logging_mixin.py:188} INFO - [2024-08-28T02:40:46.500+0000] {dagbag.py:545} INFO - Filling up the DagBag from /home/airflow/.local/lib/python3.12/site-packages/airflow/example_dags/example_local_kubernetes_executor.py
[2024-08-28T02:40:46.523+0000] {processor.py:840} INFO - DAG(s) 'example_local_kubernetes_executor' retrieved from /home/airflow/.local/lib/python3.12/site-packages/airflow/example_dags/example_local_kubernetes_executor.py
[2024-08-28T02:40:48.281+0000] {logging_mixin.py:188} INFO - [2024-08-28T02:40:48.278+0000] {dag.py:3089} INFO - Sync 1 DAGs
[2024-08-28T02:40:48.593+0000] {logging_mixin.py:188} INFO - [2024-08-28T02:40:48.592+0000] {dag.py:3947} INFO - Setting next_dagrun for example_local_kubernetes_executor to None, run_after=None
[2024-08-28T02:40:48.903+0000] {processor.py:183} INFO - Processing /home/airflow/.local/lib/python3.12/site-packages/airflow/example_dags/example_local_kubernetes_executor.py took 2.432 seconds
[2024-08-28T02:42:01.727+0000] {processor.py:161} INFO - Started process (PID=449) to work on /home/airflow/.local/lib/python3.12/site-packages/airflow/example_dags/example_local_kubernetes_executor.py
[2024-08-28T02:42:01.729+0000] {processor.py:830} INFO - Processing file /home/airflow/.local/lib/python3.12/site-packages/airflow/example_dags/example_local_kubernetes_executor.py for tasks to queue
[2024-08-28T02:42:01.734+0000] {logging_mixin.py:188} INFO - [2024-08-28T02:42:01.733+0000] {dagbag.py:545} INFO - Filling up the DagBag from /home/airflow/.local/lib/python3.12/site-packages/airflow/example_dags/example_local_kubernetes_executor.py
[2024-08-28T02:42:01.756+0000] {processor.py:840} INFO - DAG(s) 'example_local_kubernetes_executor' retrieved from /home/airflow/.local/lib/python3.12/site-packages/airflow/example_dags/example_local_kubernetes_executor.py
[2024-08-28T02:42:01.839+0000] {logging_mixin.py:188} INFO - [2024-08-28T02:42:01.839+0000] {dag.py:3089} INFO - Sync 1 DAGs
[2024-08-28T02:42:01.871+0000] {logging_mixin.py:188} INFO - [2024-08-28T02:42:01.870+0000] {dag.py:3947} INFO - Setting next_dagrun for example_local_kubernetes_executor to None, run_after=None
[2024-08-28T02:42:01.920+0000] {processor.py:183} INFO - Processing /home/airflow/.local/lib/python3.12/site-packages/airflow/example_dags/example_local_kubernetes_executor.py took 0.215 seconds
[2024-08-28T02:42:32.752+0000] {processor.py:161} INFO - Started process (PID=505) to work on /home/airflow/.local/lib/python3.12/site-packages/airflow/example_dags/example_local_kubernetes_executor.py
[2024-08-28T02:42:32.754+0000] {processor.py:830} INFO - Processing file /home/airflow/.local/lib/python3.12/site-packages/airflow/example_dags/example_local_kubernetes_executor.py for tasks to queue
[2024-08-28T02:42:32.757+0000] {logging_mixin.py:188} INFO - [2024-08-28T02:42:32.756+0000] {dagbag.py:545} INFO - Filling up the DagBag from /home/airflow/.local/lib/python3.12/site-packages/airflow/example_dags/example_local_kubernetes_executor.py
[2024-08-28T02:42:32.772+0000] {processor.py:840} INFO - DAG(s) 'example_local_kubernetes_executor' retrieved from /home/airflow/.local/lib/python3.12/site-packages/airflow/example_dags/example_local_kubernetes_executor.py
[2024-08-28T02:42:32.832+0000] {logging_mixin.py:188} INFO - [2024-08-28T02:42:32.832+0000] {dag.py:3089} INFO - Sync 1 DAGs
[2024-08-28T02:42:32.854+0000] {logging_mixin.py:188} INFO - [2024-08-28T02:42:32.853+0000] {dag.py:3947} INFO - Setting next_dagrun for example_local_kubernetes_executor to None, run_after=None
[2024-08-28T02:42:32.894+0000] {processor.py:183} INFO - Processing /home/airflow/.local/lib/python3.12/site-packages/airflow/example_dags/example_local_kubernetes_executor.py took 0.152 seconds
[2024-08-28T02:43:03.408+0000] {processor.py:161} INFO - Started process (PID=563) to work on /home/airflow/.local/lib/python3.12/site-packages/airflow/example_dags/example_local_kubernetes_executor.py
[2024-08-28T02:43:03.411+0000] {processor.py:830} INFO - Processing file /home/airflow/.local/lib/python3.12/site-packages/airflow/example_dags/example_local_kubernetes_executor.py for tasks to queue
[2024-08-28T02:43:03.430+0000] {logging_mixin.py:188} INFO - [2024-08-28T02:43:03.429+0000] {dagbag.py:545} INFO - Filling up the DagBag from /home/airflow/.local/lib/python3.12/site-packages/airflow/example_dags/example_local_kubernetes_executor.py
[2024-08-28T02:43:03.443+0000] {processor.py:840} INFO - DAG(s) 'example_local_kubernetes_executor' retrieved from /home/airflow/.local/lib/python3.12/site-packages/airflow/example_dags/example_local_kubernetes_executor.py
[2024-08-28T02:43:03.560+0000] {logging_mixin.py:188} INFO - [2024-08-28T02:43:03.560+0000] {dag.py:3089} INFO - Sync 1 DAGs
[2024-08-28T02:43:03.602+0000] {logging_mixin.py:188} INFO - [2024-08-28T02:43:03.601+0000] {dag.py:3947} INFO - Setting next_dagrun for example_local_kubernetes_executor to None, run_after=None
[2024-08-28T02:43:03.687+0000] {processor.py:183} INFO - Processing /home/airflow/.local/lib/python3.12/site-packages/airflow/example_dags/example_local_kubernetes_executor.py took 0.292 seconds
[2024-08-28T02:43:34.080+0000] {processor.py:161} INFO - Started process (PID=621) to work on /home/airflow/.local/lib/python3.12/site-packages/airflow/example_dags/example_local_kubernetes_executor.py
[2024-08-28T02:43:34.082+0000] {processor.py:830} INFO - Processing file /home/airflow/.local/lib/python3.12/site-packages/airflow/example_dags/example_local_kubernetes_executor.py for tasks to queue
[2024-08-28T02:43:34.085+0000] {logging_mixin.py:188} INFO - [2024-08-28T02:43:34.084+0000] {dagbag.py:545} INFO - Filling up the DagBag from /home/airflow/.local/lib/python3.12/site-packages/airflow/example_dags/example_local_kubernetes_executor.py
[2024-08-28T02:43:34.097+0000] {processor.py:840} INFO - DAG(s) 'example_local_kubernetes_executor' retrieved from /home/airflow/.local/lib/python3.12/site-packages/airflow/example_dags/example_local_kubernetes_executor.py
[2024-08-28T02:43:34.160+0000] {logging_mixin.py:188} INFO - [2024-08-28T02:43:34.159+0000] {dag.py:3089} INFO - Sync 1 DAGs
[2024-08-28T02:43:34.188+0000] {logging_mixin.py:188} INFO - [2024-08-28T02:43:34.187+0000] {dag.py:3947} INFO - Setting next_dagrun for example_local_kubernetes_executor to None, run_after=None
[2024-08-28T02:43:34.235+0000] {processor.py:183} INFO - Processing /home/airflow/.local/lib/python3.12/site-packages/airflow/example_dags/example_local_kubernetes_executor.py took 0.169 seconds
[2024-08-28T02:44:04.989+0000] {processor.py:161} INFO - Started process (PID=678) to work on /home/airflow/.local/lib/python3.12/site-packages/airflow/example_dags/example_local_kubernetes_executor.py
[2024-08-28T02:44:04.993+0000] {processor.py:830} INFO - Processing file /home/airflow/.local/lib/python3.12/site-packages/airflow/example_dags/example_local_kubernetes_executor.py for tasks to queue
[2024-08-28T02:44:04.999+0000] {logging_mixin.py:188} INFO - [2024-08-28T02:44:04.998+0000] {dagbag.py:545} INFO - Filling up the DagBag from /home/airflow/.local/lib/python3.12/site-packages/airflow/example_dags/example_local_kubernetes_executor.py
[2024-08-28T02:44:05.048+0000] {processor.py:840} INFO - DAG(s) 'example_local_kubernetes_executor' retrieved from /home/airflow/.local/lib/python3.12/site-packages/airflow/example_dags/example_local_kubernetes_executor.py
[2024-08-28T02:44:05.249+0000] {logging_mixin.py:188} INFO - [2024-08-28T02:44:05.248+0000] {dag.py:3089} INFO - Sync 1 DAGs
[2024-08-28T02:44:05.318+0000] {logging_mixin.py:188} INFO - [2024-08-28T02:44:05.317+0000] {dag.py:3947} INFO - Setting next_dagrun for example_local_kubernetes_executor to None, run_after=None
[2024-08-28T02:44:05.450+0000] {processor.py:183} INFO - Processing /home/airflow/.local/lib/python3.12/site-packages/airflow/example_dags/example_local_kubernetes_executor.py took 0.493 seconds
[2024-08-28T02:53:43.653+0000] {processor.py:161} INFO - Started process (PID=124) to work on /home/airflow/.local/lib/python3.12/site-packages/airflow/example_dags/example_local_kubernetes_executor.py
[2024-08-28T02:53:43.678+0000] {processor.py:830} INFO - Processing file /home/airflow/.local/lib/python3.12/site-packages/airflow/example_dags/example_local_kubernetes_executor.py for tasks to queue
[2024-08-28T02:53:43.685+0000] {logging_mixin.py:188} INFO - [2024-08-28T02:53:43.684+0000] {dagbag.py:545} INFO - Filling up the DagBag from /home/airflow/.local/lib/python3.12/site-packages/airflow/example_dags/example_local_kubernetes_executor.py
[2024-08-28T02:53:43.787+0000] {processor.py:840} INFO - DAG(s) 'example_local_kubernetes_executor' retrieved from /home/airflow/.local/lib/python3.12/site-packages/airflow/example_dags/example_local_kubernetes_executor.py
[2024-08-28T02:53:44.319+0000] {logging_mixin.py:188} INFO - [2024-08-28T02:53:44.319+0000] {dag.py:3089} INFO - Sync 1 DAGs
[2024-08-28T02:53:44.419+0000] {logging_mixin.py:188} INFO - [2024-08-28T02:53:44.418+0000] {dag.py:3947} INFO - Setting next_dagrun for example_local_kubernetes_executor to None, run_after=None
[2024-08-28T02:53:44.666+0000] {processor.py:183} INFO - Processing /home/airflow/.local/lib/python3.12/site-packages/airflow/example_dags/example_local_kubernetes_executor.py took 1.047 seconds
[2024-08-28T02:54:35.623+0000] {processor.py:161} INFO - Started process (PID=183) to work on /home/airflow/.local/lib/python3.12/site-packages/airflow/example_dags/example_local_kubernetes_executor.py
[2024-08-28T02:54:35.627+0000] {processor.py:830} INFO - Processing file /home/airflow/.local/lib/python3.12/site-packages/airflow/example_dags/example_local_kubernetes_executor.py for tasks to queue
[2024-08-28T02:54:35.662+0000] {logging_mixin.py:188} INFO - [2024-08-28T02:54:35.658+0000] {dagbag.py:545} INFO - Filling up the DagBag from /home/airflow/.local/lib/python3.12/site-packages/airflow/example_dags/example_local_kubernetes_executor.py
[2024-08-28T02:54:35.708+0000] {processor.py:840} INFO - DAG(s) 'example_local_kubernetes_executor' retrieved from /home/airflow/.local/lib/python3.12/site-packages/airflow/example_dags/example_local_kubernetes_executor.py
[2024-08-28T02:54:35.987+0000] {logging_mixin.py:188} INFO - [2024-08-28T02:54:35.987+0000] {dag.py:3089} INFO - Sync 1 DAGs
[2024-08-28T02:54:36.148+0000] {logging_mixin.py:188} INFO - [2024-08-28T02:54:36.147+0000] {dag.py:3947} INFO - Setting next_dagrun for example_local_kubernetes_executor to None, run_after=None
[2024-08-28T02:54:36.284+0000] {processor.py:183} INFO - Processing /home/airflow/.local/lib/python3.12/site-packages/airflow/example_dags/example_local_kubernetes_executor.py took 0.718 seconds
[2024-08-28T02:59:21.425+0000] {processor.py:161} INFO - Started process (PID=82) to work on /home/airflow/.local/lib/python3.12/site-packages/airflow/example_dags/example_local_kubernetes_executor.py
[2024-08-28T02:59:21.450+0000] {processor.py:830} INFO - Processing file /home/airflow/.local/lib/python3.12/site-packages/airflow/example_dags/example_local_kubernetes_executor.py for tasks to queue
[2024-08-28T02:59:21.460+0000] {logging_mixin.py:188} INFO - [2024-08-28T02:59:21.458+0000] {dagbag.py:545} INFO - Filling up the DagBag from /home/airflow/.local/lib/python3.12/site-packages/airflow/example_dags/example_local_kubernetes_executor.py
[2024-08-28T02:59:21.485+0000] {processor.py:840} INFO - DAG(s) 'example_local_kubernetes_executor' retrieved from /home/airflow/.local/lib/python3.12/site-packages/airflow/example_dags/example_local_kubernetes_executor.py
[2024-08-28T02:59:21.795+0000] {logging_mixin.py:188} INFO - [2024-08-28T02:59:21.794+0000] {dag.py:3089} INFO - Sync 1 DAGs
[2024-08-28T02:59:21.818+0000] {logging_mixin.py:188} INFO - [2024-08-28T02:59:21.817+0000] {dag.py:3947} INFO - Setting next_dagrun for example_local_kubernetes_executor to None, run_after=None
[2024-08-28T02:59:22.064+0000] {processor.py:183} INFO - Processing /home/airflow/.local/lib/python3.12/site-packages/airflow/example_dags/example_local_kubernetes_executor.py took 0.655 seconds
[2024-08-28T03:00:12.112+0000] {processor.py:161} INFO - Started process (PID=146) to work on /home/airflow/.local/lib/python3.12/site-packages/airflow/example_dags/example_local_kubernetes_executor.py
[2024-08-28T03:00:12.251+0000] {processor.py:830} INFO - Processing file /home/airflow/.local/lib/python3.12/site-packages/airflow/example_dags/example_local_kubernetes_executor.py for tasks to queue
[2024-08-28T03:00:12.394+0000] {logging_mixin.py:188} INFO - [2024-08-28T03:00:12.391+0000] {dagbag.py:545} INFO - Filling up the DagBag from /home/airflow/.local/lib/python3.12/site-packages/airflow/example_dags/example_local_kubernetes_executor.py
[2024-08-28T03:58:07.179+0000] {processor.py:161} INFO - Started process (PID=112) to work on /home/airflow/.local/lib/python3.12/site-packages/airflow/example_dags/example_local_kubernetes_executor.py
[2024-08-28T03:58:07.189+0000] {processor.py:830} INFO - Processing file /home/airflow/.local/lib/python3.12/site-packages/airflow/example_dags/example_local_kubernetes_executor.py for tasks to queue
[2024-08-28T03:58:07.206+0000] {logging_mixin.py:188} INFO - [2024-08-28T03:58:07.205+0000] {dagbag.py:545} INFO - Filling up the DagBag from /home/airflow/.local/lib/python3.12/site-packages/airflow/example_dags/example_local_kubernetes_executor.py
[2024-08-28T03:58:07.296+0000] {processor.py:840} INFO - DAG(s) 'example_local_kubernetes_executor' retrieved from /home/airflow/.local/lib/python3.12/site-packages/airflow/example_dags/example_local_kubernetes_executor.py
[2024-08-28T03:58:10.166+0000] {logging_mixin.py:188} INFO - [2024-08-28T03:58:10.165+0000] {dag.py:3089} INFO - Sync 1 DAGs
[2024-08-28T03:58:10.389+0000] {logging_mixin.py:188} INFO - [2024-08-28T03:58:10.389+0000] {dag.py:3947} INFO - Setting next_dagrun for example_local_kubernetes_executor to None, run_after=None
[2024-08-28T03:58:10.823+0000] {processor.py:183} INFO - Processing /home/airflow/.local/lib/python3.12/site-packages/airflow/example_dags/example_local_kubernetes_executor.py took 3.731 seconds
[2024-08-28T04:05:33.724+0000] {processor.py:161} INFO - Started process (PID=233) to work on /home/airflow/.local/lib/python3.12/site-packages/airflow/example_dags/example_local_kubernetes_executor.py
[2024-08-28T04:05:33.728+0000] {processor.py:830} INFO - Processing file /home/airflow/.local/lib/python3.12/site-packages/airflow/example_dags/example_local_kubernetes_executor.py for tasks to queue
[2024-08-28T04:05:33.731+0000] {logging_mixin.py:188} INFO - [2024-08-28T04:05:33.730+0000] {dagbag.py:545} INFO - Filling up the DagBag from /home/airflow/.local/lib/python3.12/site-packages/airflow/example_dags/example_local_kubernetes_executor.py
[2024-08-28T04:05:33.754+0000] {processor.py:840} INFO - DAG(s) 'example_local_kubernetes_executor' retrieved from /home/airflow/.local/lib/python3.12/site-packages/airflow/example_dags/example_local_kubernetes_executor.py
[2024-08-28T04:05:34.254+0000] {logging_mixin.py:188} INFO - [2024-08-28T04:05:34.254+0000] {dag.py:3089} INFO - Sync 1 DAGs
[2024-08-28T04:05:34.284+0000] {logging_mixin.py:188} INFO - [2024-08-28T04:05:34.283+0000] {dag.py:3947} INFO - Setting next_dagrun for example_local_kubernetes_executor to None, run_after=None
[2024-08-28T04:05:34.344+0000] {processor.py:183} INFO - Processing /home/airflow/.local/lib/python3.12/site-packages/airflow/example_dags/example_local_kubernetes_executor.py took 0.640 seconds
[2024-08-28T04:06:08.724+0000] {processor.py:161} INFO - Started process (PID=285) to work on /home/airflow/.local/lib/python3.12/site-packages/airflow/example_dags/example_local_kubernetes_executor.py
[2024-08-28T04:06:08.728+0000] {processor.py:830} INFO - Processing file /home/airflow/.local/lib/python3.12/site-packages/airflow/example_dags/example_local_kubernetes_executor.py for tasks to queue
[2024-08-28T04:06:08.732+0000] {logging_mixin.py:188} INFO - [2024-08-28T04:06:08.730+0000] {dagbag.py:545} INFO - Filling up the DagBag from /home/airflow/.local/lib/python3.12/site-packages/airflow/example_dags/example_local_kubernetes_executor.py
[2024-08-28T04:06:08.769+0000] {processor.py:840} INFO - DAG(s) 'example_local_kubernetes_executor' retrieved from /home/airflow/.local/lib/python3.12/site-packages/airflow/example_dags/example_local_kubernetes_executor.py
[2024-08-28T04:06:08.976+0000] {logging_mixin.py:188} INFO - [2024-08-28T04:06:08.976+0000] {dag.py:3089} INFO - Sync 1 DAGs
[2024-08-28T04:06:09.065+0000] {logging_mixin.py:188} INFO - [2024-08-28T04:06:09.064+0000] {dag.py:3947} INFO - Setting next_dagrun for example_local_kubernetes_executor to None, run_after=None
[2024-08-28T04:06:09.517+0000] {processor.py:183} INFO - Processing /home/airflow/.local/lib/python3.12/site-packages/airflow/example_dags/example_local_kubernetes_executor.py took 0.835 seconds
[2024-08-28T04:06:46.115+0000] {processor.py:161} INFO - Started process (PID=343) to work on /home/airflow/.local/lib/python3.12/site-packages/airflow/example_dags/example_local_kubernetes_executor.py
[2024-08-28T04:06:46.524+0000] {processor.py:830} INFO - Processing file /home/airflow/.local/lib/python3.12/site-packages/airflow/example_dags/example_local_kubernetes_executor.py for tasks to queue
[2024-08-28T04:06:46.620+0000] {logging_mixin.py:188} INFO - [2024-08-28T04:06:46.619+0000] {dagbag.py:545} INFO - Filling up the DagBag from /home/airflow/.local/lib/python3.12/site-packages/airflow/example_dags/example_local_kubernetes_executor.py
[2024-08-28T04:06:46.840+0000] {processor.py:840} INFO - DAG(s) 'example_local_kubernetes_executor' retrieved from /home/airflow/.local/lib/python3.12/site-packages/airflow/example_dags/example_local_kubernetes_executor.py
[2024-08-28T04:06:47.354+0000] {logging_mixin.py:188} INFO - [2024-08-28T04:06:47.353+0000] {dag.py:3089} INFO - Sync 1 DAGs
[2024-08-28T04:06:47.525+0000] {logging_mixin.py:188} INFO - [2024-08-28T04:06:47.525+0000] {dag.py:3947} INFO - Setting next_dagrun for example_local_kubernetes_executor to None, run_after=None
[2024-08-28T04:06:47.736+0000] {processor.py:183} INFO - Processing /home/airflow/.local/lib/python3.12/site-packages/airflow/example_dags/example_local_kubernetes_executor.py took 1.652 seconds
[2024-08-28T04:08:29.450+0000] {processor.py:161} INFO - Started process (PID=412) to work on /home/airflow/.local/lib/python3.12/site-packages/airflow/example_dags/example_local_kubernetes_executor.py
[2024-08-28T04:08:29.836+0000] {processor.py:830} INFO - Processing file /home/airflow/.local/lib/python3.12/site-packages/airflow/example_dags/example_local_kubernetes_executor.py for tasks to queue
[2024-08-28T04:08:30.331+0000] {logging_mixin.py:188} INFO - [2024-08-28T04:08:30.331+0000] {dagbag.py:545} INFO - Filling up the DagBag from /home/airflow/.local/lib/python3.12/site-packages/airflow/example_dags/example_local_kubernetes_executor.py
[2024-08-28T04:08:30.581+0000] {processor.py:840} INFO - DAG(s) 'example_local_kubernetes_executor' retrieved from /home/airflow/.local/lib/python3.12/site-packages/airflow/example_dags/example_local_kubernetes_executor.py
[2024-08-28T04:08:33.770+0000] {logging_mixin.py:188} INFO - [2024-08-28T04:08:33.768+0000] {dag.py:3089} INFO - Sync 1 DAGs
[2024-08-28T04:08:36.404+0000] {logging_mixin.py:188} INFO - [2024-08-28T04:08:36.402+0000] {dag.py:3947} INFO - Setting next_dagrun for example_local_kubernetes_executor to None, run_after=None
[2024-08-28T04:08:38.435+0000] {processor.py:183} INFO - Processing /home/airflow/.local/lib/python3.12/site-packages/airflow/example_dags/example_local_kubernetes_executor.py took 9.078 seconds
[2024-08-28T04:10:57.880+0000] {processor.py:161} INFO - Started process (PID=470) to work on /home/airflow/.local/lib/python3.12/site-packages/airflow/example_dags/example_local_kubernetes_executor.py
[2024-08-28T04:10:57.884+0000] {processor.py:830} INFO - Processing file /home/airflow/.local/lib/python3.12/site-packages/airflow/example_dags/example_local_kubernetes_executor.py for tasks to queue
[2024-08-28T04:10:57.898+0000] {logging_mixin.py:188} INFO - [2024-08-28T04:10:57.891+0000] {dagbag.py:545} INFO - Filling up the DagBag from /home/airflow/.local/lib/python3.12/site-packages/airflow/example_dags/example_local_kubernetes_executor.py
[2024-08-28T04:10:58.050+0000] {processor.py:840} INFO - DAG(s) 'example_local_kubernetes_executor' retrieved from /home/airflow/.local/lib/python3.12/site-packages/airflow/example_dags/example_local_kubernetes_executor.py
[2024-08-28T04:10:59.573+0000] {logging_mixin.py:188} INFO - [2024-08-28T04:10:59.573+0000] {dag.py:3089} INFO - Sync 1 DAGs
[2024-08-28T04:10:59.772+0000] {logging_mixin.py:188} INFO - [2024-08-28T04:10:59.772+0000] {dag.py:3947} INFO - Setting next_dagrun for example_local_kubernetes_executor to None, run_after=None
[2024-08-28T04:11:00.529+0000] {processor.py:183} INFO - Processing /home/airflow/.local/lib/python3.12/site-packages/airflow/example_dags/example_local_kubernetes_executor.py took 3.373 seconds
[2024-08-28T04:13:08.570+0000] {processor.py:161} INFO - Started process (PID=538) to work on /home/airflow/.local/lib/python3.12/site-packages/airflow/example_dags/example_local_kubernetes_executor.py
[2024-08-28T04:13:08.615+0000] {processor.py:830} INFO - Processing file /home/airflow/.local/lib/python3.12/site-packages/airflow/example_dags/example_local_kubernetes_executor.py for tasks to queue
[2024-08-28T04:13:08.633+0000] {logging_mixin.py:188} INFO - [2024-08-28T04:13:08.632+0000] {dagbag.py:545} INFO - Filling up the DagBag from /home/airflow/.local/lib/python3.12/site-packages/airflow/example_dags/example_local_kubernetes_executor.py
[2024-08-28T04:13:08.760+0000] {processor.py:840} INFO - DAG(s) 'example_local_kubernetes_executor' retrieved from /home/airflow/.local/lib/python3.12/site-packages/airflow/example_dags/example_local_kubernetes_executor.py
[2024-08-28T04:13:09.846+0000] {logging_mixin.py:188} INFO - [2024-08-28T04:13:09.845+0000] {dag.py:3089} INFO - Sync 1 DAGs
[2024-08-28T04:13:10.134+0000] {logging_mixin.py:188} INFO - [2024-08-28T04:13:10.116+0000] {dag.py:3947} INFO - Setting next_dagrun for example_local_kubernetes_executor to None, run_after=None
[2024-08-28T04:13:10.779+0000] {processor.py:183} INFO - Processing /home/airflow/.local/lib/python3.12/site-packages/airflow/example_dags/example_local_kubernetes_executor.py took 2.372 seconds
[2024-08-28T04:14:51.307+0000] {processor.py:161} INFO - Started process (PID=592) to work on /home/airflow/.local/lib/python3.12/site-packages/airflow/example_dags/example_local_kubernetes_executor.py
[2024-08-28T04:14:51.347+0000] {processor.py:830} INFO - Processing file /home/airflow/.local/lib/python3.12/site-packages/airflow/example_dags/example_local_kubernetes_executor.py for tasks to queue
[2024-08-28T04:14:51.375+0000] {logging_mixin.py:188} INFO - [2024-08-28T04:14:51.373+0000] {dagbag.py:545} INFO - Filling up the DagBag from /home/airflow/.local/lib/python3.12/site-packages/airflow/example_dags/example_local_kubernetes_executor.py
[2024-08-28T04:14:51.649+0000] {processor.py:840} INFO - DAG(s) 'example_local_kubernetes_executor' retrieved from /home/airflow/.local/lib/python3.12/site-packages/airflow/example_dags/example_local_kubernetes_executor.py
[2024-08-28T04:14:52.619+0000] {logging_mixin.py:188} INFO - [2024-08-28T04:14:52.618+0000] {dag.py:3089} INFO - Sync 1 DAGs
[2024-08-28T04:14:53.073+0000] {logging_mixin.py:188} INFO - [2024-08-28T04:14:53.072+0000] {dag.py:3947} INFO - Setting next_dagrun for example_local_kubernetes_executor to None, run_after=None
[2024-08-28T04:14:53.650+0000] {processor.py:183} INFO - Processing /home/airflow/.local/lib/python3.12/site-packages/airflow/example_dags/example_local_kubernetes_executor.py took 2.606 seconds
[2024-08-28T04:16:42.815+0000] {processor.py:161} INFO - Started process (PID=653) to work on /home/airflow/.local/lib/python3.12/site-packages/airflow/example_dags/example_local_kubernetes_executor.py
[2024-08-28T04:16:42.868+0000] {processor.py:830} INFO - Processing file /home/airflow/.local/lib/python3.12/site-packages/airflow/example_dags/example_local_kubernetes_executor.py for tasks to queue
[2024-08-28T04:16:42.890+0000] {logging_mixin.py:188} INFO - [2024-08-28T04:16:42.889+0000] {dagbag.py:545} INFO - Filling up the DagBag from /home/airflow/.local/lib/python3.12/site-packages/airflow/example_dags/example_local_kubernetes_executor.py
[2024-08-28T04:16:42.986+0000] {processor.py:840} INFO - DAG(s) 'example_local_kubernetes_executor' retrieved from /home/airflow/.local/lib/python3.12/site-packages/airflow/example_dags/example_local_kubernetes_executor.py
[2024-08-28T04:16:46.999+0000] {logging_mixin.py:188} INFO - [2024-08-28T04:16:46.966+0000] {dag.py:3089} INFO - Sync 1 DAGs
[2024-08-28T04:16:47.174+0000] {logging_mixin.py:188} INFO - [2024-08-28T04:16:47.145+0000] {dag.py:3947} INFO - Setting next_dagrun for example_local_kubernetes_executor to None, run_after=None
[2024-08-28T04:16:47.627+0000] {processor.py:183} INFO - Processing /home/airflow/.local/lib/python3.12/site-packages/airflow/example_dags/example_local_kubernetes_executor.py took 4.871 seconds
