[2024-08-28T02:37:48.951+0000] {processor.py:161} INFO - Started process (PID=106) to work on /home/airflow/.local/lib/python3.12/site-packages/airflow/example_dags/example_sla_dag.py
[2024-08-28T02:37:48.955+0000] {processor.py:830} INFO - Processing file /home/airflow/.local/lib/python3.12/site-packages/airflow/example_dags/example_sla_dag.py for tasks to queue
[2024-08-28T02:37:48.959+0000] {logging_mixin.py:188} INFO - [2024-08-28T02:37:48.958+0000] {dagbag.py:545} INFO - Filling up the DagBag from /home/airflow/.local/lib/python3.12/site-packages/airflow/example_dags/example_sla_dag.py
[2024-08-28T02:37:48.989+0000] {processor.py:840} INFO - DAG(s) 'example_sla_dag' retrieved from /home/airflow/.local/lib/python3.12/site-packages/airflow/example_dags/example_sla_dag.py
[2024-08-28T02:37:49.616+0000] {logging_mixin.py:188} INFO - [2024-08-28T02:37:49.615+0000] {override.py:1858} INFO - Created Permission View: can edit on DAG:example_sla_dag
[2024-08-28T02:37:49.673+0000] {logging_mixin.py:188} INFO - [2024-08-28T02:37:49.672+0000] {override.py:1858} INFO - Created Permission View: can delete on DAG:example_sla_dag
[2024-08-28T02:37:49.724+0000] {logging_mixin.py:188} INFO - [2024-08-28T02:37:49.723+0000] {override.py:1858} INFO - Created Permission View: can read on DAG:example_sla_dag
[2024-08-28T02:37:49.729+0000] {logging_mixin.py:188} INFO - [2024-08-28T02:37:49.729+0000] {dag.py:3089} INFO - Sync 1 DAGs
[2024-08-28T02:37:49.781+0000] {logging_mixin.py:188} INFO - [2024-08-28T02:37:49.781+0000] {dag.py:3111} INFO - Creating ORM DAG for example_sla_dag
[2024-08-28T02:37:49.853+0000] {logging_mixin.py:188} INFO - [2024-08-28T02:37:49.853+0000] {dag.py:3947} INFO - Setting next_dagrun for example_sla_dag to 2024-08-28 02:34:00+00:00, run_after=2024-08-28 02:36:00+00:00
[2024-08-28T02:37:49.921+0000] {processor.py:183} INFO - Processing /home/airflow/.local/lib/python3.12/site-packages/airflow/example_dags/example_sla_dag.py took 0.986 seconds
[2024-08-28T02:38:42.820+0000] {processor.py:161} INFO - Started process (PID=171) to work on /home/airflow/.local/lib/python3.12/site-packages/airflow/example_dags/example_sla_dag.py
[2024-08-28T02:38:42.835+0000] {processor.py:830} INFO - Processing file /home/airflow/.local/lib/python3.12/site-packages/airflow/example_dags/example_sla_dag.py for tasks to queue
[2024-08-28T02:38:42.841+0000] {logging_mixin.py:188} INFO - [2024-08-28T02:38:42.840+0000] {dagbag.py:545} INFO - Filling up the DagBag from /home/airflow/.local/lib/python3.12/site-packages/airflow/example_dags/example_sla_dag.py
[2024-08-28T02:38:42.864+0000] {processor.py:840} INFO - DAG(s) 'example_sla_dag' retrieved from /home/airflow/.local/lib/python3.12/site-packages/airflow/example_dags/example_sla_dag.py
[2024-08-28T02:38:42.910+0000] {logging_mixin.py:188} INFO - [2024-08-28T02:38:42.909+0000] {dag.py:3089} INFO - Sync 1 DAGs
[2024-08-28T02:38:42.972+0000] {logging_mixin.py:188} INFO - [2024-08-28T02:38:42.971+0000] {dag.py:3947} INFO - Setting next_dagrun for example_sla_dag to 2024-08-28 02:36:00+00:00, run_after=2024-08-28 02:38:00+00:00
[2024-08-28T02:38:43.026+0000] {processor.py:183} INFO - Processing /home/airflow/.local/lib/python3.12/site-packages/airflow/example_dags/example_sla_dag.py took 0.247 seconds
[2024-08-28T02:39:15.141+0000] {processor.py:161} INFO - Started process (PID=229) to work on /home/airflow/.local/lib/python3.12/site-packages/airflow/example_dags/example_sla_dag.py
[2024-08-28T02:39:15.143+0000] {processor.py:830} INFO - Processing file /home/airflow/.local/lib/python3.12/site-packages/airflow/example_dags/example_sla_dag.py for tasks to queue
[2024-08-28T02:39:15.148+0000] {logging_mixin.py:188} INFO - [2024-08-28T02:39:15.147+0000] {dagbag.py:545} INFO - Filling up the DagBag from /home/airflow/.local/lib/python3.12/site-packages/airflow/example_dags/example_sla_dag.py
[2024-08-28T02:39:15.164+0000] {processor.py:840} INFO - DAG(s) 'example_sla_dag' retrieved from /home/airflow/.local/lib/python3.12/site-packages/airflow/example_dags/example_sla_dag.py
[2024-08-28T02:39:15.235+0000] {logging_mixin.py:188} INFO - [2024-08-28T02:39:15.235+0000] {dag.py:3089} INFO - Sync 1 DAGs
[2024-08-28T02:39:15.322+0000] {logging_mixin.py:188} INFO - [2024-08-28T02:39:15.322+0000] {dag.py:3947} INFO - Setting next_dagrun for example_sla_dag to 2024-08-28 02:36:00+00:00, run_after=2024-08-28 02:38:00+00:00
[2024-08-28T02:39:15.361+0000] {processor.py:183} INFO - Processing /home/airflow/.local/lib/python3.12/site-packages/airflow/example_dags/example_sla_dag.py took 0.230 seconds
[2024-08-28T02:39:46.241+0000] {processor.py:161} INFO - Started process (PID=286) to work on /home/airflow/.local/lib/python3.12/site-packages/airflow/example_dags/example_sla_dag.py
[2024-08-28T02:39:46.245+0000] {processor.py:830} INFO - Processing file /home/airflow/.local/lib/python3.12/site-packages/airflow/example_dags/example_sla_dag.py for tasks to queue
[2024-08-28T02:39:46.249+0000] {logging_mixin.py:188} INFO - [2024-08-28T02:39:46.248+0000] {dagbag.py:545} INFO - Filling up the DagBag from /home/airflow/.local/lib/python3.12/site-packages/airflow/example_dags/example_sla_dag.py
[2024-08-28T02:39:46.267+0000] {processor.py:840} INFO - DAG(s) 'example_sla_dag' retrieved from /home/airflow/.local/lib/python3.12/site-packages/airflow/example_dags/example_sla_dag.py
[2024-08-28T02:39:46.318+0000] {logging_mixin.py:188} INFO - [2024-08-28T02:39:46.317+0000] {dag.py:3089} INFO - Sync 1 DAGs
[2024-08-28T02:39:46.374+0000] {logging_mixin.py:188} INFO - [2024-08-28T02:39:46.373+0000] {dag.py:3947} INFO - Setting next_dagrun for example_sla_dag to 2024-08-28 02:36:00+00:00, run_after=2024-08-28 02:38:00+00:00
[2024-08-28T02:39:46.431+0000] {processor.py:183} INFO - Processing /home/airflow/.local/lib/python3.12/site-packages/airflow/example_dags/example_sla_dag.py took 0.209 seconds
[2024-08-28T02:40:24.618+0000] {processor.py:161} INFO - Started process (PID=343) to work on /home/airflow/.local/lib/python3.12/site-packages/airflow/example_dags/example_sla_dag.py
[2024-08-28T02:40:24.622+0000] {processor.py:830} INFO - Processing file /home/airflow/.local/lib/python3.12/site-packages/airflow/example_dags/example_sla_dag.py for tasks to queue
[2024-08-28T02:40:24.665+0000] {logging_mixin.py:188} INFO - [2024-08-28T02:40:24.653+0000] {dagbag.py:545} INFO - Filling up the DagBag from /home/airflow/.local/lib/python3.12/site-packages/airflow/example_dags/example_sla_dag.py
[2024-08-28T02:40:24.755+0000] {processor.py:840} INFO - DAG(s) 'example_sla_dag' retrieved from /home/airflow/.local/lib/python3.12/site-packages/airflow/example_dags/example_sla_dag.py
[2024-08-28T02:40:25.073+0000] {logging_mixin.py:188} INFO - [2024-08-28T02:40:25.049+0000] {dag.py:3089} INFO - Sync 1 DAGs
[2024-08-28T02:40:25.281+0000] {logging_mixin.py:188} INFO - [2024-08-28T02:40:25.280+0000] {dag.py:3947} INFO - Setting next_dagrun for example_sla_dag to 2024-08-28 02:38:00+00:00, run_after=2024-08-28 02:40:00+00:00
[2024-08-28T02:40:25.589+0000] {processor.py:183} INFO - Processing /home/airflow/.local/lib/python3.12/site-packages/airflow/example_dags/example_sla_dag.py took 1.052 seconds
[2024-08-28T02:41:09.529+0000] {processor.py:161} INFO - Started process (PID=406) to work on /home/airflow/.local/lib/python3.12/site-packages/airflow/example_dags/example_sla_dag.py
[2024-08-28T02:41:09.538+0000] {processor.py:830} INFO - Processing file /home/airflow/.local/lib/python3.12/site-packages/airflow/example_dags/example_sla_dag.py for tasks to queue
[2024-08-28T02:41:09.553+0000] {logging_mixin.py:188} INFO - [2024-08-28T02:41:09.552+0000] {dagbag.py:545} INFO - Filling up the DagBag from /home/airflow/.local/lib/python3.12/site-packages/airflow/example_dags/example_sla_dag.py
[2024-08-28T02:41:09.627+0000] {processor.py:840} INFO - DAG(s) 'example_sla_dag' retrieved from /home/airflow/.local/lib/python3.12/site-packages/airflow/example_dags/example_sla_dag.py
[2024-08-28T02:41:09.760+0000] {logging_mixin.py:188} INFO - [2024-08-28T02:41:09.759+0000] {dag.py:3089} INFO - Sync 1 DAGs
[2024-08-28T02:41:09.976+0000] {logging_mixin.py:188} INFO - [2024-08-28T02:41:09.976+0000] {dag.py:3947} INFO - Setting next_dagrun for example_sla_dag to 2024-08-28 02:38:00+00:00, run_after=2024-08-28 02:40:00+00:00
[2024-08-28T02:41:10.207+0000] {processor.py:183} INFO - Processing /home/airflow/.local/lib/python3.12/site-packages/airflow/example_dags/example_sla_dag.py took 0.776 seconds
[2024-08-28T02:42:04.841+0000] {processor.py:161} INFO - Started process (PID=461) to work on /home/airflow/.local/lib/python3.12/site-packages/airflow/example_dags/example_sla_dag.py
[2024-08-28T02:42:04.846+0000] {processor.py:830} INFO - Processing file /home/airflow/.local/lib/python3.12/site-packages/airflow/example_dags/example_sla_dag.py for tasks to queue
[2024-08-28T02:42:04.851+0000] {logging_mixin.py:188} INFO - [2024-08-28T02:42:04.850+0000] {dagbag.py:545} INFO - Filling up the DagBag from /home/airflow/.local/lib/python3.12/site-packages/airflow/example_dags/example_sla_dag.py
[2024-08-28T02:42:04.900+0000] {processor.py:840} INFO - DAG(s) 'example_sla_dag' retrieved from /home/airflow/.local/lib/python3.12/site-packages/airflow/example_dags/example_sla_dag.py
[2024-08-28T02:42:05.010+0000] {logging_mixin.py:188} INFO - [2024-08-28T02:42:05.010+0000] {dag.py:3089} INFO - Sync 1 DAGs
[2024-08-28T02:42:05.120+0000] {logging_mixin.py:188} INFO - [2024-08-28T02:42:05.120+0000] {dag.py:3947} INFO - Setting next_dagrun for example_sla_dag to 2024-08-28 02:40:00+00:00, run_after=2024-08-28 02:42:00+00:00
[2024-08-28T02:42:05.205+0000] {processor.py:183} INFO - Processing /home/airflow/.local/lib/python3.12/site-packages/airflow/example_dags/example_sla_dag.py took 0.407 seconds
[2024-08-28T02:42:36.132+0000] {processor.py:161} INFO - Started process (PID=519) to work on /home/airflow/.local/lib/python3.12/site-packages/airflow/example_dags/example_sla_dag.py
[2024-08-28T02:42:36.134+0000] {processor.py:830} INFO - Processing file /home/airflow/.local/lib/python3.12/site-packages/airflow/example_dags/example_sla_dag.py for tasks to queue
[2024-08-28T02:42:36.140+0000] {logging_mixin.py:188} INFO - [2024-08-28T02:42:36.138+0000] {dagbag.py:545} INFO - Filling up the DagBag from /home/airflow/.local/lib/python3.12/site-packages/airflow/example_dags/example_sla_dag.py
[2024-08-28T02:42:36.156+0000] {processor.py:840} INFO - DAG(s) 'example_sla_dag' retrieved from /home/airflow/.local/lib/python3.12/site-packages/airflow/example_dags/example_sla_dag.py
[2024-08-28T02:42:36.197+0000] {logging_mixin.py:188} INFO - [2024-08-28T02:42:36.197+0000] {dag.py:3089} INFO - Sync 1 DAGs
[2024-08-28T02:42:36.256+0000] {logging_mixin.py:188} INFO - [2024-08-28T02:42:36.255+0000] {dag.py:3947} INFO - Setting next_dagrun for example_sla_dag to 2024-08-28 02:40:00+00:00, run_after=2024-08-28 02:42:00+00:00
[2024-08-28T02:42:36.295+0000] {processor.py:183} INFO - Processing /home/airflow/.local/lib/python3.12/site-packages/airflow/example_dags/example_sla_dag.py took 0.176 seconds
[2024-08-28T02:43:06.949+0000] {processor.py:161} INFO - Started process (PID=577) to work on /home/airflow/.local/lib/python3.12/site-packages/airflow/example_dags/example_sla_dag.py
[2024-08-28T02:43:06.951+0000] {processor.py:830} INFO - Processing file /home/airflow/.local/lib/python3.12/site-packages/airflow/example_dags/example_sla_dag.py for tasks to queue
[2024-08-28T02:43:06.954+0000] {logging_mixin.py:188} INFO - [2024-08-28T02:43:06.953+0000] {dagbag.py:545} INFO - Filling up the DagBag from /home/airflow/.local/lib/python3.12/site-packages/airflow/example_dags/example_sla_dag.py
[2024-08-28T02:43:06.970+0000] {processor.py:840} INFO - DAG(s) 'example_sla_dag' retrieved from /home/airflow/.local/lib/python3.12/site-packages/airflow/example_dags/example_sla_dag.py
[2024-08-28T02:43:07.011+0000] {logging_mixin.py:188} INFO - [2024-08-28T02:43:07.011+0000] {dag.py:3089} INFO - Sync 1 DAGs
[2024-08-28T02:43:07.059+0000] {logging_mixin.py:188} INFO - [2024-08-28T02:43:07.059+0000] {dag.py:3947} INFO - Setting next_dagrun for example_sla_dag to 2024-08-28 02:40:00+00:00, run_after=2024-08-28 02:42:00+00:00
[2024-08-28T02:43:07.099+0000] {processor.py:183} INFO - Processing /home/airflow/.local/lib/python3.12/site-packages/airflow/example_dags/example_sla_dag.py took 0.159 seconds
[2024-08-28T02:43:37.982+0000] {processor.py:161} INFO - Started process (PID=640) to work on /home/airflow/.local/lib/python3.12/site-packages/airflow/example_dags/example_sla_dag.py
[2024-08-28T02:43:37.984+0000] {processor.py:830} INFO - Processing file /home/airflow/.local/lib/python3.12/site-packages/airflow/example_dags/example_sla_dag.py for tasks to queue
[2024-08-28T02:43:37.988+0000] {logging_mixin.py:188} INFO - [2024-08-28T02:43:37.987+0000] {dagbag.py:545} INFO - Filling up the DagBag from /home/airflow/.local/lib/python3.12/site-packages/airflow/example_dags/example_sla_dag.py
[2024-08-28T02:43:38.006+0000] {processor.py:840} INFO - DAG(s) 'example_sla_dag' retrieved from /home/airflow/.local/lib/python3.12/site-packages/airflow/example_dags/example_sla_dag.py
[2024-08-28T02:43:38.131+0000] {logging_mixin.py:188} INFO - [2024-08-28T02:43:38.130+0000] {dag.py:3089} INFO - Sync 1 DAGs
[2024-08-28T02:43:38.289+0000] {logging_mixin.py:188} INFO - [2024-08-28T02:43:38.288+0000] {dag.py:3947} INFO - Setting next_dagrun for example_sla_dag to 2024-08-28 02:40:00+00:00, run_after=2024-08-28 02:42:00+00:00
[2024-08-28T02:43:38.411+0000] {processor.py:183} INFO - Processing /home/airflow/.local/lib/python3.12/site-packages/airflow/example_dags/example_sla_dag.py took 0.439 seconds
[2024-08-28T02:44:12.388+0000] {processor.py:161} INFO - Started process (PID=697) to work on /home/airflow/.local/lib/python3.12/site-packages/airflow/example_dags/example_sla_dag.py
[2024-08-28T02:44:12.393+0000] {processor.py:830} INFO - Processing file /home/airflow/.local/lib/python3.12/site-packages/airflow/example_dags/example_sla_dag.py for tasks to queue
[2024-08-28T02:44:12.407+0000] {logging_mixin.py:188} INFO - [2024-08-28T02:44:12.406+0000] {dagbag.py:545} INFO - Filling up the DagBag from /home/airflow/.local/lib/python3.12/site-packages/airflow/example_dags/example_sla_dag.py
[2024-08-28T02:44:12.469+0000] {processor.py:840} INFO - DAG(s) 'example_sla_dag' retrieved from /home/airflow/.local/lib/python3.12/site-packages/airflow/example_dags/example_sla_dag.py
[2024-08-28T02:44:12.659+0000] {logging_mixin.py:188} INFO - [2024-08-28T02:44:12.658+0000] {dag.py:3089} INFO - Sync 1 DAGs
[2024-08-28T02:44:12.822+0000] {logging_mixin.py:188} INFO - [2024-08-28T02:44:12.821+0000] {dag.py:3947} INFO - Setting next_dagrun for example_sla_dag to 2024-08-28 02:42:00+00:00, run_after=2024-08-28 02:44:00+00:00
[2024-08-28T02:44:13.027+0000] {processor.py:183} INFO - Processing /home/airflow/.local/lib/python3.12/site-packages/airflow/example_dags/example_sla_dag.py took 0.683 seconds
[2024-08-28T02:54:04.311+0000] {processor.py:161} INFO - Started process (PID=136) to work on /home/airflow/.local/lib/python3.12/site-packages/airflow/example_dags/example_sla_dag.py
[2024-08-28T02:54:04.328+0000] {processor.py:830} INFO - Processing file /home/airflow/.local/lib/python3.12/site-packages/airflow/example_dags/example_sla_dag.py for tasks to queue
[2024-08-28T02:54:04.348+0000] {logging_mixin.py:188} INFO - [2024-08-28T02:54:04.347+0000] {dagbag.py:545} INFO - Filling up the DagBag from /home/airflow/.local/lib/python3.12/site-packages/airflow/example_dags/example_sla_dag.py
[2024-08-28T02:54:04.571+0000] {processor.py:840} INFO - DAG(s) 'example_sla_dag' retrieved from /home/airflow/.local/lib/python3.12/site-packages/airflow/example_dags/example_sla_dag.py
[2024-08-28T02:54:05.432+0000] {logging_mixin.py:188} INFO - [2024-08-28T02:54:05.309+0000] {dag.py:3089} INFO - Sync 1 DAGs
[2024-08-28T02:54:06.499+0000] {logging_mixin.py:188} INFO - [2024-08-28T02:54:06.498+0000] {dag.py:3947} INFO - Setting next_dagrun for example_sla_dag to 2024-08-28 02:52:00+00:00, run_after=2024-08-28 02:54:00+00:00
[2024-08-28T02:54:06.827+0000] {processor.py:183} INFO - Processing /home/airflow/.local/lib/python3.12/site-packages/airflow/example_dags/example_sla_dag.py took 2.566 seconds
[2024-08-28T02:54:40.882+0000] {processor.py:161} INFO - Started process (PID=200) to work on /home/airflow/.local/lib/python3.12/site-packages/airflow/example_dags/example_sla_dag.py
[2024-08-28T02:54:40.905+0000] {processor.py:830} INFO - Processing file /home/airflow/.local/lib/python3.12/site-packages/airflow/example_dags/example_sla_dag.py for tasks to queue
[2024-08-28T02:54:40.910+0000] {logging_mixin.py:188} INFO - [2024-08-28T02:54:40.909+0000] {dagbag.py:545} INFO - Filling up the DagBag from /home/airflow/.local/lib/python3.12/site-packages/airflow/example_dags/example_sla_dag.py
[2024-08-28T02:54:40.975+0000] {processor.py:840} INFO - DAG(s) 'example_sla_dag' retrieved from /home/airflow/.local/lib/python3.12/site-packages/airflow/example_dags/example_sla_dag.py
[2024-08-28T02:54:41.194+0000] {logging_mixin.py:188} INFO - [2024-08-28T02:54:41.193+0000] {dag.py:3089} INFO - Sync 1 DAGs
[2024-08-28T02:54:41.557+0000] {logging_mixin.py:188} INFO - [2024-08-28T02:54:41.556+0000] {dag.py:3947} INFO - Setting next_dagrun for example_sla_dag to 2024-08-28 02:52:00+00:00, run_after=2024-08-28 02:54:00+00:00
[2024-08-28T02:54:42.151+0000] {processor.py:183} INFO - Processing /home/airflow/.local/lib/python3.12/site-packages/airflow/example_dags/example_sla_dag.py took 1.294 seconds
[2024-08-28T02:59:26.531+0000] {processor.py:161} INFO - Started process (PID=100) to work on /home/airflow/.local/lib/python3.12/site-packages/airflow/example_dags/example_sla_dag.py
[2024-08-28T02:59:26.535+0000] {processor.py:830} INFO - Processing file /home/airflow/.local/lib/python3.12/site-packages/airflow/example_dags/example_sla_dag.py for tasks to queue
[2024-08-28T02:59:26.540+0000] {logging_mixin.py:188} INFO - [2024-08-28T02:59:26.539+0000] {dagbag.py:545} INFO - Filling up the DagBag from /home/airflow/.local/lib/python3.12/site-packages/airflow/example_dags/example_sla_dag.py
[2024-08-28T02:59:26.567+0000] {processor.py:840} INFO - DAG(s) 'example_sla_dag' retrieved from /home/airflow/.local/lib/python3.12/site-packages/airflow/example_dags/example_sla_dag.py
[2024-08-28T02:59:27.322+0000] {logging_mixin.py:188} INFO - [2024-08-28T02:59:27.321+0000] {dag.py:3089} INFO - Sync 1 DAGs
[2024-08-28T02:59:27.397+0000] {logging_mixin.py:188} INFO - [2024-08-28T02:59:27.397+0000] {dag.py:3947} INFO - Setting next_dagrun for example_sla_dag to 2024-08-28 02:56:00+00:00, run_after=2024-08-28 02:58:00+00:00
[2024-08-28T02:59:27.476+0000] {processor.py:183} INFO - Processing /home/airflow/.local/lib/python3.12/site-packages/airflow/example_dags/example_sla_dag.py took 0.962 seconds
