[2024-08-28T02:38:19.372+0000] {processor.py:161} INFO - Started process (PID=136) to work on /home/airflow/.local/lib/python3.12/site-packages/airflow/example_dags/example_xcomargs.py
[2024-08-28T02:38:19.385+0000] {processor.py:830} INFO - Processing file /home/airflow/.local/lib/python3.12/site-packages/airflow/example_dags/example_xcomargs.py for tasks to queue
[2024-08-28T02:38:19.498+0000] {logging_mixin.py:188} INFO - [2024-08-28T02:38:19.435+0000] {dagbag.py:545} INFO - Filling up the DagBag from /home/airflow/.local/lib/python3.12/site-packages/airflow/example_dags/example_xcomargs.py
[2024-08-28T02:38:19.957+0000] {processor.py:840} INFO - DAG(s) 'example_xcom_args_with_operators', 'example_xcom_args' retrieved from /home/airflow/.local/lib/python3.12/site-packages/airflow/example_dags/example_xcomargs.py
[2024-08-28T02:38:22.785+0000] {logging_mixin.py:188} INFO - [2024-08-28T02:38:22.761+0000] {override.py:1858} INFO - Created Permission View: can edit on DAG:example_xcom_args_with_operators
[2024-08-28T02:38:23.108+0000] {logging_mixin.py:188} INFO - [2024-08-28T02:38:23.107+0000] {override.py:1858} INFO - Created Permission View: can delete on DAG:example_xcom_args_with_operators
[2024-08-28T02:38:23.183+0000] {logging_mixin.py:188} INFO - [2024-08-28T02:38:23.182+0000] {override.py:1858} INFO - Created Permission View: can read on DAG:example_xcom_args_with_operators
[2024-08-28T02:38:23.416+0000] {logging_mixin.py:188} INFO - [2024-08-28T02:38:23.416+0000] {override.py:1858} INFO - Created Permission View: can edit on DAG:example_xcom_args
[2024-08-28T02:38:23.472+0000] {logging_mixin.py:188} INFO - [2024-08-28T02:38:23.472+0000] {override.py:1858} INFO - Created Permission View: can delete on DAG:example_xcom_args
[2024-08-28T02:38:23.517+0000] {logging_mixin.py:188} INFO - [2024-08-28T02:38:23.517+0000] {override.py:1858} INFO - Created Permission View: can read on DAG:example_xcom_args
[2024-08-28T02:38:23.521+0000] {logging_mixin.py:188} INFO - [2024-08-28T02:38:23.521+0000] {dag.py:3089} INFO - Sync 2 DAGs
[2024-08-28T02:38:23.860+0000] {logging_mixin.py:188} INFO - [2024-08-28T02:38:23.860+0000] {dag.py:3111} INFO - Creating ORM DAG for example_xcom_args_with_operators
[2024-08-28T02:38:23.866+0000] {logging_mixin.py:188} INFO - [2024-08-28T02:38:23.866+0000] {dag.py:3111} INFO - Creating ORM DAG for example_xcom_args
[2024-08-28T02:38:23.872+0000] {logging_mixin.py:188} INFO - [2024-08-28T02:38:23.871+0000] {dag.py:3947} INFO - Setting next_dagrun for example_xcom_args to None, run_after=None
[2024-08-28T02:38:23.877+0000] {logging_mixin.py:188} INFO - [2024-08-28T02:38:23.877+0000] {dag.py:3947} INFO - Setting next_dagrun for example_xcom_args_with_operators to None, run_after=None
[2024-08-28T02:38:24.093+0000] {processor.py:183} INFO - Processing /home/airflow/.local/lib/python3.12/site-packages/airflow/example_dags/example_xcomargs.py took 4.971 seconds
[2024-08-28T02:38:54.475+0000] {processor.py:161} INFO - Started process (PID=195) to work on /home/airflow/.local/lib/python3.12/site-packages/airflow/example_dags/example_xcomargs.py
[2024-08-28T02:38:54.483+0000] {processor.py:830} INFO - Processing file /home/airflow/.local/lib/python3.12/site-packages/airflow/example_dags/example_xcomargs.py for tasks to queue
[2024-08-28T02:38:54.488+0000] {logging_mixin.py:188} INFO - [2024-08-28T02:38:54.487+0000] {dagbag.py:545} INFO - Filling up the DagBag from /home/airflow/.local/lib/python3.12/site-packages/airflow/example_dags/example_xcomargs.py
[2024-08-28T02:38:54.523+0000] {processor.py:840} INFO - DAG(s) 'example_xcom_args', 'example_xcom_args_with_operators' retrieved from /home/airflow/.local/lib/python3.12/site-packages/airflow/example_dags/example_xcomargs.py
[2024-08-28T02:38:54.648+0000] {logging_mixin.py:188} INFO - [2024-08-28T02:38:54.647+0000] {dag.py:3089} INFO - Sync 2 DAGs
[2024-08-28T02:38:54.715+0000] {logging_mixin.py:188} INFO - [2024-08-28T02:38:54.715+0000] {dag.py:3947} INFO - Setting next_dagrun for example_xcom_args to None, run_after=None
[2024-08-28T02:38:54.725+0000] {logging_mixin.py:188} INFO - [2024-08-28T02:38:54.724+0000] {dag.py:3947} INFO - Setting next_dagrun for example_xcom_args_with_operators to None, run_after=None
[2024-08-28T02:38:54.780+0000] {processor.py:183} INFO - Processing /home/airflow/.local/lib/python3.12/site-packages/airflow/example_dags/example_xcomargs.py took 0.337 seconds
[2024-08-28T02:39:25.534+0000] {processor.py:161} INFO - Started process (PID=253) to work on /home/airflow/.local/lib/python3.12/site-packages/airflow/example_dags/example_xcomargs.py
[2024-08-28T02:39:25.852+0000] {processor.py:830} INFO - Processing file /home/airflow/.local/lib/python3.12/site-packages/airflow/example_dags/example_xcomargs.py for tasks to queue
[2024-08-28T02:39:25.859+0000] {logging_mixin.py:188} INFO - [2024-08-28T02:39:25.858+0000] {dagbag.py:545} INFO - Filling up the DagBag from /home/airflow/.local/lib/python3.12/site-packages/airflow/example_dags/example_xcomargs.py
[2024-08-28T02:39:25.994+0000] {processor.py:840} INFO - DAG(s) 'example_xcom_args', 'example_xcom_args_with_operators' retrieved from /home/airflow/.local/lib/python3.12/site-packages/airflow/example_dags/example_xcomargs.py
[2024-08-28T02:39:26.380+0000] {logging_mixin.py:188} INFO - [2024-08-28T02:39:26.379+0000] {dag.py:3089} INFO - Sync 2 DAGs
[2024-08-28T02:39:26.466+0000] {logging_mixin.py:188} INFO - [2024-08-28T02:39:26.466+0000] {dag.py:3947} INFO - Setting next_dagrun for example_xcom_args to None, run_after=None
[2024-08-28T02:39:26.483+0000] {logging_mixin.py:188} INFO - [2024-08-28T02:39:26.483+0000] {dag.py:3947} INFO - Setting next_dagrun for example_xcom_args_with_operators to None, run_after=None
[2024-08-28T02:39:27.289+0000] {processor.py:183} INFO - Processing /home/airflow/.local/lib/python3.12/site-packages/airflow/example_dags/example_xcomargs.py took 1.764 seconds
[2024-08-28T02:39:57.688+0000] {processor.py:161} INFO - Started process (PID=311) to work on /home/airflow/.local/lib/python3.12/site-packages/airflow/example_dags/example_xcomargs.py
[2024-08-28T02:39:57.690+0000] {processor.py:830} INFO - Processing file /home/airflow/.local/lib/python3.12/site-packages/airflow/example_dags/example_xcomargs.py for tasks to queue
[2024-08-28T02:39:57.693+0000] {logging_mixin.py:188} INFO - [2024-08-28T02:39:57.693+0000] {dagbag.py:545} INFO - Filling up the DagBag from /home/airflow/.local/lib/python3.12/site-packages/airflow/example_dags/example_xcomargs.py
[2024-08-28T02:39:57.706+0000] {processor.py:840} INFO - DAG(s) 'example_xcom_args', 'example_xcom_args_with_operators' retrieved from /home/airflow/.local/lib/python3.12/site-packages/airflow/example_dags/example_xcomargs.py
[2024-08-28T02:39:57.748+0000] {logging_mixin.py:188} INFO - [2024-08-28T02:39:57.748+0000] {dag.py:3089} INFO - Sync 2 DAGs
[2024-08-28T02:39:57.770+0000] {logging_mixin.py:188} INFO - [2024-08-28T02:39:57.769+0000] {dag.py:3947} INFO - Setting next_dagrun for example_xcom_args to None, run_after=None
[2024-08-28T02:39:57.776+0000] {logging_mixin.py:188} INFO - [2024-08-28T02:39:57.775+0000] {dag.py:3947} INFO - Setting next_dagrun for example_xcom_args_with_operators to None, run_after=None
[2024-08-28T02:39:57.814+0000] {processor.py:183} INFO - Processing /home/airflow/.local/lib/python3.12/site-packages/airflow/example_dags/example_xcomargs.py took 0.137 seconds
[2024-08-28T02:40:32.430+0000] {processor.py:161} INFO - Started process (PID=369) to work on /home/airflow/.local/lib/python3.12/site-packages/airflow/example_dags/example_xcomargs.py
[2024-08-28T02:40:32.443+0000] {processor.py:830} INFO - Processing file /home/airflow/.local/lib/python3.12/site-packages/airflow/example_dags/example_xcomargs.py for tasks to queue
[2024-08-28T02:40:32.466+0000] {logging_mixin.py:188} INFO - [2024-08-28T02:40:32.465+0000] {dagbag.py:545} INFO - Filling up the DagBag from /home/airflow/.local/lib/python3.12/site-packages/airflow/example_dags/example_xcomargs.py
[2024-08-28T02:40:32.556+0000] {processor.py:840} INFO - DAG(s) 'example_xcom_args', 'example_xcom_args_with_operators' retrieved from /home/airflow/.local/lib/python3.12/site-packages/airflow/example_dags/example_xcomargs.py
[2024-08-28T02:40:32.752+0000] {logging_mixin.py:188} INFO - [2024-08-28T02:40:32.751+0000] {dag.py:3089} INFO - Sync 2 DAGs
[2024-08-28T02:40:33.015+0000] {logging_mixin.py:188} INFO - [2024-08-28T02:40:33.014+0000] {dag.py:3947} INFO - Setting next_dagrun for example_xcom_args to None, run_after=None
[2024-08-28T02:40:33.045+0000] {logging_mixin.py:188} INFO - [2024-08-28T02:40:33.041+0000] {dag.py:3947} INFO - Setting next_dagrun for example_xcom_args_with_operators to None, run_after=None
[2024-08-28T02:40:33.261+0000] {processor.py:183} INFO - Processing /home/airflow/.local/lib/python3.12/site-packages/airflow/example_dags/example_xcomargs.py took 0.869 seconds
[2024-08-28T02:41:54.541+0000] {processor.py:161} INFO - Started process (PID=435) to work on /home/airflow/.local/lib/python3.12/site-packages/airflow/example_dags/example_xcomargs.py
[2024-08-28T02:41:54.551+0000] {processor.py:830} INFO - Processing file /home/airflow/.local/lib/python3.12/site-packages/airflow/example_dags/example_xcomargs.py for tasks to queue
[2024-08-28T02:41:54.571+0000] {logging_mixin.py:188} INFO - [2024-08-28T02:41:54.560+0000] {dagbag.py:545} INFO - Filling up the DagBag from /home/airflow/.local/lib/python3.12/site-packages/airflow/example_dags/example_xcomargs.py
[2024-08-28T02:41:54.755+0000] {processor.py:840} INFO - DAG(s) 'example_xcom_args', 'example_xcom_args_with_operators' retrieved from /home/airflow/.local/lib/python3.12/site-packages/airflow/example_dags/example_xcomargs.py
[2024-08-28T02:41:55.439+0000] {logging_mixin.py:188} INFO - [2024-08-28T02:41:55.438+0000] {dag.py:3089} INFO - Sync 2 DAGs
[2024-08-28T02:41:55.665+0000] {logging_mixin.py:188} INFO - [2024-08-28T02:41:55.664+0000] {dag.py:3947} INFO - Setting next_dagrun for example_xcom_args to None, run_after=None
[2024-08-28T02:41:55.768+0000] {logging_mixin.py:188} INFO - [2024-08-28T02:41:55.768+0000] {dag.py:3947} INFO - Setting next_dagrun for example_xcom_args_with_operators to None, run_after=None
[2024-08-28T02:41:56.052+0000] {processor.py:183} INFO - Processing /home/airflow/.local/lib/python3.12/site-packages/airflow/example_dags/example_xcomargs.py took 1.596 seconds
[2024-08-28T02:42:26.687+0000] {processor.py:161} INFO - Started process (PID=493) to work on /home/airflow/.local/lib/python3.12/site-packages/airflow/example_dags/example_xcomargs.py
[2024-08-28T02:42:26.691+0000] {processor.py:830} INFO - Processing file /home/airflow/.local/lib/python3.12/site-packages/airflow/example_dags/example_xcomargs.py for tasks to queue
[2024-08-28T02:42:26.699+0000] {logging_mixin.py:188} INFO - [2024-08-28T02:42:26.697+0000] {dagbag.py:545} INFO - Filling up the DagBag from /home/airflow/.local/lib/python3.12/site-packages/airflow/example_dags/example_xcomargs.py
[2024-08-28T02:42:26.725+0000] {processor.py:840} INFO - DAG(s) 'example_xcom_args', 'example_xcom_args_with_operators' retrieved from /home/airflow/.local/lib/python3.12/site-packages/airflow/example_dags/example_xcomargs.py
[2024-08-28T02:42:26.777+0000] {logging_mixin.py:188} INFO - [2024-08-28T02:42:26.777+0000] {dag.py:3089} INFO - Sync 2 DAGs
[2024-08-28T02:42:26.800+0000] {logging_mixin.py:188} INFO - [2024-08-28T02:42:26.800+0000] {dag.py:3947} INFO - Setting next_dagrun for example_xcom_args to None, run_after=None
[2024-08-28T02:42:26.806+0000] {logging_mixin.py:188} INFO - [2024-08-28T02:42:26.806+0000] {dag.py:3947} INFO - Setting next_dagrun for example_xcom_args_with_operators to None, run_after=None
[2024-08-28T02:42:26.848+0000] {processor.py:183} INFO - Processing /home/airflow/.local/lib/python3.12/site-packages/airflow/example_dags/example_xcomargs.py took 0.178 seconds
[2024-08-28T02:42:57.686+0000] {processor.py:161} INFO - Started process (PID=551) to work on /home/airflow/.local/lib/python3.12/site-packages/airflow/example_dags/example_xcomargs.py
[2024-08-28T02:42:57.688+0000] {processor.py:830} INFO - Processing file /home/airflow/.local/lib/python3.12/site-packages/airflow/example_dags/example_xcomargs.py for tasks to queue
[2024-08-28T02:42:57.692+0000] {logging_mixin.py:188} INFO - [2024-08-28T02:42:57.691+0000] {dagbag.py:545} INFO - Filling up the DagBag from /home/airflow/.local/lib/python3.12/site-packages/airflow/example_dags/example_xcomargs.py
[2024-08-28T02:42:57.719+0000] {processor.py:840} INFO - DAG(s) 'example_xcom_args_with_operators', 'example_xcom_args' retrieved from /home/airflow/.local/lib/python3.12/site-packages/airflow/example_dags/example_xcomargs.py
[2024-08-28T02:42:57.809+0000] {logging_mixin.py:188} INFO - [2024-08-28T02:42:57.808+0000] {dag.py:3089} INFO - Sync 2 DAGs
[2024-08-28T02:42:57.855+0000] {logging_mixin.py:188} INFO - [2024-08-28T02:42:57.855+0000] {dag.py:3947} INFO - Setting next_dagrun for example_xcom_args to None, run_after=None
[2024-08-28T02:42:57.867+0000] {logging_mixin.py:188} INFO - [2024-08-28T02:42:57.865+0000] {dag.py:3947} INFO - Setting next_dagrun for example_xcom_args_with_operators to None, run_after=None
[2024-08-28T02:42:57.944+0000] {processor.py:183} INFO - Processing /home/airflow/.local/lib/python3.12/site-packages/airflow/example_dags/example_xcomargs.py took 0.279 seconds
[2024-08-28T02:43:28.465+0000] {processor.py:161} INFO - Started process (PID=609) to work on /home/airflow/.local/lib/python3.12/site-packages/airflow/example_dags/example_xcomargs.py
[2024-08-28T02:43:28.471+0000] {processor.py:830} INFO - Processing file /home/airflow/.local/lib/python3.12/site-packages/airflow/example_dags/example_xcomargs.py for tasks to queue
[2024-08-28T02:43:28.476+0000] {logging_mixin.py:188} INFO - [2024-08-28T02:43:28.475+0000] {dagbag.py:545} INFO - Filling up the DagBag from /home/airflow/.local/lib/python3.12/site-packages/airflow/example_dags/example_xcomargs.py
[2024-08-28T02:43:28.497+0000] {processor.py:840} INFO - DAG(s) 'example_xcom_args', 'example_xcom_args_with_operators' retrieved from /home/airflow/.local/lib/python3.12/site-packages/airflow/example_dags/example_xcomargs.py
[2024-08-28T02:43:28.576+0000] {logging_mixin.py:188} INFO - [2024-08-28T02:43:28.569+0000] {dag.py:3089} INFO - Sync 2 DAGs
[2024-08-28T02:43:28.614+0000] {logging_mixin.py:188} INFO - [2024-08-28T02:43:28.613+0000] {dag.py:3947} INFO - Setting next_dagrun for example_xcom_args to None, run_after=None
[2024-08-28T02:43:28.628+0000] {logging_mixin.py:188} INFO - [2024-08-28T02:43:28.627+0000] {dag.py:3947} INFO - Setting next_dagrun for example_xcom_args_with_operators to None, run_after=None
[2024-08-28T02:43:28.684+0000] {processor.py:183} INFO - Processing /home/airflow/.local/lib/python3.12/site-packages/airflow/example_dags/example_xcomargs.py took 0.239 seconds
[2024-08-28T02:43:59.051+0000] {processor.py:161} INFO - Started process (PID=666) to work on /home/airflow/.local/lib/python3.12/site-packages/airflow/example_dags/example_xcomargs.py
[2024-08-28T02:43:59.052+0000] {processor.py:830} INFO - Processing file /home/airflow/.local/lib/python3.12/site-packages/airflow/example_dags/example_xcomargs.py for tasks to queue
[2024-08-28T02:43:59.057+0000] {logging_mixin.py:188} INFO - [2024-08-28T02:43:59.056+0000] {dagbag.py:545} INFO - Filling up the DagBag from /home/airflow/.local/lib/python3.12/site-packages/airflow/example_dags/example_xcomargs.py
[2024-08-28T02:43:59.076+0000] {processor.py:840} INFO - DAG(s) 'example_xcom_args', 'example_xcom_args_with_operators' retrieved from /home/airflow/.local/lib/python3.12/site-packages/airflow/example_dags/example_xcomargs.py
[2024-08-28T02:43:59.146+0000] {logging_mixin.py:188} INFO - [2024-08-28T02:43:59.145+0000] {dag.py:3089} INFO - Sync 2 DAGs
[2024-08-28T02:43:59.183+0000] {logging_mixin.py:188} INFO - [2024-08-28T02:43:59.182+0000] {dag.py:3947} INFO - Setting next_dagrun for example_xcom_args to None, run_after=None
[2024-08-28T02:43:59.192+0000] {logging_mixin.py:188} INFO - [2024-08-28T02:43:59.192+0000] {dag.py:3947} INFO - Setting next_dagrun for example_xcom_args_with_operators to None, run_after=None
[2024-08-28T02:43:59.264+0000] {processor.py:183} INFO - Processing /home/airflow/.local/lib/python3.12/site-packages/airflow/example_dags/example_xcomargs.py took 0.226 seconds
[2024-08-28T02:54:23.751+0000] {processor.py:161} INFO - Started process (PID=167) to work on /home/airflow/.local/lib/python3.12/site-packages/airflow/example_dags/example_xcomargs.py
[2024-08-28T02:54:23.756+0000] {processor.py:830} INFO - Processing file /home/airflow/.local/lib/python3.12/site-packages/airflow/example_dags/example_xcomargs.py for tasks to queue
[2024-08-28T02:54:23.765+0000] {logging_mixin.py:188} INFO - [2024-08-28T02:54:23.764+0000] {dagbag.py:545} INFO - Filling up the DagBag from /home/airflow/.local/lib/python3.12/site-packages/airflow/example_dags/example_xcomargs.py
[2024-08-28T02:54:23.840+0000] {processor.py:840} INFO - DAG(s) 'example_xcom_args', 'example_xcom_args_with_operators' retrieved from /home/airflow/.local/lib/python3.12/site-packages/airflow/example_dags/example_xcomargs.py
[2024-08-28T02:54:24.135+0000] {logging_mixin.py:188} INFO - [2024-08-28T02:54:24.134+0000] {dag.py:3089} INFO - Sync 2 DAGs
[2024-08-28T02:54:24.281+0000] {logging_mixin.py:188} INFO - [2024-08-28T02:54:24.274+0000] {dag.py:3947} INFO - Setting next_dagrun for example_xcom_args to None, run_after=None
[2024-08-28T02:54:24.336+0000] {logging_mixin.py:188} INFO - [2024-08-28T02:54:24.336+0000] {dag.py:3947} INFO - Setting next_dagrun for example_xcom_args_with_operators to None, run_after=None
[2024-08-28T02:54:24.595+0000] {processor.py:183} INFO - Processing /home/airflow/.local/lib/python3.12/site-packages/airflow/example_dags/example_xcomargs.py took 0.868 seconds
[2024-08-28T02:54:55.812+0000] {processor.py:161} INFO - Started process (PID=224) to work on /home/airflow/.local/lib/python3.12/site-packages/airflow/example_dags/example_xcomargs.py
[2024-08-28T02:54:55.815+0000] {processor.py:830} INFO - Processing file /home/airflow/.local/lib/python3.12/site-packages/airflow/example_dags/example_xcomargs.py for tasks to queue
[2024-08-28T02:54:55.820+0000] {logging_mixin.py:188} INFO - [2024-08-28T02:54:55.819+0000] {dagbag.py:545} INFO - Filling up the DagBag from /home/airflow/.local/lib/python3.12/site-packages/airflow/example_dags/example_xcomargs.py
[2024-08-28T02:54:55.853+0000] {processor.py:840} INFO - DAG(s) 'example_xcom_args', 'example_xcom_args_with_operators' retrieved from /home/airflow/.local/lib/python3.12/site-packages/airflow/example_dags/example_xcomargs.py
[2024-08-28T02:54:55.927+0000] {logging_mixin.py:188} INFO - [2024-08-28T02:54:55.927+0000] {dag.py:3089} INFO - Sync 2 DAGs
[2024-08-28T02:54:55.965+0000] {logging_mixin.py:188} INFO - [2024-08-28T02:54:55.965+0000] {dag.py:3947} INFO - Setting next_dagrun for example_xcom_args to None, run_after=None
[2024-08-28T02:54:55.976+0000] {logging_mixin.py:188} INFO - [2024-08-28T02:54:55.975+0000] {dag.py:3947} INFO - Setting next_dagrun for example_xcom_args_with_operators to None, run_after=None
[2024-08-28T02:54:56.025+0000] {processor.py:183} INFO - Processing /home/airflow/.local/lib/python3.12/site-packages/airflow/example_dags/example_xcomargs.py took 0.229 seconds
[2024-08-28T02:59:45.959+0000] {processor.py:161} INFO - Started process (PID=124) to work on /home/airflow/.local/lib/python3.12/site-packages/airflow/example_dags/example_xcomargs.py
[2024-08-28T02:59:46.158+0000] {processor.py:830} INFO - Processing file /home/airflow/.local/lib/python3.12/site-packages/airflow/example_dags/example_xcomargs.py for tasks to queue
[2024-08-28T02:59:46.286+0000] {logging_mixin.py:188} INFO - [2024-08-28T02:59:46.285+0000] {dagbag.py:545} INFO - Filling up the DagBag from /home/airflow/.local/lib/python3.12/site-packages/airflow/example_dags/example_xcomargs.py
[2024-08-28T02:59:46.486+0000] {processor.py:840} INFO - DAG(s) 'example_xcom_args', 'example_xcom_args_with_operators' retrieved from /home/airflow/.local/lib/python3.12/site-packages/airflow/example_dags/example_xcomargs.py
[2024-08-28T02:59:48.700+0000] {logging_mixin.py:188} INFO - [2024-08-28T02:59:48.698+0000] {dag.py:3089} INFO - Sync 2 DAGs
[2024-08-28T02:59:48.829+0000] {logging_mixin.py:188} INFO - [2024-08-28T02:59:48.829+0000] {dag.py:3947} INFO - Setting next_dagrun for example_xcom_args to None, run_after=None
[2024-08-28T02:59:48.845+0000] {logging_mixin.py:188} INFO - [2024-08-28T02:59:48.845+0000] {dag.py:3947} INFO - Setting next_dagrun for example_xcom_args_with_operators to None, run_after=None
[2024-08-28T02:59:48.987+0000] {processor.py:183} INFO - Processing /home/airflow/.local/lib/python3.12/site-packages/airflow/example_dags/example_xcomargs.py took 3.123 seconds
