[2024-08-28T02:37:55.838+0000] {processor.py:161} INFO - Started process (PID=118) to work on /home/airflow/.local/lib/python3.12/site-packages/airflow/example_dags/example_sensors.py
[2024-08-28T02:37:55.840+0000] {processor.py:830} INFO - Processing file /home/airflow/.local/lib/python3.12/site-packages/airflow/example_dags/example_sensors.py for tasks to queue
[2024-08-28T02:37:55.873+0000] {logging_mixin.py:188} INFO - [2024-08-28T02:37:55.872+0000] {dagbag.py:545} INFO - Filling up the DagBag from /home/airflow/.local/lib/python3.12/site-packages/airflow/example_dags/example_sensors.py
[2024-08-28T02:37:55.985+0000] {processor.py:840} INFO - DAG(s) 'example_sensors' retrieved from /home/airflow/.local/lib/python3.12/site-packages/airflow/example_dags/example_sensors.py
[2024-08-28T02:37:56.905+0000] {logging_mixin.py:188} INFO - [2024-08-28T02:37:56.904+0000] {override.py:1858} INFO - Created Permission View: can edit on DAG:example_sensors
[2024-08-28T02:37:56.971+0000] {logging_mixin.py:188} INFO - [2024-08-28T02:37:56.971+0000] {override.py:1858} INFO - Created Permission View: can delete on DAG:example_sensors
[2024-08-28T02:37:57.039+0000] {logging_mixin.py:188} INFO - [2024-08-28T02:37:57.038+0000] {override.py:1858} INFO - Created Permission View: can read on DAG:example_sensors
[2024-08-28T02:37:57.041+0000] {logging_mixin.py:188} INFO - [2024-08-28T02:37:57.040+0000] {dag.py:3089} INFO - Sync 1 DAGs
[2024-08-28T02:37:57.265+0000] {logging_mixin.py:188} INFO - [2024-08-28T02:37:57.265+0000] {dag.py:3111} INFO - Creating ORM DAG for example_sensors
[2024-08-28T02:37:57.285+0000] {logging_mixin.py:188} INFO - [2024-08-28T02:37:57.285+0000] {dag.py:3947} INFO - Setting next_dagrun for example_sensors to None, run_after=None
[2024-08-28T02:37:57.403+0000] {processor.py:183} INFO - Processing /home/airflow/.local/lib/python3.12/site-packages/airflow/example_dags/example_sensors.py took 1.584 seconds
[2024-08-28T02:38:45.130+0000] {processor.py:161} INFO - Started process (PID=183) to work on /home/airflow/.local/lib/python3.12/site-packages/airflow/example_dags/example_sensors.py
[2024-08-28T02:38:45.134+0000] {processor.py:830} INFO - Processing file /home/airflow/.local/lib/python3.12/site-packages/airflow/example_dags/example_sensors.py for tasks to queue
[2024-08-28T02:38:45.138+0000] {logging_mixin.py:188} INFO - [2024-08-28T02:38:45.138+0000] {dagbag.py:545} INFO - Filling up the DagBag from /home/airflow/.local/lib/python3.12/site-packages/airflow/example_dags/example_sensors.py
[2024-08-28T02:38:45.165+0000] {processor.py:840} INFO - DAG(s) 'example_sensors' retrieved from /home/airflow/.local/lib/python3.12/site-packages/airflow/example_dags/example_sensors.py
[2024-08-28T02:38:45.252+0000] {logging_mixin.py:188} INFO - [2024-08-28T02:38:45.251+0000] {dag.py:3089} INFO - Sync 1 DAGs
[2024-08-28T02:38:45.317+0000] {logging_mixin.py:188} INFO - [2024-08-28T02:38:45.316+0000] {dag.py:3947} INFO - Setting next_dagrun for example_sensors to None, run_after=None
[2024-08-28T02:38:45.406+0000] {processor.py:183} INFO - Processing /home/airflow/.local/lib/python3.12/site-packages/airflow/example_dags/example_sensors.py took 0.291 seconds
[2024-08-28T02:39:16.918+0000] {processor.py:161} INFO - Started process (PID=241) to work on /home/airflow/.local/lib/python3.12/site-packages/airflow/example_dags/example_sensors.py
[2024-08-28T02:39:16.921+0000] {processor.py:830} INFO - Processing file /home/airflow/.local/lib/python3.12/site-packages/airflow/example_dags/example_sensors.py for tasks to queue
[2024-08-28T02:39:16.928+0000] {logging_mixin.py:188} INFO - [2024-08-28T02:39:16.927+0000] {dagbag.py:545} INFO - Filling up the DagBag from /home/airflow/.local/lib/python3.12/site-packages/airflow/example_dags/example_sensors.py
[2024-08-28T02:39:16.947+0000] {processor.py:840} INFO - DAG(s) 'example_sensors' retrieved from /home/airflow/.local/lib/python3.12/site-packages/airflow/example_dags/example_sensors.py
[2024-08-28T02:39:17.005+0000] {logging_mixin.py:188} INFO - [2024-08-28T02:39:17.005+0000] {dag.py:3089} INFO - Sync 1 DAGs
[2024-08-28T02:39:17.040+0000] {logging_mixin.py:188} INFO - [2024-08-28T02:39:17.039+0000] {dag.py:3947} INFO - Setting next_dagrun for example_sensors to None, run_after=None
[2024-08-28T02:39:17.126+0000] {processor.py:183} INFO - Processing /home/airflow/.local/lib/python3.12/site-packages/airflow/example_dags/example_sensors.py took 0.224 seconds
[2024-08-28T02:39:48.164+0000] {processor.py:161} INFO - Started process (PID=299) to work on /home/airflow/.local/lib/python3.12/site-packages/airflow/example_dags/example_sensors.py
[2024-08-28T02:39:48.166+0000] {processor.py:830} INFO - Processing file /home/airflow/.local/lib/python3.12/site-packages/airflow/example_dags/example_sensors.py for tasks to queue
[2024-08-28T02:39:48.171+0000] {logging_mixin.py:188} INFO - [2024-08-28T02:39:48.170+0000] {dagbag.py:545} INFO - Filling up the DagBag from /home/airflow/.local/lib/python3.12/site-packages/airflow/example_dags/example_sensors.py
[2024-08-28T02:39:48.184+0000] {processor.py:840} INFO - DAG(s) 'example_sensors' retrieved from /home/airflow/.local/lib/python3.12/site-packages/airflow/example_dags/example_sensors.py
[2024-08-28T02:39:48.235+0000] {logging_mixin.py:188} INFO - [2024-08-28T02:39:48.235+0000] {dag.py:3089} INFO - Sync 1 DAGs
[2024-08-28T02:39:48.263+0000] {logging_mixin.py:188} INFO - [2024-08-28T02:39:48.262+0000] {dag.py:3947} INFO - Setting next_dagrun for example_sensors to None, run_after=None
[2024-08-28T02:39:48.308+0000] {processor.py:183} INFO - Processing /home/airflow/.local/lib/python3.12/site-packages/airflow/example_dags/example_sensors.py took 0.156 seconds
[2024-08-28T02:40:28.476+0000] {processor.py:161} INFO - Started process (PID=355) to work on /home/airflow/.local/lib/python3.12/site-packages/airflow/example_dags/example_sensors.py
[2024-08-28T02:40:28.479+0000] {processor.py:830} INFO - Processing file /home/airflow/.local/lib/python3.12/site-packages/airflow/example_dags/example_sensors.py for tasks to queue
[2024-08-28T02:40:28.483+0000] {logging_mixin.py:188} INFO - [2024-08-28T02:40:28.483+0000] {dagbag.py:545} INFO - Filling up the DagBag from /home/airflow/.local/lib/python3.12/site-packages/airflow/example_dags/example_sensors.py
[2024-08-28T02:40:28.506+0000] {processor.py:840} INFO - DAG(s) 'example_sensors' retrieved from /home/airflow/.local/lib/python3.12/site-packages/airflow/example_dags/example_sensors.py
[2024-08-28T02:40:28.581+0000] {logging_mixin.py:188} INFO - [2024-08-28T02:40:28.581+0000] {dag.py:3089} INFO - Sync 1 DAGs
[2024-08-28T02:40:28.635+0000] {logging_mixin.py:188} INFO - [2024-08-28T02:40:28.634+0000] {dag.py:3947} INFO - Setting next_dagrun for example_sensors to None, run_after=None
[2024-08-28T02:40:28.692+0000] {processor.py:183} INFO - Processing /home/airflow/.local/lib/python3.12/site-packages/airflow/example_dags/example_sensors.py took 0.232 seconds
[2024-08-28T02:41:30.457+0000] {processor.py:161} INFO - Started process (PID=418) to work on /home/airflow/.local/lib/python3.12/site-packages/airflow/example_dags/example_sensors.py
[2024-08-28T02:41:30.465+0000] {processor.py:830} INFO - Processing file /home/airflow/.local/lib/python3.12/site-packages/airflow/example_dags/example_sensors.py for tasks to queue
[2024-08-28T02:41:30.495+0000] {logging_mixin.py:188} INFO - [2024-08-28T02:41:30.491+0000] {dagbag.py:545} INFO - Filling up the DagBag from /home/airflow/.local/lib/python3.12/site-packages/airflow/example_dags/example_sensors.py
[2024-08-28T02:41:30.631+0000] {processor.py:840} INFO - DAG(s) 'example_sensors' retrieved from /home/airflow/.local/lib/python3.12/site-packages/airflow/example_dags/example_sensors.py
[2024-08-28T02:41:31.193+0000] {logging_mixin.py:188} INFO - [2024-08-28T02:41:31.192+0000] {dag.py:3089} INFO - Sync 1 DAGs
[2024-08-28T02:41:31.411+0000] {logging_mixin.py:188} INFO - [2024-08-28T02:41:31.399+0000] {dag.py:3947} INFO - Setting next_dagrun for example_sensors to None, run_after=None
[2024-08-28T02:41:31.648+0000] {processor.py:183} INFO - Processing /home/airflow/.local/lib/python3.12/site-packages/airflow/example_dags/example_sensors.py took 1.384 seconds
[2024-08-28T02:42:08.064+0000] {processor.py:161} INFO - Started process (PID=481) to work on /home/airflow/.local/lib/python3.12/site-packages/airflow/example_dags/example_sensors.py
[2024-08-28T02:42:08.066+0000] {processor.py:830} INFO - Processing file /home/airflow/.local/lib/python3.12/site-packages/airflow/example_dags/example_sensors.py for tasks to queue
[2024-08-28T02:42:08.070+0000] {logging_mixin.py:188} INFO - [2024-08-28T02:42:08.070+0000] {dagbag.py:545} INFO - Filling up the DagBag from /home/airflow/.local/lib/python3.12/site-packages/airflow/example_dags/example_sensors.py
[2024-08-28T02:42:08.095+0000] {processor.py:840} INFO - DAG(s) 'example_sensors' retrieved from /home/airflow/.local/lib/python3.12/site-packages/airflow/example_dags/example_sensors.py
[2024-08-28T02:42:08.169+0000] {logging_mixin.py:188} INFO - [2024-08-28T02:42:08.168+0000] {dag.py:3089} INFO - Sync 1 DAGs
[2024-08-28T02:42:08.209+0000] {logging_mixin.py:188} INFO - [2024-08-28T02:42:08.208+0000] {dag.py:3947} INFO - Setting next_dagrun for example_sensors to None, run_after=None
[2024-08-28T02:42:08.266+0000] {processor.py:183} INFO - Processing /home/airflow/.local/lib/python3.12/site-packages/airflow/example_dags/example_sensors.py took 0.215 seconds
[2024-08-28T02:42:38.914+0000] {processor.py:161} INFO - Started process (PID=539) to work on /home/airflow/.local/lib/python3.12/site-packages/airflow/example_dags/example_sensors.py
[2024-08-28T02:42:38.916+0000] {processor.py:830} INFO - Processing file /home/airflow/.local/lib/python3.12/site-packages/airflow/example_dags/example_sensors.py for tasks to queue
[2024-08-28T02:42:38.921+0000] {logging_mixin.py:188} INFO - [2024-08-28T02:42:38.920+0000] {dagbag.py:545} INFO - Filling up the DagBag from /home/airflow/.local/lib/python3.12/site-packages/airflow/example_dags/example_sensors.py
[2024-08-28T02:42:38.952+0000] {processor.py:840} INFO - DAG(s) 'example_sensors' retrieved from /home/airflow/.local/lib/python3.12/site-packages/airflow/example_dags/example_sensors.py
[2024-08-28T02:42:39.042+0000] {logging_mixin.py:188} INFO - [2024-08-28T02:42:39.042+0000] {dag.py:3089} INFO - Sync 1 DAGs
[2024-08-28T02:42:39.082+0000] {logging_mixin.py:188} INFO - [2024-08-28T02:42:39.082+0000] {dag.py:3947} INFO - Setting next_dagrun for example_sensors to None, run_after=None
[2024-08-28T02:42:39.159+0000] {processor.py:183} INFO - Processing /home/airflow/.local/lib/python3.12/site-packages/airflow/example_dags/example_sensors.py took 0.255 seconds
[2024-08-28T02:43:10.693+0000] {processor.py:161} INFO - Started process (PID=597) to work on /home/airflow/.local/lib/python3.12/site-packages/airflow/example_dags/example_sensors.py
[2024-08-28T02:43:10.695+0000] {processor.py:830} INFO - Processing file /home/airflow/.local/lib/python3.12/site-packages/airflow/example_dags/example_sensors.py for tasks to queue
[2024-08-28T02:43:10.699+0000] {logging_mixin.py:188} INFO - [2024-08-28T02:43:10.698+0000] {dagbag.py:545} INFO - Filling up the DagBag from /home/airflow/.local/lib/python3.12/site-packages/airflow/example_dags/example_sensors.py
[2024-08-28T02:43:10.714+0000] {processor.py:840} INFO - DAG(s) 'example_sensors' retrieved from /home/airflow/.local/lib/python3.12/site-packages/airflow/example_dags/example_sensors.py
[2024-08-28T02:43:10.762+0000] {logging_mixin.py:188} INFO - [2024-08-28T02:43:10.761+0000] {dag.py:3089} INFO - Sync 1 DAGs
[2024-08-28T02:43:10.783+0000] {logging_mixin.py:188} INFO - [2024-08-28T02:43:10.783+0000] {dag.py:3947} INFO - Setting next_dagrun for example_sensors to None, run_after=None
[2024-08-28T02:43:10.822+0000] {processor.py:183} INFO - Processing /home/airflow/.local/lib/python3.12/site-packages/airflow/example_dags/example_sensors.py took 0.139 seconds
[2024-08-28T02:43:41.753+0000] {processor.py:161} INFO - Started process (PID=654) to work on /home/airflow/.local/lib/python3.12/site-packages/airflow/example_dags/example_sensors.py
[2024-08-28T02:43:41.756+0000] {processor.py:830} INFO - Processing file /home/airflow/.local/lib/python3.12/site-packages/airflow/example_dags/example_sensors.py for tasks to queue
[2024-08-28T02:43:41.761+0000] {logging_mixin.py:188} INFO - [2024-08-28T02:43:41.760+0000] {dagbag.py:545} INFO - Filling up the DagBag from /home/airflow/.local/lib/python3.12/site-packages/airflow/example_dags/example_sensors.py
[2024-08-28T02:43:41.782+0000] {processor.py:840} INFO - DAG(s) 'example_sensors' retrieved from /home/airflow/.local/lib/python3.12/site-packages/airflow/example_dags/example_sensors.py
[2024-08-28T02:43:41.838+0000] {logging_mixin.py:188} INFO - [2024-08-28T02:43:41.838+0000] {dag.py:3089} INFO - Sync 1 DAGs
[2024-08-28T02:43:41.876+0000] {logging_mixin.py:188} INFO - [2024-08-28T02:43:41.876+0000] {dag.py:3947} INFO - Setting next_dagrun for example_sensors to None, run_after=None
[2024-08-28T02:43:41.945+0000] {processor.py:183} INFO - Processing /home/airflow/.local/lib/python3.12/site-packages/airflow/example_dags/example_sensors.py took 0.205 seconds
[2024-08-28T02:54:15.041+0000] {processor.py:161} INFO - Started process (PID=155) to work on /home/airflow/.local/lib/python3.12/site-packages/airflow/example_dags/example_sensors.py
[2024-08-28T02:54:15.055+0000] {processor.py:830} INFO - Processing file /home/airflow/.local/lib/python3.12/site-packages/airflow/example_dags/example_sensors.py for tasks to queue
[2024-08-28T02:54:15.103+0000] {logging_mixin.py:188} INFO - [2024-08-28T02:54:15.077+0000] {dagbag.py:545} INFO - Filling up the DagBag from /home/airflow/.local/lib/python3.12/site-packages/airflow/example_dags/example_sensors.py
[2024-08-28T02:54:15.329+0000] {processor.py:840} INFO - DAG(s) 'example_sensors' retrieved from /home/airflow/.local/lib/python3.12/site-packages/airflow/example_dags/example_sensors.py
[2024-08-28T02:54:15.778+0000] {logging_mixin.py:188} INFO - [2024-08-28T02:54:15.778+0000] {dag.py:3089} INFO - Sync 1 DAGs
[2024-08-28T02:54:15.931+0000] {logging_mixin.py:188} INFO - [2024-08-28T02:54:15.930+0000] {dag.py:3947} INFO - Setting next_dagrun for example_sensors to None, run_after=None
[2024-08-28T02:54:16.140+0000] {processor.py:183} INFO - Processing /home/airflow/.local/lib/python3.12/site-packages/airflow/example_dags/example_sensors.py took 1.178 seconds
[2024-08-28T02:54:48.203+0000] {processor.py:161} INFO - Started process (PID=212) to work on /home/airflow/.local/lib/python3.12/site-packages/airflow/example_dags/example_sensors.py
[2024-08-28T02:54:48.215+0000] {processor.py:830} INFO - Processing file /home/airflow/.local/lib/python3.12/site-packages/airflow/example_dags/example_sensors.py for tasks to queue
[2024-08-28T02:54:48.239+0000] {logging_mixin.py:188} INFO - [2024-08-28T02:54:48.239+0000] {dagbag.py:545} INFO - Filling up the DagBag from /home/airflow/.local/lib/python3.12/site-packages/airflow/example_dags/example_sensors.py
[2024-08-28T02:54:48.328+0000] {processor.py:840} INFO - DAG(s) 'example_sensors' retrieved from /home/airflow/.local/lib/python3.12/site-packages/airflow/example_dags/example_sensors.py
[2024-08-28T02:54:48.679+0000] {logging_mixin.py:188} INFO - [2024-08-28T02:54:48.679+0000] {dag.py:3089} INFO - Sync 1 DAGs
[2024-08-28T02:54:48.769+0000] {logging_mixin.py:188} INFO - [2024-08-28T02:54:48.768+0000] {dag.py:3947} INFO - Setting next_dagrun for example_sensors to None, run_after=None
[2024-08-28T02:54:48.931+0000] {processor.py:183} INFO - Processing /home/airflow/.local/lib/python3.12/site-packages/airflow/example_dags/example_sensors.py took 0.807 seconds
[2024-08-28T02:59:33.069+0000] {processor.py:161} INFO - Started process (PID=112) to work on /home/airflow/.local/lib/python3.12/site-packages/airflow/example_dags/example_sensors.py
[2024-08-28T02:59:33.073+0000] {processor.py:830} INFO - Processing file /home/airflow/.local/lib/python3.12/site-packages/airflow/example_dags/example_sensors.py for tasks to queue
[2024-08-28T02:59:33.078+0000] {logging_mixin.py:188} INFO - [2024-08-28T02:59:33.077+0000] {dagbag.py:545} INFO - Filling up the DagBag from /home/airflow/.local/lib/python3.12/site-packages/airflow/example_dags/example_sensors.py
[2024-08-28T02:59:33.105+0000] {processor.py:840} INFO - DAG(s) 'example_sensors' retrieved from /home/airflow/.local/lib/python3.12/site-packages/airflow/example_dags/example_sensors.py
[2024-08-28T02:59:34.046+0000] {logging_mixin.py:188} INFO - [2024-08-28T02:59:34.046+0000] {dag.py:3089} INFO - Sync 1 DAGs
[2024-08-28T02:59:34.293+0000] {logging_mixin.py:188} INFO - [2024-08-28T02:59:34.266+0000] {dag.py:3947} INFO - Setting next_dagrun for example_sensors to None, run_after=None
[2024-08-28T02:59:34.853+0000] {processor.py:183} INFO - Processing /home/airflow/.local/lib/python3.12/site-packages/airflow/example_dags/example_sensors.py took 1.839 seconds
