[2024-08-28T02:38:08.439+0000] {processor.py:161} INFO - Started process (PID=131) to work on /home/airflow/.local/lib/python3.12/site-packages/airflow/example_dags/example_short_circuit_decorator.py
[2024-08-28T02:38:08.477+0000] {processor.py:830} INFO - Processing file /home/airflow/.local/lib/python3.12/site-packages/airflow/example_dags/example_short_circuit_decorator.py for tasks to queue
[2024-08-28T02:38:08.520+0000] {logging_mixin.py:188} INFO - [2024-08-28T02:38:08.518+0000] {dagbag.py:545} INFO - Filling up the DagBag from /home/airflow/.local/lib/python3.12/site-packages/airflow/example_dags/example_short_circuit_decorator.py
[2024-08-28T02:38:08.746+0000] {processor.py:840} INFO - DAG(s) 'example_short_circuit_decorator' retrieved from /home/airflow/.local/lib/python3.12/site-packages/airflow/example_dags/example_short_circuit_decorator.py
[2024-08-28T02:38:13.163+0000] {logging_mixin.py:188} INFO - [2024-08-28T02:38:13.161+0000] {override.py:1858} INFO - Created Permission View: can edit on DAG:example_short_circuit_decorator
[2024-08-28T02:38:13.262+0000] {logging_mixin.py:188} INFO - [2024-08-28T02:38:13.261+0000] {override.py:1858} INFO - Created Permission View: can delete on DAG:example_short_circuit_decorator
[2024-08-28T02:38:13.295+0000] {logging_mixin.py:188} INFO - [2024-08-28T02:38:13.294+0000] {override.py:1858} INFO - Created Permission View: can read on DAG:example_short_circuit_decorator
[2024-08-28T02:38:13.304+0000] {logging_mixin.py:188} INFO - [2024-08-28T02:38:13.301+0000] {dag.py:3089} INFO - Sync 1 DAGs
[2024-08-28T02:38:13.390+0000] {logging_mixin.py:188} INFO - [2024-08-28T02:38:13.389+0000] {dag.py:3111} INFO - Creating ORM DAG for example_short_circuit_decorator
[2024-08-28T02:38:13.456+0000] {logging_mixin.py:188} INFO - [2024-08-28T02:38:13.455+0000] {dag.py:3947} INFO - Setting next_dagrun for example_short_circuit_decorator to 2024-08-27 00:00:00+00:00, run_after=2024-08-28 00:00:00+00:00
[2024-08-28T02:38:13.542+0000] {processor.py:183} INFO - Processing /home/airflow/.local/lib/python3.12/site-packages/airflow/example_dags/example_short_circuit_decorator.py took 5.128 seconds
[2024-08-28T02:38:47.002+0000] {processor.py:161} INFO - Started process (PID=190) to work on /home/airflow/.local/lib/python3.12/site-packages/airflow/example_dags/example_short_circuit_decorator.py
[2024-08-28T02:38:47.007+0000] {processor.py:830} INFO - Processing file /home/airflow/.local/lib/python3.12/site-packages/airflow/example_dags/example_short_circuit_decorator.py for tasks to queue
[2024-08-28T02:38:47.011+0000] {logging_mixin.py:188} INFO - [2024-08-28T02:38:47.010+0000] {dagbag.py:545} INFO - Filling up the DagBag from /home/airflow/.local/lib/python3.12/site-packages/airflow/example_dags/example_short_circuit_decorator.py
[2024-08-28T02:38:47.034+0000] {processor.py:840} INFO - DAG(s) 'example_short_circuit_decorator' retrieved from /home/airflow/.local/lib/python3.12/site-packages/airflow/example_dags/example_short_circuit_decorator.py
[2024-08-28T02:38:47.082+0000] {logging_mixin.py:188} INFO - [2024-08-28T02:38:47.082+0000] {dag.py:3089} INFO - Sync 1 DAGs
[2024-08-28T02:38:47.128+0000] {logging_mixin.py:188} INFO - [2024-08-28T02:38:47.128+0000] {dag.py:3947} INFO - Setting next_dagrun for example_short_circuit_decorator to 2024-08-27 00:00:00+00:00, run_after=2024-08-28 00:00:00+00:00
[2024-08-28T02:38:47.185+0000] {processor.py:183} INFO - Processing /home/airflow/.local/lib/python3.12/site-packages/airflow/example_dags/example_short_circuit_decorator.py took 0.197 seconds
[2024-08-28T02:39:19.146+0000] {processor.py:161} INFO - Started process (PID=248) to work on /home/airflow/.local/lib/python3.12/site-packages/airflow/example_dags/example_short_circuit_decorator.py
[2024-08-28T02:39:19.150+0000] {processor.py:830} INFO - Processing file /home/airflow/.local/lib/python3.12/site-packages/airflow/example_dags/example_short_circuit_decorator.py for tasks to queue
[2024-08-28T02:39:19.160+0000] {logging_mixin.py:188} INFO - [2024-08-28T02:39:19.156+0000] {dagbag.py:545} INFO - Filling up the DagBag from /home/airflow/.local/lib/python3.12/site-packages/airflow/example_dags/example_short_circuit_decorator.py
[2024-08-28T02:39:19.207+0000] {processor.py:840} INFO - DAG(s) 'example_short_circuit_decorator' retrieved from /home/airflow/.local/lib/python3.12/site-packages/airflow/example_dags/example_short_circuit_decorator.py
[2024-08-28T02:39:19.284+0000] {logging_mixin.py:188} INFO - [2024-08-28T02:39:19.284+0000] {dag.py:3089} INFO - Sync 1 DAGs
[2024-08-28T02:39:19.372+0000] {logging_mixin.py:188} INFO - [2024-08-28T02:39:19.371+0000] {dag.py:3947} INFO - Setting next_dagrun for example_short_circuit_decorator to 2024-08-27 00:00:00+00:00, run_after=2024-08-28 00:00:00+00:00
[2024-08-28T02:39:19.783+0000] {processor.py:183} INFO - Processing /home/airflow/.local/lib/python3.12/site-packages/airflow/example_dags/example_short_circuit_decorator.py took 0.658 seconds
[2024-08-28T02:39:50.091+0000] {processor.py:161} INFO - Started process (PID=307) to work on /home/airflow/.local/lib/python3.12/site-packages/airflow/example_dags/example_short_circuit_decorator.py
[2024-08-28T02:39:50.093+0000] {processor.py:830} INFO - Processing file /home/airflow/.local/lib/python3.12/site-packages/airflow/example_dags/example_short_circuit_decorator.py for tasks to queue
[2024-08-28T02:39:50.097+0000] {logging_mixin.py:188} INFO - [2024-08-28T02:39:50.096+0000] {dagbag.py:545} INFO - Filling up the DagBag from /home/airflow/.local/lib/python3.12/site-packages/airflow/example_dags/example_short_circuit_decorator.py
[2024-08-28T02:39:50.111+0000] {processor.py:840} INFO - DAG(s) 'example_short_circuit_decorator' retrieved from /home/airflow/.local/lib/python3.12/site-packages/airflow/example_dags/example_short_circuit_decorator.py
[2024-08-28T02:39:50.147+0000] {logging_mixin.py:188} INFO - [2024-08-28T02:39:50.147+0000] {dag.py:3089} INFO - Sync 1 DAGs
[2024-08-28T02:39:50.183+0000] {logging_mixin.py:188} INFO - [2024-08-28T02:39:50.183+0000] {dag.py:3947} INFO - Setting next_dagrun for example_short_circuit_decorator to 2024-08-27 00:00:00+00:00, run_after=2024-08-28 00:00:00+00:00
[2024-08-28T02:39:50.224+0000] {processor.py:183} INFO - Processing /home/airflow/.local/lib/python3.12/site-packages/airflow/example_dags/example_short_circuit_decorator.py took 0.141 seconds
[2024-08-28T02:40:29.621+0000] {processor.py:161} INFO - Started process (PID=362) to work on /home/airflow/.local/lib/python3.12/site-packages/airflow/example_dags/example_short_circuit_decorator.py
[2024-08-28T02:40:29.629+0000] {processor.py:830} INFO - Processing file /home/airflow/.local/lib/python3.12/site-packages/airflow/example_dags/example_short_circuit_decorator.py for tasks to queue
[2024-08-28T02:40:29.640+0000] {logging_mixin.py:188} INFO - [2024-08-28T02:40:29.639+0000] {dagbag.py:545} INFO - Filling up the DagBag from /home/airflow/.local/lib/python3.12/site-packages/airflow/example_dags/example_short_circuit_decorator.py
[2024-08-28T02:40:29.678+0000] {processor.py:840} INFO - DAG(s) 'example_short_circuit_decorator' retrieved from /home/airflow/.local/lib/python3.12/site-packages/airflow/example_dags/example_short_circuit_decorator.py
[2024-08-28T02:40:29.764+0000] {logging_mixin.py:188} INFO - [2024-08-28T02:40:29.763+0000] {dag.py:3089} INFO - Sync 1 DAGs
[2024-08-28T02:40:29.859+0000] {logging_mixin.py:188} INFO - [2024-08-28T02:40:29.858+0000] {dag.py:3947} INFO - Setting next_dagrun for example_short_circuit_decorator to 2024-08-27 00:00:00+00:00, run_after=2024-08-28 00:00:00+00:00
[2024-08-28T02:40:29.922+0000] {processor.py:183} INFO - Processing /home/airflow/.local/lib/python3.12/site-packages/airflow/example_dags/example_short_circuit_decorator.py took 0.319 seconds
[2024-08-28T02:41:47.755+0000] {processor.py:161} INFO - Started process (PID=430) to work on /home/airflow/.local/lib/python3.12/site-packages/airflow/example_dags/example_short_circuit_decorator.py
[2024-08-28T02:41:47.775+0000] {processor.py:830} INFO - Processing file /home/airflow/.local/lib/python3.12/site-packages/airflow/example_dags/example_short_circuit_decorator.py for tasks to queue
[2024-08-28T02:41:47.791+0000] {logging_mixin.py:188} INFO - [2024-08-28T02:41:47.790+0000] {dagbag.py:545} INFO - Filling up the DagBag from /home/airflow/.local/lib/python3.12/site-packages/airflow/example_dags/example_short_circuit_decorator.py
[2024-08-28T02:41:48.003+0000] {processor.py:840} INFO - DAG(s) 'example_short_circuit_decorator' retrieved from /home/airflow/.local/lib/python3.12/site-packages/airflow/example_dags/example_short_circuit_decorator.py
[2024-08-28T02:41:49.099+0000] {logging_mixin.py:188} INFO - [2024-08-28T02:41:49.097+0000] {dag.py:3089} INFO - Sync 1 DAGs
[2024-08-28T02:41:49.673+0000] {logging_mixin.py:188} INFO - [2024-08-28T02:41:49.671+0000] {dag.py:3947} INFO - Setting next_dagrun for example_short_circuit_decorator to 2024-08-27 00:00:00+00:00, run_after=2024-08-28 00:00:00+00:00
[2024-08-28T02:41:50.024+0000] {processor.py:183} INFO - Processing /home/airflow/.local/lib/python3.12/site-packages/airflow/example_dags/example_short_circuit_decorator.py took 2.413 seconds
[2024-08-28T02:42:20.952+0000] {processor.py:161} INFO - Started process (PID=488) to work on /home/airflow/.local/lib/python3.12/site-packages/airflow/example_dags/example_short_circuit_decorator.py
[2024-08-28T02:42:20.954+0000] {processor.py:830} INFO - Processing file /home/airflow/.local/lib/python3.12/site-packages/airflow/example_dags/example_short_circuit_decorator.py for tasks to queue
[2024-08-28T02:42:20.960+0000] {logging_mixin.py:188} INFO - [2024-08-28T02:42:20.959+0000] {dagbag.py:545} INFO - Filling up the DagBag from /home/airflow/.local/lib/python3.12/site-packages/airflow/example_dags/example_short_circuit_decorator.py
[2024-08-28T02:42:20.977+0000] {processor.py:840} INFO - DAG(s) 'example_short_circuit_decorator' retrieved from /home/airflow/.local/lib/python3.12/site-packages/airflow/example_dags/example_short_circuit_decorator.py
[2024-08-28T02:42:21.034+0000] {logging_mixin.py:188} INFO - [2024-08-28T02:42:21.034+0000] {dag.py:3089} INFO - Sync 1 DAGs
[2024-08-28T02:42:21.133+0000] {logging_mixin.py:188} INFO - [2024-08-28T02:42:21.133+0000] {dag.py:3947} INFO - Setting next_dagrun for example_short_circuit_decorator to 2024-08-27 00:00:00+00:00, run_after=2024-08-28 00:00:00+00:00
[2024-08-28T02:42:21.214+0000] {processor.py:183} INFO - Processing /home/airflow/.local/lib/python3.12/site-packages/airflow/example_dags/example_short_circuit_decorator.py took 0.273 seconds
[2024-08-28T02:42:51.872+0000] {processor.py:161} INFO - Started process (PID=546) to work on /home/airflow/.local/lib/python3.12/site-packages/airflow/example_dags/example_short_circuit_decorator.py
[2024-08-28T02:42:51.880+0000] {processor.py:830} INFO - Processing file /home/airflow/.local/lib/python3.12/site-packages/airflow/example_dags/example_short_circuit_decorator.py for tasks to queue
[2024-08-28T02:42:51.885+0000] {logging_mixin.py:188} INFO - [2024-08-28T02:42:51.884+0000] {dagbag.py:545} INFO - Filling up the DagBag from /home/airflow/.local/lib/python3.12/site-packages/airflow/example_dags/example_short_circuit_decorator.py
[2024-08-28T02:42:51.924+0000] {processor.py:840} INFO - DAG(s) 'example_short_circuit_decorator' retrieved from /home/airflow/.local/lib/python3.12/site-packages/airflow/example_dags/example_short_circuit_decorator.py
[2024-08-28T02:42:52.070+0000] {logging_mixin.py:188} INFO - [2024-08-28T02:42:52.069+0000] {dag.py:3089} INFO - Sync 1 DAGs
[2024-08-28T02:42:52.317+0000] {logging_mixin.py:188} INFO - [2024-08-28T02:42:52.316+0000] {dag.py:3947} INFO - Setting next_dagrun for example_short_circuit_decorator to 2024-08-27 00:00:00+00:00, run_after=2024-08-28 00:00:00+00:00
[2024-08-28T02:42:52.414+0000] {processor.py:183} INFO - Processing /home/airflow/.local/lib/python3.12/site-packages/airflow/example_dags/example_short_circuit_decorator.py took 0.564 seconds
[2024-08-28T02:43:22.697+0000] {processor.py:161} INFO - Started process (PID=604) to work on /home/airflow/.local/lib/python3.12/site-packages/airflow/example_dags/example_short_circuit_decorator.py
[2024-08-28T02:43:22.721+0000] {processor.py:830} INFO - Processing file /home/airflow/.local/lib/python3.12/site-packages/airflow/example_dags/example_short_circuit_decorator.py for tasks to queue
[2024-08-28T02:43:22.732+0000] {logging_mixin.py:188} INFO - [2024-08-28T02:43:22.731+0000] {dagbag.py:545} INFO - Filling up the DagBag from /home/airflow/.local/lib/python3.12/site-packages/airflow/example_dags/example_short_circuit_decorator.py
[2024-08-28T02:43:22.846+0000] {processor.py:840} INFO - DAG(s) 'example_short_circuit_decorator' retrieved from /home/airflow/.local/lib/python3.12/site-packages/airflow/example_dags/example_short_circuit_decorator.py
[2024-08-28T02:43:22.948+0000] {logging_mixin.py:188} INFO - [2024-08-28T02:43:22.947+0000] {dag.py:3089} INFO - Sync 1 DAGs
[2024-08-28T02:43:22.990+0000] {logging_mixin.py:188} INFO - [2024-08-28T02:43:22.990+0000] {dag.py:3947} INFO - Setting next_dagrun for example_short_circuit_decorator to 2024-08-27 00:00:00+00:00, run_after=2024-08-28 00:00:00+00:00
[2024-08-28T02:43:23.049+0000] {processor.py:183} INFO - Processing /home/airflow/.local/lib/python3.12/site-packages/airflow/example_dags/example_short_circuit_decorator.py took 0.368 seconds
[2024-08-28T02:43:53.241+0000] {processor.py:161} INFO - Started process (PID=661) to work on /home/airflow/.local/lib/python3.12/site-packages/airflow/example_dags/example_short_circuit_decorator.py
[2024-08-28T02:43:53.244+0000] {processor.py:830} INFO - Processing file /home/airflow/.local/lib/python3.12/site-packages/airflow/example_dags/example_short_circuit_decorator.py for tasks to queue
[2024-08-28T02:43:53.248+0000] {logging_mixin.py:188} INFO - [2024-08-28T02:43:53.248+0000] {dagbag.py:545} INFO - Filling up the DagBag from /home/airflow/.local/lib/python3.12/site-packages/airflow/example_dags/example_short_circuit_decorator.py
[2024-08-28T02:43:53.286+0000] {processor.py:840} INFO - DAG(s) 'example_short_circuit_decorator' retrieved from /home/airflow/.local/lib/python3.12/site-packages/airflow/example_dags/example_short_circuit_decorator.py
[2024-08-28T02:43:53.360+0000] {logging_mixin.py:188} INFO - [2024-08-28T02:43:53.360+0000] {dag.py:3089} INFO - Sync 1 DAGs
[2024-08-28T02:43:53.444+0000] {logging_mixin.py:188} INFO - [2024-08-28T02:43:53.444+0000] {dag.py:3947} INFO - Setting next_dagrun for example_short_circuit_decorator to 2024-08-27 00:00:00+00:00, run_after=2024-08-28 00:00:00+00:00
[2024-08-28T02:43:53.502+0000] {processor.py:183} INFO - Processing /home/airflow/.local/lib/python3.12/site-packages/airflow/example_dags/example_short_circuit_decorator.py took 0.285 seconds
[2024-08-28T02:54:20.528+0000] {processor.py:161} INFO - Started process (PID=162) to work on /home/airflow/.local/lib/python3.12/site-packages/airflow/example_dags/example_short_circuit_decorator.py
[2024-08-28T02:54:20.551+0000] {processor.py:830} INFO - Processing file /home/airflow/.local/lib/python3.12/site-packages/airflow/example_dags/example_short_circuit_decorator.py for tasks to queue
[2024-08-28T02:54:20.637+0000] {logging_mixin.py:188} INFO - [2024-08-28T02:54:20.589+0000] {dagbag.py:545} INFO - Filling up the DagBag from /home/airflow/.local/lib/python3.12/site-packages/airflow/example_dags/example_short_circuit_decorator.py
[2024-08-28T02:54:20.976+0000] {processor.py:840} INFO - DAG(s) 'example_short_circuit_decorator' retrieved from /home/airflow/.local/lib/python3.12/site-packages/airflow/example_dags/example_short_circuit_decorator.py
[2024-08-28T02:54:21.436+0000] {logging_mixin.py:188} INFO - [2024-08-28T02:54:21.424+0000] {dag.py:3089} INFO - Sync 1 DAGs
[2024-08-28T02:54:21.748+0000] {logging_mixin.py:188} INFO - [2024-08-28T02:54:21.747+0000] {dag.py:3947} INFO - Setting next_dagrun for example_short_circuit_decorator to 2024-08-27 00:00:00+00:00, run_after=2024-08-28 00:00:00+00:00
[2024-08-28T02:54:21.975+0000] {processor.py:183} INFO - Processing /home/airflow/.local/lib/python3.12/site-packages/airflow/example_dags/example_short_circuit_decorator.py took 1.651 seconds
[2024-08-28T02:54:52.477+0000] {processor.py:161} INFO - Started process (PID=219) to work on /home/airflow/.local/lib/python3.12/site-packages/airflow/example_dags/example_short_circuit_decorator.py
[2024-08-28T02:54:52.480+0000] {processor.py:830} INFO - Processing file /home/airflow/.local/lib/python3.12/site-packages/airflow/example_dags/example_short_circuit_decorator.py for tasks to queue
[2024-08-28T02:54:52.487+0000] {logging_mixin.py:188} INFO - [2024-08-28T02:54:52.487+0000] {dagbag.py:545} INFO - Filling up the DagBag from /home/airflow/.local/lib/python3.12/site-packages/airflow/example_dags/example_short_circuit_decorator.py
[2024-08-28T02:54:52.527+0000] {processor.py:840} INFO - DAG(s) 'example_short_circuit_decorator' retrieved from /home/airflow/.local/lib/python3.12/site-packages/airflow/example_dags/example_short_circuit_decorator.py
[2024-08-28T02:54:52.692+0000] {logging_mixin.py:188} INFO - [2024-08-28T02:54:52.691+0000] {dag.py:3089} INFO - Sync 1 DAGs
[2024-08-28T02:54:52.791+0000] {logging_mixin.py:188} INFO - [2024-08-28T02:54:52.790+0000] {dag.py:3947} INFO - Setting next_dagrun for example_short_circuit_decorator to 2024-08-27 00:00:00+00:00, run_after=2024-08-28 00:00:00+00:00
[2024-08-28T02:54:52.877+0000] {processor.py:183} INFO - Processing /home/airflow/.local/lib/python3.12/site-packages/airflow/example_dags/example_short_circuit_decorator.py took 0.425 seconds
[2024-08-28T02:59:39.430+0000] {processor.py:161} INFO - Started process (PID=119) to work on /home/airflow/.local/lib/python3.12/site-packages/airflow/example_dags/example_short_circuit_decorator.py
[2024-08-28T02:59:39.437+0000] {processor.py:830} INFO - Processing file /home/airflow/.local/lib/python3.12/site-packages/airflow/example_dags/example_short_circuit_decorator.py for tasks to queue
[2024-08-28T02:59:39.450+0000] {logging_mixin.py:188} INFO - [2024-08-28T02:59:39.450+0000] {dagbag.py:545} INFO - Filling up the DagBag from /home/airflow/.local/lib/python3.12/site-packages/airflow/example_dags/example_short_circuit_decorator.py
[2024-08-28T02:59:39.506+0000] {processor.py:840} INFO - DAG(s) 'example_short_circuit_decorator' retrieved from /home/airflow/.local/lib/python3.12/site-packages/airflow/example_dags/example_short_circuit_decorator.py
[2024-08-28T02:59:40.711+0000] {logging_mixin.py:188} INFO - [2024-08-28T02:59:40.710+0000] {dag.py:3089} INFO - Sync 1 DAGs
[2024-08-28T02:59:40.874+0000] {logging_mixin.py:188} INFO - [2024-08-28T02:59:40.873+0000] {dag.py:3947} INFO - Setting next_dagrun for example_short_circuit_decorator to 2024-08-27 00:00:00+00:00, run_after=2024-08-28 00:00:00+00:00
[2024-08-28T02:59:40.978+0000] {processor.py:183} INFO - Processing /home/airflow/.local/lib/python3.12/site-packages/airflow/example_dags/example_short_circuit_decorator.py took 1.609 seconds
