[2024-08-28T02:37:44.768+0000] {processor.py:161} INFO - Started process (PID=99) to work on /home/airflow/.local/lib/python3.12/site-packages/airflow/example_dags/example_bash_operator.py
[2024-08-28T02:37:44.772+0000] {processor.py:830} INFO - Processing file /home/airflow/.local/lib/python3.12/site-packages/airflow/example_dags/example_bash_operator.py for tasks to queue
[2024-08-28T02:37:44.776+0000] {logging_mixin.py:188} INFO - [2024-08-28T02:37:44.775+0000] {dagbag.py:545} INFO - Filling up the DagBag from /home/airflow/.local/lib/python3.12/site-packages/airflow/example_dags/example_bash_operator.py
[2024-08-28T02:37:44.810+0000] {processor.py:840} INFO - DAG(s) 'example_bash_operator' retrieved from /home/airflow/.local/lib/python3.12/site-packages/airflow/example_dags/example_bash_operator.py
[2024-08-28T02:37:45.101+0000] {logging_mixin.py:188} INFO - [2024-08-28T02:37:45.100+0000] {override.py:1858} INFO - Created Permission View: can edit on DAG:example_bash_operator
[2024-08-28T02:37:45.139+0000] {logging_mixin.py:188} INFO - [2024-08-28T02:37:45.139+0000] {override.py:1858} INFO - Created Permission View: can delete on DAG:example_bash_operator
[2024-08-28T02:37:45.181+0000] {logging_mixin.py:188} INFO - [2024-08-28T02:37:45.180+0000] {override.py:1858} INFO - Created Permission View: can read on DAG:example_bash_operator
[2024-08-28T02:37:45.182+0000] {logging_mixin.py:188} INFO - [2024-08-28T02:37:45.182+0000] {dag.py:3089} INFO - Sync 1 DAGs
[2024-08-28T02:37:45.211+0000] {logging_mixin.py:188} INFO - [2024-08-28T02:37:45.211+0000] {dag.py:3111} INFO - Creating ORM DAG for example_bash_operator
[2024-08-28T02:37:45.236+0000] {logging_mixin.py:188} INFO - [2024-08-28T02:37:45.236+0000] {dag.py:3947} INFO - Setting next_dagrun for example_bash_operator to 2024-08-27 00:00:00+00:00, run_after=2024-08-28 00:00:00+00:00
[2024-08-28T02:37:45.301+0000] {processor.py:183} INFO - Processing /home/airflow/.local/lib/python3.12/site-packages/airflow/example_dags/example_bash_operator.py took 0.545 seconds
[2024-08-28T02:38:40.563+0000] {processor.py:161} INFO - Started process (PID=164) to work on /home/airflow/.local/lib/python3.12/site-packages/airflow/example_dags/example_bash_operator.py
[2024-08-28T02:38:40.566+0000] {processor.py:830} INFO - Processing file /home/airflow/.local/lib/python3.12/site-packages/airflow/example_dags/example_bash_operator.py for tasks to queue
[2024-08-28T02:38:40.571+0000] {logging_mixin.py:188} INFO - [2024-08-28T02:38:40.570+0000] {dagbag.py:545} INFO - Filling up the DagBag from /home/airflow/.local/lib/python3.12/site-packages/airflow/example_dags/example_bash_operator.py
[2024-08-28T02:38:40.604+0000] {processor.py:840} INFO - DAG(s) 'example_bash_operator' retrieved from /home/airflow/.local/lib/python3.12/site-packages/airflow/example_dags/example_bash_operator.py
[2024-08-28T02:38:40.725+0000] {logging_mixin.py:188} INFO - [2024-08-28T02:38:40.725+0000] {dag.py:3089} INFO - Sync 1 DAGs
[2024-08-28T02:38:40.821+0000] {logging_mixin.py:188} INFO - [2024-08-28T02:38:40.821+0000] {dag.py:3947} INFO - Setting next_dagrun for example_bash_operator to 2024-08-27 00:00:00+00:00, run_after=2024-08-28 00:00:00+00:00
[2024-08-28T02:38:40.921+0000] {processor.py:183} INFO - Processing /home/airflow/.local/lib/python3.12/site-packages/airflow/example_dags/example_bash_operator.py took 0.373 seconds
[2024-08-28T02:39:11.173+0000] {processor.py:161} INFO - Started process (PID=220) to work on /home/airflow/.local/lib/python3.12/site-packages/airflow/example_dags/example_bash_operator.py
[2024-08-28T02:39:11.176+0000] {processor.py:830} INFO - Processing file /home/airflow/.local/lib/python3.12/site-packages/airflow/example_dags/example_bash_operator.py for tasks to queue
[2024-08-28T02:39:11.184+0000] {logging_mixin.py:188} INFO - [2024-08-28T02:39:11.182+0000] {dagbag.py:545} INFO - Filling up the DagBag from /home/airflow/.local/lib/python3.12/site-packages/airflow/example_dags/example_bash_operator.py
[2024-08-28T02:39:11.223+0000] {processor.py:840} INFO - DAG(s) 'example_bash_operator' retrieved from /home/airflow/.local/lib/python3.12/site-packages/airflow/example_dags/example_bash_operator.py
[2024-08-28T02:39:11.297+0000] {logging_mixin.py:188} INFO - [2024-08-28T02:39:11.297+0000] {dag.py:3089} INFO - Sync 1 DAGs
[2024-08-28T02:39:11.358+0000] {logging_mixin.py:188} INFO - [2024-08-28T02:39:11.358+0000] {dag.py:3947} INFO - Setting next_dagrun for example_bash_operator to 2024-08-27 00:00:00+00:00, run_after=2024-08-28 00:00:00+00:00
[2024-08-28T02:39:11.405+0000] {processor.py:183} INFO - Processing /home/airflow/.local/lib/python3.12/site-packages/airflow/example_dags/example_bash_operator.py took 0.248 seconds
[2024-08-28T02:39:43.488+0000] {processor.py:161} INFO - Started process (PID=278) to work on /home/airflow/.local/lib/python3.12/site-packages/airflow/example_dags/example_bash_operator.py
[2024-08-28T02:39:43.493+0000] {processor.py:830} INFO - Processing file /home/airflow/.local/lib/python3.12/site-packages/airflow/example_dags/example_bash_operator.py for tasks to queue
[2024-08-28T02:39:43.498+0000] {logging_mixin.py:188} INFO - [2024-08-28T02:39:43.497+0000] {dagbag.py:545} INFO - Filling up the DagBag from /home/airflow/.local/lib/python3.12/site-packages/airflow/example_dags/example_bash_operator.py
[2024-08-28T02:39:43.535+0000] {processor.py:840} INFO - DAG(s) 'example_bash_operator' retrieved from /home/airflow/.local/lib/python3.12/site-packages/airflow/example_dags/example_bash_operator.py
[2024-08-28T02:39:43.601+0000] {logging_mixin.py:188} INFO - [2024-08-28T02:39:43.601+0000] {dag.py:3089} INFO - Sync 1 DAGs
[2024-08-28T02:39:43.690+0000] {logging_mixin.py:188} INFO - [2024-08-28T02:39:43.688+0000] {dag.py:3947} INFO - Setting next_dagrun for example_bash_operator to 2024-08-27 00:00:00+00:00, run_after=2024-08-28 00:00:00+00:00
[2024-08-28T02:39:43.752+0000] {processor.py:183} INFO - Processing /home/airflow/.local/lib/python3.12/site-packages/airflow/example_dags/example_bash_operator.py took 0.284 seconds
[2024-08-28T02:40:19.745+0000] {processor.py:161} INFO - Started process (PID=336) to work on /home/airflow/.local/lib/python3.12/site-packages/airflow/example_dags/example_bash_operator.py
[2024-08-28T02:40:19.930+0000] {processor.py:830} INFO - Processing file /home/airflow/.local/lib/python3.12/site-packages/airflow/example_dags/example_bash_operator.py for tasks to queue
[2024-08-28T02:40:19.939+0000] {logging_mixin.py:188} INFO - [2024-08-28T02:40:19.938+0000] {dagbag.py:545} INFO - Filling up the DagBag from /home/airflow/.local/lib/python3.12/site-packages/airflow/example_dags/example_bash_operator.py
[2024-08-28T02:40:20.031+0000] {processor.py:840} INFO - DAG(s) 'example_bash_operator' retrieved from /home/airflow/.local/lib/python3.12/site-packages/airflow/example_dags/example_bash_operator.py
[2024-08-28T02:40:20.225+0000] {logging_mixin.py:188} INFO - [2024-08-28T02:40:20.225+0000] {dag.py:3089} INFO - Sync 1 DAGs
[2024-08-28T02:40:20.310+0000] {logging_mixin.py:188} INFO - [2024-08-28T02:40:20.309+0000] {dag.py:3947} INFO - Setting next_dagrun for example_bash_operator to 2024-08-27 00:00:00+00:00, run_after=2024-08-28 00:00:00+00:00
[2024-08-28T02:40:20.643+0000] {processor.py:183} INFO - Processing /home/airflow/.local/lib/python3.12/site-packages/airflow/example_dags/example_bash_operator.py took 0.917 seconds
[2024-08-28T02:40:55.896+0000] {processor.py:161} INFO - Started process (PID=393) to work on /home/airflow/.local/lib/python3.12/site-packages/airflow/example_dags/example_bash_operator.py
[2024-08-28T02:40:55.956+0000] {processor.py:830} INFO - Processing file /home/airflow/.local/lib/python3.12/site-packages/airflow/example_dags/example_bash_operator.py for tasks to queue
[2024-08-28T02:40:56.061+0000] {logging_mixin.py:188} INFO - [2024-08-28T02:40:56.060+0000] {dagbag.py:545} INFO - Filling up the DagBag from /home/airflow/.local/lib/python3.12/site-packages/airflow/example_dags/example_bash_operator.py
[2024-08-28T02:40:56.791+0000] {processor.py:840} INFO - DAG(s) 'example_bash_operator' retrieved from /home/airflow/.local/lib/python3.12/site-packages/airflow/example_dags/example_bash_operator.py
[2024-08-28T02:40:57.472+0000] {logging_mixin.py:188} INFO - [2024-08-28T02:40:57.471+0000] {dag.py:3089} INFO - Sync 1 DAGs
[2024-08-28T02:40:57.929+0000] {logging_mixin.py:188} INFO - [2024-08-28T02:40:57.924+0000] {dag.py:3947} INFO - Setting next_dagrun for example_bash_operator to 2024-08-27 00:00:00+00:00, run_after=2024-08-28 00:00:00+00:00
[2024-08-28T02:40:59.020+0000] {processor.py:183} INFO - Processing /home/airflow/.local/lib/python3.12/site-packages/airflow/example_dags/example_bash_operator.py took 3.561 seconds
[2024-08-28T02:42:02.900+0000] {processor.py:161} INFO - Started process (PID=454) to work on /home/airflow/.local/lib/python3.12/site-packages/airflow/example_dags/example_bash_operator.py
[2024-08-28T02:42:02.904+0000] {processor.py:830} INFO - Processing file /home/airflow/.local/lib/python3.12/site-packages/airflow/example_dags/example_bash_operator.py for tasks to queue
[2024-08-28T02:42:02.910+0000] {logging_mixin.py:188} INFO - [2024-08-28T02:42:02.909+0000] {dagbag.py:545} INFO - Filling up the DagBag from /home/airflow/.local/lib/python3.12/site-packages/airflow/example_dags/example_bash_operator.py
[2024-08-28T02:42:02.949+0000] {processor.py:840} INFO - DAG(s) 'example_bash_operator' retrieved from /home/airflow/.local/lib/python3.12/site-packages/airflow/example_dags/example_bash_operator.py
[2024-08-28T02:42:03.028+0000] {logging_mixin.py:188} INFO - [2024-08-28T02:42:03.028+0000] {dag.py:3089} INFO - Sync 1 DAGs
[2024-08-28T02:42:03.135+0000] {logging_mixin.py:188} INFO - [2024-08-28T02:42:03.134+0000] {dag.py:3947} INFO - Setting next_dagrun for example_bash_operator to 2024-08-27 00:00:00+00:00, run_after=2024-08-28 00:00:00+00:00
[2024-08-28T02:42:03.197+0000] {processor.py:183} INFO - Processing /home/airflow/.local/lib/python3.12/site-packages/airflow/example_dags/example_bash_operator.py took 0.312 seconds
[2024-08-28T02:42:33.947+0000] {processor.py:161} INFO - Started process (PID=512) to work on /home/airflow/.local/lib/python3.12/site-packages/airflow/example_dags/example_bash_operator.py
[2024-08-28T02:42:33.948+0000] {processor.py:830} INFO - Processing file /home/airflow/.local/lib/python3.12/site-packages/airflow/example_dags/example_bash_operator.py for tasks to queue
[2024-08-28T02:42:33.952+0000] {logging_mixin.py:188} INFO - [2024-08-28T02:42:33.951+0000] {dagbag.py:545} INFO - Filling up the DagBag from /home/airflow/.local/lib/python3.12/site-packages/airflow/example_dags/example_bash_operator.py
[2024-08-28T02:42:33.972+0000] {processor.py:840} INFO - DAG(s) 'example_bash_operator' retrieved from /home/airflow/.local/lib/python3.12/site-packages/airflow/example_dags/example_bash_operator.py
[2024-08-28T02:42:34.043+0000] {logging_mixin.py:188} INFO - [2024-08-28T02:42:34.042+0000] {dag.py:3089} INFO - Sync 1 DAGs
[2024-08-28T02:42:34.109+0000] {logging_mixin.py:188} INFO - [2024-08-28T02:42:34.108+0000] {dag.py:3947} INFO - Setting next_dagrun for example_bash_operator to 2024-08-27 00:00:00+00:00, run_after=2024-08-28 00:00:00+00:00
[2024-08-28T02:42:34.149+0000] {processor.py:183} INFO - Processing /home/airflow/.local/lib/python3.12/site-packages/airflow/example_dags/example_bash_operator.py took 0.221 seconds
[2024-08-28T02:43:04.552+0000] {processor.py:161} INFO - Started process (PID=568) to work on /home/airflow/.local/lib/python3.12/site-packages/airflow/example_dags/example_bash_operator.py
[2024-08-28T02:43:04.554+0000] {processor.py:830} INFO - Processing file /home/airflow/.local/lib/python3.12/site-packages/airflow/example_dags/example_bash_operator.py for tasks to queue
[2024-08-28T02:43:04.557+0000] {logging_mixin.py:188} INFO - [2024-08-28T02:43:04.557+0000] {dagbag.py:545} INFO - Filling up the DagBag from /home/airflow/.local/lib/python3.12/site-packages/airflow/example_dags/example_bash_operator.py
[2024-08-28T02:43:04.579+0000] {processor.py:840} INFO - DAG(s) 'example_bash_operator' retrieved from /home/airflow/.local/lib/python3.12/site-packages/airflow/example_dags/example_bash_operator.py
[2024-08-28T02:43:04.629+0000] {logging_mixin.py:188} INFO - [2024-08-28T02:43:04.629+0000] {dag.py:3089} INFO - Sync 1 DAGs
[2024-08-28T02:43:04.674+0000] {logging_mixin.py:188} INFO - [2024-08-28T02:43:04.674+0000] {dag.py:3947} INFO - Setting next_dagrun for example_bash_operator to 2024-08-27 00:00:00+00:00, run_after=2024-08-28 00:00:00+00:00
[2024-08-28T02:43:04.716+0000] {processor.py:183} INFO - Processing /home/airflow/.local/lib/python3.12/site-packages/airflow/example_dags/example_bash_operator.py took 0.176 seconds
[2024-08-28T02:43:35.513+0000] {processor.py:161} INFO - Started process (PID=626) to work on /home/airflow/.local/lib/python3.12/site-packages/airflow/example_dags/example_bash_operator.py
[2024-08-28T02:43:35.514+0000] {processor.py:830} INFO - Processing file /home/airflow/.local/lib/python3.12/site-packages/airflow/example_dags/example_bash_operator.py for tasks to queue
[2024-08-28T02:43:35.518+0000] {logging_mixin.py:188} INFO - [2024-08-28T02:43:35.517+0000] {dagbag.py:545} INFO - Filling up the DagBag from /home/airflow/.local/lib/python3.12/site-packages/airflow/example_dags/example_bash_operator.py
[2024-08-28T02:43:35.540+0000] {processor.py:840} INFO - DAG(s) 'example_bash_operator' retrieved from /home/airflow/.local/lib/python3.12/site-packages/airflow/example_dags/example_bash_operator.py
[2024-08-28T02:43:35.599+0000] {logging_mixin.py:188} INFO - [2024-08-28T02:43:35.599+0000] {dag.py:3089} INFO - Sync 1 DAGs
[2024-08-28T02:43:35.646+0000] {logging_mixin.py:188} INFO - [2024-08-28T02:43:35.646+0000] {dag.py:3947} INFO - Setting next_dagrun for example_bash_operator to 2024-08-27 00:00:00+00:00, run_after=2024-08-28 00:00:00+00:00
[2024-08-28T02:43:35.685+0000] {processor.py:183} INFO - Processing /home/airflow/.local/lib/python3.12/site-packages/airflow/example_dags/example_bash_operator.py took 0.184 seconds
[2024-08-28T02:44:06.448+0000] {processor.py:161} INFO - Started process (PID=683) to work on /home/airflow/.local/lib/python3.12/site-packages/airflow/example_dags/example_bash_operator.py
[2024-08-28T02:44:06.453+0000] {processor.py:830} INFO - Processing file /home/airflow/.local/lib/python3.12/site-packages/airflow/example_dags/example_bash_operator.py for tasks to queue
[2024-08-28T02:44:06.459+0000] {logging_mixin.py:188} INFO - [2024-08-28T02:44:06.459+0000] {dagbag.py:545} INFO - Filling up the DagBag from /home/airflow/.local/lib/python3.12/site-packages/airflow/example_dags/example_bash_operator.py
[2024-08-28T02:44:06.502+0000] {processor.py:840} INFO - DAG(s) 'example_bash_operator' retrieved from /home/airflow/.local/lib/python3.12/site-packages/airflow/example_dags/example_bash_operator.py
[2024-08-28T02:44:06.617+0000] {logging_mixin.py:188} INFO - [2024-08-28T02:44:06.616+0000] {dag.py:3089} INFO - Sync 1 DAGs
[2024-08-28T02:44:06.726+0000] {logging_mixin.py:188} INFO - [2024-08-28T02:44:06.723+0000] {dag.py:3947} INFO - Setting next_dagrun for example_bash_operator to 2024-08-27 00:00:00+00:00, run_after=2024-08-28 00:00:00+00:00
[2024-08-28T02:44:06.821+0000] {processor.py:183} INFO - Processing /home/airflow/.local/lib/python3.12/site-packages/airflow/example_dags/example_bash_operator.py took 0.389 seconds
[2024-08-28T02:53:47.697+0000] {processor.py:161} INFO - Started process (PID=129) to work on /home/airflow/.local/lib/python3.12/site-packages/airflow/example_dags/example_bash_operator.py
[2024-08-28T02:53:47.701+0000] {processor.py:830} INFO - Processing file /home/airflow/.local/lib/python3.12/site-packages/airflow/example_dags/example_bash_operator.py for tasks to queue
[2024-08-28T02:53:47.711+0000] {logging_mixin.py:188} INFO - [2024-08-28T02:53:47.709+0000] {dagbag.py:545} INFO - Filling up the DagBag from /home/airflow/.local/lib/python3.12/site-packages/airflow/example_dags/example_bash_operator.py
[2024-08-28T02:53:47.755+0000] {processor.py:840} INFO - DAG(s) 'example_bash_operator' retrieved from /home/airflow/.local/lib/python3.12/site-packages/airflow/example_dags/example_bash_operator.py
[2024-08-28T02:53:48.164+0000] {logging_mixin.py:188} INFO - [2024-08-28T02:53:48.159+0000] {dag.py:3089} INFO - Sync 1 DAGs
[2024-08-28T02:53:48.431+0000] {logging_mixin.py:188} INFO - [2024-08-28T02:53:48.430+0000] {dag.py:3947} INFO - Setting next_dagrun for example_bash_operator to 2024-08-27 00:00:00+00:00, run_after=2024-08-28 00:00:00+00:00
[2024-08-28T02:53:48.919+0000] {processor.py:183} INFO - Processing /home/airflow/.local/lib/python3.12/site-packages/airflow/example_dags/example_bash_operator.py took 1.238 seconds
[2024-08-28T02:54:38.159+0000] {processor.py:161} INFO - Started process (PID=193) to work on /home/airflow/.local/lib/python3.12/site-packages/airflow/example_dags/example_bash_operator.py
[2024-08-28T02:54:38.167+0000] {processor.py:830} INFO - Processing file /home/airflow/.local/lib/python3.12/site-packages/airflow/example_dags/example_bash_operator.py for tasks to queue
[2024-08-28T02:54:38.180+0000] {logging_mixin.py:188} INFO - [2024-08-28T02:54:38.179+0000] {dagbag.py:545} INFO - Filling up the DagBag from /home/airflow/.local/lib/python3.12/site-packages/airflow/example_dags/example_bash_operator.py
[2024-08-28T02:54:38.238+0000] {processor.py:840} INFO - DAG(s) 'example_bash_operator' retrieved from /home/airflow/.local/lib/python3.12/site-packages/airflow/example_dags/example_bash_operator.py
[2024-08-28T02:54:38.470+0000] {logging_mixin.py:188} INFO - [2024-08-28T02:54:38.469+0000] {dag.py:3089} INFO - Sync 1 DAGs
[2024-08-28T02:54:38.590+0000] {logging_mixin.py:188} INFO - [2024-08-28T02:54:38.589+0000] {dag.py:3947} INFO - Setting next_dagrun for example_bash_operator to 2024-08-27 00:00:00+00:00, run_after=2024-08-28 00:00:00+00:00
[2024-08-28T02:54:38.766+0000] {processor.py:183} INFO - Processing /home/airflow/.local/lib/python3.12/site-packages/airflow/example_dags/example_bash_operator.py took 0.632 seconds
[2024-08-28T02:59:23.650+0000] {processor.py:161} INFO - Started process (PID=93) to work on /home/airflow/.local/lib/python3.12/site-packages/airflow/example_dags/example_bash_operator.py
[2024-08-28T02:59:23.690+0000] {processor.py:830} INFO - Processing file /home/airflow/.local/lib/python3.12/site-packages/airflow/example_dags/example_bash_operator.py for tasks to queue
[2024-08-28T02:59:23.695+0000] {logging_mixin.py:188} INFO - [2024-08-28T02:59:23.695+0000] {dagbag.py:545} INFO - Filling up the DagBag from /home/airflow/.local/lib/python3.12/site-packages/airflow/example_dags/example_bash_operator.py
[2024-08-28T02:59:23.722+0000] {processor.py:840} INFO - DAG(s) 'example_bash_operator' retrieved from /home/airflow/.local/lib/python3.12/site-packages/airflow/example_dags/example_bash_operator.py
[2024-08-28T02:59:24.027+0000] {logging_mixin.py:188} INFO - [2024-08-28T02:59:24.026+0000] {dag.py:3089} INFO - Sync 1 DAGs
[2024-08-28T02:59:24.157+0000] {logging_mixin.py:188} INFO - [2024-08-28T02:59:24.150+0000] {dag.py:3947} INFO - Setting next_dagrun for example_bash_operator to 2024-08-27 00:00:00+00:00, run_after=2024-08-28 00:00:00+00:00
[2024-08-28T02:59:24.310+0000] {processor.py:183} INFO - Processing /home/airflow/.local/lib/python3.12/site-packages/airflow/example_dags/example_bash_operator.py took 0.682 seconds
