[2024-08-28T02:38:13.730+0000] {processor.py:161} INFO - Started process (PID=132) to work on /home/airflow/.local/lib/python3.12/site-packages/airflow/example_dags/example_external_task_marker_dag.py
[2024-08-28T02:38:13.752+0000] {processor.py:830} INFO - Processing file /home/airflow/.local/lib/python3.12/site-packages/airflow/example_dags/example_external_task_marker_dag.py for tasks to queue
[2024-08-28T02:38:13.802+0000] {logging_mixin.py:188} INFO - [2024-08-28T02:38:13.802+0000] {dagbag.py:545} INFO - Filling up the DagBag from /home/airflow/.local/lib/python3.12/site-packages/airflow/example_dags/example_external_task_marker_dag.py
[2024-08-28T02:38:13.852+0000] {processor.py:840} INFO - DAG(s) 'example_external_task_marker_parent', 'example_external_task_marker_child' retrieved from /home/airflow/.local/lib/python3.12/site-packages/airflow/example_dags/example_external_task_marker_dag.py
[2024-08-28T02:38:14.532+0000] {logging_mixin.py:188} INFO - [2024-08-28T02:38:14.530+0000] {override.py:1858} INFO - Created Permission View: can edit on DAG:example_external_task_marker_parent
[2024-08-28T02:38:14.621+0000] {logging_mixin.py:188} INFO - [2024-08-28T02:38:14.621+0000] {override.py:1858} INFO - Created Permission View: can delete on DAG:example_external_task_marker_parent
[2024-08-28T02:38:14.721+0000] {logging_mixin.py:188} INFO - [2024-08-28T02:38:14.720+0000] {override.py:1858} INFO - Created Permission View: can read on DAG:example_external_task_marker_parent
[2024-08-28T02:38:14.981+0000] {logging_mixin.py:188} INFO - [2024-08-28T02:38:14.981+0000] {override.py:1858} INFO - Created Permission View: can edit on DAG:example_external_task_marker_child
[2024-08-28T02:38:15.053+0000] {logging_mixin.py:188} INFO - [2024-08-28T02:38:15.052+0000] {override.py:1858} INFO - Created Permission View: can delete on DAG:example_external_task_marker_child
[2024-08-28T02:38:15.192+0000] {logging_mixin.py:188} INFO - [2024-08-28T02:38:15.191+0000] {override.py:1858} INFO - Created Permission View: can read on DAG:example_external_task_marker_child
[2024-08-28T02:38:15.197+0000] {logging_mixin.py:188} INFO - [2024-08-28T02:38:15.196+0000] {dag.py:3089} INFO - Sync 2 DAGs
[2024-08-28T02:38:15.414+0000] {logging_mixin.py:188} INFO - [2024-08-28T02:38:15.413+0000] {dag.py:3111} INFO - Creating ORM DAG for example_external_task_marker_child
[2024-08-28T02:38:15.423+0000] {logging_mixin.py:188} INFO - [2024-08-28T02:38:15.423+0000] {dag.py:3111} INFO - Creating ORM DAG for example_external_task_marker_parent
[2024-08-28T02:38:15.426+0000] {logging_mixin.py:188} INFO - [2024-08-28T02:38:15.425+0000] {dag.py:3947} INFO - Setting next_dagrun for example_external_task_marker_child to None, run_after=None
[2024-08-28T02:38:15.428+0000] {logging_mixin.py:188} INFO - [2024-08-28T02:38:15.428+0000] {dag.py:3947} INFO - Setting next_dagrun for example_external_task_marker_parent to None, run_after=None
[2024-08-28T02:38:15.532+0000] {processor.py:183} INFO - Processing /home/airflow/.local/lib/python3.12/site-packages/airflow/example_dags/example_external_task_marker_dag.py took 1.818 seconds
[2024-08-28T02:38:47.264+0000] {processor.py:161} INFO - Started process (PID=191) to work on /home/airflow/.local/lib/python3.12/site-packages/airflow/example_dags/example_external_task_marker_dag.py
[2024-08-28T02:38:47.267+0000] {processor.py:830} INFO - Processing file /home/airflow/.local/lib/python3.12/site-packages/airflow/example_dags/example_external_task_marker_dag.py for tasks to queue
[2024-08-28T02:38:47.271+0000] {logging_mixin.py:188} INFO - [2024-08-28T02:38:47.270+0000] {dagbag.py:545} INFO - Filling up the DagBag from /home/airflow/.local/lib/python3.12/site-packages/airflow/example_dags/example_external_task_marker_dag.py
[2024-08-28T02:38:47.288+0000] {processor.py:840} INFO - DAG(s) 'example_external_task_marker_parent', 'example_external_task_marker_child' retrieved from /home/airflow/.local/lib/python3.12/site-packages/airflow/example_dags/example_external_task_marker_dag.py
[2024-08-28T02:38:47.350+0000] {logging_mixin.py:188} INFO - [2024-08-28T02:38:47.350+0000] {dag.py:3089} INFO - Sync 2 DAGs
[2024-08-28T02:38:47.409+0000] {logging_mixin.py:188} INFO - [2024-08-28T02:38:47.405+0000] {dag.py:3947} INFO - Setting next_dagrun for example_external_task_marker_child to None, run_after=None
[2024-08-28T02:38:47.436+0000] {logging_mixin.py:188} INFO - [2024-08-28T02:38:47.435+0000] {dag.py:3947} INFO - Setting next_dagrun for example_external_task_marker_parent to None, run_after=None
[2024-08-28T02:38:47.539+0000] {processor.py:183} INFO - Processing /home/airflow/.local/lib/python3.12/site-packages/airflow/example_dags/example_external_task_marker_dag.py took 0.285 seconds
[2024-08-28T02:39:19.268+0000] {processor.py:161} INFO - Started process (PID=249) to work on /home/airflow/.local/lib/python3.12/site-packages/airflow/example_dags/example_external_task_marker_dag.py
[2024-08-28T02:39:19.270+0000] {processor.py:830} INFO - Processing file /home/airflow/.local/lib/python3.12/site-packages/airflow/example_dags/example_external_task_marker_dag.py for tasks to queue
[2024-08-28T02:39:19.275+0000] {logging_mixin.py:188} INFO - [2024-08-28T02:39:19.273+0000] {dagbag.py:545} INFO - Filling up the DagBag from /home/airflow/.local/lib/python3.12/site-packages/airflow/example_dags/example_external_task_marker_dag.py
[2024-08-28T02:39:19.293+0000] {processor.py:840} INFO - DAG(s) 'example_external_task_marker_parent', 'example_external_task_marker_child' retrieved from /home/airflow/.local/lib/python3.12/site-packages/airflow/example_dags/example_external_task_marker_dag.py
[2024-08-28T02:39:19.370+0000] {logging_mixin.py:188} INFO - [2024-08-28T02:39:19.369+0000] {dag.py:3089} INFO - Sync 2 DAGs
[2024-08-28T02:39:19.419+0000] {logging_mixin.py:188} INFO - [2024-08-28T02:39:19.418+0000] {dag.py:3947} INFO - Setting next_dagrun for example_external_task_marker_child to None, run_after=None
[2024-08-28T02:39:19.431+0000] {logging_mixin.py:188} INFO - [2024-08-28T02:39:19.431+0000] {dag.py:3947} INFO - Setting next_dagrun for example_external_task_marker_parent to None, run_after=None
[2024-08-28T02:39:19.497+0000] {processor.py:183} INFO - Processing /home/airflow/.local/lib/python3.12/site-packages/airflow/example_dags/example_external_task_marker_dag.py took 0.241 seconds
[2024-08-28T02:39:49.913+0000] {processor.py:161} INFO - Started process (PID=306) to work on /home/airflow/.local/lib/python3.12/site-packages/airflow/example_dags/example_external_task_marker_dag.py
[2024-08-28T02:39:49.915+0000] {processor.py:830} INFO - Processing file /home/airflow/.local/lib/python3.12/site-packages/airflow/example_dags/example_external_task_marker_dag.py for tasks to queue
[2024-08-28T02:39:49.918+0000] {logging_mixin.py:188} INFO - [2024-08-28T02:39:49.918+0000] {dagbag.py:545} INFO - Filling up the DagBag from /home/airflow/.local/lib/python3.12/site-packages/airflow/example_dags/example_external_task_marker_dag.py
[2024-08-28T02:39:49.929+0000] {processor.py:840} INFO - DAG(s) 'example_external_task_marker_child', 'example_external_task_marker_parent' retrieved from /home/airflow/.local/lib/python3.12/site-packages/airflow/example_dags/example_external_task_marker_dag.py
[2024-08-28T02:39:49.969+0000] {logging_mixin.py:188} INFO - [2024-08-28T02:39:49.969+0000] {dag.py:3089} INFO - Sync 2 DAGs
[2024-08-28T02:39:49.993+0000] {logging_mixin.py:188} INFO - [2024-08-28T02:39:49.992+0000] {dag.py:3947} INFO - Setting next_dagrun for example_external_task_marker_child to None, run_after=None
[2024-08-28T02:39:50.001+0000] {logging_mixin.py:188} INFO - [2024-08-28T02:39:50.001+0000] {dag.py:3947} INFO - Setting next_dagrun for example_external_task_marker_parent to None, run_after=None
[2024-08-28T02:39:50.034+0000] {processor.py:183} INFO - Processing /home/airflow/.local/lib/python3.12/site-packages/airflow/example_dags/example_external_task_marker_dag.py took 0.131 seconds
[2024-08-28T02:40:29.678+0000] {processor.py:161} INFO - Started process (PID=363) to work on /home/airflow/.local/lib/python3.12/site-packages/airflow/example_dags/example_external_task_marker_dag.py
[2024-08-28T02:40:29.686+0000] {processor.py:830} INFO - Processing file /home/airflow/.local/lib/python3.12/site-packages/airflow/example_dags/example_external_task_marker_dag.py for tasks to queue
[2024-08-28T02:40:29.702+0000] {logging_mixin.py:188} INFO - [2024-08-28T02:40:29.702+0000] {dagbag.py:545} INFO - Filling up the DagBag from /home/airflow/.local/lib/python3.12/site-packages/airflow/example_dags/example_external_task_marker_dag.py
[2024-08-28T02:40:29.724+0000] {processor.py:840} INFO - DAG(s) 'example_external_task_marker_child', 'example_external_task_marker_parent' retrieved from /home/airflow/.local/lib/python3.12/site-packages/airflow/example_dags/example_external_task_marker_dag.py
[2024-08-28T02:40:29.807+0000] {logging_mixin.py:188} INFO - [2024-08-28T02:40:29.805+0000] {dag.py:3089} INFO - Sync 2 DAGs
[2024-08-28T02:40:29.875+0000] {logging_mixin.py:188} INFO - [2024-08-28T02:40:29.874+0000] {dag.py:3947} INFO - Setting next_dagrun for example_external_task_marker_child to None, run_after=None
[2024-08-28T02:40:29.889+0000] {logging_mixin.py:188} INFO - [2024-08-28T02:40:29.888+0000] {dag.py:3947} INFO - Setting next_dagrun for example_external_task_marker_parent to None, run_after=None
[2024-08-28T02:40:29.973+0000] {processor.py:183} INFO - Processing /home/airflow/.local/lib/python3.12/site-packages/airflow/example_dags/example_external_task_marker_dag.py took 0.315 seconds
[2024-08-28T02:41:49.376+0000] {processor.py:161} INFO - Started process (PID=431) to work on /home/airflow/.local/lib/python3.12/site-packages/airflow/example_dags/example_external_task_marker_dag.py
[2024-08-28T02:41:49.389+0000] {processor.py:830} INFO - Processing file /home/airflow/.local/lib/python3.12/site-packages/airflow/example_dags/example_external_task_marker_dag.py for tasks to queue
[2024-08-28T02:41:49.436+0000] {logging_mixin.py:188} INFO - [2024-08-28T02:41:49.432+0000] {dagbag.py:545} INFO - Filling up the DagBag from /home/airflow/.local/lib/python3.12/site-packages/airflow/example_dags/example_external_task_marker_dag.py
[2024-08-28T02:41:49.577+0000] {processor.py:840} INFO - DAG(s) 'example_external_task_marker_child', 'example_external_task_marker_parent' retrieved from /home/airflow/.local/lib/python3.12/site-packages/airflow/example_dags/example_external_task_marker_dag.py
[2024-08-28T02:41:49.798+0000] {logging_mixin.py:188} INFO - [2024-08-28T02:41:49.797+0000] {dag.py:3089} INFO - Sync 2 DAGs
[2024-08-28T02:41:49.924+0000] {logging_mixin.py:188} INFO - [2024-08-28T02:41:49.923+0000] {dag.py:3947} INFO - Setting next_dagrun for example_external_task_marker_child to None, run_after=None
[2024-08-28T02:41:49.956+0000] {logging_mixin.py:188} INFO - [2024-08-28T02:41:49.955+0000] {dag.py:3947} INFO - Setting next_dagrun for example_external_task_marker_parent to None, run_after=None
[2024-08-28T02:41:50.086+0000] {processor.py:183} INFO - Processing /home/airflow/.local/lib/python3.12/site-packages/airflow/example_dags/example_external_task_marker_dag.py took 0.805 seconds
[2024-08-28T02:42:20.952+0000] {processor.py:161} INFO - Started process (PID=489) to work on /home/airflow/.local/lib/python3.12/site-packages/airflow/example_dags/example_external_task_marker_dag.py
[2024-08-28T02:42:20.954+0000] {processor.py:830} INFO - Processing file /home/airflow/.local/lib/python3.12/site-packages/airflow/example_dags/example_external_task_marker_dag.py for tasks to queue
[2024-08-28T02:42:20.960+0000] {logging_mixin.py:188} INFO - [2024-08-28T02:42:20.959+0000] {dagbag.py:545} INFO - Filling up the DagBag from /home/airflow/.local/lib/python3.12/site-packages/airflow/example_dags/example_external_task_marker_dag.py
[2024-08-28T02:42:20.972+0000] {processor.py:840} INFO - DAG(s) 'example_external_task_marker_child', 'example_external_task_marker_parent' retrieved from /home/airflow/.local/lib/python3.12/site-packages/airflow/example_dags/example_external_task_marker_dag.py
[2024-08-28T02:42:21.025+0000] {logging_mixin.py:188} INFO - [2024-08-28T02:42:21.024+0000] {dag.py:3089} INFO - Sync 2 DAGs
[2024-08-28T02:42:21.091+0000] {logging_mixin.py:188} INFO - [2024-08-28T02:42:21.091+0000] {dag.py:3947} INFO - Setting next_dagrun for example_external_task_marker_child to None, run_after=None
[2024-08-28T02:42:21.119+0000] {logging_mixin.py:188} INFO - [2024-08-28T02:42:21.118+0000] {dag.py:3947} INFO - Setting next_dagrun for example_external_task_marker_parent to None, run_after=None
[2024-08-28T02:42:21.187+0000] {processor.py:183} INFO - Processing /home/airflow/.local/lib/python3.12/site-packages/airflow/example_dags/example_external_task_marker_dag.py took 0.245 seconds
[2024-08-28T02:42:51.875+0000] {processor.py:161} INFO - Started process (PID=547) to work on /home/airflow/.local/lib/python3.12/site-packages/airflow/example_dags/example_external_task_marker_dag.py
[2024-08-28T02:42:51.878+0000] {processor.py:830} INFO - Processing file /home/airflow/.local/lib/python3.12/site-packages/airflow/example_dags/example_external_task_marker_dag.py for tasks to queue
[2024-08-28T02:42:51.884+0000] {logging_mixin.py:188} INFO - [2024-08-28T02:42:51.882+0000] {dagbag.py:545} INFO - Filling up the DagBag from /home/airflow/.local/lib/python3.12/site-packages/airflow/example_dags/example_external_task_marker_dag.py
[2024-08-28T02:42:51.907+0000] {processor.py:840} INFO - DAG(s) 'example_external_task_marker_parent', 'example_external_task_marker_child' retrieved from /home/airflow/.local/lib/python3.12/site-packages/airflow/example_dags/example_external_task_marker_dag.py
[2024-08-28T02:42:52.068+0000] {logging_mixin.py:188} INFO - [2024-08-28T02:42:52.067+0000] {dag.py:3089} INFO - Sync 2 DAGs
[2024-08-28T02:42:52.271+0000] {logging_mixin.py:188} INFO - [2024-08-28T02:42:52.270+0000] {dag.py:3947} INFO - Setting next_dagrun for example_external_task_marker_child to None, run_after=None
[2024-08-28T02:42:52.338+0000] {logging_mixin.py:188} INFO - [2024-08-28T02:42:52.336+0000] {dag.py:3947} INFO - Setting next_dagrun for example_external_task_marker_parent to None, run_after=None
[2024-08-28T02:42:52.447+0000] {processor.py:183} INFO - Processing /home/airflow/.local/lib/python3.12/site-packages/airflow/example_dags/example_external_task_marker_dag.py took 0.594 seconds
[2024-08-28T02:43:22.705+0000] {processor.py:161} INFO - Started process (PID=605) to work on /home/airflow/.local/lib/python3.12/site-packages/airflow/example_dags/example_external_task_marker_dag.py
[2024-08-28T02:43:22.716+0000] {processor.py:830} INFO - Processing file /home/airflow/.local/lib/python3.12/site-packages/airflow/example_dags/example_external_task_marker_dag.py for tasks to queue
[2024-08-28T02:43:22.722+0000] {logging_mixin.py:188} INFO - [2024-08-28T02:43:22.721+0000] {dagbag.py:545} INFO - Filling up the DagBag from /home/airflow/.local/lib/python3.12/site-packages/airflow/example_dags/example_external_task_marker_dag.py
[2024-08-28T02:43:22.773+0000] {processor.py:840} INFO - DAG(s) 'example_external_task_marker_child', 'example_external_task_marker_parent' retrieved from /home/airflow/.local/lib/python3.12/site-packages/airflow/example_dags/example_external_task_marker_dag.py
[2024-08-28T02:43:22.888+0000] {logging_mixin.py:188} INFO - [2024-08-28T02:43:22.887+0000] {dag.py:3089} INFO - Sync 2 DAGs
[2024-08-28T02:43:22.955+0000] {logging_mixin.py:188} INFO - [2024-08-28T02:43:22.954+0000] {dag.py:3947} INFO - Setting next_dagrun for example_external_task_marker_child to None, run_after=None
[2024-08-28T02:43:22.964+0000] {logging_mixin.py:188} INFO - [2024-08-28T02:43:22.964+0000] {dag.py:3947} INFO - Setting next_dagrun for example_external_task_marker_parent to None, run_after=None
[2024-08-28T02:43:23.020+0000] {processor.py:183} INFO - Processing /home/airflow/.local/lib/python3.12/site-packages/airflow/example_dags/example_external_task_marker_dag.py took 0.338 seconds
[2024-08-28T02:43:53.252+0000] {processor.py:161} INFO - Started process (PID=662) to work on /home/airflow/.local/lib/python3.12/site-packages/airflow/example_dags/example_external_task_marker_dag.py
[2024-08-28T02:43:53.267+0000] {processor.py:830} INFO - Processing file /home/airflow/.local/lib/python3.12/site-packages/airflow/example_dags/example_external_task_marker_dag.py for tasks to queue
[2024-08-28T02:43:53.273+0000] {logging_mixin.py:188} INFO - [2024-08-28T02:43:53.273+0000] {dagbag.py:545} INFO - Filling up the DagBag from /home/airflow/.local/lib/python3.12/site-packages/airflow/example_dags/example_external_task_marker_dag.py
[2024-08-28T02:43:53.286+0000] {processor.py:840} INFO - DAG(s) 'example_external_task_marker_parent', 'example_external_task_marker_child' retrieved from /home/airflow/.local/lib/python3.12/site-packages/airflow/example_dags/example_external_task_marker_dag.py
[2024-08-28T02:43:53.363+0000] {logging_mixin.py:188} INFO - [2024-08-28T02:43:53.362+0000] {dag.py:3089} INFO - Sync 2 DAGs
[2024-08-28T02:43:53.407+0000] {logging_mixin.py:188} INFO - [2024-08-28T02:43:53.406+0000] {dag.py:3947} INFO - Setting next_dagrun for example_external_task_marker_child to None, run_after=None
[2024-08-28T02:43:53.438+0000] {logging_mixin.py:188} INFO - [2024-08-28T02:43:53.430+0000] {dag.py:3947} INFO - Setting next_dagrun for example_external_task_marker_parent to None, run_after=None
[2024-08-28T02:43:53.492+0000] {processor.py:183} INFO - Processing /home/airflow/.local/lib/python3.12/site-packages/airflow/example_dags/example_external_task_marker_dag.py took 0.260 seconds
[2024-08-28T02:54:21.852+0000] {processor.py:161} INFO - Started process (PID=163) to work on /home/airflow/.local/lib/python3.12/site-packages/airflow/example_dags/example_external_task_marker_dag.py
[2024-08-28T02:54:21.871+0000] {processor.py:830} INFO - Processing file /home/airflow/.local/lib/python3.12/site-packages/airflow/example_dags/example_external_task_marker_dag.py for tasks to queue
[2024-08-28T02:54:21.881+0000] {logging_mixin.py:188} INFO - [2024-08-28T02:54:21.880+0000] {dagbag.py:545} INFO - Filling up the DagBag from /home/airflow/.local/lib/python3.12/site-packages/airflow/example_dags/example_external_task_marker_dag.py
[2024-08-28T02:54:21.931+0000] {processor.py:840} INFO - DAG(s) 'example_external_task_marker_child', 'example_external_task_marker_parent' retrieved from /home/airflow/.local/lib/python3.12/site-packages/airflow/example_dags/example_external_task_marker_dag.py
[2024-08-28T02:54:22.091+0000] {logging_mixin.py:188} INFO - [2024-08-28T02:54:22.090+0000] {dag.py:3089} INFO - Sync 2 DAGs
[2024-08-28T02:54:22.150+0000] {logging_mixin.py:188} INFO - [2024-08-28T02:54:22.149+0000] {dag.py:3947} INFO - Setting next_dagrun for example_external_task_marker_child to None, run_after=None
[2024-08-28T02:54:22.167+0000] {logging_mixin.py:188} INFO - [2024-08-28T02:54:22.166+0000] {dag.py:3947} INFO - Setting next_dagrun for example_external_task_marker_parent to None, run_after=None
[2024-08-28T02:54:22.292+0000] {processor.py:183} INFO - Processing /home/airflow/.local/lib/python3.12/site-packages/airflow/example_dags/example_external_task_marker_dag.py took 0.486 seconds
[2024-08-28T02:54:52.481+0000] {processor.py:161} INFO - Started process (PID=220) to work on /home/airflow/.local/lib/python3.12/site-packages/airflow/example_dags/example_external_task_marker_dag.py
[2024-08-28T02:54:52.484+0000] {processor.py:830} INFO - Processing file /home/airflow/.local/lib/python3.12/site-packages/airflow/example_dags/example_external_task_marker_dag.py for tasks to queue
[2024-08-28T02:54:52.489+0000] {logging_mixin.py:188} INFO - [2024-08-28T02:54:52.488+0000] {dagbag.py:545} INFO - Filling up the DagBag from /home/airflow/.local/lib/python3.12/site-packages/airflow/example_dags/example_external_task_marker_dag.py
[2024-08-28T02:54:52.513+0000] {processor.py:840} INFO - DAG(s) 'example_external_task_marker_child', 'example_external_task_marker_parent' retrieved from /home/airflow/.local/lib/python3.12/site-packages/airflow/example_dags/example_external_task_marker_dag.py
[2024-08-28T02:54:52.632+0000] {logging_mixin.py:188} INFO - [2024-08-28T02:54:52.632+0000] {dag.py:3089} INFO - Sync 2 DAGs
[2024-08-28T02:54:52.702+0000] {logging_mixin.py:188} INFO - [2024-08-28T02:54:52.702+0000] {dag.py:3947} INFO - Setting next_dagrun for example_external_task_marker_child to None, run_after=None
[2024-08-28T02:54:52.720+0000] {logging_mixin.py:188} INFO - [2024-08-28T02:54:52.720+0000] {dag.py:3947} INFO - Setting next_dagrun for example_external_task_marker_parent to None, run_after=None
[2024-08-28T02:54:52.802+0000] {processor.py:183} INFO - Processing /home/airflow/.local/lib/python3.12/site-packages/airflow/example_dags/example_external_task_marker_dag.py took 0.347 seconds
[2024-08-28T02:59:41.231+0000] {processor.py:161} INFO - Started process (PID=120) to work on /home/airflow/.local/lib/python3.12/site-packages/airflow/example_dags/example_external_task_marker_dag.py
[2024-08-28T02:59:41.244+0000] {processor.py:830} INFO - Processing file /home/airflow/.local/lib/python3.12/site-packages/airflow/example_dags/example_external_task_marker_dag.py for tasks to queue
[2024-08-28T02:59:41.251+0000] {logging_mixin.py:188} INFO - [2024-08-28T02:59:41.250+0000] {dagbag.py:545} INFO - Filling up the DagBag from /home/airflow/.local/lib/python3.12/site-packages/airflow/example_dags/example_external_task_marker_dag.py
[2024-08-28T02:59:41.294+0000] {processor.py:840} INFO - DAG(s) 'example_external_task_marker_parent', 'example_external_task_marker_child' retrieved from /home/airflow/.local/lib/python3.12/site-packages/airflow/example_dags/example_external_task_marker_dag.py
[2024-08-28T02:59:42.037+0000] {logging_mixin.py:188} INFO - [2024-08-28T02:59:42.036+0000] {dag.py:3089} INFO - Sync 2 DAGs
[2024-08-28T02:59:42.249+0000] {logging_mixin.py:188} INFO - [2024-08-28T02:59:42.249+0000] {dag.py:3947} INFO - Setting next_dagrun for example_external_task_marker_child to None, run_after=None
[2024-08-28T02:59:42.305+0000] {logging_mixin.py:188} INFO - [2024-08-28T02:59:42.304+0000] {dag.py:3947} INFO - Setting next_dagrun for example_external_task_marker_parent to None, run_after=None
[2024-08-28T02:59:42.443+0000] {processor.py:183} INFO - Processing /home/airflow/.local/lib/python3.12/site-packages/airflow/example_dags/example_external_task_marker_dag.py took 1.230 seconds
[2024-08-28T04:03:43.324+0000] {processor.py:161} INFO - Started process (PID=202) to work on /home/airflow/.local/lib/python3.12/site-packages/airflow/example_dags/example_external_task_marker_dag.py
[2024-08-28T04:03:43.352+0000] {processor.py:830} INFO - Processing file /home/airflow/.local/lib/python3.12/site-packages/airflow/example_dags/example_external_task_marker_dag.py for tasks to queue
[2024-08-28T04:03:43.388+0000] {logging_mixin.py:188} INFO - [2024-08-28T04:03:43.372+0000] {dagbag.py:545} INFO - Filling up the DagBag from /home/airflow/.local/lib/python3.12/site-packages/airflow/example_dags/example_external_task_marker_dag.py
[2024-08-28T04:03:43.673+0000] {processor.py:840} INFO - DAG(s) 'example_external_task_marker_parent', 'example_external_task_marker_child' retrieved from /home/airflow/.local/lib/python3.12/site-packages/airflow/example_dags/example_external_task_marker_dag.py
[2024-08-28T04:05:54.309+0000] {processor.py:161} INFO - Started process (PID=265) to work on /home/airflow/.local/lib/python3.12/site-packages/airflow/example_dags/example_external_task_marker_dag.py
[2024-08-28T04:05:54.326+0000] {processor.py:830} INFO - Processing file /home/airflow/.local/lib/python3.12/site-packages/airflow/example_dags/example_external_task_marker_dag.py for tasks to queue
[2024-08-28T04:05:54.347+0000] {logging_mixin.py:188} INFO - [2024-08-28T04:05:54.346+0000] {dagbag.py:545} INFO - Filling up the DagBag from /home/airflow/.local/lib/python3.12/site-packages/airflow/example_dags/example_external_task_marker_dag.py
[2024-08-28T04:05:54.399+0000] {processor.py:840} INFO - DAG(s) 'example_external_task_marker_child', 'example_external_task_marker_parent' retrieved from /home/airflow/.local/lib/python3.12/site-packages/airflow/example_dags/example_external_task_marker_dag.py
[2024-08-28T04:05:56.016+0000] {logging_mixin.py:188} INFO - [2024-08-28T04:05:56.016+0000] {dag.py:3089} INFO - Sync 2 DAGs
[2024-08-28T04:05:56.452+0000] {logging_mixin.py:188} INFO - [2024-08-28T04:05:56.451+0000] {dag.py:3947} INFO - Setting next_dagrun for example_external_task_marker_child to None, run_after=None
[2024-08-28T04:05:56.553+0000] {logging_mixin.py:188} INFO - [2024-08-28T04:05:56.552+0000] {dag.py:3947} INFO - Setting next_dagrun for example_external_task_marker_parent to None, run_after=None
[2024-08-28T04:05:57.563+0000] {processor.py:183} INFO - Processing /home/airflow/.local/lib/python3.12/site-packages/airflow/example_dags/example_external_task_marker_dag.py took 3.334 seconds
[2024-08-28T04:06:35.154+0000] {processor.py:161} INFO - Started process (PID=329) to work on /home/airflow/.local/lib/python3.12/site-packages/airflow/example_dags/example_external_task_marker_dag.py
[2024-08-28T04:06:35.191+0000] {processor.py:830} INFO - Processing file /home/airflow/.local/lib/python3.12/site-packages/airflow/example_dags/example_external_task_marker_dag.py for tasks to queue
[2024-08-28T04:06:35.249+0000] {logging_mixin.py:188} INFO - [2024-08-28T04:06:35.248+0000] {dagbag.py:545} INFO - Filling up the DagBag from /home/airflow/.local/lib/python3.12/site-packages/airflow/example_dags/example_external_task_marker_dag.py
[2024-08-28T04:06:35.391+0000] {processor.py:840} INFO - DAG(s) 'example_external_task_marker_child', 'example_external_task_marker_parent' retrieved from /home/airflow/.local/lib/python3.12/site-packages/airflow/example_dags/example_external_task_marker_dag.py
[2024-08-28T04:06:35.813+0000] {logging_mixin.py:188} INFO - [2024-08-28T04:06:35.812+0000] {dag.py:3089} INFO - Sync 2 DAGs
[2024-08-28T04:06:36.018+0000] {logging_mixin.py:188} INFO - [2024-08-28T04:06:36.017+0000] {dag.py:3947} INFO - Setting next_dagrun for example_external_task_marker_child to None, run_after=None
[2024-08-28T04:06:36.075+0000] {logging_mixin.py:188} INFO - [2024-08-28T04:06:36.062+0000] {dag.py:3947} INFO - Setting next_dagrun for example_external_task_marker_parent to None, run_after=None
[2024-08-28T04:06:36.967+0000] {processor.py:183} INFO - Processing /home/airflow/.local/lib/python3.12/site-packages/airflow/example_dags/example_external_task_marker_dag.py took 1.968 seconds
[2024-08-28T04:08:02.484+0000] {processor.py:161} INFO - Started process (PID=400) to work on /home/airflow/.local/lib/python3.12/site-packages/airflow/example_dags/example_external_task_marker_dag.py
[2024-08-28T04:08:02.519+0000] {processor.py:830} INFO - Processing file /home/airflow/.local/lib/python3.12/site-packages/airflow/example_dags/example_external_task_marker_dag.py for tasks to queue
[2024-08-28T04:08:02.536+0000] {logging_mixin.py:188} INFO - [2024-08-28T04:08:02.535+0000] {dagbag.py:545} INFO - Filling up the DagBag from /home/airflow/.local/lib/python3.12/site-packages/airflow/example_dags/example_external_task_marker_dag.py
[2024-08-28T04:08:02.610+0000] {processor.py:840} INFO - DAG(s) 'example_external_task_marker_parent', 'example_external_task_marker_child' retrieved from /home/airflow/.local/lib/python3.12/site-packages/airflow/example_dags/example_external_task_marker_dag.py
[2024-08-28T04:08:02.942+0000] {logging_mixin.py:188} INFO - [2024-08-28T04:08:02.942+0000] {dag.py:3089} INFO - Sync 2 DAGs
[2024-08-28T04:08:03.111+0000] {logging_mixin.py:188} INFO - [2024-08-28T04:08:03.110+0000] {dag.py:3947} INFO - Setting next_dagrun for example_external_task_marker_child to None, run_after=None
[2024-08-28T04:08:03.187+0000] {logging_mixin.py:188} INFO - [2024-08-28T04:08:03.187+0000] {dag.py:3947} INFO - Setting next_dagrun for example_external_task_marker_parent to None, run_after=None
[2024-08-28T04:08:03.444+0000] {processor.py:183} INFO - Processing /home/airflow/.local/lib/python3.12/site-packages/airflow/example_dags/example_external_task_marker_dag.py took 1.021 seconds
[2024-08-28T04:12:27.898+0000] {processor.py:161} INFO - Started process (PID=513) to work on /home/airflow/.local/lib/python3.12/site-packages/airflow/example_dags/example_external_task_marker_dag.py
[2024-08-28T04:12:28.008+0000] {processor.py:830} INFO - Processing file /home/airflow/.local/lib/python3.12/site-packages/airflow/example_dags/example_external_task_marker_dag.py for tasks to queue
[2024-08-28T04:12:28.074+0000] {logging_mixin.py:188} INFO - [2024-08-28T04:12:28.073+0000] {dagbag.py:545} INFO - Filling up the DagBag from /home/airflow/.local/lib/python3.12/site-packages/airflow/example_dags/example_external_task_marker_dag.py
[2024-08-28T04:12:28.219+0000] {processor.py:840} INFO - DAG(s) 'example_external_task_marker_parent', 'example_external_task_marker_child' retrieved from /home/airflow/.local/lib/python3.12/site-packages/airflow/example_dags/example_external_task_marker_dag.py
[2024-08-28T04:12:28.734+0000] {logging_mixin.py:188} INFO - [2024-08-28T04:12:28.733+0000] {dag.py:3089} INFO - Sync 2 DAGs
[2024-08-28T04:12:29.704+0000] {logging_mixin.py:188} INFO - [2024-08-28T04:12:29.703+0000] {dag.py:3947} INFO - Setting next_dagrun for example_external_task_marker_child to None, run_after=None
[2024-08-28T04:12:29.974+0000] {logging_mixin.py:188} INFO - [2024-08-28T04:12:29.973+0000] {dag.py:3947} INFO - Setting next_dagrun for example_external_task_marker_parent to None, run_after=None
[2024-08-28T04:12:31.549+0000] {processor.py:183} INFO - Processing /home/airflow/.local/lib/python3.12/site-packages/airflow/example_dags/example_external_task_marker_dag.py took 3.842 seconds
[2024-08-28T04:16:11.372+0000] {processor.py:161} INFO - Started process (PID=633) to work on /home/airflow/.local/lib/python3.12/site-packages/airflow/example_dags/example_external_task_marker_dag.py
[2024-08-28T04:16:11.418+0000] {processor.py:830} INFO - Processing file /home/airflow/.local/lib/python3.12/site-packages/airflow/example_dags/example_external_task_marker_dag.py for tasks to queue
[2024-08-28T04:16:11.451+0000] {logging_mixin.py:188} INFO - [2024-08-28T04:16:11.450+0000] {dagbag.py:545} INFO - Filling up the DagBag from /home/airflow/.local/lib/python3.12/site-packages/airflow/example_dags/example_external_task_marker_dag.py
[2024-08-28T04:16:11.579+0000] {processor.py:840} INFO - DAG(s) 'example_external_task_marker_parent', 'example_external_task_marker_child' retrieved from /home/airflow/.local/lib/python3.12/site-packages/airflow/example_dags/example_external_task_marker_dag.py
[2024-08-28T04:16:12.932+0000] {logging_mixin.py:188} INFO - [2024-08-28T04:16:12.931+0000] {dag.py:3089} INFO - Sync 2 DAGs
[2024-08-28T04:16:13.624+0000] {logging_mixin.py:188} INFO - [2024-08-28T04:16:13.624+0000] {dag.py:3947} INFO - Setting next_dagrun for example_external_task_marker_child to None, run_after=None
[2024-08-28T04:16:13.697+0000] {logging_mixin.py:188} INFO - [2024-08-28T04:16:13.696+0000] {dag.py:3947} INFO - Setting next_dagrun for example_external_task_marker_parent to None, run_after=None
[2024-08-28T04:16:14.059+0000] {processor.py:183} INFO - Processing /home/airflow/.local/lib/python3.12/site-packages/airflow/example_dags/example_external_task_marker_dag.py took 2.753 seconds
