[2024-08-28T02:38:27.200+0000] {processor.py:161} INFO - Started process (PID=140) to work on /home/airflow/.local/lib/python3.12/site-packages/airflow/example_dags/example_branch_operator.py
[2024-08-28T02:38:27.205+0000] {processor.py:830} INFO - Processing file /home/airflow/.local/lib/python3.12/site-packages/airflow/example_dags/example_branch_operator.py for tasks to queue
[2024-08-28T02:38:27.216+0000] {logging_mixin.py:188} INFO - [2024-08-28T02:38:27.215+0000] {dagbag.py:545} INFO - Filling up the DagBag from /home/airflow/.local/lib/python3.12/site-packages/airflow/example_dags/example_branch_operator.py
[2024-08-28T02:38:27.583+0000] {processor.py:840} INFO - DAG(s) 'example_branch_operator' retrieved from /home/airflow/.local/lib/python3.12/site-packages/airflow/example_dags/example_branch_operator.py
[2024-08-28T02:38:31.513+0000] {logging_mixin.py:188} INFO - [2024-08-28T02:38:31.510+0000] {override.py:1858} INFO - Created Permission View: can edit on DAG:example_branch_operator
[2024-08-28T02:38:31.582+0000] {logging_mixin.py:188} INFO - [2024-08-28T02:38:31.581+0000] {override.py:1858} INFO - Created Permission View: can delete on DAG:example_branch_operator
[2024-08-28T02:38:31.670+0000] {logging_mixin.py:188} INFO - [2024-08-28T02:38:31.669+0000] {override.py:1858} INFO - Created Permission View: can read on DAG:example_branch_operator
[2024-08-28T02:38:31.676+0000] {logging_mixin.py:188} INFO - [2024-08-28T02:38:31.675+0000] {dag.py:3089} INFO - Sync 1 DAGs
[2024-08-28T02:38:31.750+0000] {logging_mixin.py:188} INFO - [2024-08-28T02:38:31.750+0000] {dag.py:3111} INFO - Creating ORM DAG for example_branch_operator
[2024-08-28T02:38:31.814+0000] {logging_mixin.py:188} INFO - [2024-08-28T02:38:31.814+0000] {dag.py:3947} INFO - Setting next_dagrun for example_branch_operator to 2024-08-27 00:00:00+00:00, run_after=2024-08-28 00:00:00+00:00
[2024-08-28T02:38:31.938+0000] {processor.py:183} INFO - Processing /home/airflow/.local/lib/python3.12/site-packages/airflow/example_dags/example_branch_operator.py took 4.765 seconds
[2024-08-28T02:39:02.699+0000] {processor.py:161} INFO - Started process (PID=200) to work on /home/airflow/.local/lib/python3.12/site-packages/airflow/example_dags/example_branch_operator.py
[2024-08-28T02:39:02.712+0000] {processor.py:830} INFO - Processing file /home/airflow/.local/lib/python3.12/site-packages/airflow/example_dags/example_branch_operator.py for tasks to queue
[2024-08-28T02:39:02.764+0000] {logging_mixin.py:188} INFO - [2024-08-28T02:39:02.731+0000] {dagbag.py:545} INFO - Filling up the DagBag from /home/airflow/.local/lib/python3.12/site-packages/airflow/example_dags/example_branch_operator.py
[2024-08-28T02:39:03.053+0000] {processor.py:840} INFO - DAG(s) 'example_branch_operator' retrieved from /home/airflow/.local/lib/python3.12/site-packages/airflow/example_dags/example_branch_operator.py
[2024-08-28T02:39:03.308+0000] {logging_mixin.py:188} INFO - [2024-08-28T02:39:03.308+0000] {dag.py:3089} INFO - Sync 1 DAGs
[2024-08-28T02:39:03.483+0000] {logging_mixin.py:188} INFO - [2024-08-28T02:39:03.482+0000] {dag.py:3947} INFO - Setting next_dagrun for example_branch_operator to 2024-08-27 00:00:00+00:00, run_after=2024-08-28 00:00:00+00:00
[2024-08-28T02:39:03.617+0000] {processor.py:183} INFO - Processing /home/airflow/.local/lib/python3.12/site-packages/airflow/example_dags/example_branch_operator.py took 1.041 seconds
[2024-08-28T02:39:34.650+0000] {processor.py:161} INFO - Started process (PID=264) to work on /home/airflow/.local/lib/python3.12/site-packages/airflow/example_dags/example_branch_operator.py
[2024-08-28T02:39:34.656+0000] {processor.py:830} INFO - Processing file /home/airflow/.local/lib/python3.12/site-packages/airflow/example_dags/example_branch_operator.py for tasks to queue
[2024-08-28T02:39:34.668+0000] {logging_mixin.py:188} INFO - [2024-08-28T02:39:34.666+0000] {dagbag.py:545} INFO - Filling up the DagBag from /home/airflow/.local/lib/python3.12/site-packages/airflow/example_dags/example_branch_operator.py
[2024-08-28T02:39:34.774+0000] {processor.py:840} INFO - DAG(s) 'example_branch_operator' retrieved from /home/airflow/.local/lib/python3.12/site-packages/airflow/example_dags/example_branch_operator.py
[2024-08-28T02:39:35.402+0000] {logging_mixin.py:188} INFO - [2024-08-28T02:39:35.402+0000] {dag.py:3089} INFO - Sync 1 DAGs
[2024-08-28T02:39:35.531+0000] {logging_mixin.py:188} INFO - [2024-08-28T02:39:35.531+0000] {dag.py:3947} INFO - Setting next_dagrun for example_branch_operator to 2024-08-27 00:00:00+00:00, run_after=2024-08-28 00:00:00+00:00
[2024-08-28T02:39:35.644+0000] {processor.py:183} INFO - Processing /home/airflow/.local/lib/python3.12/site-packages/airflow/example_dags/example_branch_operator.py took 1.017 seconds
[2024-08-28T02:40:08.191+0000] {processor.py:161} INFO - Started process (PID=325) to work on /home/airflow/.local/lib/python3.12/site-packages/airflow/example_dags/example_branch_operator.py
[2024-08-28T02:40:08.207+0000] {processor.py:830} INFO - Processing file /home/airflow/.local/lib/python3.12/site-packages/airflow/example_dags/example_branch_operator.py for tasks to queue
[2024-08-28T02:40:08.245+0000] {logging_mixin.py:188} INFO - [2024-08-28T02:40:08.244+0000] {dagbag.py:545} INFO - Filling up the DagBag from /home/airflow/.local/lib/python3.12/site-packages/airflow/example_dags/example_branch_operator.py
[2024-08-28T02:40:08.369+0000] {processor.py:840} INFO - DAG(s) 'example_branch_operator' retrieved from /home/airflow/.local/lib/python3.12/site-packages/airflow/example_dags/example_branch_operator.py
[2024-08-28T02:40:09.120+0000] {logging_mixin.py:188} INFO - [2024-08-28T02:40:09.119+0000] {dag.py:3089} INFO - Sync 1 DAGs
[2024-08-28T02:40:09.810+0000] {logging_mixin.py:188} INFO - [2024-08-28T02:40:09.795+0000] {dag.py:3947} INFO - Setting next_dagrun for example_branch_operator to 2024-08-27 00:00:00+00:00, run_after=2024-08-28 00:00:00+00:00
[2024-08-28T02:40:10.426+0000] {processor.py:183} INFO - Processing /home/airflow/.local/lib/python3.12/site-packages/airflow/example_dags/example_branch_operator.py took 2.327 seconds
[2024-08-28T02:40:40.993+0000] {processor.py:161} INFO - Started process (PID=382) to work on /home/airflow/.local/lib/python3.12/site-packages/airflow/example_dags/example_branch_operator.py
[2024-08-28T02:40:41.004+0000] {processor.py:830} INFO - Processing file /home/airflow/.local/lib/python3.12/site-packages/airflow/example_dags/example_branch_operator.py for tasks to queue
[2024-08-28T02:40:41.026+0000] {logging_mixin.py:188} INFO - [2024-08-28T02:40:41.024+0000] {dagbag.py:545} INFO - Filling up the DagBag from /home/airflow/.local/lib/python3.12/site-packages/airflow/example_dags/example_branch_operator.py
[2024-08-28T02:40:41.198+0000] {processor.py:840} INFO - DAG(s) 'example_branch_operator' retrieved from /home/airflow/.local/lib/python3.12/site-packages/airflow/example_dags/example_branch_operator.py
[2024-08-28T02:40:41.524+0000] {logging_mixin.py:188} INFO - [2024-08-28T02:40:41.522+0000] {dag.py:3089} INFO - Sync 1 DAGs
[2024-08-28T02:40:41.721+0000] {logging_mixin.py:188} INFO - [2024-08-28T02:40:41.720+0000] {dag.py:3947} INFO - Setting next_dagrun for example_branch_operator to 2024-08-27 00:00:00+00:00, run_after=2024-08-28 00:00:00+00:00
[2024-08-28T02:40:41.867+0000] {processor.py:183} INFO - Processing /home/airflow/.local/lib/python3.12/site-packages/airflow/example_dags/example_branch_operator.py took 0.920 seconds
[2024-08-28T02:42:07.395+0000] {processor.py:161} INFO - Started process (PID=476) to work on /home/airflow/.local/lib/python3.12/site-packages/airflow/example_dags/example_branch_operator.py
[2024-08-28T02:42:07.400+0000] {processor.py:830} INFO - Processing file /home/airflow/.local/lib/python3.12/site-packages/airflow/example_dags/example_branch_operator.py for tasks to queue
[2024-08-28T02:42:07.409+0000] {logging_mixin.py:188} INFO - [2024-08-28T02:42:07.409+0000] {dagbag.py:545} INFO - Filling up the DagBag from /home/airflow/.local/lib/python3.12/site-packages/airflow/example_dags/example_branch_operator.py
[2024-08-28T02:42:07.467+0000] {processor.py:840} INFO - DAG(s) 'example_branch_operator' retrieved from /home/airflow/.local/lib/python3.12/site-packages/airflow/example_dags/example_branch_operator.py
[2024-08-28T02:42:07.558+0000] {logging_mixin.py:188} INFO - [2024-08-28T02:42:07.558+0000] {dag.py:3089} INFO - Sync 1 DAGs
[2024-08-28T02:42:07.621+0000] {logging_mixin.py:188} INFO - [2024-08-28T02:42:07.620+0000] {dag.py:3947} INFO - Setting next_dagrun for example_branch_operator to 2024-08-27 00:00:00+00:00, run_after=2024-08-28 00:00:00+00:00
[2024-08-28T02:42:07.675+0000] {processor.py:183} INFO - Processing /home/airflow/.local/lib/python3.12/site-packages/airflow/example_dags/example_branch_operator.py took 0.301 seconds
[2024-08-28T02:42:37.994+0000] {processor.py:161} INFO - Started process (PID=536) to work on /home/airflow/.local/lib/python3.12/site-packages/airflow/example_dags/example_branch_operator.py
[2024-08-28T02:42:37.997+0000] {processor.py:830} INFO - Processing file /home/airflow/.local/lib/python3.12/site-packages/airflow/example_dags/example_branch_operator.py for tasks to queue
[2024-08-28T02:42:38.006+0000] {logging_mixin.py:188} INFO - [2024-08-28T02:42:38.005+0000] {dagbag.py:545} INFO - Filling up the DagBag from /home/airflow/.local/lib/python3.12/site-packages/airflow/example_dags/example_branch_operator.py
[2024-08-28T02:42:38.093+0000] {processor.py:840} INFO - DAG(s) 'example_branch_operator' retrieved from /home/airflow/.local/lib/python3.12/site-packages/airflow/example_dags/example_branch_operator.py
[2024-08-28T02:42:38.199+0000] {logging_mixin.py:188} INFO - [2024-08-28T02:42:38.198+0000] {dag.py:3089} INFO - Sync 1 DAGs
[2024-08-28T02:42:38.282+0000] {logging_mixin.py:188} INFO - [2024-08-28T02:42:38.281+0000] {dag.py:3947} INFO - Setting next_dagrun for example_branch_operator to 2024-08-27 00:00:00+00:00, run_after=2024-08-28 00:00:00+00:00
[2024-08-28T02:42:38.414+0000] {processor.py:183} INFO - Processing /home/airflow/.local/lib/python3.12/site-packages/airflow/example_dags/example_branch_operator.py took 0.462 seconds
[2024-08-28T02:43:08.637+0000] {processor.py:161} INFO - Started process (PID=594) to work on /home/airflow/.local/lib/python3.12/site-packages/airflow/example_dags/example_branch_operator.py
[2024-08-28T02:43:08.639+0000] {processor.py:830} INFO - Processing file /home/airflow/.local/lib/python3.12/site-packages/airflow/example_dags/example_branch_operator.py for tasks to queue
[2024-08-28T02:43:08.642+0000] {logging_mixin.py:188} INFO - [2024-08-28T02:43:08.642+0000] {dagbag.py:545} INFO - Filling up the DagBag from /home/airflow/.local/lib/python3.12/site-packages/airflow/example_dags/example_branch_operator.py
[2024-08-28T02:43:08.669+0000] {processor.py:840} INFO - DAG(s) 'example_branch_operator' retrieved from /home/airflow/.local/lib/python3.12/site-packages/airflow/example_dags/example_branch_operator.py
[2024-08-28T02:43:08.718+0000] {logging_mixin.py:188} INFO - [2024-08-28T02:43:08.718+0000] {dag.py:3089} INFO - Sync 1 DAGs
[2024-08-28T02:43:08.758+0000] {logging_mixin.py:188} INFO - [2024-08-28T02:43:08.757+0000] {dag.py:3947} INFO - Setting next_dagrun for example_branch_operator to 2024-08-27 00:00:00+00:00, run_after=2024-08-28 00:00:00+00:00
[2024-08-28T02:43:08.795+0000] {processor.py:183} INFO - Processing /home/airflow/.local/lib/python3.12/site-packages/airflow/example_dags/example_branch_operator.py took 0.168 seconds
[2024-08-28T02:43:40.071+0000] {processor.py:161} INFO - Started process (PID=650) to work on /home/airflow/.local/lib/python3.12/site-packages/airflow/example_dags/example_branch_operator.py
[2024-08-28T02:43:40.072+0000] {processor.py:830} INFO - Processing file /home/airflow/.local/lib/python3.12/site-packages/airflow/example_dags/example_branch_operator.py for tasks to queue
[2024-08-28T02:43:40.075+0000] {logging_mixin.py:188} INFO - [2024-08-28T02:43:40.075+0000] {dagbag.py:545} INFO - Filling up the DagBag from /home/airflow/.local/lib/python3.12/site-packages/airflow/example_dags/example_branch_operator.py
[2024-08-28T02:43:40.102+0000] {processor.py:840} INFO - DAG(s) 'example_branch_operator' retrieved from /home/airflow/.local/lib/python3.12/site-packages/airflow/example_dags/example_branch_operator.py
[2024-08-28T02:43:40.148+0000] {logging_mixin.py:188} INFO - [2024-08-28T02:43:40.148+0000] {dag.py:3089} INFO - Sync 1 DAGs
[2024-08-28T02:43:40.191+0000] {logging_mixin.py:188} INFO - [2024-08-28T02:43:40.190+0000] {dag.py:3947} INFO - Setting next_dagrun for example_branch_operator to 2024-08-27 00:00:00+00:00, run_after=2024-08-28 00:00:00+00:00
[2024-08-28T02:43:40.246+0000] {processor.py:183} INFO - Processing /home/airflow/.local/lib/python3.12/site-packages/airflow/example_dags/example_branch_operator.py took 0.185 seconds
[2024-08-28T02:54:26.443+0000] {processor.py:161} INFO - Started process (PID=171) to work on /home/airflow/.local/lib/python3.12/site-packages/airflow/example_dags/example_branch_operator.py
[2024-08-28T02:54:26.474+0000] {processor.py:830} INFO - Processing file /home/airflow/.local/lib/python3.12/site-packages/airflow/example_dags/example_branch_operator.py for tasks to queue
[2024-08-28T02:54:26.490+0000] {logging_mixin.py:188} INFO - [2024-08-28T02:54:26.487+0000] {dagbag.py:545} INFO - Filling up the DagBag from /home/airflow/.local/lib/python3.12/site-packages/airflow/example_dags/example_branch_operator.py
[2024-08-28T02:54:26.831+0000] {processor.py:840} INFO - DAG(s) 'example_branch_operator' retrieved from /home/airflow/.local/lib/python3.12/site-packages/airflow/example_dags/example_branch_operator.py
[2024-08-28T02:54:28.177+0000] {logging_mixin.py:188} INFO - [2024-08-28T02:54:28.176+0000] {dag.py:3089} INFO - Sync 1 DAGs
[2024-08-28T02:54:28.479+0000] {logging_mixin.py:188} INFO - [2024-08-28T02:54:28.478+0000] {dag.py:3947} INFO - Setting next_dagrun for example_branch_operator to 2024-08-27 00:00:00+00:00, run_after=2024-08-28 00:00:00+00:00
[2024-08-28T02:54:30.118+0000] {processor.py:183} INFO - Processing /home/airflow/.local/lib/python3.12/site-packages/airflow/example_dags/example_branch_operator.py took 3.749 seconds
[2024-08-28T02:55:01.172+0000] {processor.py:161} INFO - Started process (PID=232) to work on /home/airflow/.local/lib/python3.12/site-packages/airflow/example_dags/example_branch_operator.py
[2024-08-28T02:55:01.180+0000] {processor.py:830} INFO - Processing file /home/airflow/.local/lib/python3.12/site-packages/airflow/example_dags/example_branch_operator.py for tasks to queue
[2024-08-28T02:55:01.273+0000] {logging_mixin.py:188} INFO - [2024-08-28T02:55:01.267+0000] {dagbag.py:545} INFO - Filling up the DagBag from /home/airflow/.local/lib/python3.12/site-packages/airflow/example_dags/example_branch_operator.py
[2024-08-28T02:55:02.294+0000] {processor.py:840} INFO - DAG(s) 'example_branch_operator' retrieved from /home/airflow/.local/lib/python3.12/site-packages/airflow/example_dags/example_branch_operator.py
[2024-08-28T02:55:02.739+0000] {logging_mixin.py:188} INFO - [2024-08-28T02:55:02.738+0000] {dag.py:3089} INFO - Sync 1 DAGs
[2024-08-28T02:55:03.107+0000] {logging_mixin.py:188} INFO - [2024-08-28T02:55:03.107+0000] {dag.py:3947} INFO - Setting next_dagrun for example_branch_operator to 2024-08-27 00:00:00+00:00, run_after=2024-08-28 00:00:00+00:00
[2024-08-28T02:55:03.966+0000] {processor.py:183} INFO - Processing /home/airflow/.local/lib/python3.12/site-packages/airflow/example_dags/example_branch_operator.py took 3.330 seconds
[2024-08-28T02:59:51.389+0000] {processor.py:161} INFO - Started process (PID=128) to work on /home/airflow/.local/lib/python3.12/site-packages/airflow/example_dags/example_branch_operator.py
[2024-08-28T02:59:51.397+0000] {processor.py:830} INFO - Processing file /home/airflow/.local/lib/python3.12/site-packages/airflow/example_dags/example_branch_operator.py for tasks to queue
[2024-08-28T02:59:51.415+0000] {logging_mixin.py:188} INFO - [2024-08-28T02:59:51.414+0000] {dagbag.py:545} INFO - Filling up the DagBag from /home/airflow/.local/lib/python3.12/site-packages/airflow/example_dags/example_branch_operator.py
[2024-08-28T02:59:51.570+0000] {processor.py:840} INFO - DAG(s) 'example_branch_operator' retrieved from /home/airflow/.local/lib/python3.12/site-packages/airflow/example_dags/example_branch_operator.py
[2024-08-28T02:59:52.454+0000] {logging_mixin.py:188} INFO - [2024-08-28T02:59:52.453+0000] {dag.py:3089} INFO - Sync 1 DAGs
[2024-08-28T02:59:52.887+0000] {logging_mixin.py:188} INFO - [2024-08-28T02:59:52.874+0000] {dag.py:3947} INFO - Setting next_dagrun for example_branch_operator to 2024-08-27 00:00:00+00:00, run_after=2024-08-28 00:00:00+00:00
[2024-08-28T02:59:53.274+0000] {processor.py:183} INFO - Processing /home/airflow/.local/lib/python3.12/site-packages/airflow/example_dags/example_branch_operator.py took 1.918 seconds
