[2024-08-28T02:38:04.924+0000] {processor.py:161} INFO - Started process (PID=129) to work on /home/airflow/.local/lib/python3.12/site-packages/airflow/example_dags/example_task_group.py
[2024-08-28T02:38:04.931+0000] {processor.py:830} INFO - Processing file /home/airflow/.local/lib/python3.12/site-packages/airflow/example_dags/example_task_group.py for tasks to queue
[2024-08-28T02:38:04.954+0000] {logging_mixin.py:188} INFO - [2024-08-28T02:38:04.954+0000] {dagbag.py:545} INFO - Filling up the DagBag from /home/airflow/.local/lib/python3.12/site-packages/airflow/example_dags/example_task_group.py
[2024-08-28T02:38:05.263+0000] {processor.py:840} INFO - DAG(s) 'example_task_group' retrieved from /home/airflow/.local/lib/python3.12/site-packages/airflow/example_dags/example_task_group.py
[2024-08-28T02:38:07.011+0000] {logging_mixin.py:188} INFO - [2024-08-28T02:38:07.007+0000] {override.py:1858} INFO - Created Permission View: can edit on DAG:example_task_group
[2024-08-28T02:38:07.189+0000] {logging_mixin.py:188} INFO - [2024-08-28T02:38:07.144+0000] {override.py:1858} INFO - Created Permission View: can delete on DAG:example_task_group
[2024-08-28T02:38:07.692+0000] {logging_mixin.py:188} INFO - [2024-08-28T02:38:07.691+0000] {override.py:1858} INFO - Created Permission View: can read on DAG:example_task_group
[2024-08-28T02:38:07.694+0000] {logging_mixin.py:188} INFO - [2024-08-28T02:38:07.693+0000] {dag.py:3089} INFO - Sync 1 DAGs
[2024-08-28T02:38:07.813+0000] {logging_mixin.py:188} INFO - [2024-08-28T02:38:07.812+0000] {dag.py:3111} INFO - Creating ORM DAG for example_task_group
[2024-08-28T02:38:07.927+0000] {logging_mixin.py:188} INFO - [2024-08-28T02:38:07.926+0000] {dag.py:3947} INFO - Setting next_dagrun for example_task_group to 2024-08-27 00:00:00+00:00, run_after=2024-08-28 00:00:00+00:00
[2024-08-28T02:38:08.172+0000] {processor.py:183} INFO - Processing /home/airflow/.local/lib/python3.12/site-packages/airflow/example_dags/example_task_group.py took 3.371 seconds
[2024-08-28T02:38:46.537+0000] {processor.py:161} INFO - Started process (PID=188) to work on /home/airflow/.local/lib/python3.12/site-packages/airflow/example_dags/example_task_group.py
[2024-08-28T02:38:46.539+0000] {processor.py:830} INFO - Processing file /home/airflow/.local/lib/python3.12/site-packages/airflow/example_dags/example_task_group.py for tasks to queue
[2024-08-28T02:38:46.543+0000] {logging_mixin.py:188} INFO - [2024-08-28T02:38:46.542+0000] {dagbag.py:545} INFO - Filling up the DagBag from /home/airflow/.local/lib/python3.12/site-packages/airflow/example_dags/example_task_group.py
[2024-08-28T02:38:46.561+0000] {processor.py:840} INFO - DAG(s) 'example_task_group' retrieved from /home/airflow/.local/lib/python3.12/site-packages/airflow/example_dags/example_task_group.py
[2024-08-28T02:38:46.713+0000] {logging_mixin.py:188} INFO - [2024-08-28T02:38:46.713+0000] {dag.py:3089} INFO - Sync 1 DAGs
[2024-08-28T02:38:46.834+0000] {logging_mixin.py:188} INFO - [2024-08-28T02:38:46.833+0000] {dag.py:3947} INFO - Setting next_dagrun for example_task_group to 2024-08-27 00:00:00+00:00, run_after=2024-08-28 00:00:00+00:00
[2024-08-28T02:38:46.890+0000] {processor.py:183} INFO - Processing /home/airflow/.local/lib/python3.12/site-packages/airflow/example_dags/example_task_group.py took 0.366 seconds
[2024-08-28T02:39:18.158+0000] {processor.py:161} INFO - Started process (PID=246) to work on /home/airflow/.local/lib/python3.12/site-packages/airflow/example_dags/example_task_group.py
[2024-08-28T02:39:18.160+0000] {processor.py:830} INFO - Processing file /home/airflow/.local/lib/python3.12/site-packages/airflow/example_dags/example_task_group.py for tasks to queue
[2024-08-28T02:39:18.164+0000] {logging_mixin.py:188} INFO - [2024-08-28T02:39:18.163+0000] {dagbag.py:545} INFO - Filling up the DagBag from /home/airflow/.local/lib/python3.12/site-packages/airflow/example_dags/example_task_group.py
[2024-08-28T02:39:18.212+0000] {processor.py:840} INFO - DAG(s) 'example_task_group' retrieved from /home/airflow/.local/lib/python3.12/site-packages/airflow/example_dags/example_task_group.py
[2024-08-28T02:39:18.290+0000] {logging_mixin.py:188} INFO - [2024-08-28T02:39:18.290+0000] {dag.py:3089} INFO - Sync 1 DAGs
[2024-08-28T02:39:18.369+0000] {logging_mixin.py:188} INFO - [2024-08-28T02:39:18.368+0000] {dag.py:3947} INFO - Setting next_dagrun for example_task_group to 2024-08-27 00:00:00+00:00, run_after=2024-08-28 00:00:00+00:00
[2024-08-28T02:39:18.961+0000] {processor.py:183} INFO - Processing /home/airflow/.local/lib/python3.12/site-packages/airflow/example_dags/example_task_group.py took 0.818 seconds
[2024-08-28T02:39:49.702+0000] {processor.py:161} INFO - Started process (PID=304) to work on /home/airflow/.local/lib/python3.12/site-packages/airflow/example_dags/example_task_group.py
[2024-08-28T02:39:49.705+0000] {processor.py:830} INFO - Processing file /home/airflow/.local/lib/python3.12/site-packages/airflow/example_dags/example_task_group.py for tasks to queue
[2024-08-28T02:39:49.709+0000] {logging_mixin.py:188} INFO - [2024-08-28T02:39:49.708+0000] {dagbag.py:545} INFO - Filling up the DagBag from /home/airflow/.local/lib/python3.12/site-packages/airflow/example_dags/example_task_group.py
[2024-08-28T02:39:49.724+0000] {processor.py:840} INFO - DAG(s) 'example_task_group' retrieved from /home/airflow/.local/lib/python3.12/site-packages/airflow/example_dags/example_task_group.py
[2024-08-28T02:39:49.763+0000] {logging_mixin.py:188} INFO - [2024-08-28T02:39:49.762+0000] {dag.py:3089} INFO - Sync 1 DAGs
[2024-08-28T02:39:49.808+0000] {logging_mixin.py:188} INFO - [2024-08-28T02:39:49.808+0000] {dag.py:3947} INFO - Setting next_dagrun for example_task_group to 2024-08-27 00:00:00+00:00, run_after=2024-08-28 00:00:00+00:00
[2024-08-28T02:39:49.856+0000] {processor.py:183} INFO - Processing /home/airflow/.local/lib/python3.12/site-packages/airflow/example_dags/example_task_group.py took 0.166 seconds
[2024-08-28T02:40:29.228+0000] {processor.py:161} INFO - Started process (PID=360) to work on /home/airflow/.local/lib/python3.12/site-packages/airflow/example_dags/example_task_group.py
[2024-08-28T02:40:29.231+0000] {processor.py:830} INFO - Processing file /home/airflow/.local/lib/python3.12/site-packages/airflow/example_dags/example_task_group.py for tasks to queue
[2024-08-28T02:40:29.235+0000] {logging_mixin.py:188} INFO - [2024-08-28T02:40:29.235+0000] {dagbag.py:545} INFO - Filling up the DagBag from /home/airflow/.local/lib/python3.12/site-packages/airflow/example_dags/example_task_group.py
[2024-08-28T02:40:29.255+0000] {processor.py:840} INFO - DAG(s) 'example_task_group' retrieved from /home/airflow/.local/lib/python3.12/site-packages/airflow/example_dags/example_task_group.py
[2024-08-28T02:40:29.323+0000] {logging_mixin.py:188} INFO - [2024-08-28T02:40:29.322+0000] {dag.py:3089} INFO - Sync 1 DAGs
[2024-08-28T02:40:29.393+0000] {logging_mixin.py:188} INFO - [2024-08-28T02:40:29.393+0000] {dag.py:3947} INFO - Setting next_dagrun for example_task_group to 2024-08-27 00:00:00+00:00, run_after=2024-08-28 00:00:00+00:00
[2024-08-28T02:40:29.454+0000] {processor.py:183} INFO - Processing /home/airflow/.local/lib/python3.12/site-packages/airflow/example_dags/example_task_group.py took 0.242 seconds
[2024-08-28T02:41:43.786+0000] {processor.py:161} INFO - Started process (PID=428) to work on /home/airflow/.local/lib/python3.12/site-packages/airflow/example_dags/example_task_group.py
[2024-08-28T02:41:43.881+0000] {processor.py:830} INFO - Processing file /home/airflow/.local/lib/python3.12/site-packages/airflow/example_dags/example_task_group.py for tasks to queue
[2024-08-28T02:41:43.965+0000] {logging_mixin.py:188} INFO - [2024-08-28T02:41:43.963+0000] {dagbag.py:545} INFO - Filling up the DagBag from /home/airflow/.local/lib/python3.12/site-packages/airflow/example_dags/example_task_group.py
[2024-08-28T02:41:44.396+0000] {processor.py:840} INFO - DAG(s) 'example_task_group' retrieved from /home/airflow/.local/lib/python3.12/site-packages/airflow/example_dags/example_task_group.py
[2024-08-28T02:41:45.429+0000] {logging_mixin.py:188} INFO - [2024-08-28T02:41:45.428+0000] {dag.py:3089} INFO - Sync 1 DAGs
[2024-08-28T02:41:46.133+0000] {logging_mixin.py:188} INFO - [2024-08-28T02:41:46.132+0000] {dag.py:3947} INFO - Setting next_dagrun for example_task_group to 2024-08-27 00:00:00+00:00, run_after=2024-08-28 00:00:00+00:00
[2024-08-28T02:41:46.753+0000] {processor.py:183} INFO - Processing /home/airflow/.local/lib/python3.12/site-packages/airflow/example_dags/example_task_group.py took 3.173 seconds
[2024-08-28T02:42:17.746+0000] {processor.py:161} INFO - Started process (PID=486) to work on /home/airflow/.local/lib/python3.12/site-packages/airflow/example_dags/example_task_group.py
[2024-08-28T02:42:17.748+0000] {processor.py:830} INFO - Processing file /home/airflow/.local/lib/python3.12/site-packages/airflow/example_dags/example_task_group.py for tasks to queue
[2024-08-28T02:42:17.752+0000] {logging_mixin.py:188} INFO - [2024-08-28T02:42:17.751+0000] {dagbag.py:545} INFO - Filling up the DagBag from /home/airflow/.local/lib/python3.12/site-packages/airflow/example_dags/example_task_group.py
[2024-08-28T02:42:17.765+0000] {processor.py:840} INFO - DAG(s) 'example_task_group' retrieved from /home/airflow/.local/lib/python3.12/site-packages/airflow/example_dags/example_task_group.py
[2024-08-28T02:42:17.800+0000] {logging_mixin.py:188} INFO - [2024-08-28T02:42:17.800+0000] {dag.py:3089} INFO - Sync 1 DAGs
[2024-08-28T02:42:17.836+0000] {logging_mixin.py:188} INFO - [2024-08-28T02:42:17.835+0000] {dag.py:3947} INFO - Setting next_dagrun for example_task_group to 2024-08-27 00:00:00+00:00, run_after=2024-08-28 00:00:00+00:00
[2024-08-28T02:42:17.874+0000] {processor.py:183} INFO - Processing /home/airflow/.local/lib/python3.12/site-packages/airflow/example_dags/example_task_group.py took 0.137 seconds
[2024-08-28T02:42:48.441+0000] {processor.py:161} INFO - Started process (PID=544) to work on /home/airflow/.local/lib/python3.12/site-packages/airflow/example_dags/example_task_group.py
[2024-08-28T02:42:48.443+0000] {processor.py:830} INFO - Processing file /home/airflow/.local/lib/python3.12/site-packages/airflow/example_dags/example_task_group.py for tasks to queue
[2024-08-28T02:42:48.447+0000] {logging_mixin.py:188} INFO - [2024-08-28T02:42:48.447+0000] {dagbag.py:545} INFO - Filling up the DagBag from /home/airflow/.local/lib/python3.12/site-packages/airflow/example_dags/example_task_group.py
[2024-08-28T02:42:48.466+0000] {processor.py:840} INFO - DAG(s) 'example_task_group' retrieved from /home/airflow/.local/lib/python3.12/site-packages/airflow/example_dags/example_task_group.py
[2024-08-28T02:42:48.519+0000] {logging_mixin.py:188} INFO - [2024-08-28T02:42:48.518+0000] {dag.py:3089} INFO - Sync 1 DAGs
[2024-08-28T02:42:48.590+0000] {logging_mixin.py:188} INFO - [2024-08-28T02:42:48.590+0000] {dag.py:3947} INFO - Setting next_dagrun for example_task_group to 2024-08-27 00:00:00+00:00, run_after=2024-08-28 00:00:00+00:00
[2024-08-28T02:42:48.683+0000] {processor.py:183} INFO - Processing /home/airflow/.local/lib/python3.12/site-packages/airflow/example_dags/example_task_group.py took 0.257 seconds
[2024-08-28T02:43:19.261+0000] {processor.py:161} INFO - Started process (PID=602) to work on /home/airflow/.local/lib/python3.12/site-packages/airflow/example_dags/example_task_group.py
[2024-08-28T02:43:19.262+0000] {processor.py:830} INFO - Processing file /home/airflow/.local/lib/python3.12/site-packages/airflow/example_dags/example_task_group.py for tasks to queue
[2024-08-28T02:43:19.267+0000] {logging_mixin.py:188} INFO - [2024-08-28T02:43:19.266+0000] {dagbag.py:545} INFO - Filling up the DagBag from /home/airflow/.local/lib/python3.12/site-packages/airflow/example_dags/example_task_group.py
[2024-08-28T02:43:19.288+0000] {processor.py:840} INFO - DAG(s) 'example_task_group' retrieved from /home/airflow/.local/lib/python3.12/site-packages/airflow/example_dags/example_task_group.py
[2024-08-28T02:43:19.347+0000] {logging_mixin.py:188} INFO - [2024-08-28T02:43:19.346+0000] {dag.py:3089} INFO - Sync 1 DAGs
[2024-08-28T02:43:19.433+0000] {logging_mixin.py:188} INFO - [2024-08-28T02:43:19.430+0000] {dag.py:3947} INFO - Setting next_dagrun for example_task_group to 2024-08-27 00:00:00+00:00, run_after=2024-08-28 00:00:00+00:00
[2024-08-28T02:43:19.514+0000] {processor.py:183} INFO - Processing /home/airflow/.local/lib/python3.12/site-packages/airflow/example_dags/example_task_group.py took 0.269 seconds
[2024-08-28T02:43:49.814+0000] {processor.py:161} INFO - Started process (PID=659) to work on /home/airflow/.local/lib/python3.12/site-packages/airflow/example_dags/example_task_group.py
[2024-08-28T02:43:49.820+0000] {processor.py:830} INFO - Processing file /home/airflow/.local/lib/python3.12/site-packages/airflow/example_dags/example_task_group.py for tasks to queue
[2024-08-28T02:43:49.824+0000] {logging_mixin.py:188} INFO - [2024-08-28T02:43:49.823+0000] {dagbag.py:545} INFO - Filling up the DagBag from /home/airflow/.local/lib/python3.12/site-packages/airflow/example_dags/example_task_group.py
[2024-08-28T02:43:49.856+0000] {processor.py:840} INFO - DAG(s) 'example_task_group' retrieved from /home/airflow/.local/lib/python3.12/site-packages/airflow/example_dags/example_task_group.py
[2024-08-28T02:43:49.939+0000] {logging_mixin.py:188} INFO - [2024-08-28T02:43:49.939+0000] {dag.py:3089} INFO - Sync 1 DAGs
[2024-08-28T02:43:50.032+0000] {logging_mixin.py:188} INFO - [2024-08-28T02:43:50.031+0000] {dag.py:3947} INFO - Setting next_dagrun for example_task_group to 2024-08-27 00:00:00+00:00, run_after=2024-08-28 00:00:00+00:00
[2024-08-28T02:43:50.138+0000] {processor.py:183} INFO - Processing /home/airflow/.local/lib/python3.12/site-packages/airflow/example_dags/example_task_group.py took 0.350 seconds
[2024-08-28T02:54:17.911+0000] {processor.py:161} INFO - Started process (PID=160) to work on /home/airflow/.local/lib/python3.12/site-packages/airflow/example_dags/example_task_group.py
[2024-08-28T02:54:17.944+0000] {processor.py:830} INFO - Processing file /home/airflow/.local/lib/python3.12/site-packages/airflow/example_dags/example_task_group.py for tasks to queue
[2024-08-28T02:54:17.948+0000] {logging_mixin.py:188} INFO - [2024-08-28T02:54:17.948+0000] {dagbag.py:545} INFO - Filling up the DagBag from /home/airflow/.local/lib/python3.12/site-packages/airflow/example_dags/example_task_group.py
[2024-08-28T02:54:18.073+0000] {processor.py:840} INFO - DAG(s) 'example_task_group' retrieved from /home/airflow/.local/lib/python3.12/site-packages/airflow/example_dags/example_task_group.py
[2024-08-28T02:54:18.474+0000] {logging_mixin.py:188} INFO - [2024-08-28T02:54:18.473+0000] {dag.py:3089} INFO - Sync 1 DAGs
[2024-08-28T02:54:18.898+0000] {logging_mixin.py:188} INFO - [2024-08-28T02:54:18.897+0000] {dag.py:3947} INFO - Setting next_dagrun for example_task_group to 2024-08-27 00:00:00+00:00, run_after=2024-08-28 00:00:00+00:00
[2024-08-28T02:54:19.084+0000] {processor.py:183} INFO - Processing /home/airflow/.local/lib/python3.12/site-packages/airflow/example_dags/example_task_group.py took 1.231 seconds
[2024-08-28T02:54:50.515+0000] {processor.py:161} INFO - Started process (PID=217) to work on /home/airflow/.local/lib/python3.12/site-packages/airflow/example_dags/example_task_group.py
[2024-08-28T02:54:50.517+0000] {processor.py:830} INFO - Processing file /home/airflow/.local/lib/python3.12/site-packages/airflow/example_dags/example_task_group.py for tasks to queue
[2024-08-28T02:54:50.521+0000] {logging_mixin.py:188} INFO - [2024-08-28T02:54:50.520+0000] {dagbag.py:545} INFO - Filling up the DagBag from /home/airflow/.local/lib/python3.12/site-packages/airflow/example_dags/example_task_group.py
[2024-08-28T02:54:50.560+0000] {processor.py:840} INFO - DAG(s) 'example_task_group' retrieved from /home/airflow/.local/lib/python3.12/site-packages/airflow/example_dags/example_task_group.py
[2024-08-28T02:54:50.644+0000] {logging_mixin.py:188} INFO - [2024-08-28T02:54:50.644+0000] {dag.py:3089} INFO - Sync 1 DAGs
[2024-08-28T02:54:50.708+0000] {logging_mixin.py:188} INFO - [2024-08-28T02:54:50.708+0000] {dag.py:3947} INFO - Setting next_dagrun for example_task_group to 2024-08-27 00:00:00+00:00, run_after=2024-08-28 00:00:00+00:00
[2024-08-28T02:54:50.765+0000] {processor.py:183} INFO - Processing /home/airflow/.local/lib/python3.12/site-packages/airflow/example_dags/example_task_group.py took 0.268 seconds
[2024-08-28T02:59:37.566+0000] {processor.py:161} INFO - Started process (PID=117) to work on /home/airflow/.local/lib/python3.12/site-packages/airflow/example_dags/example_task_group.py
[2024-08-28T02:59:37.575+0000] {processor.py:830} INFO - Processing file /home/airflow/.local/lib/python3.12/site-packages/airflow/example_dags/example_task_group.py for tasks to queue
[2024-08-28T02:59:37.604+0000] {logging_mixin.py:188} INFO - [2024-08-28T02:59:37.603+0000] {dagbag.py:545} INFO - Filling up the DagBag from /home/airflow/.local/lib/python3.12/site-packages/airflow/example_dags/example_task_group.py
[2024-08-28T02:59:37.658+0000] {processor.py:840} INFO - DAG(s) 'example_task_group' retrieved from /home/airflow/.local/lib/python3.12/site-packages/airflow/example_dags/example_task_group.py
[2024-08-28T02:59:38.559+0000] {logging_mixin.py:188} INFO - [2024-08-28T02:59:38.559+0000] {dag.py:3089} INFO - Sync 1 DAGs
[2024-08-28T02:59:38.683+0000] {logging_mixin.py:188} INFO - [2024-08-28T02:59:38.682+0000] {dag.py:3947} INFO - Setting next_dagrun for example_task_group to 2024-08-27 00:00:00+00:00, run_after=2024-08-28 00:00:00+00:00
[2024-08-28T02:59:38.795+0000] {processor.py:183} INFO - Processing /home/airflow/.local/lib/python3.12/site-packages/airflow/example_dags/example_task_group.py took 1.289 seconds
