[2024-08-28T02:37:47.713+0000] {processor.py:161} INFO - Started process (PID=105) to work on /home/airflow/.local/lib/python3.12/site-packages/airflow/example_dags/example_task_group_decorator.py
[2024-08-28T02:37:47.715+0000] {processor.py:830} INFO - Processing file /home/airflow/.local/lib/python3.12/site-packages/airflow/example_dags/example_task_group_decorator.py for tasks to queue
[2024-08-28T02:37:47.722+0000] {logging_mixin.py:188} INFO - [2024-08-28T02:37:47.721+0000] {dagbag.py:545} INFO - Filling up the DagBag from /home/airflow/.local/lib/python3.12/site-packages/airflow/example_dags/example_task_group_decorator.py
[2024-08-28T02:37:47.854+0000] {processor.py:840} INFO - DAG(s) 'example_task_group_decorator' retrieved from /home/airflow/.local/lib/python3.12/site-packages/airflow/example_dags/example_task_group_decorator.py
[2024-08-28T02:37:48.514+0000] {logging_mixin.py:188} INFO - [2024-08-28T02:37:48.512+0000] {override.py:1858} INFO - Created Permission View: can edit on DAG:example_task_group_decorator
[2024-08-28T02:37:48.608+0000] {logging_mixin.py:188} INFO - [2024-08-28T02:37:48.607+0000] {override.py:1858} INFO - Created Permission View: can delete on DAG:example_task_group_decorator
[2024-08-28T02:37:48.664+0000] {logging_mixin.py:188} INFO - [2024-08-28T02:37:48.663+0000] {override.py:1858} INFO - Created Permission View: can read on DAG:example_task_group_decorator
[2024-08-28T02:37:48.666+0000] {logging_mixin.py:188} INFO - [2024-08-28T02:37:48.666+0000] {dag.py:3089} INFO - Sync 1 DAGs
[2024-08-28T02:37:48.727+0000] {logging_mixin.py:188} INFO - [2024-08-28T02:37:48.726+0000] {dag.py:3111} INFO - Creating ORM DAG for example_task_group_decorator
[2024-08-28T02:37:48.770+0000] {logging_mixin.py:188} INFO - [2024-08-28T02:37:48.770+0000] {dag.py:3947} INFO - Setting next_dagrun for example_task_group_decorator to 2024-08-27 00:00:00+00:00, run_after=2024-08-28 00:00:00+00:00
[2024-08-28T02:37:48.840+0000] {processor.py:183} INFO - Processing /home/airflow/.local/lib/python3.12/site-packages/airflow/example_dags/example_task_group_decorator.py took 1.149 seconds
[2024-08-28T02:38:42.454+0000] {processor.py:161} INFO - Started process (PID=170) to work on /home/airflow/.local/lib/python3.12/site-packages/airflow/example_dags/example_task_group_decorator.py
[2024-08-28T02:38:42.457+0000] {processor.py:830} INFO - Processing file /home/airflow/.local/lib/python3.12/site-packages/airflow/example_dags/example_task_group_decorator.py for tasks to queue
[2024-08-28T02:38:42.462+0000] {logging_mixin.py:188} INFO - [2024-08-28T02:38:42.461+0000] {dagbag.py:545} INFO - Filling up the DagBag from /home/airflow/.local/lib/python3.12/site-packages/airflow/example_dags/example_task_group_decorator.py
[2024-08-28T02:38:42.501+0000] {processor.py:840} INFO - DAG(s) 'example_task_group_decorator' retrieved from /home/airflow/.local/lib/python3.12/site-packages/airflow/example_dags/example_task_group_decorator.py
[2024-08-28T02:38:42.570+0000] {logging_mixin.py:188} INFO - [2024-08-28T02:38:42.570+0000] {dag.py:3089} INFO - Sync 1 DAGs
[2024-08-28T02:38:42.624+0000] {logging_mixin.py:188} INFO - [2024-08-28T02:38:42.623+0000] {dag.py:3947} INFO - Setting next_dagrun for example_task_group_decorator to 2024-08-27 00:00:00+00:00, run_after=2024-08-28 00:00:00+00:00
[2024-08-28T02:38:42.699+0000] {processor.py:183} INFO - Processing /home/airflow/.local/lib/python3.12/site-packages/airflow/example_dags/example_task_group_decorator.py took 0.255 seconds
[2024-08-28T02:39:15.004+0000] {processor.py:161} INFO - Started process (PID=228) to work on /home/airflow/.local/lib/python3.12/site-packages/airflow/example_dags/example_task_group_decorator.py
[2024-08-28T02:39:15.007+0000] {processor.py:830} INFO - Processing file /home/airflow/.local/lib/python3.12/site-packages/airflow/example_dags/example_task_group_decorator.py for tasks to queue
[2024-08-28T02:39:15.010+0000] {logging_mixin.py:188} INFO - [2024-08-28T02:39:15.009+0000] {dagbag.py:545} INFO - Filling up the DagBag from /home/airflow/.local/lib/python3.12/site-packages/airflow/example_dags/example_task_group_decorator.py
[2024-08-28T02:39:15.040+0000] {processor.py:840} INFO - DAG(s) 'example_task_group_decorator' retrieved from /home/airflow/.local/lib/python3.12/site-packages/airflow/example_dags/example_task_group_decorator.py
[2024-08-28T02:39:15.091+0000] {logging_mixin.py:188} INFO - [2024-08-28T02:39:15.091+0000] {dag.py:3089} INFO - Sync 1 DAGs
[2024-08-28T02:39:15.139+0000] {logging_mixin.py:188} INFO - [2024-08-28T02:39:15.139+0000] {dag.py:3947} INFO - Setting next_dagrun for example_task_group_decorator to 2024-08-27 00:00:00+00:00, run_after=2024-08-28 00:00:00+00:00
[2024-08-28T02:39:15.219+0000] {processor.py:183} INFO - Processing /home/airflow/.local/lib/python3.12/site-packages/airflow/example_dags/example_task_group_decorator.py took 0.225 seconds
[2024-08-28T02:39:45.688+0000] {processor.py:161} INFO - Started process (PID=284) to work on /home/airflow/.local/lib/python3.12/site-packages/airflow/example_dags/example_task_group_decorator.py
[2024-08-28T02:39:45.690+0000] {processor.py:830} INFO - Processing file /home/airflow/.local/lib/python3.12/site-packages/airflow/example_dags/example_task_group_decorator.py for tasks to queue
[2024-08-28T02:39:45.696+0000] {logging_mixin.py:188} INFO - [2024-08-28T02:39:45.695+0000] {dagbag.py:545} INFO - Filling up the DagBag from /home/airflow/.local/lib/python3.12/site-packages/airflow/example_dags/example_task_group_decorator.py
[2024-08-28T02:39:45.756+0000] {processor.py:840} INFO - DAG(s) 'example_task_group_decorator' retrieved from /home/airflow/.local/lib/python3.12/site-packages/airflow/example_dags/example_task_group_decorator.py
[2024-08-28T02:39:45.849+0000] {logging_mixin.py:188} INFO - [2024-08-28T02:39:45.849+0000] {dag.py:3089} INFO - Sync 1 DAGs
[2024-08-28T02:39:45.902+0000] {logging_mixin.py:188} INFO - [2024-08-28T02:39:45.902+0000] {dag.py:3947} INFO - Setting next_dagrun for example_task_group_decorator to 2024-08-27 00:00:00+00:00, run_after=2024-08-28 00:00:00+00:00
[2024-08-28T02:39:45.966+0000] {processor.py:183} INFO - Processing /home/airflow/.local/lib/python3.12/site-packages/airflow/example_dags/example_task_group_decorator.py took 0.294 seconds
[2024-08-28T02:40:24.287+0000] {processor.py:161} INFO - Started process (PID=342) to work on /home/airflow/.local/lib/python3.12/site-packages/airflow/example_dags/example_task_group_decorator.py
[2024-08-28T02:40:24.294+0000] {processor.py:830} INFO - Processing file /home/airflow/.local/lib/python3.12/site-packages/airflow/example_dags/example_task_group_decorator.py for tasks to queue
[2024-08-28T02:40:24.330+0000] {logging_mixin.py:188} INFO - [2024-08-28T02:40:24.329+0000] {dagbag.py:545} INFO - Filling up the DagBag from /home/airflow/.local/lib/python3.12/site-packages/airflow/example_dags/example_task_group_decorator.py
[2024-08-28T02:40:24.526+0000] {processor.py:840} INFO - DAG(s) 'example_task_group_decorator' retrieved from /home/airflow/.local/lib/python3.12/site-packages/airflow/example_dags/example_task_group_decorator.py
[2024-08-28T02:40:24.914+0000] {logging_mixin.py:188} INFO - [2024-08-28T02:40:24.914+0000] {dag.py:3089} INFO - Sync 1 DAGs
[2024-08-28T02:40:25.166+0000] {logging_mixin.py:188} INFO - [2024-08-28T02:40:25.165+0000] {dag.py:3947} INFO - Setting next_dagrun for example_task_group_decorator to 2024-08-27 00:00:00+00:00, run_after=2024-08-28 00:00:00+00:00
[2024-08-28T02:40:25.412+0000] {processor.py:183} INFO - Processing /home/airflow/.local/lib/python3.12/site-packages/airflow/example_dags/example_task_group_decorator.py took 1.213 seconds
[2024-08-28T02:41:09.271+0000] {processor.py:161} INFO - Started process (PID=405) to work on /home/airflow/.local/lib/python3.12/site-packages/airflow/example_dags/example_task_group_decorator.py
[2024-08-28T02:41:09.277+0000] {processor.py:830} INFO - Processing file /home/airflow/.local/lib/python3.12/site-packages/airflow/example_dags/example_task_group_decorator.py for tasks to queue
[2024-08-28T02:41:09.308+0000] {logging_mixin.py:188} INFO - [2024-08-28T02:41:09.306+0000] {dagbag.py:545} INFO - Filling up the DagBag from /home/airflow/.local/lib/python3.12/site-packages/airflow/example_dags/example_task_group_decorator.py
[2024-08-28T02:41:09.459+0000] {processor.py:840} INFO - DAG(s) 'example_task_group_decorator' retrieved from /home/airflow/.local/lib/python3.12/site-packages/airflow/example_dags/example_task_group_decorator.py
[2024-08-28T02:41:09.712+0000] {logging_mixin.py:188} INFO - [2024-08-28T02:41:09.711+0000] {dag.py:3089} INFO - Sync 1 DAGs
[2024-08-28T02:41:09.938+0000] {logging_mixin.py:188} INFO - [2024-08-28T02:41:09.937+0000] {dag.py:3947} INFO - Setting next_dagrun for example_task_group_decorator to 2024-08-27 00:00:00+00:00, run_after=2024-08-28 00:00:00+00:00
[2024-08-28T02:41:10.128+0000] {processor.py:183} INFO - Processing /home/airflow/.local/lib/python3.12/site-packages/airflow/example_dags/example_task_group_decorator.py took 0.911 seconds
[2024-08-28T02:42:04.819+0000] {processor.py:161} INFO - Started process (PID=460) to work on /home/airflow/.local/lib/python3.12/site-packages/airflow/example_dags/example_task_group_decorator.py
[2024-08-28T02:42:04.827+0000] {processor.py:830} INFO - Processing file /home/airflow/.local/lib/python3.12/site-packages/airflow/example_dags/example_task_group_decorator.py for tasks to queue
[2024-08-28T02:42:04.837+0000] {logging_mixin.py:188} INFO - [2024-08-28T02:42:04.831+0000] {dagbag.py:545} INFO - Filling up the DagBag from /home/airflow/.local/lib/python3.12/site-packages/airflow/example_dags/example_task_group_decorator.py
[2024-08-28T02:42:04.887+0000] {processor.py:840} INFO - DAG(s) 'example_task_group_decorator' retrieved from /home/airflow/.local/lib/python3.12/site-packages/airflow/example_dags/example_task_group_decorator.py
[2024-08-28T02:42:04.986+0000] {logging_mixin.py:188} INFO - [2024-08-28T02:42:04.968+0000] {dag.py:3089} INFO - Sync 1 DAGs
[2024-08-28T02:42:05.064+0000] {logging_mixin.py:188} INFO - [2024-08-28T02:42:05.064+0000] {dag.py:3947} INFO - Setting next_dagrun for example_task_group_decorator to 2024-08-27 00:00:00+00:00, run_after=2024-08-28 00:00:00+00:00
[2024-08-28T02:42:05.174+0000] {processor.py:183} INFO - Processing /home/airflow/.local/lib/python3.12/site-packages/airflow/example_dags/example_task_group_decorator.py took 0.388 seconds
[2024-08-28T02:42:36.129+0000] {processor.py:161} INFO - Started process (PID=518) to work on /home/airflow/.local/lib/python3.12/site-packages/airflow/example_dags/example_task_group_decorator.py
[2024-08-28T02:42:36.131+0000] {processor.py:830} INFO - Processing file /home/airflow/.local/lib/python3.12/site-packages/airflow/example_dags/example_task_group_decorator.py for tasks to queue
[2024-08-28T02:42:36.136+0000] {logging_mixin.py:188} INFO - [2024-08-28T02:42:36.135+0000] {dagbag.py:545} INFO - Filling up the DagBag from /home/airflow/.local/lib/python3.12/site-packages/airflow/example_dags/example_task_group_decorator.py
[2024-08-28T02:42:36.166+0000] {processor.py:840} INFO - DAG(s) 'example_task_group_decorator' retrieved from /home/airflow/.local/lib/python3.12/site-packages/airflow/example_dags/example_task_group_decorator.py
[2024-08-28T02:42:36.226+0000] {logging_mixin.py:188} INFO - [2024-08-28T02:42:36.226+0000] {dag.py:3089} INFO - Sync 1 DAGs
[2024-08-28T02:42:36.273+0000] {logging_mixin.py:188} INFO - [2024-08-28T02:42:36.273+0000] {dag.py:3947} INFO - Setting next_dagrun for example_task_group_decorator to 2024-08-27 00:00:00+00:00, run_after=2024-08-28 00:00:00+00:00
[2024-08-28T02:42:36.312+0000] {processor.py:183} INFO - Processing /home/airflow/.local/lib/python3.12/site-packages/airflow/example_dags/example_task_group_decorator.py took 0.195 seconds
[2024-08-28T02:43:06.948+0000] {processor.py:161} INFO - Started process (PID=576) to work on /home/airflow/.local/lib/python3.12/site-packages/airflow/example_dags/example_task_group_decorator.py
[2024-08-28T02:43:06.950+0000] {processor.py:830} INFO - Processing file /home/airflow/.local/lib/python3.12/site-packages/airflow/example_dags/example_task_group_decorator.py for tasks to queue
[2024-08-28T02:43:06.954+0000] {logging_mixin.py:188} INFO - [2024-08-28T02:43:06.953+0000] {dagbag.py:545} INFO - Filling up the DagBag from /home/airflow/.local/lib/python3.12/site-packages/airflow/example_dags/example_task_group_decorator.py
[2024-08-28T02:43:06.986+0000] {processor.py:840} INFO - DAG(s) 'example_task_group_decorator' retrieved from /home/airflow/.local/lib/python3.12/site-packages/airflow/example_dags/example_task_group_decorator.py
[2024-08-28T02:43:07.037+0000] {logging_mixin.py:188} INFO - [2024-08-28T02:43:07.036+0000] {dag.py:3089} INFO - Sync 1 DAGs
[2024-08-28T02:43:07.080+0000] {logging_mixin.py:188} INFO - [2024-08-28T02:43:07.079+0000] {dag.py:3947} INFO - Setting next_dagrun for example_task_group_decorator to 2024-08-27 00:00:00+00:00, run_after=2024-08-28 00:00:00+00:00
[2024-08-28T02:43:07.125+0000] {processor.py:183} INFO - Processing /home/airflow/.local/lib/python3.12/site-packages/airflow/example_dags/example_task_group_decorator.py took 0.187 seconds
[2024-08-28T02:43:37.981+0000] {processor.py:161} INFO - Started process (PID=639) to work on /home/airflow/.local/lib/python3.12/site-packages/airflow/example_dags/example_task_group_decorator.py
[2024-08-28T02:43:37.983+0000] {processor.py:830} INFO - Processing file /home/airflow/.local/lib/python3.12/site-packages/airflow/example_dags/example_task_group_decorator.py for tasks to queue
[2024-08-28T02:43:37.989+0000] {logging_mixin.py:188} INFO - [2024-08-28T02:43:37.988+0000] {dagbag.py:545} INFO - Filling up the DagBag from /home/airflow/.local/lib/python3.12/site-packages/airflow/example_dags/example_task_group_decorator.py
[2024-08-28T02:43:38.066+0000] {processor.py:840} INFO - DAG(s) 'example_task_group_decorator' retrieved from /home/airflow/.local/lib/python3.12/site-packages/airflow/example_dags/example_task_group_decorator.py
[2024-08-28T02:43:38.262+0000] {logging_mixin.py:188} INFO - [2024-08-28T02:43:38.261+0000] {dag.py:3089} INFO - Sync 1 DAGs
[2024-08-28T02:43:38.388+0000] {logging_mixin.py:188} INFO - [2024-08-28T02:43:38.387+0000] {dag.py:3947} INFO - Setting next_dagrun for example_task_group_decorator to 2024-08-27 00:00:00+00:00, run_after=2024-08-28 00:00:00+00:00
[2024-08-28T02:43:38.453+0000] {processor.py:183} INFO - Processing /home/airflow/.local/lib/python3.12/site-packages/airflow/example_dags/example_task_group_decorator.py took 0.482 seconds
[2024-08-28T02:44:11.554+0000] {processor.py:161} INFO - Started process (PID=696) to work on /home/airflow/.local/lib/python3.12/site-packages/airflow/example_dags/example_task_group_decorator.py
[2024-08-28T02:44:11.591+0000] {processor.py:830} INFO - Processing file /home/airflow/.local/lib/python3.12/site-packages/airflow/example_dags/example_task_group_decorator.py for tasks to queue
[2024-08-28T02:44:11.600+0000] {logging_mixin.py:188} INFO - [2024-08-28T02:44:11.599+0000] {dagbag.py:545} INFO - Filling up the DagBag from /home/airflow/.local/lib/python3.12/site-packages/airflow/example_dags/example_task_group_decorator.py
[2024-08-28T02:44:11.713+0000] {processor.py:840} INFO - DAG(s) 'example_task_group_decorator' retrieved from /home/airflow/.local/lib/python3.12/site-packages/airflow/example_dags/example_task_group_decorator.py
[2024-08-28T02:44:12.036+0000] {logging_mixin.py:188} INFO - [2024-08-28T02:44:12.035+0000] {dag.py:3089} INFO - Sync 1 DAGs
[2024-08-28T02:44:12.243+0000] {logging_mixin.py:188} INFO - [2024-08-28T02:44:12.242+0000] {dag.py:3947} INFO - Setting next_dagrun for example_task_group_decorator to 2024-08-27 00:00:00+00:00, run_after=2024-08-28 00:00:00+00:00
[2024-08-28T02:44:12.504+0000] {processor.py:183} INFO - Processing /home/airflow/.local/lib/python3.12/site-packages/airflow/example_dags/example_task_group_decorator.py took 1.002 seconds
[2024-08-28T02:53:59.468+0000] {processor.py:161} INFO - Started process (PID=135) to work on /home/airflow/.local/lib/python3.12/site-packages/airflow/example_dags/example_task_group_decorator.py
[2024-08-28T02:53:59.515+0000] {processor.py:830} INFO - Processing file /home/airflow/.local/lib/python3.12/site-packages/airflow/example_dags/example_task_group_decorator.py for tasks to queue
[2024-08-28T02:53:59.641+0000] {logging_mixin.py:188} INFO - [2024-08-28T02:53:59.628+0000] {dagbag.py:545} INFO - Filling up the DagBag from /home/airflow/.local/lib/python3.12/site-packages/airflow/example_dags/example_task_group_decorator.py
[2024-08-28T02:54:00.400+0000] {processor.py:840} INFO - DAG(s) 'example_task_group_decorator' retrieved from /home/airflow/.local/lib/python3.12/site-packages/airflow/example_dags/example_task_group_decorator.py
[2024-08-28T02:54:01.447+0000] {logging_mixin.py:188} INFO - [2024-08-28T02:54:01.435+0000] {dag.py:3089} INFO - Sync 1 DAGs
[2024-08-28T02:54:02.219+0000] {logging_mixin.py:188} INFO - [2024-08-28T02:54:02.218+0000] {dag.py:3947} INFO - Setting next_dagrun for example_task_group_decorator to 2024-08-27 00:00:00+00:00, run_after=2024-08-28 00:00:00+00:00
[2024-08-28T02:54:02.759+0000] {processor.py:183} INFO - Processing /home/airflow/.local/lib/python3.12/site-packages/airflow/example_dags/example_task_group_decorator.py took 3.566 seconds
[2024-08-28T02:54:40.279+0000] {processor.py:161} INFO - Started process (PID=199) to work on /home/airflow/.local/lib/python3.12/site-packages/airflow/example_dags/example_task_group_decorator.py
[2024-08-28T02:54:40.284+0000] {processor.py:830} INFO - Processing file /home/airflow/.local/lib/python3.12/site-packages/airflow/example_dags/example_task_group_decorator.py for tasks to queue
[2024-08-28T02:54:40.289+0000] {logging_mixin.py:188} INFO - [2024-08-28T02:54:40.288+0000] {dagbag.py:545} INFO - Filling up the DagBag from /home/airflow/.local/lib/python3.12/site-packages/airflow/example_dags/example_task_group_decorator.py
[2024-08-28T02:54:40.381+0000] {processor.py:840} INFO - DAG(s) 'example_task_group_decorator' retrieved from /home/airflow/.local/lib/python3.12/site-packages/airflow/example_dags/example_task_group_decorator.py
[2024-08-28T02:54:40.472+0000] {logging_mixin.py:188} INFO - [2024-08-28T02:54:40.471+0000] {dag.py:3089} INFO - Sync 1 DAGs
[2024-08-28T02:54:40.614+0000] {logging_mixin.py:188} INFO - [2024-08-28T02:54:40.614+0000] {dag.py:3947} INFO - Setting next_dagrun for example_task_group_decorator to 2024-08-27 00:00:00+00:00, run_after=2024-08-28 00:00:00+00:00
[2024-08-28T02:54:40.725+0000] {processor.py:183} INFO - Processing /home/airflow/.local/lib/python3.12/site-packages/airflow/example_dags/example_task_group_decorator.py took 0.461 seconds
[2024-08-28T02:59:26.177+0000] {processor.py:161} INFO - Started process (PID=99) to work on /home/airflow/.local/lib/python3.12/site-packages/airflow/example_dags/example_task_group_decorator.py
[2024-08-28T02:59:26.179+0000] {processor.py:830} INFO - Processing file /home/airflow/.local/lib/python3.12/site-packages/airflow/example_dags/example_task_group_decorator.py for tasks to queue
[2024-08-28T02:59:26.184+0000] {logging_mixin.py:188} INFO - [2024-08-28T02:59:26.183+0000] {dagbag.py:545} INFO - Filling up the DagBag from /home/airflow/.local/lib/python3.12/site-packages/airflow/example_dags/example_task_group_decorator.py
[2024-08-28T02:59:26.295+0000] {processor.py:840} INFO - DAG(s) 'example_task_group_decorator' retrieved from /home/airflow/.local/lib/python3.12/site-packages/airflow/example_dags/example_task_group_decorator.py
[2024-08-28T02:59:26.796+0000] {logging_mixin.py:188} INFO - [2024-08-28T02:59:26.796+0000] {dag.py:3089} INFO - Sync 1 DAGs
[2024-08-28T02:59:26.977+0000] {logging_mixin.py:188} INFO - [2024-08-28T02:59:26.976+0000] {dag.py:3947} INFO - Setting next_dagrun for example_task_group_decorator to 2024-08-27 00:00:00+00:00, run_after=2024-08-28 00:00:00+00:00
[2024-08-28T02:59:27.153+0000] {processor.py:183} INFO - Processing /home/airflow/.local/lib/python3.12/site-packages/airflow/example_dags/example_task_group_decorator.py took 1.025 seconds
