[2024-08-28T02:37:38.255+0000] {processor.py:161} INFO - Started process (PID=89) to work on /home/airflow/.local/lib/python3.12/site-packages/airflow/example_dags/tutorial_dag.py
[2024-08-28T02:37:38.267+0000] {processor.py:830} INFO - Processing file /home/airflow/.local/lib/python3.12/site-packages/airflow/example_dags/tutorial_dag.py for tasks to queue
[2024-08-28T02:37:38.295+0000] {logging_mixin.py:188} INFO - [2024-08-28T02:37:38.294+0000] {dagbag.py:545} INFO - Filling up the DagBag from /home/airflow/.local/lib/python3.12/site-packages/airflow/example_dags/tutorial_dag.py
[2024-08-28T02:37:38.441+0000] {processor.py:840} INFO - DAG(s) 'tutorial_dag' retrieved from /home/airflow/.local/lib/python3.12/site-packages/airflow/example_dags/tutorial_dag.py
[2024-08-28T02:37:40.763+0000] {logging_mixin.py:188} INFO - [2024-08-28T02:37:40.761+0000] {override.py:1858} INFO - Created Permission View: can edit on DAG:tutorial_dag
[2024-08-28T02:37:40.802+0000] {logging_mixin.py:188} INFO - [2024-08-28T02:37:40.802+0000] {override.py:1858} INFO - Created Permission View: can delete on DAG:tutorial_dag
[2024-08-28T02:37:40.821+0000] {logging_mixin.py:188} INFO - [2024-08-28T02:37:40.820+0000] {override.py:1858} INFO - Created Permission View: can read on DAG:tutorial_dag
[2024-08-28T02:37:40.824+0000] {logging_mixin.py:188} INFO - [2024-08-28T02:37:40.822+0000] {dag.py:3089} INFO - Sync 1 DAGs
[2024-08-28T02:37:40.919+0000] {logging_mixin.py:188} INFO - [2024-08-28T02:37:40.918+0000] {dag.py:3111} INFO - Creating ORM DAG for tutorial_dag
[2024-08-28T02:37:40.931+0000] {logging_mixin.py:188} INFO - [2024-08-28T02:37:40.931+0000] {dag.py:3947} INFO - Setting next_dagrun for tutorial_dag to None, run_after=None
[2024-08-28T02:37:41.083+0000] {processor.py:183} INFO - Processing /home/airflow/.local/lib/python3.12/site-packages/airflow/example_dags/tutorial_dag.py took 2.845 seconds
[2024-08-28T02:38:32.695+0000] {processor.py:161} INFO - Started process (PID=153) to work on /home/airflow/.local/lib/python3.12/site-packages/airflow/example_dags/tutorial_dag.py
[2024-08-28T02:38:32.725+0000] {processor.py:830} INFO - Processing file /home/airflow/.local/lib/python3.12/site-packages/airflow/example_dags/tutorial_dag.py for tasks to queue
[2024-08-28T02:38:32.772+0000] {logging_mixin.py:188} INFO - [2024-08-28T02:38:32.772+0000] {dagbag.py:545} INFO - Filling up the DagBag from /home/airflow/.local/lib/python3.12/site-packages/airflow/example_dags/tutorial_dag.py
[2024-08-28T02:38:32.855+0000] {processor.py:840} INFO - DAG(s) 'tutorial_dag' retrieved from /home/airflow/.local/lib/python3.12/site-packages/airflow/example_dags/tutorial_dag.py
[2024-08-28T02:38:33.008+0000] {logging_mixin.py:188} INFO - [2024-08-28T02:38:33.007+0000] {dag.py:3089} INFO - Sync 1 DAGs
[2024-08-28T02:38:33.343+0000] {logging_mixin.py:188} INFO - [2024-08-28T02:38:33.342+0000] {dag.py:3947} INFO - Setting next_dagrun for tutorial_dag to None, run_after=None
[2024-08-28T02:38:33.508+0000] {processor.py:183} INFO - Processing /home/airflow/.local/lib/python3.12/site-packages/airflow/example_dags/tutorial_dag.py took 0.876 seconds
[2024-08-28T02:39:04.157+0000] {processor.py:161} INFO - Started process (PID=210) to work on /home/airflow/.local/lib/python3.12/site-packages/airflow/example_dags/tutorial_dag.py
[2024-08-28T02:39:04.179+0000] {processor.py:830} INFO - Processing file /home/airflow/.local/lib/python3.12/site-packages/airflow/example_dags/tutorial_dag.py for tasks to queue
[2024-08-28T02:39:04.186+0000] {logging_mixin.py:188} INFO - [2024-08-28T02:39:04.183+0000] {dagbag.py:545} INFO - Filling up the DagBag from /home/airflow/.local/lib/python3.12/site-packages/airflow/example_dags/tutorial_dag.py
[2024-08-28T02:39:04.223+0000] {processor.py:840} INFO - DAG(s) 'tutorial_dag' retrieved from /home/airflow/.local/lib/python3.12/site-packages/airflow/example_dags/tutorial_dag.py
[2024-08-28T02:39:04.406+0000] {logging_mixin.py:188} INFO - [2024-08-28T02:39:04.402+0000] {dag.py:3089} INFO - Sync 1 DAGs
[2024-08-28T02:39:04.480+0000] {logging_mixin.py:188} INFO - [2024-08-28T02:39:04.480+0000] {dag.py:3947} INFO - Setting next_dagrun for tutorial_dag to None, run_after=None
[2024-08-28T02:39:04.602+0000] {processor.py:183} INFO - Processing /home/airflow/.local/lib/python3.12/site-packages/airflow/example_dags/tutorial_dag.py took 0.469 seconds
[2024-08-28T02:39:35.393+0000] {processor.py:161} INFO - Started process (PID=267) to work on /home/airflow/.local/lib/python3.12/site-packages/airflow/example_dags/tutorial_dag.py
[2024-08-28T02:39:35.407+0000] {processor.py:830} INFO - Processing file /home/airflow/.local/lib/python3.12/site-packages/airflow/example_dags/tutorial_dag.py for tasks to queue
[2024-08-28T02:39:35.426+0000] {logging_mixin.py:188} INFO - [2024-08-28T02:39:35.425+0000] {dagbag.py:545} INFO - Filling up the DagBag from /home/airflow/.local/lib/python3.12/site-packages/airflow/example_dags/tutorial_dag.py
[2024-08-28T02:39:35.461+0000] {processor.py:840} INFO - DAG(s) 'tutorial_dag' retrieved from /home/airflow/.local/lib/python3.12/site-packages/airflow/example_dags/tutorial_dag.py
[2024-08-28T02:39:35.677+0000] {logging_mixin.py:188} INFO - [2024-08-28T02:39:35.675+0000] {dag.py:3089} INFO - Sync 1 DAGs
[2024-08-28T02:39:36.547+0000] {logging_mixin.py:188} INFO - [2024-08-28T02:39:36.547+0000] {dag.py:3947} INFO - Setting next_dagrun for tutorial_dag to None, run_after=None
[2024-08-28T02:39:36.610+0000] {processor.py:183} INFO - Processing /home/airflow/.local/lib/python3.12/site-packages/airflow/example_dags/tutorial_dag.py took 1.283 seconds
[2024-08-28T02:40:07.978+0000] {processor.py:161} INFO - Started process (PID=324) to work on /home/airflow/.local/lib/python3.12/site-packages/airflow/example_dags/tutorial_dag.py
[2024-08-28T02:40:08.037+0000] {processor.py:830} INFO - Processing file /home/airflow/.local/lib/python3.12/site-packages/airflow/example_dags/tutorial_dag.py for tasks to queue
[2024-08-28T02:40:08.058+0000] {logging_mixin.py:188} INFO - [2024-08-28T02:40:08.056+0000] {dagbag.py:545} INFO - Filling up the DagBag from /home/airflow/.local/lib/python3.12/site-packages/airflow/example_dags/tutorial_dag.py
[2024-08-28T02:40:08.077+0000] {processor.py:840} INFO - DAG(s) 'tutorial_dag' retrieved from /home/airflow/.local/lib/python3.12/site-packages/airflow/example_dags/tutorial_dag.py
[2024-08-28T02:40:08.283+0000] {logging_mixin.py:188} INFO - [2024-08-28T02:40:08.283+0000] {dag.py:3089} INFO - Sync 1 DAGs
[2024-08-28T02:40:08.487+0000] {logging_mixin.py:188} INFO - [2024-08-28T02:40:08.486+0000] {dag.py:3947} INFO - Setting next_dagrun for tutorial_dag to None, run_after=None
[2024-08-28T02:40:09.281+0000] {processor.py:183} INFO - Processing /home/airflow/.local/lib/python3.12/site-packages/airflow/example_dags/tutorial_dag.py took 1.468 seconds
[2024-08-28T02:40:40.231+0000] {processor.py:161} INFO - Started process (PID=381) to work on /home/airflow/.local/lib/python3.12/site-packages/airflow/example_dags/tutorial_dag.py
[2024-08-28T02:40:40.238+0000] {processor.py:830} INFO - Processing file /home/airflow/.local/lib/python3.12/site-packages/airflow/example_dags/tutorial_dag.py for tasks to queue
[2024-08-28T02:40:40.270+0000] {logging_mixin.py:188} INFO - [2024-08-28T02:40:40.268+0000] {dagbag.py:545} INFO - Filling up the DagBag from /home/airflow/.local/lib/python3.12/site-packages/airflow/example_dags/tutorial_dag.py
[2024-08-28T02:40:40.304+0000] {processor.py:840} INFO - DAG(s) 'tutorial_dag' retrieved from /home/airflow/.local/lib/python3.12/site-packages/airflow/example_dags/tutorial_dag.py
[2024-08-28T02:40:40.442+0000] {logging_mixin.py:188} INFO - [2024-08-28T02:40:40.441+0000] {dag.py:3089} INFO - Sync 1 DAGs
[2024-08-28T02:40:40.530+0000] {logging_mixin.py:188} INFO - [2024-08-28T02:40:40.528+0000] {dag.py:3947} INFO - Setting next_dagrun for tutorial_dag to None, run_after=None
[2024-08-28T02:40:40.648+0000] {processor.py:183} INFO - Processing /home/airflow/.local/lib/python3.12/site-packages/airflow/example_dags/tutorial_dag.py took 0.449 seconds
[2024-08-28T02:41:59.025+0000] {processor.py:161} INFO - Started process (PID=444) to work on /home/airflow/.local/lib/python3.12/site-packages/airflow/example_dags/tutorial_dag.py
[2024-08-28T02:41:59.028+0000] {processor.py:830} INFO - Processing file /home/airflow/.local/lib/python3.12/site-packages/airflow/example_dags/tutorial_dag.py for tasks to queue
[2024-08-28T02:41:59.044+0000] {logging_mixin.py:188} INFO - [2024-08-28T02:41:59.033+0000] {dagbag.py:545} INFO - Filling up the DagBag from /home/airflow/.local/lib/python3.12/site-packages/airflow/example_dags/tutorial_dag.py
[2024-08-28T02:41:59.089+0000] {processor.py:840} INFO - DAG(s) 'tutorial_dag' retrieved from /home/airflow/.local/lib/python3.12/site-packages/airflow/example_dags/tutorial_dag.py
[2024-08-28T02:41:59.313+0000] {logging_mixin.py:188} INFO - [2024-08-28T02:41:59.311+0000] {dag.py:3089} INFO - Sync 1 DAGs
[2024-08-28T02:41:59.425+0000] {logging_mixin.py:188} INFO - [2024-08-28T02:41:59.424+0000] {dag.py:3947} INFO - Setting next_dagrun for tutorial_dag to None, run_after=None
[2024-08-28T02:41:59.511+0000] {processor.py:183} INFO - Processing /home/airflow/.local/lib/python3.12/site-packages/airflow/example_dags/tutorial_dag.py took 0.529 seconds
[2024-08-28T02:42:30.342+0000] {processor.py:161} INFO - Started process (PID=500) to work on /home/airflow/.local/lib/python3.12/site-packages/airflow/example_dags/tutorial_dag.py
[2024-08-28T02:42:30.344+0000] {processor.py:830} INFO - Processing file /home/airflow/.local/lib/python3.12/site-packages/airflow/example_dags/tutorial_dag.py for tasks to queue
[2024-08-28T02:42:30.349+0000] {logging_mixin.py:188} INFO - [2024-08-28T02:42:30.348+0000] {dagbag.py:545} INFO - Filling up the DagBag from /home/airflow/.local/lib/python3.12/site-packages/airflow/example_dags/tutorial_dag.py
[2024-08-28T02:42:30.364+0000] {processor.py:840} INFO - DAG(s) 'tutorial_dag' retrieved from /home/airflow/.local/lib/python3.12/site-packages/airflow/example_dags/tutorial_dag.py
[2024-08-28T02:42:30.406+0000] {logging_mixin.py:188} INFO - [2024-08-28T02:42:30.406+0000] {dag.py:3089} INFO - Sync 1 DAGs
[2024-08-28T02:42:30.430+0000] {logging_mixin.py:188} INFO - [2024-08-28T02:42:30.430+0000] {dag.py:3947} INFO - Setting next_dagrun for tutorial_dag to None, run_after=None
[2024-08-28T02:42:30.466+0000] {processor.py:183} INFO - Processing /home/airflow/.local/lib/python3.12/site-packages/airflow/example_dags/tutorial_dag.py took 0.140 seconds
[2024-08-28T02:43:00.661+0000] {processor.py:161} INFO - Started process (PID=558) to work on /home/airflow/.local/lib/python3.12/site-packages/airflow/example_dags/tutorial_dag.py
[2024-08-28T02:43:00.680+0000] {processor.py:830} INFO - Processing file /home/airflow/.local/lib/python3.12/site-packages/airflow/example_dags/tutorial_dag.py for tasks to queue
[2024-08-28T02:43:00.685+0000] {logging_mixin.py:188} INFO - [2024-08-28T02:43:00.684+0000] {dagbag.py:545} INFO - Filling up the DagBag from /home/airflow/.local/lib/python3.12/site-packages/airflow/example_dags/tutorial_dag.py
[2024-08-28T02:43:00.697+0000] {processor.py:840} INFO - DAG(s) 'tutorial_dag' retrieved from /home/airflow/.local/lib/python3.12/site-packages/airflow/example_dags/tutorial_dag.py
[2024-08-28T02:43:00.775+0000] {logging_mixin.py:188} INFO - [2024-08-28T02:43:00.774+0000] {dag.py:3089} INFO - Sync 1 DAGs
[2024-08-28T02:43:00.814+0000] {logging_mixin.py:188} INFO - [2024-08-28T02:43:00.813+0000] {dag.py:3947} INFO - Setting next_dagrun for tutorial_dag to None, run_after=None
[2024-08-28T02:43:00.888+0000] {processor.py:183} INFO - Processing /home/airflow/.local/lib/python3.12/site-packages/airflow/example_dags/tutorial_dag.py took 0.246 seconds
[2024-08-28T02:43:31.595+0000] {processor.py:161} INFO - Started process (PID=616) to work on /home/airflow/.local/lib/python3.12/site-packages/airflow/example_dags/tutorial_dag.py
[2024-08-28T02:43:31.599+0000] {processor.py:830} INFO - Processing file /home/airflow/.local/lib/python3.12/site-packages/airflow/example_dags/tutorial_dag.py for tasks to queue
[2024-08-28T02:43:31.606+0000] {logging_mixin.py:188} INFO - [2024-08-28T02:43:31.605+0000] {dagbag.py:545} INFO - Filling up the DagBag from /home/airflow/.local/lib/python3.12/site-packages/airflow/example_dags/tutorial_dag.py
[2024-08-28T02:43:31.620+0000] {processor.py:840} INFO - DAG(s) 'tutorial_dag' retrieved from /home/airflow/.local/lib/python3.12/site-packages/airflow/example_dags/tutorial_dag.py
[2024-08-28T02:43:31.675+0000] {logging_mixin.py:188} INFO - [2024-08-28T02:43:31.674+0000] {dag.py:3089} INFO - Sync 1 DAGs
[2024-08-28T02:43:31.702+0000] {logging_mixin.py:188} INFO - [2024-08-28T02:43:31.702+0000] {dag.py:3947} INFO - Setting next_dagrun for tutorial_dag to None, run_after=None
[2024-08-28T02:43:31.751+0000] {processor.py:183} INFO - Processing /home/airflow/.local/lib/python3.12/site-packages/airflow/example_dags/tutorial_dag.py took 0.171 seconds
[2024-08-28T02:44:01.939+0000] {processor.py:161} INFO - Started process (PID=673) to work on /home/airflow/.local/lib/python3.12/site-packages/airflow/example_dags/tutorial_dag.py
[2024-08-28T02:44:01.941+0000] {processor.py:830} INFO - Processing file /home/airflow/.local/lib/python3.12/site-packages/airflow/example_dags/tutorial_dag.py for tasks to queue
[2024-08-28T02:44:01.945+0000] {logging_mixin.py:188} INFO - [2024-08-28T02:44:01.944+0000] {dagbag.py:545} INFO - Filling up the DagBag from /home/airflow/.local/lib/python3.12/site-packages/airflow/example_dags/tutorial_dag.py
[2024-08-28T02:44:01.956+0000] {processor.py:840} INFO - DAG(s) 'tutorial_dag' retrieved from /home/airflow/.local/lib/python3.12/site-packages/airflow/example_dags/tutorial_dag.py
[2024-08-28T02:44:01.995+0000] {logging_mixin.py:188} INFO - [2024-08-28T02:44:01.995+0000] {dag.py:3089} INFO - Sync 1 DAGs
[2024-08-28T02:44:02.025+0000] {logging_mixin.py:188} INFO - [2024-08-28T02:44:02.025+0000] {dag.py:3947} INFO - Setting next_dagrun for tutorial_dag to None, run_after=None
[2024-08-28T02:44:02.100+0000] {processor.py:183} INFO - Processing /home/airflow/.local/lib/python3.12/site-packages/airflow/example_dags/tutorial_dag.py took 0.175 seconds
[2024-08-28T02:53:33.540+0000] {processor.py:161} INFO - Started process (PID=113) to work on /home/airflow/.local/lib/python3.12/site-packages/airflow/example_dags/tutorial_dag.py
[2024-08-28T02:53:33.558+0000] {processor.py:830} INFO - Processing file /home/airflow/.local/lib/python3.12/site-packages/airflow/example_dags/tutorial_dag.py for tasks to queue
[2024-08-28T02:53:33.587+0000] {logging_mixin.py:188} INFO - [2024-08-28T02:53:33.586+0000] {dagbag.py:545} INFO - Filling up the DagBag from /home/airflow/.local/lib/python3.12/site-packages/airflow/example_dags/tutorial_dag.py
[2024-08-28T02:53:34.002+0000] {processor.py:840} INFO - DAG(s) 'tutorial_dag' retrieved from /home/airflow/.local/lib/python3.12/site-packages/airflow/example_dags/tutorial_dag.py
[2024-08-28T02:53:36.053+0000] {logging_mixin.py:188} INFO - [2024-08-28T02:53:36.053+0000] {dag.py:3089} INFO - Sync 1 DAGs
[2024-08-28T02:53:36.387+0000] {logging_mixin.py:188} INFO - [2024-08-28T02:53:36.381+0000] {dag.py:3947} INFO - Setting next_dagrun for tutorial_dag to None, run_after=None
[2024-08-28T02:53:37.343+0000] {processor.py:183} INFO - Processing /home/airflow/.local/lib/python3.12/site-packages/airflow/example_dags/tutorial_dag.py took 3.874 seconds
[2024-08-28T02:54:30.308+0000] {processor.py:161} INFO - Started process (PID=178) to work on /home/airflow/.local/lib/python3.12/site-packages/airflow/example_dags/tutorial_dag.py
[2024-08-28T02:54:30.325+0000] {processor.py:830} INFO - Processing file /home/airflow/.local/lib/python3.12/site-packages/airflow/example_dags/tutorial_dag.py for tasks to queue
[2024-08-28T02:54:30.335+0000] {logging_mixin.py:188} INFO - [2024-08-28T02:54:30.334+0000] {dagbag.py:545} INFO - Filling up the DagBag from /home/airflow/.local/lib/python3.12/site-packages/airflow/example_dags/tutorial_dag.py
[2024-08-28T02:54:30.369+0000] {processor.py:840} INFO - DAG(s) 'tutorial_dag' retrieved from /home/airflow/.local/lib/python3.12/site-packages/airflow/example_dags/tutorial_dag.py
[2024-08-28T02:54:30.558+0000] {logging_mixin.py:188} INFO - [2024-08-28T02:54:30.557+0000] {dag.py:3089} INFO - Sync 1 DAGs
[2024-08-28T02:54:31.115+0000] {logging_mixin.py:188} INFO - [2024-08-28T02:54:31.114+0000] {dag.py:3947} INFO - Setting next_dagrun for tutorial_dag to None, run_after=None
[2024-08-28T02:54:31.256+0000] {processor.py:183} INFO - Processing /home/airflow/.local/lib/python3.12/site-packages/airflow/example_dags/tutorial_dag.py took 0.979 seconds
[2024-08-28T02:55:02.479+0000] {processor.py:161} INFO - Started process (PID=233) to work on /home/airflow/.local/lib/python3.12/site-packages/airflow/example_dags/tutorial_dag.py
[2024-08-28T02:55:02.493+0000] {processor.py:830} INFO - Processing file /home/airflow/.local/lib/python3.12/site-packages/airflow/example_dags/tutorial_dag.py for tasks to queue
[2024-08-28T02:55:02.550+0000] {logging_mixin.py:188} INFO - [2024-08-28T02:55:02.547+0000] {dagbag.py:545} INFO - Filling up the DagBag from /home/airflow/.local/lib/python3.12/site-packages/airflow/example_dags/tutorial_dag.py
[2024-08-28T02:55:02.725+0000] {processor.py:840} INFO - DAG(s) 'tutorial_dag' retrieved from /home/airflow/.local/lib/python3.12/site-packages/airflow/example_dags/tutorial_dag.py
[2024-08-28T02:55:03.907+0000] {logging_mixin.py:188} INFO - [2024-08-28T02:55:03.906+0000] {dag.py:3089} INFO - Sync 1 DAGs
[2024-08-28T02:55:04.100+0000] {logging_mixin.py:188} INFO - [2024-08-28T02:55:04.099+0000] {dag.py:3947} INFO - Setting next_dagrun for tutorial_dag to None, run_after=None
[2024-08-28T02:55:12.086+0000] {logging_mixin.py:188} INFO - [2024-08-28T02:55:12.085+0000] {process_utils.py:263} INFO - Waiting up to 5 seconds for processes to exit...
[2024-08-28T02:59:18.744+0000] {processor.py:161} INFO - Started process (PID=77) to work on /home/airflow/.local/lib/python3.12/site-packages/airflow/example_dags/tutorial_dag.py
[2024-08-28T02:59:18.761+0000] {processor.py:830} INFO - Processing file /home/airflow/.local/lib/python3.12/site-packages/airflow/example_dags/tutorial_dag.py for tasks to queue
[2024-08-28T02:59:18.764+0000] {logging_mixin.py:188} INFO - [2024-08-28T02:59:18.764+0000] {dagbag.py:545} INFO - Filling up the DagBag from /home/airflow/.local/lib/python3.12/site-packages/airflow/example_dags/tutorial_dag.py
[2024-08-28T02:59:18.784+0000] {processor.py:840} INFO - DAG(s) 'tutorial_dag' retrieved from /home/airflow/.local/lib/python3.12/site-packages/airflow/example_dags/tutorial_dag.py
[2024-08-28T02:59:19.504+0000] {logging_mixin.py:188} INFO - [2024-08-28T02:59:19.503+0000] {dag.py:3089} INFO - Sync 1 DAGs
[2024-08-28T02:59:19.529+0000] {logging_mixin.py:188} INFO - [2024-08-28T02:59:19.529+0000] {dag.py:3947} INFO - Setting next_dagrun for tutorial_dag to None, run_after=None
[2024-08-28T02:59:19.713+0000] {processor.py:183} INFO - Processing /home/airflow/.local/lib/python3.12/site-packages/airflow/example_dags/tutorial_dag.py took 0.980 seconds
[2024-08-28T02:59:55.341+0000] {processor.py:161} INFO - Started process (PID=140) to work on /home/airflow/.local/lib/python3.12/site-packages/airflow/example_dags/tutorial_dag.py
[2024-08-28T02:59:55.404+0000] {processor.py:830} INFO - Processing file /home/airflow/.local/lib/python3.12/site-packages/airflow/example_dags/tutorial_dag.py for tasks to queue
[2024-08-28T02:59:55.476+0000] {logging_mixin.py:188} INFO - [2024-08-28T02:59:55.474+0000] {dagbag.py:545} INFO - Filling up the DagBag from /home/airflow/.local/lib/python3.12/site-packages/airflow/example_dags/tutorial_dag.py
[2024-08-28T02:59:55.781+0000] {processor.py:840} INFO - DAG(s) 'tutorial_dag' retrieved from /home/airflow/.local/lib/python3.12/site-packages/airflow/example_dags/tutorial_dag.py
[2024-08-28T02:59:56.258+0000] {logging_mixin.py:188} INFO - [2024-08-28T02:59:56.256+0000] {dag.py:3089} INFO - Sync 1 DAGs
[2024-08-28T02:59:56.707+0000] {logging_mixin.py:188} INFO - [2024-08-28T02:59:56.706+0000] {dag.py:3947} INFO - Setting next_dagrun for tutorial_dag to None, run_after=None
[2024-08-28T02:59:58.548+0000] {processor.py:183} INFO - Processing /home/airflow/.local/lib/python3.12/site-packages/airflow/example_dags/tutorial_dag.py took 3.392 seconds
[2024-08-28T03:57:55.162+0000] {processor.py:161} INFO - Started process (PID=107) to work on /home/airflow/.local/lib/python3.12/site-packages/airflow/example_dags/tutorial_dag.py
[2024-08-28T03:57:55.171+0000] {processor.py:830} INFO - Processing file /home/airflow/.local/lib/python3.12/site-packages/airflow/example_dags/tutorial_dag.py for tasks to queue
[2024-08-28T03:57:55.211+0000] {logging_mixin.py:188} INFO - [2024-08-28T03:57:55.210+0000] {dagbag.py:545} INFO - Filling up the DagBag from /home/airflow/.local/lib/python3.12/site-packages/airflow/example_dags/tutorial_dag.py
[2024-08-28T03:57:55.729+0000] {processor.py:840} INFO - DAG(s) 'tutorial_dag' retrieved from /home/airflow/.local/lib/python3.12/site-packages/airflow/example_dags/tutorial_dag.py
[2024-08-28T03:58:03.407+0000] {logging_mixin.py:188} INFO - [2024-08-28T03:58:03.406+0000] {dag.py:3089} INFO - Sync 1 DAGs
[2024-08-28T03:58:03.499+0000] {logging_mixin.py:188} INFO - [2024-08-28T03:58:03.497+0000] {dag.py:3947} INFO - Setting next_dagrun for tutorial_dag to None, run_after=None
[2024-08-28T03:58:03.844+0000] {processor.py:183} INFO - Processing /home/airflow/.local/lib/python3.12/site-packages/airflow/example_dags/tutorial_dag.py took 8.839 seconds
[2024-08-28T04:05:27.946+0000] {processor.py:161} INFO - Started process (PID=227) to work on /home/airflow/.local/lib/python3.12/site-packages/airflow/example_dags/tutorial_dag.py
[2024-08-28T04:05:27.962+0000] {processor.py:830} INFO - Processing file /home/airflow/.local/lib/python3.12/site-packages/airflow/example_dags/tutorial_dag.py for tasks to queue
[2024-08-28T04:05:27.978+0000] {logging_mixin.py:188} INFO - [2024-08-28T04:05:27.977+0000] {dagbag.py:545} INFO - Filling up the DagBag from /home/airflow/.local/lib/python3.12/site-packages/airflow/example_dags/tutorial_dag.py
[2024-08-28T04:05:28.073+0000] {processor.py:840} INFO - DAG(s) 'tutorial_dag' retrieved from /home/airflow/.local/lib/python3.12/site-packages/airflow/example_dags/tutorial_dag.py
[2024-08-28T04:05:28.742+0000] {logging_mixin.py:188} INFO - [2024-08-28T04:05:28.741+0000] {dag.py:3089} INFO - Sync 1 DAGs
[2024-08-28T04:05:28.777+0000] {logging_mixin.py:188} INFO - [2024-08-28T04:05:28.777+0000] {dag.py:3947} INFO - Setting next_dagrun for tutorial_dag to None, run_after=None
[2024-08-28T04:05:28.862+0000] {processor.py:183} INFO - Processing /home/airflow/.local/lib/python3.12/site-packages/airflow/example_dags/tutorial_dag.py took 0.994 seconds
[2024-08-28T04:06:06.929+0000] {processor.py:161} INFO - Started process (PID=280) to work on /home/airflow/.local/lib/python3.12/site-packages/airflow/example_dags/tutorial_dag.py
[2024-08-28T04:06:06.933+0000] {processor.py:830} INFO - Processing file /home/airflow/.local/lib/python3.12/site-packages/airflow/example_dags/tutorial_dag.py for tasks to queue
[2024-08-28T04:06:06.937+0000] {logging_mixin.py:188} INFO - [2024-08-28T04:06:06.935+0000] {dagbag.py:545} INFO - Filling up the DagBag from /home/airflow/.local/lib/python3.12/site-packages/airflow/example_dags/tutorial_dag.py
[2024-08-28T04:06:06.965+0000] {processor.py:840} INFO - DAG(s) 'tutorial_dag' retrieved from /home/airflow/.local/lib/python3.12/site-packages/airflow/example_dags/tutorial_dag.py
[2024-08-28T04:06:07.069+0000] {logging_mixin.py:188} INFO - [2024-08-28T04:06:07.068+0000] {dag.py:3089} INFO - Sync 1 DAGs
[2024-08-28T04:06:07.224+0000] {logging_mixin.py:188} INFO - [2024-08-28T04:06:07.223+0000] {dag.py:3947} INFO - Setting next_dagrun for tutorial_dag to None, run_after=None
[2024-08-28T04:06:07.352+0000] {processor.py:183} INFO - Processing /home/airflow/.local/lib/python3.12/site-packages/airflow/example_dags/tutorial_dag.py took 0.451 seconds
[2024-08-28T04:06:39.051+0000] {processor.py:161} INFO - Started process (PID=334) to work on /home/airflow/.local/lib/python3.12/site-packages/airflow/example_dags/tutorial_dag.py
[2024-08-28T04:06:39.067+0000] {processor.py:830} INFO - Processing file /home/airflow/.local/lib/python3.12/site-packages/airflow/example_dags/tutorial_dag.py for tasks to queue
[2024-08-28T04:06:39.070+0000] {logging_mixin.py:188} INFO - [2024-08-28T04:06:39.070+0000] {dagbag.py:545} INFO - Filling up the DagBag from /home/airflow/.local/lib/python3.12/site-packages/airflow/example_dags/tutorial_dag.py
[2024-08-28T04:06:39.116+0000] {processor.py:840} INFO - DAG(s) 'tutorial_dag' retrieved from /home/airflow/.local/lib/python3.12/site-packages/airflow/example_dags/tutorial_dag.py
[2024-08-28T04:06:39.265+0000] {logging_mixin.py:188} INFO - [2024-08-28T04:06:39.265+0000] {dag.py:3089} INFO - Sync 1 DAGs
[2024-08-28T04:06:39.405+0000] {logging_mixin.py:188} INFO - [2024-08-28T04:06:39.405+0000] {dag.py:3947} INFO - Setting next_dagrun for tutorial_dag to None, run_after=None
[2024-08-28T04:06:39.583+0000] {processor.py:183} INFO - Processing /home/airflow/.local/lib/python3.12/site-packages/airflow/example_dags/tutorial_dag.py took 0.580 seconds
[2024-08-28T04:07:12.648+0000] {processor.py:161} INFO - Started process (PID=361) to work on /home/airflow/.local/lib/python3.12/site-packages/airflow/example_dags/tutorial_dag.py
[2024-08-28T04:07:12.656+0000] {processor.py:830} INFO - Processing file /home/airflow/.local/lib/python3.12/site-packages/airflow/example_dags/tutorial_dag.py for tasks to queue
[2024-08-28T04:07:12.677+0000] {logging_mixin.py:188} INFO - [2024-08-28T04:07:12.675+0000] {dagbag.py:545} INFO - Filling up the DagBag from /home/airflow/.local/lib/python3.12/site-packages/airflow/example_dags/tutorial_dag.py
[2024-08-28T04:07:12.727+0000] {processor.py:840} INFO - DAG(s) 'tutorial_dag' retrieved from /home/airflow/.local/lib/python3.12/site-packages/airflow/example_dags/tutorial_dag.py
[2024-08-28T04:07:13.153+0000] {logging_mixin.py:188} INFO - [2024-08-28T04:07:13.125+0000] {dag.py:3089} INFO - Sync 1 DAGs
[2024-08-28T04:07:13.367+0000] {logging_mixin.py:188} INFO - [2024-08-28T04:07:13.366+0000] {dag.py:3947} INFO - Setting next_dagrun for tutorial_dag to None, run_after=None
[2024-08-28T04:07:14.030+0000] {processor.py:183} INFO - Processing /home/airflow/.local/lib/python3.12/site-packages/airflow/example_dags/tutorial_dag.py took 1.477 seconds
[2024-08-28T04:08:06.944+0000] {processor.py:161} INFO - Started process (PID=407) to work on /home/airflow/.local/lib/python3.12/site-packages/airflow/example_dags/tutorial_dag.py
[2024-08-28T04:08:06.956+0000] {processor.py:830} INFO - Processing file /home/airflow/.local/lib/python3.12/site-packages/airflow/example_dags/tutorial_dag.py for tasks to queue
[2024-08-28T04:08:07.056+0000] {logging_mixin.py:188} INFO - [2024-08-28T04:08:07.055+0000] {dagbag.py:545} INFO - Filling up the DagBag from /home/airflow/.local/lib/python3.12/site-packages/airflow/example_dags/tutorial_dag.py
[2024-08-28T04:08:07.992+0000] {processor.py:840} INFO - DAG(s) 'tutorial_dag' retrieved from /home/airflow/.local/lib/python3.12/site-packages/airflow/example_dags/tutorial_dag.py
[2024-08-28T04:08:09.515+0000] {logging_mixin.py:188} INFO - [2024-08-28T04:08:09.514+0000] {dag.py:3089} INFO - Sync 1 DAGs
[2024-08-28T04:08:10.017+0000] {logging_mixin.py:188} INFO - [2024-08-28T04:08:10.016+0000] {dag.py:3947} INFO - Setting next_dagrun for tutorial_dag to None, run_after=None
[2024-08-28T04:08:11.891+0000] {processor.py:183} INFO - Processing /home/airflow/.local/lib/python3.12/site-packages/airflow/example_dags/tutorial_dag.py took 4.997 seconds
[2024-08-28T04:10:28.964+0000] {processor.py:161} INFO - Started process (PID=459) to work on /home/airflow/.local/lib/python3.12/site-packages/airflow/example_dags/tutorial_dag.py
[2024-08-28T04:10:29.060+0000] {processor.py:830} INFO - Processing file /home/airflow/.local/lib/python3.12/site-packages/airflow/example_dags/tutorial_dag.py for tasks to queue
[2024-08-28T04:10:29.156+0000] {logging_mixin.py:188} INFO - [2024-08-28T04:10:29.079+0000] {dagbag.py:545} INFO - Filling up the DagBag from /home/airflow/.local/lib/python3.12/site-packages/airflow/example_dags/tutorial_dag.py
[2024-08-28T04:10:29.414+0000] {processor.py:840} INFO - DAG(s) 'tutorial_dag' retrieved from /home/airflow/.local/lib/python3.12/site-packages/airflow/example_dags/tutorial_dag.py
[2024-08-28T04:10:30.301+0000] {logging_mixin.py:188} INFO - [2024-08-28T04:10:30.300+0000] {dag.py:3089} INFO - Sync 1 DAGs
[2024-08-28T04:10:31.000+0000] {logging_mixin.py:188} INFO - [2024-08-28T04:10:31.000+0000] {dag.py:3947} INFO - Setting next_dagrun for tutorial_dag to None, run_after=None
[2024-08-28T04:10:32.457+0000] {processor.py:183} INFO - Processing /home/airflow/.local/lib/python3.12/site-packages/airflow/example_dags/tutorial_dag.py took 3.671 seconds
[2024-08-28T04:12:44.283+0000] {processor.py:161} INFO - Started process (PID=526) to work on /home/airflow/.local/lib/python3.12/site-packages/airflow/example_dags/tutorial_dag.py
[2024-08-28T04:12:44.334+0000] {processor.py:830} INFO - Processing file /home/airflow/.local/lib/python3.12/site-packages/airflow/example_dags/tutorial_dag.py for tasks to queue
[2024-08-28T04:12:44.401+0000] {logging_mixin.py:188} INFO - [2024-08-28T04:12:44.400+0000] {dagbag.py:545} INFO - Filling up the DagBag from /home/airflow/.local/lib/python3.12/site-packages/airflow/example_dags/tutorial_dag.py
[2024-08-28T04:12:44.474+0000] {processor.py:840} INFO - DAG(s) 'tutorial_dag' retrieved from /home/airflow/.local/lib/python3.12/site-packages/airflow/example_dags/tutorial_dag.py
[2024-08-28T04:12:45.490+0000] {logging_mixin.py:188} INFO - [2024-08-28T04:12:45.445+0000] {dag.py:3089} INFO - Sync 1 DAGs
[2024-08-28T04:12:46.162+0000] {logging_mixin.py:188} INFO - [2024-08-28T04:12:46.161+0000] {dag.py:3947} INFO - Setting next_dagrun for tutorial_dag to None, run_after=None
[2024-08-28T04:12:47.387+0000] {processor.py:183} INFO - Processing /home/airflow/.local/lib/python3.12/site-packages/airflow/example_dags/tutorial_dag.py took 3.216 seconds
[2024-08-28T04:14:43.267+0000] {processor.py:161} INFO - Started process (PID=587) to work on /home/airflow/.local/lib/python3.12/site-packages/airflow/example_dags/tutorial_dag.py
[2024-08-28T04:14:43.283+0000] {processor.py:830} INFO - Processing file /home/airflow/.local/lib/python3.12/site-packages/airflow/example_dags/tutorial_dag.py for tasks to queue
[2024-08-28T04:14:43.314+0000] {logging_mixin.py:188} INFO - [2024-08-28T04:14:43.286+0000] {dagbag.py:545} INFO - Filling up the DagBag from /home/airflow/.local/lib/python3.12/site-packages/airflow/example_dags/tutorial_dag.py
[2024-08-28T04:14:43.413+0000] {processor.py:840} INFO - DAG(s) 'tutorial_dag' retrieved from /home/airflow/.local/lib/python3.12/site-packages/airflow/example_dags/tutorial_dag.py
[2024-08-28T04:14:43.968+0000] {logging_mixin.py:188} INFO - [2024-08-28T04:14:43.967+0000] {dag.py:3089} INFO - Sync 1 DAGs
[2024-08-28T04:14:44.379+0000] {logging_mixin.py:188} INFO - [2024-08-28T04:14:44.379+0000] {dag.py:3947} INFO - Setting next_dagrun for tutorial_dag to None, run_after=None
[2024-08-28T04:14:44.953+0000] {processor.py:183} INFO - Processing /home/airflow/.local/lib/python3.12/site-packages/airflow/example_dags/tutorial_dag.py took 1.818 seconds
[2024-08-28T04:16:29.422+0000] {processor.py:161} INFO - Started process (PID=647) to work on /home/airflow/.local/lib/python3.12/site-packages/airflow/example_dags/tutorial_dag.py
[2024-08-28T04:16:29.475+0000] {processor.py:830} INFO - Processing file /home/airflow/.local/lib/python3.12/site-packages/airflow/example_dags/tutorial_dag.py for tasks to queue
[2024-08-28T04:16:29.554+0000] {logging_mixin.py:188} INFO - [2024-08-28T04:16:29.523+0000] {dagbag.py:545} INFO - Filling up the DagBag from /home/airflow/.local/lib/python3.12/site-packages/airflow/example_dags/tutorial_dag.py
[2024-08-28T04:16:29.823+0000] {processor.py:840} INFO - DAG(s) 'tutorial_dag' retrieved from /home/airflow/.local/lib/python3.12/site-packages/airflow/example_dags/tutorial_dag.py
[2024-08-28T04:16:30.559+0000] {logging_mixin.py:188} INFO - [2024-08-28T04:16:30.558+0000] {dag.py:3089} INFO - Sync 1 DAGs
[2024-08-28T04:16:34.108+0000] {logging_mixin.py:188} INFO - [2024-08-28T04:16:34.107+0000] {dag.py:3947} INFO - Setting next_dagrun for tutorial_dag to None, run_after=None
[2024-08-28T04:16:34.920+0000] {processor.py:183} INFO - Processing /home/airflow/.local/lib/python3.12/site-packages/airflow/example_dags/tutorial_dag.py took 5.671 seconds
