[2024-08-28T02:37:54.714+0000] {processor.py:161} INFO - Started process (PID=117) to work on /home/airflow/.local/lib/python3.12/site-packages/airflow/example_dags/tutorial.py
[2024-08-28T02:37:54.718+0000] {processor.py:830} INFO - Processing file /home/airflow/.local/lib/python3.12/site-packages/airflow/example_dags/tutorial.py for tasks to queue
[2024-08-28T02:37:54.724+0000] {logging_mixin.py:188} INFO - [2024-08-28T02:37:54.723+0000] {dagbag.py:545} INFO - Filling up the DagBag from /home/airflow/.local/lib/python3.12/site-packages/airflow/example_dags/tutorial.py
[2024-08-28T02:37:54.752+0000] {processor.py:840} INFO - DAG(s) 'tutorial' retrieved from /home/airflow/.local/lib/python3.12/site-packages/airflow/example_dags/tutorial.py
[2024-08-28T02:37:55.499+0000] {logging_mixin.py:188} INFO - [2024-08-28T02:37:55.497+0000] {override.py:1858} INFO - Created Permission View: can edit on DAG:tutorial
[2024-08-28T02:37:55.561+0000] {logging_mixin.py:188} INFO - [2024-08-28T02:37:55.560+0000] {override.py:1858} INFO - Created Permission View: can delete on DAG:tutorial
[2024-08-28T02:37:55.597+0000] {logging_mixin.py:188} INFO - [2024-08-28T02:37:55.596+0000] {override.py:1858} INFO - Created Permission View: can read on DAG:tutorial
[2024-08-28T02:37:55.601+0000] {logging_mixin.py:188} INFO - [2024-08-28T02:37:55.600+0000] {dag.py:3089} INFO - Sync 1 DAGs
[2024-08-28T02:37:55.668+0000] {logging_mixin.py:188} INFO - [2024-08-28T02:37:55.667+0000] {dag.py:3111} INFO - Creating ORM DAG for tutorial
[2024-08-28T02:37:55.750+0000] {logging_mixin.py:188} INFO - [2024-08-28T02:37:55.749+0000] {dag.py:3947} INFO - Setting next_dagrun for tutorial to 2024-08-27 00:00:00+00:00, run_after=2024-08-28 00:00:00+00:00
[2024-08-28T02:37:55.884+0000] {processor.py:183} INFO - Processing /home/airflow/.local/lib/python3.12/site-packages/airflow/example_dags/tutorial.py took 1.186 seconds
[2024-08-28T02:38:45.010+0000] {processor.py:161} INFO - Started process (PID=182) to work on /home/airflow/.local/lib/python3.12/site-packages/airflow/example_dags/tutorial.py
[2024-08-28T02:38:45.014+0000] {processor.py:830} INFO - Processing file /home/airflow/.local/lib/python3.12/site-packages/airflow/example_dags/tutorial.py for tasks to queue
[2024-08-28T02:38:45.021+0000] {logging_mixin.py:188} INFO - [2024-08-28T02:38:45.020+0000] {dagbag.py:545} INFO - Filling up the DagBag from /home/airflow/.local/lib/python3.12/site-packages/airflow/example_dags/tutorial.py
[2024-08-28T02:38:45.043+0000] {processor.py:840} INFO - DAG(s) 'tutorial' retrieved from /home/airflow/.local/lib/python3.12/site-packages/airflow/example_dags/tutorial.py
[2024-08-28T02:38:45.186+0000] {logging_mixin.py:188} INFO - [2024-08-28T02:38:45.186+0000] {dag.py:3089} INFO - Sync 1 DAGs
[2024-08-28T02:38:45.318+0000] {logging_mixin.py:188} INFO - [2024-08-28T02:38:45.317+0000] {dag.py:3947} INFO - Setting next_dagrun for tutorial to 2024-08-27 00:00:00+00:00, run_after=2024-08-28 00:00:00+00:00
[2024-08-28T02:38:45.378+0000] {processor.py:183} INFO - Processing /home/airflow/.local/lib/python3.12/site-packages/airflow/example_dags/tutorial.py took 0.382 seconds
[2024-08-28T02:39:16.866+0000] {processor.py:161} INFO - Started process (PID=240) to work on /home/airflow/.local/lib/python3.12/site-packages/airflow/example_dags/tutorial.py
[2024-08-28T02:39:16.872+0000] {processor.py:830} INFO - Processing file /home/airflow/.local/lib/python3.12/site-packages/airflow/example_dags/tutorial.py for tasks to queue
[2024-08-28T02:39:16.878+0000] {logging_mixin.py:188} INFO - [2024-08-28T02:39:16.876+0000] {dagbag.py:545} INFO - Filling up the DagBag from /home/airflow/.local/lib/python3.12/site-packages/airflow/example_dags/tutorial.py
[2024-08-28T02:39:16.890+0000] {processor.py:840} INFO - DAG(s) 'tutorial' retrieved from /home/airflow/.local/lib/python3.12/site-packages/airflow/example_dags/tutorial.py
[2024-08-28T02:39:16.950+0000] {logging_mixin.py:188} INFO - [2024-08-28T02:39:16.949+0000] {dag.py:3089} INFO - Sync 1 DAGs
[2024-08-28T02:39:17.004+0000] {logging_mixin.py:188} INFO - [2024-08-28T02:39:17.004+0000] {dag.py:3947} INFO - Setting next_dagrun for tutorial to 2024-08-27 00:00:00+00:00, run_after=2024-08-28 00:00:00+00:00
[2024-08-28T02:39:17.076+0000] {processor.py:183} INFO - Processing /home/airflow/.local/lib/python3.12/site-packages/airflow/example_dags/tutorial.py took 0.227 seconds
[2024-08-28T02:39:48.038+0000] {processor.py:161} INFO - Started process (PID=298) to work on /home/airflow/.local/lib/python3.12/site-packages/airflow/example_dags/tutorial.py
[2024-08-28T02:39:48.041+0000] {processor.py:830} INFO - Processing file /home/airflow/.local/lib/python3.12/site-packages/airflow/example_dags/tutorial.py for tasks to queue
[2024-08-28T02:39:48.045+0000] {logging_mixin.py:188} INFO - [2024-08-28T02:39:48.044+0000] {dagbag.py:545} INFO - Filling up the DagBag from /home/airflow/.local/lib/python3.12/site-packages/airflow/example_dags/tutorial.py
[2024-08-28T02:39:48.058+0000] {processor.py:840} INFO - DAG(s) 'tutorial' retrieved from /home/airflow/.local/lib/python3.12/site-packages/airflow/example_dags/tutorial.py
[2024-08-28T02:39:48.097+0000] {logging_mixin.py:188} INFO - [2024-08-28T02:39:48.097+0000] {dag.py:3089} INFO - Sync 1 DAGs
[2024-08-28T02:39:48.151+0000] {logging_mixin.py:188} INFO - [2024-08-28T02:39:48.151+0000] {dag.py:3947} INFO - Setting next_dagrun for tutorial to 2024-08-27 00:00:00+00:00, run_after=2024-08-28 00:00:00+00:00
[2024-08-28T02:39:48.202+0000] {processor.py:183} INFO - Processing /home/airflow/.local/lib/python3.12/site-packages/airflow/example_dags/tutorial.py took 0.174 seconds
[2024-08-28T02:40:28.347+0000] {processor.py:161} INFO - Started process (PID=354) to work on /home/airflow/.local/lib/python3.12/site-packages/airflow/example_dags/tutorial.py
[2024-08-28T02:40:28.351+0000] {processor.py:830} INFO - Processing file /home/airflow/.local/lib/python3.12/site-packages/airflow/example_dags/tutorial.py for tasks to queue
[2024-08-28T02:40:28.355+0000] {logging_mixin.py:188} INFO - [2024-08-28T02:40:28.354+0000] {dagbag.py:545} INFO - Filling up the DagBag from /home/airflow/.local/lib/python3.12/site-packages/airflow/example_dags/tutorial.py
[2024-08-28T02:40:28.376+0000] {processor.py:840} INFO - DAG(s) 'tutorial' retrieved from /home/airflow/.local/lib/python3.12/site-packages/airflow/example_dags/tutorial.py
[2024-08-28T02:40:28.423+0000] {logging_mixin.py:188} INFO - [2024-08-28T02:40:28.423+0000] {dag.py:3089} INFO - Sync 1 DAGs
[2024-08-28T02:40:28.483+0000] {logging_mixin.py:188} INFO - [2024-08-28T02:40:28.483+0000] {dag.py:3947} INFO - Setting next_dagrun for tutorial to 2024-08-27 00:00:00+00:00, run_after=2024-08-28 00:00:00+00:00
[2024-08-28T02:40:28.576+0000] {processor.py:183} INFO - Processing /home/airflow/.local/lib/python3.12/site-packages/airflow/example_dags/tutorial.py took 0.240 seconds
[2024-08-28T02:41:30.038+0000] {processor.py:161} INFO - Started process (PID=417) to work on /home/airflow/.local/lib/python3.12/site-packages/airflow/example_dags/tutorial.py
[2024-08-28T02:41:30.049+0000] {processor.py:830} INFO - Processing file /home/airflow/.local/lib/python3.12/site-packages/airflow/example_dags/tutorial.py for tasks to queue
[2024-08-28T02:41:30.066+0000] {logging_mixin.py:188} INFO - [2024-08-28T02:41:30.061+0000] {dagbag.py:545} INFO - Filling up the DagBag from /home/airflow/.local/lib/python3.12/site-packages/airflow/example_dags/tutorial.py
[2024-08-28T02:41:30.117+0000] {processor.py:840} INFO - DAG(s) 'tutorial' retrieved from /home/airflow/.local/lib/python3.12/site-packages/airflow/example_dags/tutorial.py
[2024-08-28T02:41:30.473+0000] {logging_mixin.py:188} INFO - [2024-08-28T02:41:30.468+0000] {dag.py:3089} INFO - Sync 1 DAGs
[2024-08-28T02:41:30.884+0000] {logging_mixin.py:188} INFO - [2024-08-28T02:41:30.857+0000] {dag.py:3947} INFO - Setting next_dagrun for tutorial to 2024-08-27 00:00:00+00:00, run_after=2024-08-28 00:00:00+00:00
[2024-08-28T02:41:31.117+0000] {processor.py:183} INFO - Processing /home/airflow/.local/lib/python3.12/site-packages/airflow/example_dags/tutorial.py took 1.371 seconds
[2024-08-28T02:42:07.850+0000] {processor.py:161} INFO - Started process (PID=480) to work on /home/airflow/.local/lib/python3.12/site-packages/airflow/example_dags/tutorial.py
[2024-08-28T02:42:07.852+0000] {processor.py:830} INFO - Processing file /home/airflow/.local/lib/python3.12/site-packages/airflow/example_dags/tutorial.py for tasks to queue
[2024-08-28T02:42:07.857+0000] {logging_mixin.py:188} INFO - [2024-08-28T02:42:07.856+0000] {dagbag.py:545} INFO - Filling up the DagBag from /home/airflow/.local/lib/python3.12/site-packages/airflow/example_dags/tutorial.py
[2024-08-28T02:42:07.876+0000] {processor.py:840} INFO - DAG(s) 'tutorial' retrieved from /home/airflow/.local/lib/python3.12/site-packages/airflow/example_dags/tutorial.py
[2024-08-28T02:42:07.946+0000] {logging_mixin.py:188} INFO - [2024-08-28T02:42:07.945+0000] {dag.py:3089} INFO - Sync 1 DAGs
[2024-08-28T02:42:08.030+0000] {logging_mixin.py:188} INFO - [2024-08-28T02:42:08.029+0000] {dag.py:3947} INFO - Setting next_dagrun for tutorial to 2024-08-27 00:00:00+00:00, run_after=2024-08-28 00:00:00+00:00
[2024-08-28T02:42:08.117+0000] {processor.py:183} INFO - Processing /home/airflow/.local/lib/python3.12/site-packages/airflow/example_dags/tutorial.py took 0.288 seconds
[2024-08-28T02:42:38.527+0000] {processor.py:161} INFO - Started process (PID=538) to work on /home/airflow/.local/lib/python3.12/site-packages/airflow/example_dags/tutorial.py
[2024-08-28T02:42:38.529+0000] {processor.py:830} INFO - Processing file /home/airflow/.local/lib/python3.12/site-packages/airflow/example_dags/tutorial.py for tasks to queue
[2024-08-28T02:42:38.532+0000] {logging_mixin.py:188} INFO - [2024-08-28T02:42:38.532+0000] {dagbag.py:545} INFO - Filling up the DagBag from /home/airflow/.local/lib/python3.12/site-packages/airflow/example_dags/tutorial.py
[2024-08-28T02:42:38.545+0000] {processor.py:840} INFO - DAG(s) 'tutorial' retrieved from /home/airflow/.local/lib/python3.12/site-packages/airflow/example_dags/tutorial.py
[2024-08-28T02:42:38.624+0000] {logging_mixin.py:188} INFO - [2024-08-28T02:42:38.624+0000] {dag.py:3089} INFO - Sync 1 DAGs
[2024-08-28T02:42:38.737+0000] {logging_mixin.py:188} INFO - [2024-08-28T02:42:38.736+0000] {dag.py:3947} INFO - Setting next_dagrun for tutorial to 2024-08-27 00:00:00+00:00, run_after=2024-08-28 00:00:00+00:00
[2024-08-28T02:42:38.820+0000] {processor.py:183} INFO - Processing /home/airflow/.local/lib/python3.12/site-packages/airflow/example_dags/tutorial.py took 0.319 seconds
[2024-08-28T02:43:09.662+0000] {processor.py:161} INFO - Started process (PID=596) to work on /home/airflow/.local/lib/python3.12/site-packages/airflow/example_dags/tutorial.py
[2024-08-28T02:43:09.664+0000] {processor.py:830} INFO - Processing file /home/airflow/.local/lib/python3.12/site-packages/airflow/example_dags/tutorial.py for tasks to queue
[2024-08-28T02:43:09.667+0000] {logging_mixin.py:188} INFO - [2024-08-28T02:43:09.667+0000] {dagbag.py:545} INFO - Filling up the DagBag from /home/airflow/.local/lib/python3.12/site-packages/airflow/example_dags/tutorial.py
[2024-08-28T02:43:09.678+0000] {processor.py:840} INFO - DAG(s) 'tutorial' retrieved from /home/airflow/.local/lib/python3.12/site-packages/airflow/example_dags/tutorial.py
[2024-08-28T02:43:09.715+0000] {logging_mixin.py:188} INFO - [2024-08-28T02:43:09.715+0000] {dag.py:3089} INFO - Sync 1 DAGs
[2024-08-28T02:43:09.757+0000] {logging_mixin.py:188} INFO - [2024-08-28T02:43:09.757+0000] {dag.py:3947} INFO - Setting next_dagrun for tutorial to 2024-08-27 00:00:00+00:00, run_after=2024-08-28 00:00:00+00:00
[2024-08-28T02:43:09.802+0000] {processor.py:183} INFO - Processing /home/airflow/.local/lib/python3.12/site-packages/airflow/example_dags/tutorial.py took 0.150 seconds
[2024-08-28T02:43:40.508+0000] {processor.py:161} INFO - Started process (PID=653) to work on /home/airflow/.local/lib/python3.12/site-packages/airflow/example_dags/tutorial.py
[2024-08-28T02:43:40.510+0000] {processor.py:830} INFO - Processing file /home/airflow/.local/lib/python3.12/site-packages/airflow/example_dags/tutorial.py for tasks to queue
[2024-08-28T02:43:40.514+0000] {logging_mixin.py:188} INFO - [2024-08-28T02:43:40.513+0000] {dagbag.py:545} INFO - Filling up the DagBag from /home/airflow/.local/lib/python3.12/site-packages/airflow/example_dags/tutorial.py
[2024-08-28T02:43:40.524+0000] {processor.py:840} INFO - DAG(s) 'tutorial' retrieved from /home/airflow/.local/lib/python3.12/site-packages/airflow/example_dags/tutorial.py
[2024-08-28T02:43:40.569+0000] {logging_mixin.py:188} INFO - [2024-08-28T02:43:40.569+0000] {dag.py:3089} INFO - Sync 1 DAGs
[2024-08-28T02:43:40.615+0000] {logging_mixin.py:188} INFO - [2024-08-28T02:43:40.614+0000] {dag.py:3947} INFO - Setting next_dagrun for tutorial to 2024-08-27 00:00:00+00:00, run_after=2024-08-28 00:00:00+00:00
[2024-08-28T02:43:40.678+0000] {processor.py:183} INFO - Processing /home/airflow/.local/lib/python3.12/site-packages/airflow/example_dags/tutorial.py took 0.183 seconds
[2024-08-28T02:54:14.167+0000] {processor.py:161} INFO - Started process (PID=154) to work on /home/airflow/.local/lib/python3.12/site-packages/airflow/example_dags/tutorial.py
[2024-08-28T02:54:14.174+0000] {processor.py:830} INFO - Processing file /home/airflow/.local/lib/python3.12/site-packages/airflow/example_dags/tutorial.py for tasks to queue
[2024-08-28T02:54:14.183+0000] {logging_mixin.py:188} INFO - [2024-08-28T02:54:14.182+0000] {dagbag.py:545} INFO - Filling up the DagBag from /home/airflow/.local/lib/python3.12/site-packages/airflow/example_dags/tutorial.py
[2024-08-28T02:54:14.208+0000] {processor.py:840} INFO - DAG(s) 'tutorial' retrieved from /home/airflow/.local/lib/python3.12/site-packages/airflow/example_dags/tutorial.py
[2024-08-28T02:54:14.358+0000] {logging_mixin.py:188} INFO - [2024-08-28T02:54:14.358+0000] {dag.py:3089} INFO - Sync 1 DAGs
[2024-08-28T02:54:14.581+0000] {logging_mixin.py:188} INFO - [2024-08-28T02:54:14.580+0000] {dag.py:3947} INFO - Setting next_dagrun for tutorial to 2024-08-27 00:00:00+00:00, run_after=2024-08-28 00:00:00+00:00
[2024-08-28T02:54:14.743+0000] {processor.py:183} INFO - Processing /home/airflow/.local/lib/python3.12/site-packages/airflow/example_dags/tutorial.py took 0.625 seconds
[2024-08-28T02:54:47.692+0000] {processor.py:161} INFO - Started process (PID=211) to work on /home/airflow/.local/lib/python3.12/site-packages/airflow/example_dags/tutorial.py
[2024-08-28T02:54:47.708+0000] {processor.py:830} INFO - Processing file /home/airflow/.local/lib/python3.12/site-packages/airflow/example_dags/tutorial.py for tasks to queue
[2024-08-28T02:54:47.712+0000] {logging_mixin.py:188} INFO - [2024-08-28T02:54:47.712+0000] {dagbag.py:545} INFO - Filling up the DagBag from /home/airflow/.local/lib/python3.12/site-packages/airflow/example_dags/tutorial.py
[2024-08-28T02:54:47.729+0000] {processor.py:840} INFO - DAG(s) 'tutorial' retrieved from /home/airflow/.local/lib/python3.12/site-packages/airflow/example_dags/tutorial.py
[2024-08-28T02:54:47.908+0000] {logging_mixin.py:188} INFO - [2024-08-28T02:54:47.907+0000] {dag.py:3089} INFO - Sync 1 DAGs
[2024-08-28T02:54:48.138+0000] {logging_mixin.py:188} INFO - [2024-08-28T02:54:48.138+0000] {dag.py:3947} INFO - Setting next_dagrun for tutorial to 2024-08-27 00:00:00+00:00, run_after=2024-08-28 00:00:00+00:00
[2024-08-28T02:54:48.401+0000] {processor.py:183} INFO - Processing /home/airflow/.local/lib/python3.12/site-packages/airflow/example_dags/tutorial.py took 0.732 seconds
[2024-08-28T02:59:32.506+0000] {processor.py:161} INFO - Started process (PID=111) to work on /home/airflow/.local/lib/python3.12/site-packages/airflow/example_dags/tutorial.py
[2024-08-28T02:59:32.521+0000] {processor.py:830} INFO - Processing file /home/airflow/.local/lib/python3.12/site-packages/airflow/example_dags/tutorial.py for tasks to queue
[2024-08-28T02:59:32.542+0000] {logging_mixin.py:188} INFO - [2024-08-28T02:59:32.542+0000] {dagbag.py:545} INFO - Filling up the DagBag from /home/airflow/.local/lib/python3.12/site-packages/airflow/example_dags/tutorial.py
[2024-08-28T02:59:32.557+0000] {processor.py:840} INFO - DAG(s) 'tutorial' retrieved from /home/airflow/.local/lib/python3.12/site-packages/airflow/example_dags/tutorial.py
[2024-08-28T02:59:33.460+0000] {logging_mixin.py:188} INFO - [2024-08-28T02:59:33.459+0000] {dag.py:3089} INFO - Sync 1 DAGs
[2024-08-28T02:59:33.579+0000] {logging_mixin.py:188} INFO - [2024-08-28T02:59:33.578+0000] {dag.py:3947} INFO - Setting next_dagrun for tutorial to 2024-08-27 00:00:00+00:00, run_after=2024-08-28 00:00:00+00:00
[2024-08-28T02:59:33.753+0000] {processor.py:183} INFO - Processing /home/airflow/.local/lib/python3.12/site-packages/airflow/example_dags/tutorial.py took 1.294 seconds
[2024-08-28T04:01:39.128+0000] {processor.py:161} INFO - Started process (PID=170) to work on /home/airflow/.local/lib/python3.12/site-packages/airflow/example_dags/tutorial.py
[2024-08-28T04:01:39.175+0000] {processor.py:830} INFO - Processing file /home/airflow/.local/lib/python3.12/site-packages/airflow/example_dags/tutorial.py for tasks to queue
[2024-08-28T04:01:39.178+0000] {logging_mixin.py:188} INFO - [2024-08-28T04:01:39.178+0000] {dagbag.py:545} INFO - Filling up the DagBag from /home/airflow/.local/lib/python3.12/site-packages/airflow/example_dags/tutorial.py
[2024-08-28T04:01:39.377+0000] {processor.py:840} INFO - DAG(s) 'tutorial' retrieved from /home/airflow/.local/lib/python3.12/site-packages/airflow/example_dags/tutorial.py
[2024-08-28T04:01:50.938+0000] {logging_mixin.py:188} INFO - [2024-08-28T04:01:50.937+0000] {dag.py:3089} INFO - Sync 1 DAGs
[2024-08-28T04:01:53.094+0000] {logging_mixin.py:188} INFO - [2024-08-28T04:01:53.094+0000] {dag.py:3947} INFO - Setting next_dagrun for tutorial to 2024-08-27 00:00:00+00:00, run_after=2024-08-28 00:00:00+00:00
[2024-08-28T04:01:54.384+0000] {processor.py:183} INFO - Processing /home/airflow/.local/lib/python3.12/site-packages/airflow/example_dags/tutorial.py took 15.390 seconds
[2024-08-28T04:05:48.303+0000] {processor.py:161} INFO - Started process (PID=256) to work on /home/airflow/.local/lib/python3.12/site-packages/airflow/example_dags/tutorial.py
[2024-08-28T04:05:48.333+0000] {processor.py:830} INFO - Processing file /home/airflow/.local/lib/python3.12/site-packages/airflow/example_dags/tutorial.py for tasks to queue
[2024-08-28T04:05:48.337+0000] {logging_mixin.py:188} INFO - [2024-08-28T04:05:48.336+0000] {dagbag.py:545} INFO - Filling up the DagBag from /home/airflow/.local/lib/python3.12/site-packages/airflow/example_dags/tutorial.py
[2024-08-28T04:05:48.404+0000] {processor.py:840} INFO - DAG(s) 'tutorial' retrieved from /home/airflow/.local/lib/python3.12/site-packages/airflow/example_dags/tutorial.py
[2024-08-28T04:05:48.586+0000] {logging_mixin.py:188} INFO - [2024-08-28T04:05:48.586+0000] {dag.py:3089} INFO - Sync 1 DAGs
[2024-08-28T04:05:48.678+0000] {logging_mixin.py:188} INFO - [2024-08-28T04:05:48.676+0000] {dag.py:3947} INFO - Setting next_dagrun for tutorial to 2024-08-27 00:00:00+00:00, run_after=2024-08-28 00:00:00+00:00
[2024-08-28T04:05:48.781+0000] {processor.py:183} INFO - Processing /home/airflow/.local/lib/python3.12/site-packages/airflow/example_dags/tutorial.py took 0.513 seconds
[2024-08-28T04:06:26.882+0000] {processor.py:161} INFO - Started process (PID=314) to work on /home/airflow/.local/lib/python3.12/site-packages/airflow/example_dags/tutorial.py
[2024-08-28T04:06:26.898+0000] {processor.py:830} INFO - Processing file /home/airflow/.local/lib/python3.12/site-packages/airflow/example_dags/tutorial.py for tasks to queue
[2024-08-28T04:06:26.922+0000] {logging_mixin.py:188} INFO - [2024-08-28T04:06:26.921+0000] {dagbag.py:545} INFO - Filling up the DagBag from /home/airflow/.local/lib/python3.12/site-packages/airflow/example_dags/tutorial.py
[2024-08-28T04:06:26.972+0000] {processor.py:840} INFO - DAG(s) 'tutorial' retrieved from /home/airflow/.local/lib/python3.12/site-packages/airflow/example_dags/tutorial.py
[2024-08-28T04:06:27.211+0000] {logging_mixin.py:188} INFO - [2024-08-28T04:06:27.211+0000] {dag.py:3089} INFO - Sync 1 DAGs
[2024-08-28T04:06:27.390+0000] {logging_mixin.py:188} INFO - [2024-08-28T04:06:27.389+0000] {dag.py:3947} INFO - Setting next_dagrun for tutorial to 2024-08-27 00:00:00+00:00, run_after=2024-08-28 00:00:00+00:00
[2024-08-28T04:06:27.703+0000] {processor.py:183} INFO - Processing /home/airflow/.local/lib/python3.12/site-packages/airflow/example_dags/tutorial.py took 0.912 seconds
[2024-08-28T04:07:39.954+0000] {processor.py:161} INFO - Started process (PID=384) to work on /home/airflow/.local/lib/python3.12/site-packages/airflow/example_dags/tutorial.py
[2024-08-28T04:07:40.061+0000] {processor.py:830} INFO - Processing file /home/airflow/.local/lib/python3.12/site-packages/airflow/example_dags/tutorial.py for tasks to queue
[2024-08-28T04:07:40.064+0000] {logging_mixin.py:188} INFO - [2024-08-28T04:07:40.063+0000] {dagbag.py:545} INFO - Filling up the DagBag from /home/airflow/.local/lib/python3.12/site-packages/airflow/example_dags/tutorial.py
[2024-08-28T04:07:40.166+0000] {processor.py:840} INFO - DAG(s) 'tutorial' retrieved from /home/airflow/.local/lib/python3.12/site-packages/airflow/example_dags/tutorial.py
[2024-08-28T04:07:40.383+0000] {logging_mixin.py:188} INFO - [2024-08-28T04:07:40.382+0000] {dag.py:3089} INFO - Sync 1 DAGs
[2024-08-28T04:07:40.659+0000] {logging_mixin.py:188} INFO - [2024-08-28T04:07:40.646+0000] {dag.py:3947} INFO - Setting next_dagrun for tutorial to 2024-08-27 00:00:00+00:00, run_after=2024-08-28 00:00:00+00:00
[2024-08-28T04:07:40.957+0000] {processor.py:183} INFO - Processing /home/airflow/.local/lib/python3.12/site-packages/airflow/example_dags/tutorial.py took 1.096 seconds
[2024-08-28T04:12:05.620+0000] {processor.py:161} INFO - Started process (PID=504) to work on /home/airflow/.local/lib/python3.12/site-packages/airflow/example_dags/tutorial.py
[2024-08-28T04:12:05.698+0000] {processor.py:830} INFO - Processing file /home/airflow/.local/lib/python3.12/site-packages/airflow/example_dags/tutorial.py for tasks to queue
[2024-08-28T04:12:05.726+0000] {logging_mixin.py:188} INFO - [2024-08-28T04:12:05.726+0000] {dagbag.py:545} INFO - Filling up the DagBag from /home/airflow/.local/lib/python3.12/site-packages/airflow/example_dags/tutorial.py
[2024-08-28T04:12:05.924+0000] {processor.py:840} INFO - DAG(s) 'tutorial' retrieved from /home/airflow/.local/lib/python3.12/site-packages/airflow/example_dags/tutorial.py
[2024-08-28T04:12:06.408+0000] {logging_mixin.py:188} INFO - [2024-08-28T04:12:06.407+0000] {dag.py:3089} INFO - Sync 1 DAGs
[2024-08-28T04:12:07.626+0000] {logging_mixin.py:188} INFO - [2024-08-28T04:12:07.625+0000] {dag.py:3947} INFO - Setting next_dagrun for tutorial to 2024-08-27 00:00:00+00:00, run_after=2024-08-28 00:00:00+00:00
[2024-08-28T04:12:09.133+0000] {processor.py:183} INFO - Processing /home/airflow/.local/lib/python3.12/site-packages/airflow/example_dags/tutorial.py took 3.731 seconds
[2024-08-28T04:14:15.875+0000] {processor.py:161} INFO - Started process (PID=573) to work on /home/airflow/.local/lib/python3.12/site-packages/airflow/example_dags/tutorial.py
[2024-08-28T04:14:15.924+0000] {processor.py:830} INFO - Processing file /home/airflow/.local/lib/python3.12/site-packages/airflow/example_dags/tutorial.py for tasks to queue
[2024-08-28T04:14:16.004+0000] {logging_mixin.py:188} INFO - [2024-08-28T04:14:16.003+0000] {dagbag.py:545} INFO - Filling up the DagBag from /home/airflow/.local/lib/python3.12/site-packages/airflow/example_dags/tutorial.py
[2024-08-28T04:14:16.152+0000] {processor.py:840} INFO - DAG(s) 'tutorial' retrieved from /home/airflow/.local/lib/python3.12/site-packages/airflow/example_dags/tutorial.py
[2024-08-28T04:14:16.407+0000] {logging_mixin.py:188} INFO - [2024-08-28T04:14:16.406+0000] {dag.py:3089} INFO - Sync 1 DAGs
[2024-08-28T04:14:17.724+0000] {logging_mixin.py:188} INFO - [2024-08-28T04:14:17.714+0000] {dag.py:3947} INFO - Setting next_dagrun for tutorial to 2024-08-27 00:00:00+00:00, run_after=2024-08-28 00:00:00+00:00
[2024-08-28T04:14:18.493+0000] {processor.py:183} INFO - Processing /home/airflow/.local/lib/python3.12/site-packages/airflow/example_dags/tutorial.py took 2.818 seconds
