[2024-08-28T02:38:08.450+0000] {processor.py:161} INFO - Started process (PID=130) to work on /home/airflow/.local/lib/python3.12/site-packages/airflow/example_dags/tutorial_objectstorage.py
[2024-08-28T02:38:08.466+0000] {processor.py:830} INFO - Processing file /home/airflow/.local/lib/python3.12/site-packages/airflow/example_dags/tutorial_objectstorage.py for tasks to queue
[2024-08-28T02:38:08.514+0000] {logging_mixin.py:188} INFO - [2024-08-28T02:38:08.513+0000] {dagbag.py:545} INFO - Filling up the DagBag from /home/airflow/.local/lib/python3.12/site-packages/airflow/example_dags/tutorial_objectstorage.py
[2024-08-28T02:38:08.690+0000] {processor.py:840} INFO - DAG(s) 'tutorial_objectstorage' retrieved from /home/airflow/.local/lib/python3.12/site-packages/airflow/example_dags/tutorial_objectstorage.py
[2024-08-28T02:38:13.218+0000] {logging_mixin.py:188} INFO - [2024-08-28T02:38:13.215+0000] {override.py:1858} INFO - Created Permission View: can edit on DAG:tutorial_objectstorage
[2024-08-28T02:38:13.322+0000] {logging_mixin.py:188} INFO - [2024-08-28T02:38:13.322+0000] {override.py:1858} INFO - Created Permission View: can delete on DAG:tutorial_objectstorage
[2024-08-28T02:38:13.365+0000] {logging_mixin.py:188} INFO - [2024-08-28T02:38:13.362+0000] {override.py:1858} INFO - Created Permission View: can read on DAG:tutorial_objectstorage
[2024-08-28T02:38:13.368+0000] {logging_mixin.py:188} INFO - [2024-08-28T02:38:13.367+0000] {dag.py:3089} INFO - Sync 1 DAGs
[2024-08-28T02:38:13.436+0000] {logging_mixin.py:188} INFO - [2024-08-28T02:38:13.435+0000] {dag.py:3111} INFO - Creating ORM DAG for tutorial_objectstorage
[2024-08-28T02:38:13.443+0000] {logging_mixin.py:188} INFO - [2024-08-28T02:38:13.443+0000] {dag.py:3947} INFO - Setting next_dagrun for tutorial_objectstorage to None, run_after=None
[2024-08-28T02:38:13.545+0000] {processor.py:183} INFO - Processing /home/airflow/.local/lib/python3.12/site-packages/airflow/example_dags/tutorial_objectstorage.py took 5.185 seconds
[2024-08-28T02:38:46.656+0000] {processor.py:161} INFO - Started process (PID=189) to work on /home/airflow/.local/lib/python3.12/site-packages/airflow/example_dags/tutorial_objectstorage.py
[2024-08-28T02:38:46.659+0000] {processor.py:830} INFO - Processing file /home/airflow/.local/lib/python3.12/site-packages/airflow/example_dags/tutorial_objectstorage.py for tasks to queue
[2024-08-28T02:38:46.663+0000] {logging_mixin.py:188} INFO - [2024-08-28T02:38:46.663+0000] {dagbag.py:545} INFO - Filling up the DagBag from /home/airflow/.local/lib/python3.12/site-packages/airflow/example_dags/tutorial_objectstorage.py
[2024-08-28T02:38:46.681+0000] {processor.py:840} INFO - DAG(s) 'tutorial_objectstorage' retrieved from /home/airflow/.local/lib/python3.12/site-packages/airflow/example_dags/tutorial_objectstorage.py
[2024-08-28T02:38:46.740+0000] {logging_mixin.py:188} INFO - [2024-08-28T02:38:46.740+0000] {dag.py:3089} INFO - Sync 1 DAGs
[2024-08-28T02:38:46.820+0000] {logging_mixin.py:188} INFO - [2024-08-28T02:38:46.819+0000] {dag.py:3947} INFO - Setting next_dagrun for tutorial_objectstorage to None, run_after=None
[2024-08-28T02:38:46.898+0000] {processor.py:183} INFO - Processing /home/airflow/.local/lib/python3.12/site-packages/airflow/example_dags/tutorial_objectstorage.py took 0.255 seconds
[2024-08-28T02:39:18.669+0000] {processor.py:161} INFO - Started process (PID=247) to work on /home/airflow/.local/lib/python3.12/site-packages/airflow/example_dags/tutorial_objectstorage.py
[2024-08-28T02:39:18.671+0000] {processor.py:830} INFO - Processing file /home/airflow/.local/lib/python3.12/site-packages/airflow/example_dags/tutorial_objectstorage.py for tasks to queue
[2024-08-28T02:39:18.676+0000] {logging_mixin.py:188} INFO - [2024-08-28T02:39:18.675+0000] {dagbag.py:545} INFO - Filling up the DagBag from /home/airflow/.local/lib/python3.12/site-packages/airflow/example_dags/tutorial_objectstorage.py
[2024-08-28T02:39:18.694+0000] {processor.py:840} INFO - DAG(s) 'tutorial_objectstorage' retrieved from /home/airflow/.local/lib/python3.12/site-packages/airflow/example_dags/tutorial_objectstorage.py
[2024-08-28T02:39:18.827+0000] {logging_mixin.py:188} INFO - [2024-08-28T02:39:18.827+0000] {dag.py:3089} INFO - Sync 1 DAGs
[2024-08-28T02:39:18.945+0000] {logging_mixin.py:188} INFO - [2024-08-28T02:39:18.944+0000] {dag.py:3947} INFO - Setting next_dagrun for tutorial_objectstorage to None, run_after=None
[2024-08-28T02:39:19.125+0000] {processor.py:183} INFO - Processing /home/airflow/.local/lib/python3.12/site-packages/airflow/example_dags/tutorial_objectstorage.py took 0.467 seconds
[2024-08-28T02:39:49.703+0000] {processor.py:161} INFO - Started process (PID=305) to work on /home/airflow/.local/lib/python3.12/site-packages/airflow/example_dags/tutorial_objectstorage.py
[2024-08-28T02:39:49.705+0000] {processor.py:830} INFO - Processing file /home/airflow/.local/lib/python3.12/site-packages/airflow/example_dags/tutorial_objectstorage.py for tasks to queue
[2024-08-28T02:39:49.709+0000] {logging_mixin.py:188} INFO - [2024-08-28T02:39:49.708+0000] {dagbag.py:545} INFO - Filling up the DagBag from /home/airflow/.local/lib/python3.12/site-packages/airflow/example_dags/tutorial_objectstorage.py
[2024-08-28T02:39:49.724+0000] {processor.py:840} INFO - DAG(s) 'tutorial_objectstorage' retrieved from /home/airflow/.local/lib/python3.12/site-packages/airflow/example_dags/tutorial_objectstorage.py
[2024-08-28T02:39:49.759+0000] {logging_mixin.py:188} INFO - [2024-08-28T02:39:49.759+0000] {dag.py:3089} INFO - Sync 1 DAGs
[2024-08-28T02:39:49.785+0000] {logging_mixin.py:188} INFO - [2024-08-28T02:39:49.785+0000] {dag.py:3947} INFO - Setting next_dagrun for tutorial_objectstorage to None, run_after=None
[2024-08-28T02:39:49.833+0000] {processor.py:183} INFO - Processing /home/airflow/.local/lib/python3.12/site-packages/airflow/example_dags/tutorial_objectstorage.py took 0.140 seconds
[2024-08-28T02:40:29.310+0000] {processor.py:161} INFO - Started process (PID=361) to work on /home/airflow/.local/lib/python3.12/site-packages/airflow/example_dags/tutorial_objectstorage.py
[2024-08-28T02:40:29.312+0000] {processor.py:830} INFO - Processing file /home/airflow/.local/lib/python3.12/site-packages/airflow/example_dags/tutorial_objectstorage.py for tasks to queue
[2024-08-28T02:40:29.316+0000] {logging_mixin.py:188} INFO - [2024-08-28T02:40:29.315+0000] {dagbag.py:545} INFO - Filling up the DagBag from /home/airflow/.local/lib/python3.12/site-packages/airflow/example_dags/tutorial_objectstorage.py
[2024-08-28T02:40:29.335+0000] {processor.py:840} INFO - DAG(s) 'tutorial_objectstorage' retrieved from /home/airflow/.local/lib/python3.12/site-packages/airflow/example_dags/tutorial_objectstorage.py
[2024-08-28T02:40:29.399+0000] {logging_mixin.py:188} INFO - [2024-08-28T02:40:29.398+0000] {dag.py:3089} INFO - Sync 1 DAGs
[2024-08-28T02:40:29.439+0000] {logging_mixin.py:188} INFO - [2024-08-28T02:40:29.438+0000] {dag.py:3947} INFO - Setting next_dagrun for tutorial_objectstorage to None, run_after=None
[2024-08-28T02:40:29.507+0000] {processor.py:183} INFO - Processing /home/airflow/.local/lib/python3.12/site-packages/airflow/example_dags/tutorial_objectstorage.py took 0.210 seconds
[2024-08-28T02:41:45.137+0000] {processor.py:161} INFO - Started process (PID=429) to work on /home/airflow/.local/lib/python3.12/site-packages/airflow/example_dags/tutorial_objectstorage.py
[2024-08-28T02:41:45.185+0000] {processor.py:830} INFO - Processing file /home/airflow/.local/lib/python3.12/site-packages/airflow/example_dags/tutorial_objectstorage.py for tasks to queue
[2024-08-28T02:41:45.282+0000] {logging_mixin.py:188} INFO - [2024-08-28T02:41:45.280+0000] {dagbag.py:545} INFO - Filling up the DagBag from /home/airflow/.local/lib/python3.12/site-packages/airflow/example_dags/tutorial_objectstorage.py
[2024-08-28T02:41:45.545+0000] {processor.py:840} INFO - DAG(s) 'tutorial_objectstorage' retrieved from /home/airflow/.local/lib/python3.12/site-packages/airflow/example_dags/tutorial_objectstorage.py
[2024-08-28T02:41:46.068+0000] {logging_mixin.py:188} INFO - [2024-08-28T02:41:46.055+0000] {dag.py:3089} INFO - Sync 1 DAGs
[2024-08-28T02:41:46.640+0000] {logging_mixin.py:188} INFO - [2024-08-28T02:41:46.628+0000] {dag.py:3947} INFO - Setting next_dagrun for tutorial_objectstorage to None, run_after=None
[2024-08-28T02:41:47.364+0000] {processor.py:183} INFO - Processing /home/airflow/.local/lib/python3.12/site-packages/airflow/example_dags/tutorial_objectstorage.py took 2.691 seconds
[2024-08-28T02:42:17.748+0000] {processor.py:161} INFO - Started process (PID=487) to work on /home/airflow/.local/lib/python3.12/site-packages/airflow/example_dags/tutorial_objectstorage.py
[2024-08-28T02:42:17.750+0000] {processor.py:830} INFO - Processing file /home/airflow/.local/lib/python3.12/site-packages/airflow/example_dags/tutorial_objectstorage.py for tasks to queue
[2024-08-28T02:42:17.754+0000] {logging_mixin.py:188} INFO - [2024-08-28T02:42:17.753+0000] {dagbag.py:545} INFO - Filling up the DagBag from /home/airflow/.local/lib/python3.12/site-packages/airflow/example_dags/tutorial_objectstorage.py
[2024-08-28T02:42:17.767+0000] {processor.py:840} INFO - DAG(s) 'tutorial_objectstorage' retrieved from /home/airflow/.local/lib/python3.12/site-packages/airflow/example_dags/tutorial_objectstorage.py
[2024-08-28T02:42:17.797+0000] {logging_mixin.py:188} INFO - [2024-08-28T02:42:17.796+0000] {dag.py:3089} INFO - Sync 1 DAGs
[2024-08-28T02:42:17.816+0000] {logging_mixin.py:188} INFO - [2024-08-28T02:42:17.815+0000] {dag.py:3947} INFO - Setting next_dagrun for tutorial_objectstorage to None, run_after=None
[2024-08-28T02:42:17.855+0000] {processor.py:183} INFO - Processing /home/airflow/.local/lib/python3.12/site-packages/airflow/example_dags/tutorial_objectstorage.py took 0.115 seconds
[2024-08-28T02:42:48.457+0000] {processor.py:161} INFO - Started process (PID=545) to work on /home/airflow/.local/lib/python3.12/site-packages/airflow/example_dags/tutorial_objectstorage.py
[2024-08-28T02:42:48.459+0000] {processor.py:830} INFO - Processing file /home/airflow/.local/lib/python3.12/site-packages/airflow/example_dags/tutorial_objectstorage.py for tasks to queue
[2024-08-28T02:42:48.463+0000] {logging_mixin.py:188} INFO - [2024-08-28T02:42:48.462+0000] {dagbag.py:545} INFO - Filling up the DagBag from /home/airflow/.local/lib/python3.12/site-packages/airflow/example_dags/tutorial_objectstorage.py
[2024-08-28T02:42:48.483+0000] {processor.py:840} INFO - DAG(s) 'tutorial_objectstorage' retrieved from /home/airflow/.local/lib/python3.12/site-packages/airflow/example_dags/tutorial_objectstorage.py
[2024-08-28T02:42:48.530+0000] {logging_mixin.py:188} INFO - [2024-08-28T02:42:48.529+0000] {dag.py:3089} INFO - Sync 1 DAGs
[2024-08-28T02:42:48.566+0000] {logging_mixin.py:188} INFO - [2024-08-28T02:42:48.565+0000] {dag.py:3947} INFO - Setting next_dagrun for tutorial_objectstorage to None, run_after=None
[2024-08-28T02:42:48.648+0000] {processor.py:183} INFO - Processing /home/airflow/.local/lib/python3.12/site-packages/airflow/example_dags/tutorial_objectstorage.py took 0.204 seconds
[2024-08-28T02:43:19.265+0000] {processor.py:161} INFO - Started process (PID=603) to work on /home/airflow/.local/lib/python3.12/site-packages/airflow/example_dags/tutorial_objectstorage.py
[2024-08-28T02:43:19.268+0000] {processor.py:830} INFO - Processing file /home/airflow/.local/lib/python3.12/site-packages/airflow/example_dags/tutorial_objectstorage.py for tasks to queue
[2024-08-28T02:43:19.272+0000] {logging_mixin.py:188} INFO - [2024-08-28T02:43:19.271+0000] {dagbag.py:545} INFO - Filling up the DagBag from /home/airflow/.local/lib/python3.12/site-packages/airflow/example_dags/tutorial_objectstorage.py
[2024-08-28T02:43:19.288+0000] {processor.py:840} INFO - DAG(s) 'tutorial_objectstorage' retrieved from /home/airflow/.local/lib/python3.12/site-packages/airflow/example_dags/tutorial_objectstorage.py
[2024-08-28T02:43:19.339+0000] {logging_mixin.py:188} INFO - [2024-08-28T02:43:19.338+0000] {dag.py:3089} INFO - Sync 1 DAGs
[2024-08-28T02:43:19.380+0000] {logging_mixin.py:188} INFO - [2024-08-28T02:43:19.379+0000] {dag.py:3947} INFO - Setting next_dagrun for tutorial_objectstorage to None, run_after=None
[2024-08-28T02:43:19.487+0000] {processor.py:183} INFO - Processing /home/airflow/.local/lib/python3.12/site-packages/airflow/example_dags/tutorial_objectstorage.py took 0.236 seconds
[2024-08-28T02:43:49.823+0000] {processor.py:161} INFO - Started process (PID=660) to work on /home/airflow/.local/lib/python3.12/site-packages/airflow/example_dags/tutorial_objectstorage.py
[2024-08-28T02:43:49.827+0000] {processor.py:830} INFO - Processing file /home/airflow/.local/lib/python3.12/site-packages/airflow/example_dags/tutorial_objectstorage.py for tasks to queue
[2024-08-28T02:43:49.832+0000] {logging_mixin.py:188} INFO - [2024-08-28T02:43:49.831+0000] {dagbag.py:545} INFO - Filling up the DagBag from /home/airflow/.local/lib/python3.12/site-packages/airflow/example_dags/tutorial_objectstorage.py
[2024-08-28T02:43:49.859+0000] {processor.py:840} INFO - DAG(s) 'tutorial_objectstorage' retrieved from /home/airflow/.local/lib/python3.12/site-packages/airflow/example_dags/tutorial_objectstorage.py
[2024-08-28T02:43:49.929+0000] {logging_mixin.py:188} INFO - [2024-08-28T02:43:49.926+0000] {dag.py:3089} INFO - Sync 1 DAGs
[2024-08-28T02:43:49.980+0000] {logging_mixin.py:188} INFO - [2024-08-28T02:43:49.978+0000] {dag.py:3947} INFO - Setting next_dagrun for tutorial_objectstorage to None, run_after=None
[2024-08-28T02:43:50.080+0000] {processor.py:183} INFO - Processing /home/airflow/.local/lib/python3.12/site-packages/airflow/example_dags/tutorial_objectstorage.py took 0.289 seconds
[2024-08-28T02:54:19.975+0000] {processor.py:161} INFO - Started process (PID=161) to work on /home/airflow/.local/lib/python3.12/site-packages/airflow/example_dags/tutorial_objectstorage.py
[2024-08-28T02:54:19.980+0000] {processor.py:830} INFO - Processing file /home/airflow/.local/lib/python3.12/site-packages/airflow/example_dags/tutorial_objectstorage.py for tasks to queue
[2024-08-28T02:54:20.018+0000] {logging_mixin.py:188} INFO - [2024-08-28T02:54:20.017+0000] {dagbag.py:545} INFO - Filling up the DagBag from /home/airflow/.local/lib/python3.12/site-packages/airflow/example_dags/tutorial_objectstorage.py
[2024-08-28T02:54:20.218+0000] {processor.py:840} INFO - DAG(s) 'tutorial_objectstorage' retrieved from /home/airflow/.local/lib/python3.12/site-packages/airflow/example_dags/tutorial_objectstorage.py
[2024-08-28T02:54:21.094+0000] {logging_mixin.py:188} INFO - [2024-08-28T02:54:21.093+0000] {dag.py:3089} INFO - Sync 1 DAGs
[2024-08-28T02:54:21.365+0000] {logging_mixin.py:188} INFO - [2024-08-28T02:54:21.364+0000] {dag.py:3947} INFO - Setting next_dagrun for tutorial_objectstorage to None, run_after=None
[2024-08-28T02:54:21.557+0000] {processor.py:183} INFO - Processing /home/airflow/.local/lib/python3.12/site-packages/airflow/example_dags/tutorial_objectstorage.py took 1.618 seconds
[2024-08-28T02:54:51.888+0000] {processor.py:161} INFO - Started process (PID=218) to work on /home/airflow/.local/lib/python3.12/site-packages/airflow/example_dags/tutorial_objectstorage.py
[2024-08-28T02:54:51.903+0000] {processor.py:830} INFO - Processing file /home/airflow/.local/lib/python3.12/site-packages/airflow/example_dags/tutorial_objectstorage.py for tasks to queue
[2024-08-28T02:54:51.907+0000] {logging_mixin.py:188} INFO - [2024-08-28T02:54:51.906+0000] {dagbag.py:545} INFO - Filling up the DagBag from /home/airflow/.local/lib/python3.12/site-packages/airflow/example_dags/tutorial_objectstorage.py
[2024-08-28T02:54:51.924+0000] {processor.py:840} INFO - DAG(s) 'tutorial_objectstorage' retrieved from /home/airflow/.local/lib/python3.12/site-packages/airflow/example_dags/tutorial_objectstorage.py
[2024-08-28T02:54:51.988+0000] {logging_mixin.py:188} INFO - [2024-08-28T02:54:51.987+0000] {dag.py:3089} INFO - Sync 1 DAGs
[2024-08-28T02:54:52.106+0000] {logging_mixin.py:188} INFO - [2024-08-28T02:54:52.105+0000] {dag.py:3947} INFO - Setting next_dagrun for tutorial_objectstorage to None, run_after=None
[2024-08-28T02:54:52.317+0000] {processor.py:183} INFO - Processing /home/airflow/.local/lib/python3.12/site-packages/airflow/example_dags/tutorial_objectstorage.py took 0.449 seconds
[2024-08-28T02:59:39.278+0000] {processor.py:161} INFO - Started process (PID=118) to work on /home/airflow/.local/lib/python3.12/site-packages/airflow/example_dags/tutorial_objectstorage.py
[2024-08-28T02:59:39.299+0000] {processor.py:830} INFO - Processing file /home/airflow/.local/lib/python3.12/site-packages/airflow/example_dags/tutorial_objectstorage.py for tasks to queue
[2024-08-28T02:59:39.303+0000] {logging_mixin.py:188} INFO - [2024-08-28T02:59:39.303+0000] {dagbag.py:545} INFO - Filling up the DagBag from /home/airflow/.local/lib/python3.12/site-packages/airflow/example_dags/tutorial_objectstorage.py
[2024-08-28T02:59:39.343+0000] {processor.py:840} INFO - DAG(s) 'tutorial_objectstorage' retrieved from /home/airflow/.local/lib/python3.12/site-packages/airflow/example_dags/tutorial_objectstorage.py
[2024-08-28T02:59:40.715+0000] {logging_mixin.py:188} INFO - [2024-08-28T02:59:40.714+0000] {dag.py:3089} INFO - Sync 1 DAGs
[2024-08-28T02:59:40.819+0000] {logging_mixin.py:188} INFO - [2024-08-28T02:59:40.818+0000] {dag.py:3947} INFO - Setting next_dagrun for tutorial_objectstorage to None, run_after=None
[2024-08-28T02:59:41.009+0000] {processor.py:183} INFO - Processing /home/airflow/.local/lib/python3.12/site-packages/airflow/example_dags/tutorial_objectstorage.py took 1.810 seconds
[2024-08-28T04:02:51.547+0000] {processor.py:161} INFO - Started process (PID=194) to work on /home/airflow/.local/lib/python3.12/site-packages/airflow/example_dags/tutorial_objectstorage.py
[2024-08-28T04:02:51.551+0000] {processor.py:830} INFO - Processing file /home/airflow/.local/lib/python3.12/site-packages/airflow/example_dags/tutorial_objectstorage.py for tasks to queue
[2024-08-28T04:02:51.678+0000] {logging_mixin.py:188} INFO - [2024-08-28T04:02:51.645+0000] {dagbag.py:545} INFO - Filling up the DagBag from /home/airflow/.local/lib/python3.12/site-packages/airflow/example_dags/tutorial_objectstorage.py
[2024-08-28T04:02:52.094+0000] {processor.py:840} INFO - DAG(s) 'tutorial_objectstorage' retrieved from /home/airflow/.local/lib/python3.12/site-packages/airflow/example_dags/tutorial_objectstorage.py
[2024-08-28T04:05:52.558+0000] {processor.py:161} INFO - Started process (PID=263) to work on /home/airflow/.local/lib/python3.12/site-packages/airflow/example_dags/tutorial_objectstorage.py
[2024-08-28T04:05:52.561+0000] {processor.py:830} INFO - Processing file /home/airflow/.local/lib/python3.12/site-packages/airflow/example_dags/tutorial_objectstorage.py for tasks to queue
[2024-08-28T04:05:52.569+0000] {logging_mixin.py:188} INFO - [2024-08-28T04:05:52.567+0000] {dagbag.py:545} INFO - Filling up the DagBag from /home/airflow/.local/lib/python3.12/site-packages/airflow/example_dags/tutorial_objectstorage.py
[2024-08-28T04:05:52.652+0000] {processor.py:840} INFO - DAG(s) 'tutorial_objectstorage' retrieved from /home/airflow/.local/lib/python3.12/site-packages/airflow/example_dags/tutorial_objectstorage.py
[2024-08-28T04:05:53.647+0000] {logging_mixin.py:188} INFO - [2024-08-28T04:05:53.647+0000] {dag.py:3089} INFO - Sync 1 DAGs
[2024-08-28T04:05:53.817+0000] {logging_mixin.py:188} INFO - [2024-08-28T04:05:53.816+0000] {dag.py:3947} INFO - Setting next_dagrun for tutorial_objectstorage to None, run_after=None
[2024-08-28T04:05:54.010+0000] {processor.py:183} INFO - Processing /home/airflow/.local/lib/python3.12/site-packages/airflow/example_dags/tutorial_objectstorage.py took 1.494 seconds
[2024-08-28T04:06:33.627+0000] {processor.py:161} INFO - Started process (PID=327) to work on /home/airflow/.local/lib/python3.12/site-packages/airflow/example_dags/tutorial_objectstorage.py
[2024-08-28T04:06:33.669+0000] {processor.py:830} INFO - Processing file /home/airflow/.local/lib/python3.12/site-packages/airflow/example_dags/tutorial_objectstorage.py for tasks to queue
[2024-08-28T04:06:33.671+0000] {logging_mixin.py:188} INFO - [2024-08-28T04:06:33.671+0000] {dagbag.py:545} INFO - Filling up the DagBag from /home/airflow/.local/lib/python3.12/site-packages/airflow/example_dags/tutorial_objectstorage.py
[2024-08-28T04:06:33.913+0000] {processor.py:840} INFO - DAG(s) 'tutorial_objectstorage' retrieved from /home/airflow/.local/lib/python3.12/site-packages/airflow/example_dags/tutorial_objectstorage.py
[2024-08-28T04:06:34.144+0000] {logging_mixin.py:188} INFO - [2024-08-28T04:06:34.133+0000] {dag.py:3089} INFO - Sync 1 DAGs
[2024-08-28T04:06:34.374+0000] {logging_mixin.py:188} INFO - [2024-08-28T04:06:34.373+0000] {dag.py:3947} INFO - Setting next_dagrun for tutorial_objectstorage to None, run_after=None
[2024-08-28T04:06:34.670+0000] {processor.py:183} INFO - Processing /home/airflow/.local/lib/python3.12/site-packages/airflow/example_dags/tutorial_objectstorage.py took 1.139 seconds
[2024-08-28T04:07:59.964+0000] {processor.py:161} INFO - Started process (PID=391) to work on /home/airflow/.local/lib/python3.12/site-packages/airflow/example_dags/tutorial_objectstorage.py
[2024-08-28T04:07:59.995+0000] {processor.py:830} INFO - Processing file /home/airflow/.local/lib/python3.12/site-packages/airflow/example_dags/tutorial_objectstorage.py for tasks to queue
[2024-08-28T04:08:00.043+0000] {logging_mixin.py:188} INFO - [2024-08-28T04:08:00.042+0000] {dagbag.py:545} INFO - Filling up the DagBag from /home/airflow/.local/lib/python3.12/site-packages/airflow/example_dags/tutorial_objectstorage.py
[2024-08-28T04:08:00.323+0000] {processor.py:840} INFO - DAG(s) 'tutorial_objectstorage' retrieved from /home/airflow/.local/lib/python3.12/site-packages/airflow/example_dags/tutorial_objectstorage.py
[2024-08-28T04:08:00.643+0000] {logging_mixin.py:188} INFO - [2024-08-28T04:08:00.631+0000] {dag.py:3089} INFO - Sync 1 DAGs
[2024-08-28T04:08:00.919+0000] {logging_mixin.py:188} INFO - [2024-08-28T04:08:00.918+0000] {dag.py:3947} INFO - Setting next_dagrun for tutorial_objectstorage to None, run_after=None
[2024-08-28T04:08:01.447+0000] {processor.py:183} INFO - Processing /home/airflow/.local/lib/python3.12/site-packages/airflow/example_dags/tutorial_objectstorage.py took 1.549 seconds
[2024-08-28T04:12:24.003+0000] {processor.py:161} INFO - Started process (PID=511) to work on /home/airflow/.local/lib/python3.12/site-packages/airflow/example_dags/tutorial_objectstorage.py
[2024-08-28T04:12:24.018+0000] {processor.py:830} INFO - Processing file /home/airflow/.local/lib/python3.12/site-packages/airflow/example_dags/tutorial_objectstorage.py for tasks to queue
[2024-08-28T04:12:24.062+0000] {logging_mixin.py:188} INFO - [2024-08-28T04:12:24.061+0000] {dagbag.py:545} INFO - Filling up the DagBag from /home/airflow/.local/lib/python3.12/site-packages/airflow/example_dags/tutorial_objectstorage.py
[2024-08-28T04:12:24.406+0000] {processor.py:840} INFO - DAG(s) 'tutorial_objectstorage' retrieved from /home/airflow/.local/lib/python3.12/site-packages/airflow/example_dags/tutorial_objectstorage.py
[2024-08-28T04:12:25.352+0000] {logging_mixin.py:188} INFO - [2024-08-28T04:12:25.350+0000] {dag.py:3089} INFO - Sync 1 DAGs
[2024-08-28T04:12:25.978+0000] {logging_mixin.py:188} INFO - [2024-08-28T04:12:25.977+0000] {dag.py:3947} INFO - Setting next_dagrun for tutorial_objectstorage to None, run_after=None
[2024-08-28T04:12:26.532+0000] {processor.py:183} INFO - Processing /home/airflow/.local/lib/python3.12/site-packages/airflow/example_dags/tutorial_objectstorage.py took 2.676 seconds
[2024-08-28T04:16:05.765+0000] {processor.py:161} INFO - Started process (PID=631) to work on /home/airflow/.local/lib/python3.12/site-packages/airflow/example_dags/tutorial_objectstorage.py
[2024-08-28T04:16:05.843+0000] {processor.py:830} INFO - Processing file /home/airflow/.local/lib/python3.12/site-packages/airflow/example_dags/tutorial_objectstorage.py for tasks to queue
[2024-08-28T04:16:05.878+0000] {logging_mixin.py:188} INFO - [2024-08-28T04:16:05.877+0000] {dagbag.py:545} INFO - Filling up the DagBag from /home/airflow/.local/lib/python3.12/site-packages/airflow/example_dags/tutorial_objectstorage.py
[2024-08-28T04:16:06.125+0000] {processor.py:840} INFO - DAG(s) 'tutorial_objectstorage' retrieved from /home/airflow/.local/lib/python3.12/site-packages/airflow/example_dags/tutorial_objectstorage.py
[2024-08-28T04:16:06.626+0000] {logging_mixin.py:188} INFO - [2024-08-28T04:16:06.625+0000] {dag.py:3089} INFO - Sync 1 DAGs
[2024-08-28T04:16:06.919+0000] {logging_mixin.py:188} INFO - [2024-08-28T04:16:06.919+0000] {dag.py:3947} INFO - Setting next_dagrun for tutorial_objectstorage to None, run_after=None
[2024-08-28T04:16:07.613+0000] {processor.py:183} INFO - Processing /home/airflow/.local/lib/python3.12/site-packages/airflow/example_dags/tutorial_objectstorage.py took 1.977 seconds
